Log file open, 05/12/19 14:03:40
LogWindows: Failed to load 'aqProf.dll' (GetLastError=126)
LogWindows: File 'aqProf.dll' does not exist
LogWindows: Failed to load 'VtuneApi.dll' (GetLastError=126)
LogWindows: File 'VtuneApi.dll' does not exist
LogWindows: Failed to load 'VtuneApi32e.dll' (GetLastError=126)
LogWindows: File 'VtuneApi32e.dll' does not exist
LogConsoleResponse: Display: Failed to find resolution value strings in scalability ini. Falling back to default.
LogInit: Display: Running engine for game: Prototype_Combat
LogPakFile: Registered encryption key '00000000000000000000000000000000': 0 pak files mounted, 0 remain pending
LogPlatformFile: Not using cached read wrapper
LogTaskGraph: Started task graph with 5 named threads and 83 total threads with 3 sets of task threads.
LogStats: Stats thread started at 1.742378
LogD3D11RHI: Loaded GFSDK_Aftermath_Lib.x64.dll
LogICUInternationalization: ICU TimeZone Detection - Raw Offset: -5:00, Platform Override: ''
LogPluginManager: Mounting plugin Paper2D
LogPluginManager: Mounting plugin AISupport
LogPluginManager: Mounting plugin LightPropagationVolume
LogPluginManager: Mounting plugin ActorLayerUtilities
LogPluginManager: Mounting plugin CLionSourceCodeAccess
LogPluginManager: Mounting plugin CodeLiteSourceCodeAccess
LogPluginManager: Mounting plugin GitSourceControl
LogPluginManager: Mounting plugin KDevelopSourceCodeAccess
LogPluginManager: Mounting plugin NullSourceCodeAccess
LogPluginManager: Mounting plugin PerforceSourceControl
LogPluginManager: Mounting plugin SubversionSourceControl
LogPluginManager: Mounting plugin UObjectPlugin
LogPluginManager: Mounting plugin VisualStudioCodeSourceCodeAccess
LogPluginManager: Mounting plugin VisualStudioSourceCodeAccess
LogPluginManager: Mounting plugin XCodeSourceCodeAccess
LogPluginManager: Mounting plugin AssetManagerEditor
LogPluginManager: Mounting plugin CryptoKeys
LogPluginManager: Mounting plugin DataValidation
LogPluginManager: Mounting plugin FacialAnimation
LogPluginManager: Mounting plugin GameplayTagsEditor
LogPluginManager: Mounting plugin MacGraphicsSwitching
LogPluginManager: Mounting plugin MeshEditor
LogPluginManager: Mounting plugin MobileLauncherProfileWizard
LogPluginManager: Mounting plugin PluginBrowser
LogPluginManager: Mounting plugin SpeedTreeImporter
LogPluginManager: Mounting plugin DatasmithContent
LogPluginManager: Mounting plugin VariantManagerContent
LogPluginManager: Mounting plugin AlembicImporter
LogPluginManager: Mounting plugin AppleImageUtils
LogPluginManager: Mounting plugin AppleVision
LogPluginManager: Mounting plugin BackChannel
LogPluginManager: Mounting plugin CharacterAI
LogPluginManager: Mounting plugin GeometryCache
LogPluginManager: Mounting plugin HTML5Networking
LogPluginManager: Mounting plugin ProxyLODPlugin
LogPluginManager: Mounting plugin MagicLeap
LogPluginManager: Mounting plugin MagicLeapMedia
LogPluginManager: Mounting plugin AndroidMedia
LogPluginManager: Mounting plugin AvfMedia
LogPluginManager: Mounting plugin ImgMedia
LogPluginManager: Mounting plugin LinearTimecode
LogPluginManager: Mounting plugin MediaCompositing
LogPluginManager: Mounting plugin MediaPlayerEditor
LogPluginManager: Mounting plugin WebMMedia
LogPluginManager: Mounting plugin WmfMedia
LogPluginManager: Mounting plugin TcpMessaging
LogPluginManager: Mounting plugin UdpMessaging
LogPluginManager: Mounting plugin ActorSequence
LogPluginManager: Mounting plugin LevelSequenceEditor
LogPluginManager: Mounting plugin MatineeToLevelSequence
LogPluginManager: Mounting plugin NetcodeUnitTest
LogPluginManager: Mounting plugin NUTUnrealEngine4
LogPluginManager: Mounting plugin OnlineSubsystemGooglePlay
LogPluginManager: Mounting plugin OnlineSubsystemIOS
LogPluginManager: Mounting plugin OnlineSubsystem
LogPluginManager: Mounting plugin OnlineSubsystemNull
LogPluginManager: Mounting plugin OnlineSubsystemUtils
LogPluginManager: Mounting plugin LauncherChunkInstaller
LogPluginManager: Mounting plugin AndroidDeviceProfileSelector
LogPluginManager: Mounting plugin AndroidMoviePlayer
LogPluginManager: Mounting plugin AndroidPermission
LogPluginManager: Mounting plugin AppleMoviePlayer
LogPluginManager: Mounting plugin ArchVisCharacter
LogPluginManager: Mounting plugin AudioCapture
LogPluginManager: Mounting plugin CableComponent
LogPluginManager: Mounting plugin CustomMeshComponent
LogPluginManager: Mounting plugin EditableMesh
LogPluginManager: Mounting plugin ExampleDeviceProfileSelector
LogPluginManager: Mounting plugin Firebase
LogPluginManager: Mounting plugin GoogleCloudMessaging
LogPluginManager: Mounting plugin IOSDeviceProfileSelector
LogPluginManager: Mounting plugin LinuxDeviceProfileSelector
LogPluginManager: Mounting plugin LocationServicesBPLibrary
LogPluginManager: Mounting plugin MobilePatchingUtils
LogPluginManager: Mounting plugin OculusVR
LogPluginManager: Mounting plugin PhysXVehicles
LogPluginManager: Mounting plugin ProceduralMeshComponent
LogPluginManager: Mounting plugin RuntimePhysXCooking
LogPluginManager: Mounting plugin SteamVR
LogPluginManager: Mounting plugin WebMMoviePlayer
LogPluginManager: Mounting plugin WindowsMoviePlayer
LogStreaming: Display: Took  0.818s to configure plugins.
LogInit: Using libcurl 7.55.1-DEV
LogInit:  - built for x86_64-pc-win32
LogInit:  - supports SSL with OpenSSL/1.0.2h
LogInit:  - supports HTTP deflate (compression) using libz 1.2.8
LogInit:  - other features:
LogInit:      CURL_VERSION_SSL
LogInit:      CURL_VERSION_LIBZ
LogInit:      CURL_VERSION_IPV6
LogInit:      CURL_VERSION_ASYNCHDNS
LogInit:      CURL_VERSION_LARGEFILE
LogInit:      CURL_VERSION_IDN
LogInit:  CurlRequestOptions (configurable via config and command line):
LogInit:  - bVerifyPeer = true  - Libcurl will verify peer certificate
LogInit:  - bUseHttpProxy = false  - Libcurl will NOT use HTTP proxy
LogInit:  - bDontReuseConnections = false  - Libcurl will reuse connections
LogInit:  - MaxHostConnections = 16  - Libcurl will limit the number of connections to a host
LogInit:  - LocalHostAddr = Default
LogInit:  - BufferSize = 65536
LogInit: WinSock: version 1.1 (2.2), MaxSocks=32767, MaxUdp=65467
LogInit: Build: ++UE4+Release-4.21-CL-4753647
LogInit: Engine Version: 4.21.2-4753647+++UE4+Release-4.21
LogInit: Compatible Engine Version: 4.21.0-4541578+++UE4+Release-4.21
LogInit: Net CL: 4541578
LogInit: OS: Windows 10 (), CPU: Intel(R) Xeon(R) CPU E5-2620 v4 @ 2.10GHz, GPU: NVIDIA GeForce GTX 1080
LogInit: Compiled (64-bit): Jan 19 2019 02:07:31
LogInit: Compiled with Visual C++: 19.13.26129.00
LogInit: Build Configuration: Development
LogInit: Branch Name: ++UE4+Release-4.21
LogInit: Command Line: 
LogInit: Base Directory: C:/Program Files/Epic Games/UE_4.21/Engine/Binaries/Win64/
LogInit: Installed Engine Build: 1
LogDevObjectVersion: Number of dev versions registered: 22
LogDevObjectVersion:   Dev-Blueprints (B0D832E4-1F89-4F0D-ACCF-7EB736FD4AA2): 10
LogDevObjectVersion:   Dev-Build (E1C64328-A22C-4D53-A36C-8E866417BD8C): 0
LogDevObjectVersion:   Dev-Core (375EC13C-06E4-48FB-B500-84F0262A717E): 2
LogDevObjectVersion:   Dev-Editor (E4B068ED-F494-42E9-A231-DA0B2E46BB41): 26
LogDevObjectVersion:   Dev-Framework (CFFC743F-43B0-4480-9391-14DF171D2073): 34
LogDevObjectVersion:   Dev-Mobile (B02B49B5-BB20-44E9-A304-32B752E40360): 2
LogDevObjectVersion:   Dev-Networking (A4E4105C-59A1-49B5-A7C5-40C4547EDFEE): 0
LogDevObjectVersion:   Dev-Online (39C831C9-5AE6-47DC-9A44-9C173E1C8E7C): 0
LogDevObjectVersion:   Dev-Physics (78F01B33-EBEA-4F98-B9B4-84EACCB95AA2): 0
LogDevObjectVersion:   Dev-Platform (6631380F-2D4D-43E0-8009-CF276956A95A): 0
LogDevObjectVersion:   Dev-Rendering (12F88B9F-8875-4AFC-A67C-D90C383ABD29): 27
LogDevObjectVersion:   Dev-Sequencer (7B5AE74C-D270-4C10-A958-57980B212A5A): 9
LogDevObjectVersion:   Dev-VR (D7296918-1DD6-4BDD-9DE2-64A83CC13884): 2
LogDevObjectVersion:   Dev-LoadTimes (C2A15278-BFE7-4AFE-6C17-90FF531DF755): 1
LogDevObjectVersion:   Private-Geometry (6EACA3D4-40EC-4CC1-B786-8BED09428FC5): 3
LogDevObjectVersion:   Dev-AnimPhys (29E575DD-E0A3-4627-9D10-D276232CDCEA): 17
LogDevObjectVersion:   Dev-Anim (AF43A65D-7FD3-4947-9873-3E8ED9C1BB05): 2
LogDevObjectVersion:   Dev-ReflectionCapture (6B266CEC-1EC7-4B8F-A30B-E4D90942FC07): 1
LogDevObjectVersion:   Dev-Automation (0DF73D61-A23F-47EA-B727-89E90C41499A): 1
LogDevObjectVersion:   FortniteMain (601D1886-AC64-4F84-AA16-D3DE0DEAC7D6): 17
LogDevObjectVersion:   Dev-Enterprise (9DFFBCD6-494F-0158-E221-12823C92A888): 4
LogDevObjectVersion:   Dev-Niagara (F2AED0AC-9AFE-416F-8664-AA7FFA26D6FC): 1
LogStreaming: Display: Took  0.016s to delete old logs.
LogInit: Presizing for max 8388607 objects, including 0 objects not considered by GC, pre-allocating 0 bytes for permanent pool.
LogInit: Object subsystem initialized
LogConfig: Setting CVar [[con.DebugEarlyDefault:1]]
LogConfig: Setting CVar [[r.setres:1280x720]]
[2019.05.12-18.03.42:596][  0]LogConfig: Setting CVar [[r.VSync:0]]
[2019.05.12-18.03.42:596][  0]LogConfig: Setting CVar [[r.RHICmdBypass:0]]
[2019.05.12-18.03.42:596][  0]LogConfig: Applying CVar settings from Section [/Script/Engine.RendererSettings] File [F:/2019/CppCurrent/CombatCPP/Prototype_Combat/Saved/Config/Windows/Engine.ini]
[2019.05.12-18.03.42:596][  0]LogConfig: Setting CVar [[r.GPUCrashDebugging:0]]
[2019.05.12-18.03.42:596][  0]LogConfig: Applying CVar settings from Section [/Script/Engine.RendererOverrideSettings] File [F:/2019/CppCurrent/CombatCPP/Prototype_Combat/Saved/Config/Windows/Engine.ini]
[2019.05.12-18.03.42:596][  0]LogConfig: Applying CVar settings from Section [/Script/Engine.StreamingSettings] File [F:/2019/CppCurrent/CombatCPP/Prototype_Combat/Saved/Config/Windows/Engine.ini]
[2019.05.12-18.03.42:596][  0]LogConfig: Setting CVar [[s.MinBulkDataSizeForAsyncLoading:131072]]
[2019.05.12-18.03.42:596][  0]LogConfig: Setting CVar [[s.AsyncLoadingThreadEnabled:0]]
[2019.05.12-18.03.42:596][  0]LogConfig: Setting CVar [[s.EventDrivenLoaderEnabled:1]]
[2019.05.12-18.03.42:596][  0]LogConfig: Setting CVar [[s.WarnIfTimeLimitExceeded:0]]
[2019.05.12-18.03.42:596][  0]LogConfig: Setting CVar [[s.TimeLimitExceededMultiplier:1.5]]
[2019.05.12-18.03.42:596][  0]LogConfig: Setting CVar [[s.TimeLimitExceededMinTime:0.005]]
[2019.05.12-18.03.42:596][  0]LogConfig: Setting CVar [[s.UseBackgroundLevelStreaming:1]]
[2019.05.12-18.03.42:596][  0]LogConfig: Setting CVar [[s.PriorityAsyncLoadingExtraTime:15.0]]
[2019.05.12-18.03.42:596][  0]LogConfig: Setting CVar [[s.LevelStreamingActorsUpdateTimeLimit:5.0]]
[2019.05.12-18.03.42:596][  0]LogConfig: Setting CVar [[s.PriorityLevelStreamingActorsUpdateExtraTime:5.0]]
[2019.05.12-18.03.42:596][  0]LogConfig: Setting CVar [[s.LevelStreamingComponentsRegistrationGranularity:10]]
[2019.05.12-18.03.42:596][  0]LogConfig: Setting CVar [[s.UnregisterComponentsTimeLimit:1.0]]
[2019.05.12-18.03.42:596][  0]LogConfig: Setting CVar [[s.LevelStreamingComponentsUnregistrationGranularity:5]]
[2019.05.12-18.03.42:596][  0]LogConfig: Applying CVar settings from Section [/Script/Engine.GarbageCollectionSettings] File [F:/2019/CppCurrent/CombatCPP/Prototype_Combat/Saved/Config/Windows/Engine.ini]
[2019.05.12-18.03.42:596][  0]LogConfig: Setting CVar [[gc.MaxObjectsNotConsideredByGC:1]]
[2019.05.12-18.03.42:596][  0]LogConfig: Setting CVar [[gc.SizeOfPermanentObjectPool:0]]
[2019.05.12-18.03.42:596][  0]LogConfig: Setting CVar [[gc.FlushStreamingOnGC:0]]
[2019.05.12-18.03.42:596][  0]LogConfig: Setting CVar [[gc.NumRetriesBeforeForcingGC:10]]
[2019.05.12-18.03.42:596][  0]LogConfig: Setting CVar [[gc.AllowParallelGC:1]]
[2019.05.12-18.03.42:596][  0]LogConfig: Setting CVar [[gc.TimeBetweenPurgingPendingKillObjects:61.1]]
[2019.05.12-18.03.42:596][  0]LogConfig: Setting CVar [[gc.MaxObjectsInEditor:8388607]]
[2019.05.12-18.03.42:596][  0]LogConfig: Setting CVar [[gc.IncrementalBeginDestroyEnabled:1]]
[2019.05.12-18.03.42:596][  0]LogConfig: Setting CVar [[gc.CreateGCClusters:1]]
[2019.05.12-18.03.42:596][  0]LogConfig: Setting CVar [[gc.MergeGCClusters:0]]
[2019.05.12-18.03.42:596][  0]LogConfig: Setting CVar [[gc.MinGCClusterSize:5]]
[2019.05.12-18.03.42:596][  0]LogConfig: Setting CVar [[gc.ActorClusteringEnabled:0]]
[2019.05.12-18.03.42:596][  0]LogConfig: Setting CVar [[gc.BlueprintClusteringEnabled:0]]
[2019.05.12-18.03.42:596][  0]LogConfig: Setting CVar [[gc.UseDisregardForGCOnDedicatedServers:0]]
[2019.05.12-18.03.42:596][  0]LogConfig: Applying CVar settings from Section [/Script/Engine.NetworkSettings] File [F:/2019/CppCurrent/CombatCPP/Prototype_Combat/Saved/Config/Windows/Engine.ini]
[2019.05.12-18.03.42:596][  0]LogConfig: Applying CVar settings from Section [/Script/UnrealEd.CookerSettings] File [F:/2019/CppCurrent/CombatCPP/Prototype_Combat/Saved/Config/Windows/Engine.ini]
[2019.05.12-18.03.42:612][  0]LogConfig: Applying CVar settings from Section [ViewDistanceQuality@3] File [F:/2019/CppCurrent/CombatCPP/Prototype_Combat/Saved/Config/Windows/Scalability.ini]
[2019.05.12-18.03.42:612][  0]LogConfig: Setting CVar [[r.SkeletalMeshLODBias:0]]
[2019.05.12-18.03.42:612][  0]LogConfig: Setting CVar [[r.ViewDistanceScale:1.0]]
[2019.05.12-18.03.42:612][  0]LogConfig: Applying CVar settings from Section [AntiAliasingQuality@3] File [F:/2019/CppCurrent/CombatCPP/Prototype_Combat/Saved/Config/Windows/Scalability.ini]
[2019.05.12-18.03.42:612][  0]LogConfig: Setting CVar [[r.PostProcessAAQuality:4]]
[2019.05.12-18.03.42:612][  0]LogConfig: Applying CVar settings from Section [ShadowQuality@3] File [F:/2019/CppCurrent/CombatCPP/Prototype_Combat/Saved/Config/Windows/Scalability.ini]
[2019.05.12-18.03.42:612][  0]LogConfig: Setting CVar [[r.LightFunctionQuality:1]]
[2019.05.12-18.03.42:612][  0]LogConfig: Setting CVar [[r.ShadowQuality:5]]
[2019.05.12-18.03.42:612][  0]LogConfig: Setting CVar [[r.Shadow.CSM.MaxCascades:10]]
[2019.05.12-18.03.42:612][  0]LogConfig: Setting CVar [[r.Shadow.MaxResolution:2048]]
[2019.05.12-18.03.42:612][  0]LogConfig: Setting CVar [[r.Shadow.MaxCSMResolution:2048]]
[2019.05.12-18.03.42:612][  0]LogConfig: Setting CVar [[r.Shadow.RadiusThreshold:0.01]]
[2019.05.12-18.03.42:612][  0]LogConfig: Setting CVar [[r.Shadow.DistanceScale:1.0]]
[2019.05.12-18.03.42:612][  0]LogConfig: Setting CVar [[r.Shadow.CSM.TransitionScale:1.0]]
[2019.05.12-18.03.42:612][  0]LogConfig: Setting CVar [[r.Shadow.PreShadowResolutionFactor:1.0]]
[2019.05.12-18.03.42:612][  0]LogConfig: Setting CVar [[r.DistanceFieldShadowing:1]]
[2019.05.12-18.03.42:612][  0]LogConfig: Setting CVar [[r.DistanceFieldAO:1]]
[2019.05.12-18.03.42:612][  0]LogConfig: Setting CVar [[r.AOQuality:2]]
[2019.05.12-18.03.42:612][  0]LogConfig: Setting CVar [[r.VolumetricFog:1]]
[2019.05.12-18.03.42:612][  0]LogConfig: Setting CVar [[r.VolumetricFog.GridPixelSize:8]]
[2019.05.12-18.03.42:612][  0]LogConfig: Setting CVar [[r.VolumetricFog.GridSizeZ:128]]
[2019.05.12-18.03.42:612][  0]LogConfig: Setting CVar [[r.VolumetricFog.HistoryMissSupersampleCount:4]]
[2019.05.12-18.03.42:612][  0]LogConfig: Setting CVar [[r.LightMaxDrawDistanceScale:1]]
[2019.05.12-18.03.42:612][  0]LogConfig: Setting CVar [[r.CapsuleShadows:1]]
[2019.05.12-18.03.42:612][  0]LogConfig: Applying CVar settings from Section [PostProcessQuality@3] File [F:/2019/CppCurrent/CombatCPP/Prototype_Combat/Saved/Config/Windows/Scalability.ini]
[2019.05.12-18.03.42:612][  0]LogConfig: Setting CVar [[r.MotionBlurQuality:4]]
[2019.05.12-18.03.42:612][  0]LogConfig: Setting CVar [[r.AmbientOcclusionMipLevelFactor:0.4]]
[2019.05.12-18.03.42:612][  0]LogConfig: Setting CVar [[r.AmbientOcclusionMaxQuality:100]]
[2019.05.12-18.03.42:612][  0]LogConfig: Setting CVar [[r.AmbientOcclusionLevels:-1]]
[2019.05.12-18.03.42:612][  0]LogConfig: Setting CVar [[r.AmbientOcclusionRadiusScale:1.0]]
[2019.05.12-18.03.42:612][  0]LogConfig: Setting CVar [[r.DepthOfFieldQuality:2]]
[2019.05.12-18.03.42:612][  0]LogConfig: Setting CVar [[r.RenderTargetPoolMin:400]]
[2019.05.12-18.03.42:612][  0]LogConfig: Setting CVar [[r.LensFlareQuality:2]]
[2019.05.12-18.03.42:612][  0]LogConfig: Setting CVar [[r.SceneColorFringeQuality:1]]
[2019.05.12-18.03.42:612][  0]LogConfig: Setting CVar [[r.EyeAdaptationQuality:2]]
[2019.05.12-18.03.42:612][  0]LogConfig: Setting CVar [[r.BloomQuality:5]]
[2019.05.12-18.03.42:612][  0]LogConfig: Setting CVar [[r.FastBlurThreshold:100]]
[2019.05.12-18.03.42:612][  0]LogConfig: Setting CVar [[r.Upscale.Quality:3]]
[2019.05.12-18.03.42:612][  0]LogConfig: Setting CVar [[r.Tonemapper.GrainQuantization:1]]
[2019.05.12-18.03.42:612][  0]LogConfig: Setting CVar [[r.LightShaftQuality:1]]
[2019.05.12-18.03.42:612][  0]LogConfig: Setting CVar [[r.Filter.SizeScale:1]]
[2019.05.12-18.03.42:612][  0]LogConfig: Setting CVar [[r.Tonemapper.Quality:5]]
[2019.05.12-18.03.42:612][  0]LogConfig: Setting CVar [[r.DOF.Gather.AccumulatorQuality:1        ; higher gathering accumulator quality]]
[2019.05.12-18.03.42:612][  0]LogConfig: Setting CVar [[r.DOF.Gather.PostfilterMethod:1          ; Median3x3 postfilering method]]
[2019.05.12-18.03.42:612][  0]LogConfig: Setting CVar [[r.DOF.Gather.EnableBokehSettings:0       ; no bokeh simulation when gathering]]
[2019.05.12-18.03.42:612][  0]LogConfig: Setting CVar [[r.DOF.Gather.RingCount:4                 ; medium number of samples when gathering]]
[2019.05.12-18.03.42:612][  0]LogConfig: Setting CVar [[r.DOF.Scatter.ForegroundCompositing:1    ; additive foreground scattering]]
[2019.05.12-18.03.42:612][  0]LogConfig: Setting CVar [[r.DOF.Scatter.BackgroundCompositing:2    ; additive background scattering]]
[2019.05.12-18.03.42:612][  0]LogConfig: Setting CVar [[r.DOF.Scatter.EnableBokehSettings:1      ; bokeh simulation when scattering]]
[2019.05.12-18.03.42:612][  0]LogConfig: Setting CVar [[r.DOF.Scatter.MaxSpriteRatio:0.1         ; only a maximum of 10% of scattered bokeh]]
[2019.05.12-18.03.42:612][  0]LogConfig: Setting CVar [[r.DOF.Recombine.Quality:1                ; cheap slight out of focus]]
[2019.05.12-18.03.42:612][  0]LogConfig: Setting CVar [[r.DOF.Recombine.EnableBokehSettings:0    ; no bokeh simulation on slight out of focus]]
[2019.05.12-18.03.42:612][  0]LogConfig: Setting CVar [[r.DOF.TemporalAAQuality:1                ; more stable temporal accumulation]]
[2019.05.12-18.03.42:612][  0]LogConfig: Setting CVar [[r.DOF.Kernel.MaxForegroundRadius:0.025]]
[2019.05.12-18.03.42:612][  0]LogConfig: Setting CVar [[r.DOF.Kernel.MaxBackgroundRadius:0.025]]
[2019.05.12-18.03.42:612][  0]LogConfig: Applying CVar settings from Section [TextureQuality@3] File [F:/2019/CppCurrent/CombatCPP/Prototype_Combat/Saved/Config/Windows/Scalability.ini]
[2019.05.12-18.03.42:612][  0]LogConfig: Setting CVar [[r.Streaming.MipBias:0]]
[2019.05.12-18.03.42:612][  0]LogConfig: Setting CVar [[r.Streaming.AmortizeCPUToGPUCopy:0]]
[2019.05.12-18.03.42:612][  0]LogConfig: Setting CVar [[r.Streaming.MaxNumTexturesToStreamPerFrame:0]]
[2019.05.12-18.03.42:612][  0]LogConfig: Setting CVar [[r.Streaming.Boost:1]]
[2019.05.12-18.03.42:612][  0]LogConfig: Setting CVar [[r.MaxAnisotropy:8]]
[2019.05.12-18.03.42:612][  0]LogConfig: Setting CVar [[r.Streaming.LimitPoolSizeToVRAM:0]]
[2019.05.12-18.03.42:612][  0]LogConfig: Setting CVar [[r.Streaming.PoolSize:1000]]
[2019.05.12-18.03.42:612][  0]LogConfig: Setting CVar [[r.Streaming.MaxEffectiveScreenSize:0]]
[2019.05.12-18.03.42:612][  0]LogConfig: Applying CVar settings from Section [EffectsQuality@3] File [F:/2019/CppCurrent/CombatCPP/Prototype_Combat/Saved/Config/Windows/Scalability.ini]
[2019.05.12-18.03.42:612][  0]LogConfig: Setting CVar [[r.TranslucencyLightingVolumeDim:64]]
[2019.05.12-18.03.42:612][  0]LogConfig: Setting CVar [[r.RefractionQuality:2]]
[2019.05.12-18.03.42:612][  0]LogConfig: Setting CVar [[r.SSR.Quality:3]]
[2019.05.12-18.03.42:612][  0]LogConfig: Setting CVar [[r.SceneColorFormat:4]]
[2019.05.12-18.03.42:612][  0]LogConfig: Setting CVar [[r.DetailMode:2]]
[2019.05.12-18.03.42:612][  0]LogConfig: Setting CVar [[r.TranslucencyVolumeBlur:1]]
[2019.05.12-18.03.42:612][  0]LogConfig: Setting CVar [[r.MaterialQualityLevel:1 ; High quality]]
[2019.05.12-18.03.42:612][  0]LogConfig: Setting CVar [[r.SSS.Scale:1]]
[2019.05.12-18.03.42:612][  0]LogConfig: Setting CVar [[r.SSS.SampleSet:2]]
[2019.05.12-18.03.42:612][  0]LogConfig: Setting CVar [[r.SSS.Quality:1]]
[2019.05.12-18.03.42:612][  0]LogConfig: Setting CVar [[r.SSS.HalfRes:1]]
[2019.05.12-18.03.42:612][  0]LogConfig: Setting CVar [[r.EmitterSpawnRateScale:1.0]]
[2019.05.12-18.03.42:612][  0]LogConfig: Setting CVar [[r.ParticleLightQuality:2]]
[2019.05.12-18.03.42:612][  0]LogConfig: Applying CVar settings from Section [FoliageQuality@3] File [F:/2019/CppCurrent/CombatCPP/Prototype_Combat/Saved/Config/Windows/Scalability.ini]
[2019.05.12-18.03.42:612][  0]LogConfig: Setting CVar [[foliage.DensityScale:1.0]]
[2019.05.12-18.03.42:612][  0]LogConfig: Setting CVar [[grass.DensityScale:1.0]]
[2019.05.12-18.03.42:612][  0]LogInit: Selected Device Profile: [Windows]
[2019.05.12-18.03.42:612][  0]LogInit: Applying CVar settings loaded from the selected device profile: [Windows]
[2019.05.12-18.03.42:674][  0]LogHAL: Display: Platform has ~ 32 GB [34271805440 / 34359738368 / 32], which maps to Largest [LargestMinGB=32, LargerMinGB=12, DefaultMinGB=8, SmallerMinGB=6, SmallestMinGB=0)
[2019.05.12-18.03.42:674][  0]LogConfig: Setting CVar [[r.Vulkan.UseRealUBs:1]]
[2019.05.12-18.03.42:674][  0]LogInit: Going up to parent DeviceProfile []
[2019.05.12-18.03.42:674][  0]LogConfig: Applying CVar settings from Section [ViewDistanceQuality@3] File [F:/2019/CppCurrent/CombatCPP/Prototype_Combat/Saved/Config/Windows/Scalability.ini]
[2019.05.12-18.03.42:674][  0]LogConfig: Setting CVar [[r.SkeletalMeshLODBias:0]]
[2019.05.12-18.03.42:674][  0]LogConfig: Setting CVar [[r.ViewDistanceScale:1.0]]
[2019.05.12-18.03.42:674][  0]LogConfig: Applying CVar settings from Section [AntiAliasingQuality@3] File [F:/2019/CppCurrent/CombatCPP/Prototype_Combat/Saved/Config/Windows/Scalability.ini]
[2019.05.12-18.03.42:674][  0]LogConfig: Setting CVar [[r.PostProcessAAQuality:4]]
[2019.05.12-18.03.42:674][  0]LogConfig: Applying CVar settings from Section [ShadowQuality@3] File [F:/2019/CppCurrent/CombatCPP/Prototype_Combat/Saved/Config/Windows/Scalability.ini]
[2019.05.12-18.03.42:674][  0]LogConfig: Setting CVar [[r.LightFunctionQuality:1]]
[2019.05.12-18.03.42:674][  0]LogConfig: Setting CVar [[r.ShadowQuality:5]]
[2019.05.12-18.03.42:674][  0]LogConfig: Setting CVar [[r.Shadow.CSM.MaxCascades:10]]
[2019.05.12-18.03.42:674][  0]LogConfig: Setting CVar [[r.Shadow.MaxResolution:2048]]
[2019.05.12-18.03.42:674][  0]LogConfig: Setting CVar [[r.Shadow.MaxCSMResolution:2048]]
[2019.05.12-18.03.42:674][  0]LogConfig: Setting CVar [[r.Shadow.RadiusThreshold:0.01]]
[2019.05.12-18.03.42:674][  0]LogConfig: Setting CVar [[r.Shadow.DistanceScale:1.0]]
[2019.05.12-18.03.42:674][  0]LogConfig: Setting CVar [[r.Shadow.CSM.TransitionScale:1.0]]
[2019.05.12-18.03.42:674][  0]LogConfig: Setting CVar [[r.Shadow.PreShadowResolutionFactor:1.0]]
[2019.05.12-18.03.42:674][  0]LogConfig: Setting CVar [[r.DistanceFieldShadowing:1]]
[2019.05.12-18.03.42:674][  0]LogConfig: Setting CVar [[r.DistanceFieldAO:1]]
[2019.05.12-18.03.42:674][  0]LogConfig: Setting CVar [[r.AOQuality:2]]
[2019.05.12-18.03.42:674][  0]LogConfig: Setting CVar [[r.VolumetricFog:1]]
[2019.05.12-18.03.42:674][  0]LogConfig: Setting CVar [[r.VolumetricFog.GridPixelSize:8]]
[2019.05.12-18.03.42:674][  0]LogConfig: Setting CVar [[r.VolumetricFog.GridSizeZ:128]]
[2019.05.12-18.03.42:674][  0]LogConfig: Setting CVar [[r.VolumetricFog.HistoryMissSupersampleCount:4]]
[2019.05.12-18.03.42:674][  0]LogConfig: Setting CVar [[r.LightMaxDrawDistanceScale:1]]
[2019.05.12-18.03.42:674][  0]LogConfig: Setting CVar [[r.CapsuleShadows:1]]
[2019.05.12-18.03.42:674][  0]LogConfig: Applying CVar settings from Section [PostProcessQuality@3] File [F:/2019/CppCurrent/CombatCPP/Prototype_Combat/Saved/Config/Windows/Scalability.ini]
[2019.05.12-18.03.42:674][  0]LogConfig: Setting CVar [[r.MotionBlurQuality:4]]
[2019.05.12-18.03.42:674][  0]LogConfig: Setting CVar [[r.AmbientOcclusionMipLevelFactor:0.4]]
[2019.05.12-18.03.42:674][  0]LogConfig: Setting CVar [[r.AmbientOcclusionMaxQuality:100]]
[2019.05.12-18.03.42:674][  0]LogConfig: Setting CVar [[r.AmbientOcclusionLevels:-1]]
[2019.05.12-18.03.42:674][  0]LogConfig: Setting CVar [[r.AmbientOcclusionRadiusScale:1.0]]
[2019.05.12-18.03.42:674][  0]LogConfig: Setting CVar [[r.DepthOfFieldQuality:2]]
[2019.05.12-18.03.42:674][  0]LogConfig: Setting CVar [[r.RenderTargetPoolMin:400]]
[2019.05.12-18.03.42:674][  0]LogConfig: Setting CVar [[r.LensFlareQuality:2]]
[2019.05.12-18.03.42:674][  0]LogConfig: Setting CVar [[r.SceneColorFringeQuality:1]]
[2019.05.12-18.03.42:674][  0]LogConfig: Setting CVar [[r.EyeAdaptationQuality:2]]
[2019.05.12-18.03.42:674][  0]LogConfig: Setting CVar [[r.BloomQuality:5]]
[2019.05.12-18.03.42:674][  0]LogConfig: Setting CVar [[r.FastBlurThreshold:100]]
[2019.05.12-18.03.42:674][  0]LogConfig: Setting CVar [[r.Upscale.Quality:3]]
[2019.05.12-18.03.42:674][  0]LogConfig: Setting CVar [[r.Tonemapper.GrainQuantization:1]]
[2019.05.12-18.03.42:674][  0]LogConfig: Setting CVar [[r.LightShaftQuality:1]]
[2019.05.12-18.03.42:674][  0]LogConfig: Setting CVar [[r.Filter.SizeScale:1]]
[2019.05.12-18.03.42:674][  0]LogConfig: Setting CVar [[r.Tonemapper.Quality:5]]
[2019.05.12-18.03.42:674][  0]LogConfig: Setting CVar [[r.DOF.Gather.AccumulatorQuality:1        ; higher gathering accumulator quality]]
[2019.05.12-18.03.42:674][  0]LogConfig: Setting CVar [[r.DOF.Gather.PostfilterMethod:1          ; Median3x3 postfilering method]]
[2019.05.12-18.03.42:674][  0]LogConfig: Setting CVar [[r.DOF.Gather.EnableBokehSettings:0       ; no bokeh simulation when gathering]]
[2019.05.12-18.03.42:674][  0]LogConfig: Setting CVar [[r.DOF.Gather.RingCount:4                 ; medium number of samples when gathering]]
[2019.05.12-18.03.42:674][  0]LogConfig: Setting CVar [[r.DOF.Scatter.ForegroundCompositing:1    ; additive foreground scattering]]
[2019.05.12-18.03.42:674][  0]LogConfig: Setting CVar [[r.DOF.Scatter.BackgroundCompositing:2    ; additive background scattering]]
[2019.05.12-18.03.42:674][  0]LogConfig: Setting CVar [[r.DOF.Scatter.EnableBokehSettings:1      ; bokeh simulation when scattering]]
[2019.05.12-18.03.42:674][  0]LogConfig: Setting CVar [[r.DOF.Scatter.MaxSpriteRatio:0.1         ; only a maximum of 10% of scattered bokeh]]
[2019.05.12-18.03.42:674][  0]LogConfig: Setting CVar [[r.DOF.Recombine.Quality:1                ; cheap slight out of focus]]
[2019.05.12-18.03.42:674][  0]LogConfig: Setting CVar [[r.DOF.Recombine.EnableBokehSettings:0    ; no bokeh simulation on slight out of focus]]
[2019.05.12-18.03.42:674][  0]LogConfig: Setting CVar [[r.DOF.TemporalAAQuality:1                ; more stable temporal accumulation]]
[2019.05.12-18.03.42:674][  0]LogConfig: Setting CVar [[r.DOF.Kernel.MaxForegroundRadius:0.025]]
[2019.05.12-18.03.42:674][  0]LogConfig: Setting CVar [[r.DOF.Kernel.MaxBackgroundRadius:0.025]]
[2019.05.12-18.03.42:674][  0]LogConfig: Applying CVar settings from Section [TextureQuality@3] File [F:/2019/CppCurrent/CombatCPP/Prototype_Combat/Saved/Config/Windows/Scalability.ini]
[2019.05.12-18.03.42:674][  0]LogConfig: Setting CVar [[r.Streaming.MipBias:0]]
[2019.05.12-18.03.42:674][  0]LogConfig: Setting CVar [[r.Streaming.AmortizeCPUToGPUCopy:0]]
[2019.05.12-18.03.42:674][  0]LogConfig: Setting CVar [[r.Streaming.MaxNumTexturesToStreamPerFrame:0]]
[2019.05.12-18.03.42:674][  0]LogConfig: Setting CVar [[r.Streaming.Boost:1]]
[2019.05.12-18.03.42:674][  0]LogConfig: Setting CVar [[r.MaxAnisotropy:8]]
[2019.05.12-18.03.42:674][  0]LogConfig: Setting CVar [[r.Streaming.LimitPoolSizeToVRAM:0]]
[2019.05.12-18.03.42:674][  0]LogConfig: Setting CVar [[r.Streaming.PoolSize:1000]]
[2019.05.12-18.03.42:674][  0]LogConfig: Setting CVar [[r.Streaming.MaxEffectiveScreenSize:0]]
[2019.05.12-18.03.42:674][  0]LogConfig: Applying CVar settings from Section [EffectsQuality@3] File [F:/2019/CppCurrent/CombatCPP/Prototype_Combat/Saved/Config/Windows/Scalability.ini]
[2019.05.12-18.03.42:674][  0]LogConfig: Setting CVar [[r.TranslucencyLightingVolumeDim:64]]
[2019.05.12-18.03.42:674][  0]LogConfig: Setting CVar [[r.RefractionQuality:2]]
[2019.05.12-18.03.42:674][  0]LogConfig: Setting CVar [[r.SSR.Quality:3]]
[2019.05.12-18.03.42:674][  0]LogConfig: Setting CVar [[r.SceneColorFormat:4]]
[2019.05.12-18.03.42:674][  0]LogConfig: Setting CVar [[r.DetailMode:2]]
[2019.05.12-18.03.42:674][  0]LogConfig: Setting CVar [[r.TranslucencyVolumeBlur:1]]
[2019.05.12-18.03.42:674][  0]LogConfig: Setting CVar [[r.MaterialQualityLevel:1 ; High quality]]
[2019.05.12-18.03.42:674][  0]LogConfig: Setting CVar [[r.SSS.Scale:1]]
[2019.05.12-18.03.42:674][  0]LogConfig: Setting CVar [[r.SSS.SampleSet:2]]
[2019.05.12-18.03.42:674][  0]LogConfig: Setting CVar [[r.SSS.Quality:1]]
[2019.05.12-18.03.42:674][  0]LogConfig: Setting CVar [[r.SSS.HalfRes:1]]
[2019.05.12-18.03.42:674][  0]LogConfig: Setting CVar [[r.EmitterSpawnRateScale:1.0]]
[2019.05.12-18.03.42:674][  0]LogConfig: Setting CVar [[r.ParticleLightQuality:2]]
[2019.05.12-18.03.42:674][  0]LogConfig: Applying CVar settings from Section [FoliageQuality@3] File [F:/2019/CppCurrent/CombatCPP/Prototype_Combat/Saved/Config/Windows/Scalability.ini]
[2019.05.12-18.03.42:674][  0]LogConfig: Setting CVar [[foliage.DensityScale:1.0]]
[2019.05.12-18.03.42:674][  0]LogConfig: Setting CVar [[grass.DensityScale:1.0]]
[2019.05.12-18.03.42:674][  0]LogConfig: Applying CVar settings from Section [Startup] File [../../../Engine/Config/ConsoleVariables.ini]
[2019.05.12-18.03.42:674][  0]LogConfig: Setting CVar [[net.UseAdaptiveNetUpdateFrequency:0]]
[2019.05.12-18.03.42:674][  0]LogConfig: Applying CVar settings from Section [ConsoleVariables] File [F:/2019/CppCurrent/CombatCPP/Prototype_Combat/Saved/Config/Windows/Engine.ini]
[2019.05.12-18.03.42:684][  0]LogInit: Computer: MT-R209-03
[2019.05.12-18.03.42:684][  0]LogInit: User: ssanic20
[2019.05.12-18.03.42:684][  0]LogInit: CPU Page size=4096, Cores=16
[2019.05.12-18.03.42:684][  0]LogInit: High frequency timer resolution =10.000000 MHz
[2019.05.12-18.03.42:684][  0]LogMemory: Memory total: Physical=31.9GB (32GB approx)
[2019.05.12-18.03.42:684][  0]LogMemory: Platform Memory Stats for Windows
[2019.05.12-18.03.42:684][  0]LogMemory: Process Physical Memory: 106.96 MB used, 106.96 MB peak
[2019.05.12-18.03.42:684][  0]LogMemory: Process Virtual Memory: 96.33 MB used, 96.33 MB peak
[2019.05.12-18.03.42:684][  0]LogMemory: Physical Memory: 4004.09 MB used,  28680.05 MB free, 32684.14 MB total
[2019.05.12-18.03.42:684][  0]LogMemory: Virtual Memory: 4737.71 MB used,  134212992.00 MB free, 134217728.00 MB total
[2019.05.12-18.03.43:065][  0]LogInit: Using OS detected language (en-US).
[2019.05.12-18.03.43:065][  0]LogInit: Using OS detected locale (en-US).
[2019.05.12-18.03.43:070][  0]LogTextLocalizationManager: No specific localization for 'en-US' exists, so the 'en' localization will be used.
[2019.05.12-18.03.43:866][  0]LogStreaming: Display: Took  0.800s to InitEngineTextLocalization.
[2019.05.12-18.03.43:866][  0]LogInit: Setting process to per monitor DPI aware
[2019.05.12-18.03.44:078][  0]LogSlate: New Slate User Created.  User Index 0, Is Virtual User: 0
[2019.05.12-18.03.44:078][  0]LogSlate: Slate User Registered.  User Index 0, Is Virtual User: 0
[2019.05.12-18.03.46:788][  0]LogHMD: Failed to initialize OpenVR with code 110
[2019.05.12-18.03.46:788][  0]LogD3D11RHI: D3D11 adapters:
[2019.05.12-18.03.46:902][  0]LogD3D11RHI:    0. 'NVIDIA GeForce GTX 1080' (Feature Level 11_0)
[2019.05.12-18.03.46:902][  0]LogD3D11RHI:       8079/0/16342 MB DedicatedVideo/DedicatedSystem/SharedSystem, Outputs:1, VendorId:0x10de
[2019.05.12-18.03.46:931][  0]LogD3D11RHI:    1. 'Microsoft Basic Render Driver' (Feature Level 11_0)
[2019.05.12-18.03.46:931][  0]LogD3D11RHI:       0/0/16342 MB DedicatedVideo/DedicatedSystem/SharedSystem, Outputs:0, VendorId:0x1414
[2019.05.12-18.03.46:931][  0]LogD3D11RHI: Chosen D3D11 Adapter: 0
[2019.05.12-18.03.46:944][  0]LogD3D11RHI: Creating new Direct3DDevice
[2019.05.12-18.03.46:944][  0]LogD3D11RHI:     GPU DeviceId: 0x1b80 (for the marketing name, search the web for "GPU Device Id")
[2019.05.12-18.03.46:944][  0]LogWindows: EnumDisplayDevices:
[2019.05.12-18.03.46:945][  0]LogWindows:    0. 'NVIDIA GeForce GTX 1080' (P:1 D:1)
[2019.05.12-18.03.46:945][  0]LogWindows:    1. 'NVIDIA GeForce GTX 1080' (P:0 D:0)
[2019.05.12-18.03.46:946][  0]LogWindows:    2. 'NVIDIA GeForce GTX 1080' (P:0 D:0)
[2019.05.12-18.03.46:947][  0]LogWindows:    3. 'NVIDIA GeForce GTX 1080' (P:0 D:0)
[2019.05.12-18.03.46:947][  0]LogWindows: DebugString: FoundDriverCount:4 
[2019.05.12-18.03.46:947][  0]LogD3D11RHI:     Adapter Name: NVIDIA GeForce GTX 1080
[2019.05.12-18.03.46:947][  0]LogD3D11RHI:   Driver Version: 416.34 (internal:25.21.14.1634, unified:416.34)
[2019.05.12-18.03.46:947][  0]LogD3D11RHI:      Driver Date: 10-10-2018
[2019.05.12-18.03.46:947][  0]LogRHI: Texture pool is 5655 MB (70% of 8079 MB)
[2019.05.12-18.03.47:061][  0]LogD3D11RHI: Async texture creation enabled
[2019.05.12-18.03.47:095][  0]LogD3D11RHI: GPU Timing Frequency: 1000.000000 (Debug: 2 2)
[2019.05.12-18.03.49:121][  0]LogTemp: Display: Loaded TP AllDesktopTargetPlatform
[2019.05.12-18.03.49:167][  0]LogTemp: Display: Loaded TP MacClientTargetPlatform
[2019.05.12-18.03.49:209][  0]LogTemp: Display: Loaded TP MacNoEditorTargetPlatform
[2019.05.12-18.03.49:255][  0]LogTemp: Display: Loaded TP MacServerTargetPlatform
[2019.05.12-18.03.49:303][  0]LogTemp: Display: Loaded TP MacTargetPlatform
[2019.05.12-18.03.49:347][  0]LogTemp: Display: Loaded TP WindowsClientTargetPlatform
[2019.05.12-18.03.49:396][  0]LogTemp: Display: Loaded TP WindowsNoEditorTargetPlatform
[2019.05.12-18.03.49:439][  0]LogTemp: Display: Loaded TP WindowsServerTargetPlatform
[2019.05.12-18.03.49:472][  0]LogTemp: Display: Loaded TP WindowsTargetPlatform
[2019.05.12-18.03.49:641][  0]LogTemp: Display: Loaded TP AndroidTargetPlatform
[2019.05.12-18.03.49:641][  0]LogTemp: Display: Loaded TP AndroidTargetPlatform
[2019.05.12-18.03.49:641][  0]LogTemp: Display: Loaded TP AndroidTargetPlatform
[2019.05.12-18.03.49:641][  0]LogTemp: Display: Loaded TP AndroidTargetPlatform
[2019.05.12-18.03.49:641][  0]LogTemp: Display: Loaded TP AndroidTargetPlatform
[2019.05.12-18.03.49:641][  0]LogTemp: Display: Loaded TP AndroidTargetPlatform
[2019.05.12-18.03.49:641][  0]LogTemp: Display: Loaded TP AndroidTargetPlatform
[2019.05.12-18.03.49:641][  0]LogTemp: Display: Loaded TP AndroidTargetPlatform
[2019.05.12-18.03.49:641][  0]LogTemp: Display: Loaded TP AndroidTargetPlatform
[2019.05.12-18.03.49:641][  0]LogTemp: Display: Loaded TP AndroidTargetPlatform
[2019.05.12-18.03.49:641][  0]LogTemp: Display: Loaded TP AndroidTargetPlatform
[2019.05.12-18.03.49:641][  0]LogTemp: Display: Loaded TP AndroidTargetPlatform
[2019.05.12-18.03.49:641][  0]LogTemp: Display: Loaded TP AndroidTargetPlatform
[2019.05.12-18.03.49:641][  0]LogTemp: Display: Loaded TP AndroidTargetPlatform
[2019.05.12-18.03.49:641][  0]LogTemp: Display: Loaded TP AndroidTargetPlatform
[2019.05.12-18.03.49:641][  0]LogTemp: Display: Loaded TP AndroidTargetPlatform
[2019.05.12-18.03.49:641][  0]LogTemp: Display: Loaded TP AndroidTargetPlatform
[2019.05.12-18.03.49:641][  0]LogTemp: Display: Loaded TP AndroidTargetPlatform
[2019.05.12-18.03.49:666][  0]LogTemp: Display: Loaded TP HTML5TargetPlatform
[2019.05.12-18.03.49:822][  0]LogTemp: Display: Loaded TP IOSTargetPlatform
[2019.05.12-18.03.49:822][  0]LogTemp: Display: Loaded TP IOSTargetPlatform
[2019.05.12-18.03.49:882][  0]LogTemp: Display: Loaded TP TVOSTargetPlatform
[2019.05.12-18.03.49:882][  0]LogTemp: Display: Loaded TP TVOSTargetPlatform
[2019.05.12-18.03.49:925][  0]LogTemp: Display: Loaded TP LinuxClientTargetPlatform
[2019.05.12-18.03.49:971][  0]LogTemp: Display: Loaded TP LinuxNoEditorTargetPlatform
[2019.05.12-18.03.50:019][  0]LogTemp: Display: Loaded TP LinuxServerTargetPlatform
[2019.05.12-18.03.50:071][  0]LogTemp: Display: Loaded TP LinuxTargetPlatform
[2019.05.12-18.03.50:185][  0]LogTemp: Display: Loaded TP LuminTargetPlatform
[2019.05.12-18.03.50:185][  0]LogTemp: Display: Loaded TP LuminTargetPlatform
[2019.05.12-18.03.50:185][  0]LogTargetPlatformManager: Display: Building Assets For Windows
[2019.05.12-18.03.51:021][  0]LogShaderCompilers: Guid format shader working directory is 3 characters bigger than the processId version (F:/2019/CppCurrent/CombatCPP/Prototype_Combat/Intermediate/Shaders/WorkingDirectory/14284/).
[2019.05.12-18.03.51:021][  0]LogShaderCompilers: Cleaned the shader compiler working directory 'C:/Users/ssanic20/AppData/Local/Temp/UnrealShaderWorkingDir/954BA7AA4836B5DA615001B77461A2F1/'.
[2019.05.12-18.03.51:027][  0]LogXGEController: Cleaning working directory: C:/Users/ssanic20/AppData/Local/Temp/UnrealXGEWorkingDir/
[2019.05.12-18.03.51:027][  0]LogXGEController: Cannot use XGE Controller as Incredibuild is not installed on this machine.
[2019.05.12-18.03.51:027][  0]LogShaderCompilers: Cannot use XGE Shader Compiler as Incredibuild is not installed on this machine.
[2019.05.12-18.03.51:027][  0]LogShaderCompilers: Display: Using Local Shader Compiler.
[2019.05.12-18.03.53:415][  0]LogDerivedDataCache: Display: Max Cache Size: 512 MB
[2019.05.12-18.03.53:415][  0]LogDerivedDataCache: Display: Starting with empty Boot cache
[2019.05.12-18.03.53:416][  0]LogDerivedDataCache: FDerivedDataBackendGraph:  Pak pak cache file F:/2019/CppCurrent/CombatCPP/Prototype_Combat/DerivedDataCache/DDC.ddp not found, will not use a pak cache.
[2019.05.12-18.03.53:416][  0]LogDerivedDataCache: Unable to find inner node Pak for hierarchical cache Hierarchy.
[2019.05.12-18.03.53:416][  0]LogDerivedDataCache: FDerivedDataBackendGraph:  CompressedPak pak cache file F:/2019/CppCurrent/CombatCPP/Prototype_Combat/DerivedDataCache/Compressed.ddp not found, will not use a pak cache.
[2019.05.12-18.03.53:416][  0]LogDerivedDataCache: Unable to find inner node CompressedPak for hierarchical cache Hierarchy.
[2019.05.12-18.03.53:446][  0]LogDerivedDataCache: Display: Pak cache opened for reading ../../../Engine/DerivedDataCache/Compressed.ddp.
[2019.05.12-18.03.53:446][  0]LogDerivedDataCache: FDerivedDataBackendGraph:  EnterprisePak pak cache file ../../../Enterprise/DerivedDataCache/Compressed.ddp not found, will not use a pak cache.
[2019.05.12-18.03.53:446][  0]LogDerivedDataCache: Unable to find inner node EnterprisePak for hierarchical cache Hierarchy.
[2019.05.12-18.03.53:463][  0]LogDerivedDataCache: Using Local data cache path C:/Users/ssanic20/AppData/Local/UnrealEngine/Common/DerivedDataCache: Writable
[2019.05.12-18.03.53:463][  0]LogDerivedDataCache: Shared data cache path not found in *engine.ini, will not use an Shared cache.
[2019.05.12-18.03.53:463][  0]LogDerivedDataCache: Unable to find inner node Shared for hierarchical cache Hierarchy.
[2019.05.12-18.03.53:505][  0]LogMaterial: Verifying Global Shaders for PCD3D_SM5
[2019.05.12-18.03.53:509][  0]LogSlate: Using FreeType 2.6.0
[2019.05.12-18.03.53:519][  0]LogSlate: SlateFontServices - WITH_FREETYPE: 1, WITH_HARFBUZZ: 1
[2019.05.12-18.03.54:042][  0]LogAssetRegistry: FAssetRegistry took 0.0495 seconds to start up
[2019.05.12-18.03.54:756][  0]LogInit: Selected Device Profile: [Windows]
[2019.05.12-18.03.55:577][  0]LogSimplygon: Simplygon DLL not present - disabling.
[2019.05.12-18.03.55:685][  0]LogMeshReduction: Using SimplygonSwarm for distributed automatic mesh merging
[2019.05.12-18.03.55:686][  0]LogMeshReduction: Using ProxyLODMeshReduction for automatic mesh merging
[2019.05.12-18.03.55:686][  0]LogMeshReduction: Using QuadricMeshReduction for automatic static mesh reduction
[2019.05.12-18.03.55:686][  0]LogMeshReduction: No automatic skeletal mesh reduction module available
[2019.05.12-18.03.55:763][  0]LogNetVersion: Prototype_Combat 1.0.0, NetCL: 4541578, EngineNetVer: 5, GameNetVer: 0 (Checksum: 3546136163)
[2019.05.12-18.03.58:127][  0]LogPackageLocalizationCache: Processed 11 localized package path(s) for 2 prioritized culture(s) in 0.643330 seconds
[2019.05.12-18.03.58:134][  0]LogUObjectArray: 39796 objects as part of root set at end of initial load.
[2019.05.12-18.03.58:134][  0]LogUObjectAllocator: 6916336 out of 0 bytes used by permanent object pool.
[2019.05.12-18.03.58:134][  0]LogUObjectArray: CloseDisregardForGC: 0/0 objects in disregard for GC pool
[2019.05.12-18.04.04:640][  0]LogTcpMessaging: Initializing TcpMessaging bridge
[2019.05.12-18.04.04:678][  0]LogUdpMessaging: Initializing bridge on interface 0.0.0.0:0 to multicast group 230.0.0.1:6666.
[2019.05.12-18.04.08:083][  0]SourceControl: Source control is disabled
[2019.05.12-18.04.08:084][  0]SourceControl: Source control is disabled
[2019.05.12-18.04.08:145][  0]SourceControl: Source control is disabled
[2019.05.12-18.04.08:173][  0]SourceControl: Source control is disabled
[2019.05.12-18.04.09:389][  0]LogAndroidPermission: UAndroidPermissionCallbackProxy::GetInstance
[2019.05.12-18.04.09:718][  0]LogOcInput: OculusInput pre-init called
[2019.05.12-18.04.10:040][  0]LogEngine: Initializing Engine...
[2019.05.12-18.04.10:044][  0]LogHMD: Failed to initialize OpenVR with code 110
[2019.05.12-18.04.10:047][  0]LogStats: UGameplayTagsManager::ConstructGameplayTagTree: ImportINI prefixes -  0.000 s
[2019.05.12-18.04.10:047][  0]LogStats: UGameplayTagsManager::ConstructGameplayTagTree: Construct from data asset -  0.000 s
[2019.05.12-18.04.10:048][  0]LogStats: UGameplayTagsManager::ConstructGameplayTagTree: ImportINI -  0.001 s
[2019.05.12-18.04.10:048][  0]LogStats: UGameplayTagsManager::ConstructGameplayTagTree: GameplayTagTreeChangedEvent.Broadcast -  0.000 s
[2019.05.12-18.04.10:748][  0]LogInit: Initializing FReadOnlyCVARCache
[2019.05.12-18.04.10:817][  0]LogAIModule: Creating AISystem for world Untitled
[2019.05.12-18.04.10:889][  0]LogInit: XAudio2 using 'Speakers (Realtek High Definition Audio)' : 2 channels at 48 kHz using 32 bits per sample (channel mask 0x3)
[2019.05.12-18.04.11:081][  0]LogInit: FAudioDevice initialized.
[2019.05.12-18.04.11:082][  0]LogNetVersion: Set ProjectVersion to 1.0.0.0. Version Checksum will be recalculated on next use.
[2019.05.12-18.04.11:191][  0]LogDerivedDataCache: Saved boot cache 0.11s 88MB C:/Users/ssanic20/AppData/Local/UnrealEngine/4.21/DerivedDataCache/Boot.ddc.
[2019.05.12-18.04.11:215][  0]LogInit: Texture streaming: Enabled
[2019.05.12-18.04.11:325][  0]LogEngineSessionManager: EngineSessionManager initialized
[2019.05.12-18.04.12:214][  0]LogInit: Transaction tracking system initialized
[2019.05.12-18.04.12:425][  0]BlueprintLog: New page: Editor Load
[2019.05.12-18.04.13:286][  0]LocalizationService: Localization service is disabled
[2019.05.12-18.04.14:734][  0]LogCook: Display: Max memory allowance for cook 16384mb min free memory 0mb
[2019.05.12-18.04.14:734][  0]LogCook: Display: Mobile HDR setting 1
[2019.05.12-18.04.14:734][  0]LogGameplayTags: Display: UGameplayTagsManager::DoneAddingNativeTags. DelegateIsBound: 0
[2019.05.12-18.04.14:734][  0]LogStats: UGameplayTagsManager::ConstructGameplayTagTree: ImportINI prefixes -  0.000 s
[2019.05.12-18.04.14:734][  0]LogStats: UGameplayTagsManager::ConstructGameplayTagTree: Construct from data asset -  0.000 s
[2019.05.12-18.04.14:735][  0]LogStats: UGameplayTagsManager::ConstructGameplayTagTree: ImportINI -  0.000 s
[2019.05.12-18.04.14:735][  0]LogStats: UGameplayTagsManager::ConstructGameplayTagTree: GameplayTagTreeChangedEvent.Broadcast -  0.000 s
[2019.05.12-18.04.15:424][  0]LogFileCache: Scanning file cache for directory 'F:/2019/CppCurrent/CombatCPP/Prototype_Combat/Content/' took 0.04s
[2019.05.12-18.04.15:834][  0]SourceControl: Source control is disabled
[2019.05.12-18.04.15:836][  0]Cmd: MAP LOAD FILE="F:/2019/CppCurrent/CombatCPP/Prototype_Combat/Content/FirstPersonCPP/Maps/FirstPersonExampleMap.umap" TEMPLATE=0 SHOWPROGRESS=1 FEATURELEVEL=3
[2019.05.12-18.04.15:837][  0]LightingResults: New page: Lighting Build
[2019.05.12-18.04.15:846][  0]MapCheck: New page: Map Check
[2019.05.12-18.04.15:846][  0]LightingResults: New page: Lighting Build
[2019.05.12-18.04.16:656][  0]LogTexture: Display: Building textures: HQ_Lightmap0_5 (AutoDXT, 64X64)
[2019.05.12-18.04.16:658][  0]LogTexture: Display: Building textures: LQ_Lightmap_0_5 (DXT1, 64X64)
[2019.05.12-18.04.16:658][  0]LogTexture: Display: Building textures: SkyOcclusion0_5 (AutoDXT, 64X32)
[2019.05.12-18.04.16:658][  0]LogTexture: Display: Building textures: ShadowMapTexture2D_7 (G8, 32X32)
[2019.05.12-18.04.16:658][  0]LogTexture: Display: Building textures: ShadowMapTexture2D_0 (G8, 1024X1024)
[2019.05.12-18.04.16:658][  0]LogTexture: Display: Building textures: ShadowMapTexture2D_1 (G8, 1024X1024)
[2019.05.12-18.04.16:658][  0]LogTexture: Display: Building textures: ShadowMapTexture2D_6 (G8, 1024X1024)
[2019.05.12-18.04.16:658][  0]LogTexture: Display: Building textures: ShadowMapTexture2D_3 (G8, 1024X1024)
[2019.05.12-18.04.16:658][  0]LogTexture: Display: Building textures: ShadowMapTexture2D_2 (G8, 1024X1024)
[2019.05.12-18.04.16:659][  0]LogTexture: Display: Building textures: ShadowMapTexture2D_4 (G8, 1024X1024)
[2019.05.12-18.04.16:659][  0]LogTexture: Display: Building textures: ShadowMapTexture2D_5 (G8, 1024X1024)
[2019.05.12-18.04.16:659][  0]LogTexture: Display: Building textures: SkyOcclusion0_3 (AutoDXT, 2048X1024)
[2019.05.12-18.04.16:659][  0]LogTexture: Display: Building textures: SkyOcclusion0_1 (AutoDXT, 2048X1024)
[2019.05.12-18.04.16:670][  0]LogTexture: Display: Building textures: LQ_Lightmap_0_3 (DXT1, 2048X2048)
[2019.05.12-18.04.16:682][  0]LogTexture: Display: Building textures: SkyOcclusion0_4 (AutoDXT, 2048X1024)
[2019.05.12-18.04.16:682][  0]LogTexture: Display: Building textures: SkyOcclusion0_2 (AutoDXT, 2048X1024)
[2019.05.12-18.04.16:682][  0]LogTexture: Display: Building textures: HQ_Lightmap0_4 (AutoDXT, 2048X2048)
[2019.05.12-18.04.16:969][  0]LogTexture: Display: Building textures: LQ_Lightmap_0_1 (DXT1, 2048X2048)
[2019.05.12-18.04.16:969][  0]LogTexture: Display: Building textures: LQ_Lightmap_0_4 (DXT1, 2048X2048)
[2019.05.12-18.04.16:969][  0]LogTexture: Display: Building textures: HQ_Lightmap0_3 (AutoDXT, 2048X2048)
[2019.05.12-18.04.16:969][  0]LogTexture: Display: Building textures: LQ_Lightmap_0_2 (DXT1, 2048X2048)
[2019.05.12-18.04.16:969][  0]LogTexture: Display: Building textures: HQ_Lightmap0_2 (AutoDXT, 2048X2048)
[2019.05.12-18.04.16:969][  0]LogTexture: Display: Building textures: HQ_Lightmap0_1 (AutoDXT, 2048X2048)
[2019.05.12-18.04.16:984][  0]LogSkeletalMesh: Building Skeletal Mesh ybot...
[2019.05.12-18.04.17:247][  0]LogSkeletalMesh: Built Skeletal Mesh [0.26s] /Game/FirstPerson/Animations/ybot.ybot
[2019.05.12-18.04.17:252][  0]LogMaterial: Display: Missing cached shader map for material Alpha_Body_MAT, compiling. 
[2019.05.12-18.04.17:512][  0]LogShaderCompilers: Display: Shaders left to compile 60
[2019.05.12-18.04.17:513][  0]LogShaderCompilers: Display: Shaders left to compile 50
[2019.05.12-18.04.17:513][  0]LogShaderCompilers: Display: Shaders left to compile 40
[2019.05.12-18.04.17:513][  0]LogShaderCompilers: Display: Shaders left to compile 30
[2019.05.12-18.04.17:513][  0]LogShaderCompilers: Display: Shaders left to compile 20
[2019.05.12-18.04.17:513][  0]LogShaderCompilers: Display: Shaders left to compile 10
[2019.05.12-18.04.17:513][  0]LogMaterial: Display: Missing cached shader map for material Alpha_Joints_MAT, compiling. 
[2019.05.12-18.04.17:896][  0]LogShaderCompilers: Display: Shaders left to compile 60
[2019.05.12-18.04.17:896][  0]LogShaderCompilers: Display: Shaders left to compile 50
[2019.05.12-18.04.17:896][  0]LogShaderCompilers: Display: Shaders left to compile 40
[2019.05.12-18.04.17:896][  0]LogShaderCompilers: Display: Shaders left to compile 30
[2019.05.12-18.04.17:896][  0]LogShaderCompilers: Display: Shaders left to compile 20
[2019.05.12-18.04.17:896][  0]LogShaderCompilers: Display: Shaders left to compile 10
[2019.05.12-18.04.17:896][  0]LogAnimationCompression: Building Anim DDC data for AnimSequence /Game/FirstPerson/Animations/Yes.Yes
[2019.05.12-18.04.17:897][  0]LogAnimationCompression: Recompressing (AnimSequence /Game/FirstPerson/Animations/Yes.Yes) using current/default (AnimCompress_BitwiseCompressOnly_0) bFirstRecompressUsingCurrentOrDefault(1) bTryAlternateCompressor(0) IsCompressedDataValid(0)
[2019.05.12-18.04.18:197][  0]LogAIModule: Creating AISystem for world FirstPersonExampleMap
[2019.05.12-18.04.18:225][  0]LogEditorServer: Finished looking for orphan Actors (0.000 secs)
[2019.05.12-18.04.18:348][  0]Cmd: MAP CHECKDEP NOCLEARLOG
[2019.05.12-18.04.18:348][  0]MapCheck: Map check complete: 0 Error(s), 0 Warning(s), took 0.32ms to complete.
[2019.05.12-18.04.18:348][  0]LogFileHelpers: Loading map 'FirstPersonExampleMap' took 2.514
[2019.05.12-18.04.18:529][  0]LogSlate: Updating window title bar state: overlay mode, drag disabled, window buttons hidden, title bar hidden
[2019.05.12-18.04.18:542][  0]LogSlate: Updating window title bar state: overlay mode, drag disabled, window buttons hidden, title bar hidden
[2019.05.12-18.04.18:554][  0]LogSlate: Updating window title bar state: overlay mode, drag disabled, window buttons hidden, title bar hidden
[2019.05.12-18.04.18:567][  0]LogSlate: Updating window title bar state: overlay mode, drag disabled, window buttons hidden, title bar hidden
[2019.05.12-18.04.18:614][  0]LogCollectionManager: Loaded 0 collections in 0.004258 seconds
[2019.05.12-18.04.18:652][  0]LogFileCache: Scanning file cache for directory 'F:/2019/CppCurrent/CombatCPP/Prototype_Combat/Saved/Collections/' took 0.01s
[2019.05.12-18.04.18:652][  0]LogFileCache: Scanning file cache for directory 'F:/2019/CppCurrent/CombatCPP/Prototype_Combat/Content/Developers/ssanic20/Collections/' took 0.01s
[2019.05.12-18.04.18:652][  0]LogFileCache: Scanning file cache for directory 'F:/2019/CppCurrent/CombatCPP/Prototype_Combat/Content/Collections/' took 0.00s
[2019.05.12-18.04.18:652][  0]LogCollectionManager: Rebuilt the GUID cache for 0 collections in 0.000000 seconds
[2019.05.12-18.04.18:673][  0]LogContentBrowser: Native class hierarchy populated in 0.0192 seconds. Added 2661 classes and 624 folders.
[2019.05.12-18.04.18:692][  0]LogContentBrowser: Native class hierarchy updated for 'WidgetCarousel' in 0.0009 seconds. Added 0 classes and 0 folders.
[2019.05.12-18.04.18:707][  0]LogPakFile: Registered encryption key '00000000000000000000000000000000': 0 pak files mounted, 0 remain pending
[2019.05.12-18.04.18:714][  0]LogPakFile: Registered encryption key '00000000000000000000000000000000': 0 pak files mounted, 0 remain pending
[2019.05.12-18.04.18:720][  0]LogPakFile: Registered encryption key '00000000000000000000000000000000': 0 pak files mounted, 0 remain pending
[2019.05.12-18.04.18:727][  0]LogPakFile: Registered encryption key '00000000000000000000000000000000': 0 pak files mounted, 0 remain pending
[2019.05.12-18.04.18:734][  0]LogPakFile: Registered encryption key '00000000000000000000000000000000': 0 pak files mounted, 0 remain pending
[2019.05.12-18.04.18:740][  0]LogPakFile: Registered encryption key '00000000000000000000000000000000': 0 pak files mounted, 0 remain pending
[2019.05.12-18.04.18:745][  0]LogPakFile: Registered encryption key '00000000000000000000000000000000': 0 pak files mounted, 0 remain pending
[2019.05.12-18.04.18:751][  0]LogPakFile: Registered encryption key '00000000000000000000000000000000': 0 pak files mounted, 0 remain pending
[2019.05.12-18.04.18:756][  0]LogPakFile: Registered encryption key '00000000000000000000000000000000': 0 pak files mounted, 0 remain pending
[2019.05.12-18.04.18:762][  0]LogPakFile: Registered encryption key '00000000000000000000000000000000': 0 pak files mounted, 0 remain pending
[2019.05.12-18.04.18:767][  0]LogPakFile: Registered encryption key '00000000000000000000000000000000': 0 pak files mounted, 0 remain pending
[2019.05.12-18.04.18:771][  0]LogPakFile: Registered encryption key '00000000000000000000000000000000': 0 pak files mounted, 0 remain pending
[2019.05.12-18.04.18:776][  0]LogPakFile: Registered encryption key '00000000000000000000000000000000': 0 pak files mounted, 0 remain pending
[2019.05.12-18.04.18:781][  0]LogPakFile: Registered encryption key '00000000000000000000000000000000': 0 pak files mounted, 0 remain pending
[2019.05.12-18.04.18:786][  0]LogPakFile: Registered encryption key '00000000000000000000000000000000': 0 pak files mounted, 0 remain pending
[2019.05.12-18.04.18:791][  0]LogPakFile: Registered encryption key '00000000000000000000000000000000': 0 pak files mounted, 0 remain pending
[2019.05.12-18.04.18:796][  0]LogPakFile: Registered encryption key '00000000000000000000000000000000': 0 pak files mounted, 0 remain pending
[2019.05.12-18.04.18:801][  0]LogPakFile: Registered encryption key '00000000000000000000000000000000': 0 pak files mounted, 0 remain pending
[2019.05.12-18.04.18:806][  0]LogPakFile: Registered encryption key '00000000000000000000000000000000': 0 pak files mounted, 0 remain pending
[2019.05.12-18.04.18:811][  0]LogPakFile: Registered encryption key '00000000000000000000000000000000': 0 pak files mounted, 0 remain pending
[2019.05.12-18.04.18:815][  0]LogPakFile: Registered encryption key '00000000000000000000000000000000': 0 pak files mounted, 0 remain pending
[2019.05.12-18.04.18:820][  0]LogPakFile: Registered encryption key '00000000000000000000000000000000': 0 pak files mounted, 0 remain pending
[2019.05.12-18.04.18:826][  0]LogPakFile: Registered encryption key '00000000000000000000000000000000': 0 pak files mounted, 0 remain pending
[2019.05.12-18.04.18:831][  0]LogPakFile: Registered encryption key '00000000000000000000000000000000': 0 pak files mounted, 0 remain pending
[2019.05.12-18.04.18:838][  0]LogPakFile: Registered encryption key '00000000000000000000000000000000': 0 pak files mounted, 0 remain pending
[2019.05.12-18.04.18:845][  0]LogPakFile: Registered encryption key '00000000000000000000000000000000': 0 pak files mounted, 0 remain pending
[2019.05.12-18.04.19:180][  0]LogContentBrowser: Native class hierarchy updated for 'AddContentDialog' in 0.0009 seconds. Added 0 classes and 0 folders.
[2019.05.12-18.04.19:233][  0]LogContentBrowser: Native class hierarchy updated for 'SceneOutliner' in 0.0009 seconds. Added 1 classes and 2 folders.
[2019.05.12-18.04.19:286][  0]LogSlate: Took 0.004529 seconds to synchronously load lazily loaded font '../../../Engine/Content/Slate/Fonts/Roboto-Regular.ttf' (155K)
[2019.05.12-18.04.19:293][  0]LogSlate: Took 0.004281 seconds to synchronously load lazily loaded font '../../../Engine/Content/Slate/Fonts/Roboto-Bold.ttf' (160K)
[2019.05.12-18.04.19:308][  0]LogSlate: Took 0.005214 seconds to synchronously load lazily loaded font '../../../Engine/Content/Editor/Slate/Fonts/FontAwesome.ttf' (139K)
[2019.05.12-18.04.19:494][  0]LogRenderer: Reallocating scene render targets to support 2172x808 Format 10 NumSamples 1 (Frame:1).
[2019.05.12-18.04.19:710][  0]LogSlate: FSceneViewport::OnFocusLost() reason 2
[2019.05.12-18.04.19:747][  0]LogSlate: Window 'Tutorials' being destroyed
[2019.05.12-18.04.19:872][  0]LogContentBrowser: Native class hierarchy updated for 'HierarchicalLODOutliner' in 0.0009 seconds. Added 0 classes and 0 folders.
[2019.05.12-18.04.19:872][  0]LogLoad: (Engine Initialization) Total time: 46.85 seconds
[2019.05.12-18.04.19:872][  0]LogLoad: (Engine Initialization) Total Blueprint compile time: 0.00 seconds
[2019.05.12-18.04.20:073][  0]LogContentStreaming: Texture pool size now 1000 MB
[2019.05.12-18.04.20:488][  4]LogAssetRegistry: Asset discovery search completed in 26.4693 seconds
[2019.05.12-18.04.20:491][  4]LogCollectionManager: Rebuilt the object cache for 0 collections in 0.000001 seconds (found 0 objects)
[2019.05.12-18.04.20:491][  4]LogCollectionManager: Fixed up redirectors for 0 collections in 0.000087 seconds (updated 0 objects)
[2019.05.12-18.04.20:989][ 21]LogSlate: Took 0.004177 seconds to synchronously load lazily loaded font '../../../Engine/Content/Slate/Fonts/Roboto-Light.ttf' (167K)
[2019.05.12-18.25.54:603][458]LogSlate: FSceneViewport::OnFocusLost() reason 0
[2019.05.12-18.57.56:791][349]LogTemp: Repeating last play command: Selected Viewport
[2019.05.12-18.57.56:843][349]LogBlueprintUserMessages: Early PlayInEditor Detection: Level '/Game/FirstPersonCPP/Maps/FirstPersonExampleMap.FirstPersonExampleMap:PersistentLevel' has LevelScriptBlueprint '/Game/FirstPersonCPP/Maps/FirstPersonExampleMap.FirstPersonExampleMap:PersistentLevel.FirstPersonExampleMap' with GeneratedClass '/Game/FirstPersonCPP/Maps/FirstPersonExampleMap.FirstPersonExampleMap_C' with ClassGeneratedBy '/Game/FirstPersonCPP/Maps/FirstPersonExampleMap.FirstPersonExampleMap:PersistentLevel.FirstPersonExampleMap'
[2019.05.12-18.57.56:843][349]LogPlayLevel: PlayLevel: No blueprints needed recompiling
[2019.05.12-18.57.56:844][349]PIE: New page: PIE session: FirstPersonExampleMap (May 12, 2019, 10:57:56 AM)
[2019.05.12-18.57.56:857][349]LogPlayLevel: Creating play world package: /Game/FirstPersonCPP/Maps/UEDPIE_0_FirstPersonExampleMap
[2019.05.12-18.57.56:904][349]LogPlayLevel: PIE: StaticDuplicateObject took: (0.046299s)
[2019.05.12-18.57.56:905][349]LogAIModule: Creating AISystem for world FirstPersonExampleMap
[2019.05.12-18.57.56:906][349]LogPlayLevel: PIE: World Init took: (0.001178s)
[2019.05.12-18.57.56:906][349]LogPlayLevel: PIE: Created PIE world by copying editor world from /Game/FirstPersonCPP/Maps/FirstPersonExampleMap.FirstPersonExampleMap to /Game/FirstPersonCPP/Maps/UEDPIE_0_FirstPersonExampleMap.FirstPersonExampleMap (0.048308s)
[2019.05.12-18.57.57:025][349]LogInit: XAudio2 using 'Speakers (Realtek High Definition Audio)' : 2 channels at 48 kHz using 32 bits per sample (channel mask 0x3)
[2019.05.12-18.57.57:052][349]LogInit: FAudioDevice initialized.
[2019.05.12-18.57.57:102][349]LogLoad: Game class is 'FP_FirstPersonGameMode'
[2019.05.12-18.57.57:107][349]LogWorld: Bringing World /Game/FirstPersonCPP/Maps/UEDPIE_0_FirstPersonExampleMap.FirstPersonExampleMap up for play (max tick rate 0) at 2019.05.12-14.57.57
[2019.05.12-18.57.57:110][349]LogWorld: Bringing up level for play took: 0.006124
[2019.05.12-18.57.57:182][349]LogContentBrowser: Native class hierarchy updated for 'MovieSceneCapture' in 0.0039 seconds. Added 20 classes and 0 folders.
[2019.05.12-18.57.57:185][349]PIE: Play in editor start time for /Game/FirstPersonCPP/Maps/UEDPIE_0_FirstPersonExampleMap -0.586
[2019.05.12-18.57.57:185][349]LogBlueprintUserMessages: Late PlayInEditor Detection: Level '/Game/FirstPersonCPP/Maps/FirstPersonExampleMap.FirstPersonExampleMap:PersistentLevel' has LevelScriptBlueprint '/Game/FirstPersonCPP/Maps/FirstPersonExampleMap.FirstPersonExampleMap:PersistentLevel.FirstPersonExampleMap' with GeneratedClass '/Game/FirstPersonCPP/Maps/FirstPersonExampleMap.FirstPersonExampleMap_C' with ClassGeneratedBy '/Game/FirstPersonCPP/Maps/FirstPersonExampleMap.FirstPersonExampleMap:PersistentLevel.FirstPersonExampleMap'
[2019.05.12-18.58.14:049][354]LogBlueprintUserMessages: Early EndPlayMap Detection: Level '/Game/FirstPersonCPP/Maps/FirstPersonExampleMap.FirstPersonExampleMap:PersistentLevel' has LevelScriptBlueprint '/Game/FirstPersonCPP/Maps/FirstPersonExampleMap.FirstPersonExampleMap:PersistentLevel.FirstPersonExampleMap' with GeneratedClass '/Game/FirstPersonCPP/Maps/FirstPersonExampleMap.FirstPersonExampleMap_C' with ClassGeneratedBy '/Game/FirstPersonCPP/Maps/FirstPersonExampleMap.FirstPersonExampleMap:PersistentLevel.FirstPersonExampleMap'
[2019.05.12-18.58.14:049][354]LogSlate: Updating window title bar state: overlay mode, drag disabled, window buttons hidden, title bar hidden
[2019.05.12-18.58.14:085][354]LogPlayLevel: Display: Shutting down PIE online subsystems
[2019.05.12-18.58.14:086][354]LogBlueprintUserMessages: Late EndPlayMap Detection: Level '/Game/FirstPersonCPP/Maps/FirstPersonExampleMap.FirstPersonExampleMap:PersistentLevel' has LevelScriptBlueprint '/Game/FirstPersonCPP/Maps/FirstPersonExampleMap.FirstPersonExampleMap:PersistentLevel.FirstPersonExampleMap' with GeneratedClass '/Game/FirstPersonCPP/Maps/FirstPersonExampleMap.FirstPersonExampleMap_C' with ClassGeneratedBy '/Game/FirstPersonCPP/Maps/FirstPersonExampleMap.FirstPersonExampleMap:PersistentLevel.FirstPersonExampleMap'
[2019.05.12-18.58.14:167][354]LogSlate: Updating window title bar state: overlay mode, drag disabled, window buttons hidden, title bar hidden
[2019.05.12-18.58.14:215][355]LogPlayLevel: Display: Destroying online subsystem :Context_6
[2019.05.12-19.19.21:324][727]LogSlate: FSceneViewport::OnFocusLost() reason 0
[2019.05.12-19.22.00:575][800]LogSlate: FSceneViewport::OnFocusLost() reason 0
[2019.05.12-19.23.45:814][420]LogSlate: Window 'Prototype_Combat - Unreal Editor' being destroyed
[2019.05.12-19.23.46:061][421]Cmd: QUIT_EDITOR
[2019.05.12-19.23.46:156][421]LogWindowsTextInputMethodSystem: Display: IME system now deactivated.
[2019.05.12-19.23.46:179][421]LogExit: Preparing to exit.
[2019.05.12-19.23.47:150][421]LogExit: Editor shut down
[2019.05.12-19.23.47:151][421]LogExit: Transaction tracking system shut down
[2019.05.12-19.23.47:408][421]LogExit: Object subsystem successfully closed.
[2019.05.12-19.23.47:457][421]LogShaderCompilers: Display: Shaders left to compile 0
[2019.05.12-19.23.47:462][421]LogD3D11RHI: Shutdown
[2019.05.12-19.23.47:462][421]LogD3D11RHI: CleanupD3DDevice
[2019.05.12-19.23.47:464][421]LogD3D11RHI: ~FD3D11DynamicRHI
[2019.05.12-19.23.47:485][421]LogModuleManager: Shutting down and abandoning module MovieSceneCapture (628)
[2019.05.12-19.23.47:485][421]LogModuleManager: Shutting down and abandoning module Voice (626)
[2019.05.12-19.23.47:485][421]LogModuleManager: Shutting down and abandoning module HierarchicalLODOutliner (624)
[2019.05.12-19.23.47:485][421]LogModuleManager: Shutting down and abandoning module SceneOutliner (622)
[2019.05.12-19.23.47:485][421]LogModuleManager: Shutting down and abandoning module AddContentDialog (620)
[2019.05.12-19.23.47:487][421]LogModuleManager: Shutting down and abandoning module WidgetCarousel (619)
[2019.05.12-19.23.47:487][421]LogModuleManager: Shutting down and abandoning module EditorWidgets (616)
[2019.05.12-19.23.47:487][421]LogModuleManager: Shutting down and abandoning module CollectionManager (614)
[2019.05.12-19.23.47:487][421]LogModuleManager: Shutting down and abandoning module StatsViewer (612)
[2019.05.12-19.23.47:488][421]LogModuleManager: Shutting down and abandoning module FoliageEdit (610)
[2019.05.12-19.23.47:488][421]LogModuleManager: Shutting down and abandoning module LandscapeEditor (608)
[2019.05.12-19.23.47:488][421]LogModuleManager: Shutting down and abandoning module MeshPaintMode (606)
[2019.05.12-19.23.47:488][421]LogModuleManager: Shutting down and abandoning module SceneDepthPickerMode (604)
[2019.05.12-19.23.47:488][421]LogModuleManager: Shutting down and abandoning module ActorPickerMode (602)
[2019.05.12-19.23.47:488][421]LogModuleManager: Shutting down and abandoning module GeometryMode (600)
[2019.05.12-19.23.47:488][421]LogModuleManager: Shutting down and abandoning module TextureAlignMode (598)
[2019.05.12-19.23.47:488][421]LogModuleManager: Shutting down and abandoning module BspMode (596)
[2019.05.12-19.23.47:488][421]LogModuleManager: Shutting down and abandoning module PIEPreviewDeviceProfileSelector (594)
[2019.05.12-19.23.47:488][421]LogModuleManager: Shutting down and abandoning module SequenceRecorderSections (592)
[2019.05.12-19.23.47:488][421]LogModuleManager: Shutting down and abandoning module AutomationWorker (590)
[2019.05.12-19.23.47:488][421]LogModuleManager: Shutting down and abandoning module AudioCaptureEditor (588)
[2019.05.12-19.23.47:488][421]LogModuleManager: Shutting down and abandoning module MatineeToLevelSequence (586)
[2019.05.12-19.23.47:488][421]LogModuleManager: Shutting down and abandoning module LevelSequenceEditor (584)
[2019.05.12-19.23.47:488][421]LogModuleManager: Shutting down and abandoning module PlacementMode (583)
[2019.05.12-19.23.47:488][421]LogModuleManager: Shutting down and abandoning module MaterialEditor (582)
[2019.05.12-19.23.47:488][421]LogModuleManager: Shutting down and abandoning module WmfMediaFactory (578)
[2019.05.12-19.23.47:488][421]LogModuleManager: Shutting down and abandoning module WmfMediaEditor (576)
[2019.05.12-19.23.47:488][421]LogModuleManager: Shutting down and abandoning module WebMMediaFactory (574)
[2019.05.12-19.23.47:488][421]LogModuleManager: Shutting down and abandoning module WebMMediaEditor (572)
[2019.05.12-19.23.47:488][421]LogModuleManager: Shutting down and abandoning module WebMMedia (570)
[2019.05.12-19.23.47:488][421]LogModuleManager: Shutting down and abandoning module MediaPlayerEditor (568)
[2019.05.12-19.23.47:488][421]LogModuleManager: Shutting down and abandoning module MediaCompositingEditor (566)
[2019.05.12-19.23.47:489][421]LogModuleManager: Shutting down and abandoning module SequenceRecorder (565)
[2019.05.12-19.23.47:489][421]LogModuleManager: Shutting down and abandoning module OpenExrWrapper (562)
[2019.05.12-19.23.47:489][421]LogModuleManager: Shutting down and abandoning module ImgMediaFactory (560)
[2019.05.12-19.23.47:489][421]LogModuleManager: Shutting down and abandoning module ImgMediaEditor (558)
[2019.05.12-19.23.47:489][421]LogModuleManager: Shutting down and abandoning module AvfMediaFactory (556)
[2019.05.12-19.23.47:489][421]LogModuleManager: Shutting down and abandoning module AvfMediaEditor (554)
[2019.05.12-19.23.47:489][421]LogModuleManager: Shutting down and abandoning module AndroidMediaFactory (552)
[2019.05.12-19.23.47:489][421]LogModuleManager: Shutting down and abandoning module AndroidMediaEditor (550)
[2019.05.12-19.23.47:489][421]LogModuleManager: Shutting down and abandoning module MagicLeapCameraPreviewFactory (548)
[2019.05.12-19.23.47:489][421]LogModuleManager: Shutting down and abandoning module MagicLeapMediaFactory (546)
[2019.05.12-19.23.47:489][421]LogModuleManager: Shutting down and abandoning module MagicLeapMediaEditor (544)
[2019.05.12-19.23.47:489][421]LogModuleManager: Shutting down and abandoning module CharacterAI (542)
[2019.05.12-19.23.47:489][421]LogModuleManager: Shutting down and abandoning module SmartSnapping (540)
[2019.05.12-19.23.47:489][421]LogModuleManager: Shutting down and abandoning module SessionServices (538)
[2019.05.12-19.23.47:489][421]LogModuleManager: Shutting down and abandoning module ViewportSnapping (536)
[2019.05.12-19.23.47:489][421]LogModuleManager: Shutting down and abandoning module ViewportInteraction (534)
[2019.05.12-19.23.47:489][421]LogModuleManager: Shutting down and abandoning module ClothPainter (532)
[2019.05.12-19.23.47:489][421]LogModuleManager: Shutting down and abandoning module SkeletalMeshEditor (531)
[2019.05.12-19.23.47:489][421]LogModuleManager: Shutting down and abandoning module LogVisualizer (528)
[2019.05.12-19.23.47:489][421]LogModuleManager: Shutting down and abandoning module IntroTutorials (526)
[2019.05.12-19.23.47:489][421]LogModuleManager: Shutting down and abandoning module GameProjectGeneration (525)
[2019.05.12-19.23.47:489][421]LogModuleManager: Shutting down and abandoning module LuminPlatformEditor (522)
[2019.05.12-19.23.47:489][421]LogModuleManager: Shutting down and abandoning module IOSPlatformEditor (520)
[2019.05.12-19.23.47:489][421]LogModuleManager: Shutting down and abandoning module HTML5PlatformEditor (518)
[2019.05.12-19.23.47:489][421]LogModuleManager: Shutting down and abandoning module AndroidPlatformEditor (516)
[2019.05.12-19.23.47:489][421]LogModuleManager: Shutting down and abandoning module AndroidDeviceDetection (515)
[2019.05.12-19.23.47:870][421]LogModuleManager: Shutting down and abandoning module WindowsPlatformEditor (512)
[2019.05.12-19.23.47:870][421]LogModuleManager: Shutting down and abandoning module LuminRuntimeSettings (510)
[2019.05.12-19.23.47:870][421]LogModuleManager: Shutting down and abandoning module IOSRuntimeSettings (508)
[2019.05.12-19.23.47:870][421]LogModuleManager: Shutting down and abandoning module AndroidRuntimeSettings (506)
[2019.05.12-19.23.47:870][421]LogModuleManager: Shutting down and abandoning module TimeManagementEditor (504)
[2019.05.12-19.23.47:870][421]LogModuleManager: Shutting down and abandoning module InputBindingEditor (502)
[2019.05.12-19.23.47:870][421]LogModuleManager: Shutting down and abandoning module MergeActors (500)
[2019.05.12-19.23.47:870][421]LogModuleManager: Shutting down and abandoning module LocalizationDashboard (498)
[2019.05.12-19.23.47:870][421]LogModuleManager: Shutting down and abandoning module LocalizationService (497)
[2019.05.12-19.23.47:870][421]LogModuleManager: Shutting down and abandoning module HardwareTargeting (494)
[2019.05.12-19.23.47:870][421]LogModuleManager: Shutting down and abandoning module DeviceProfileEditor (492)
[2019.05.12-19.23.47:870][421]LogModuleManager: Shutting down and abandoning module UndoHistory (490)
[2019.05.12-19.23.47:870][421]LogModuleManager: Shutting down and abandoning module XmlParser (488)
[2019.05.12-19.23.47:870][421]LogModuleManager: Shutting down and abandoning module Blutility (486)
[2019.05.12-19.23.47:870][421]LogModuleManager: Shutting down and abandoning module ProjectSettingsViewer (484)
[2019.05.12-19.23.47:870][421]LogModuleManager: Shutting down and abandoning module ProjectTargetPlatformEditor (483)
[2019.05.12-19.23.47:870][421]LogModuleManager: Shutting down and abandoning module EditorSettingsViewer (480)
[2019.05.12-19.23.47:871][421]LogModuleManager: Shutting down and abandoning module SettingsEditor (478)
[2019.05.12-19.23.47:871][421]LogModuleManager: Shutting down and abandoning module ProjectLauncher (476)
[2019.05.12-19.23.47:871][421]LogModuleManager: Shutting down and abandoning module SessionFrontend (474)
[2019.05.12-19.23.47:871][421]LogModuleManager: Shutting down and abandoning module ProfilerClient (472)
[2019.05.12-19.23.47:871][421]LogModuleManager: Shutting down and abandoning module DeviceManager (470)
[2019.05.12-19.23.47:871][421]LogModuleManager: Shutting down and abandoning module TargetDeviceServices (469)
[2019.05.12-19.23.47:937][421]LogModuleManager: Shutting down and abandoning module AutomationController (466)
[2019.05.12-19.23.47:937][421]LogModuleManager: Shutting down and abandoning module AutomationWindow (464)
[2019.05.12-19.23.47:937][421]LogModuleManager: Shutting down and abandoning module Layers (462)
[2019.05.12-19.23.47:937][421]LogModuleManager: Shutting down and abandoning module ComponentVisualizers (460)
[2019.05.12-19.23.47:937][421]LogModuleManager: Shutting down and abandoning module DetailCustomizations (458)
[2019.05.12-19.23.47:937][421]LogModuleManager: Shutting down and abandoning module PackagesDialog (456)
[2019.05.12-19.23.47:937][421]LogModuleManager: Shutting down and abandoning module Persona (454)
[2019.05.12-19.23.47:937][421]LogModuleManager: Shutting down and abandoning module AdvancedPreviewScene (453)
[2019.05.12-19.23.47:937][421]LogModuleManager: Shutting down and abandoning module AnimGraph (451)
[2019.05.12-19.23.47:937][421]LogModuleManager: Shutting down and abandoning module Kismet (448)
[2019.05.12-19.23.47:938][421]LogModuleManager: Shutting down and abandoning module GraphEditor (446)
[2019.05.12-19.23.47:938][421]LogModuleManager: Shutting down and abandoning module ClassViewer (444)
[2019.05.12-19.23.47:938][421]LogModuleManager: Shutting down and abandoning module Toolbox (442)
[2019.05.12-19.23.47:938][421]LogModuleManager: Shutting down and abandoning module DesktopPlatform (441)
[2019.05.12-19.23.47:938][421]LogModuleManager: Shutting down and abandoning module ModuleUI (438)
[2019.05.12-19.23.47:938][421]LogModuleManager: Shutting down and abandoning module MovieSceneTools (436)
[2019.05.12-19.23.47:938][421]LogModuleManager: Shutting down and abandoning module OutputLog (434)
[2019.05.12-19.23.47:938][421]LogModuleManager: Shutting down and abandoning module GammaUI (432)
[2019.05.12-19.23.47:938][421]LogModuleManager: Shutting down and abandoning module Documentation (430)
[2019.05.12-19.23.47:938][421]LogModuleManager: Shutting down and abandoning module MovieSceneTracks (428)
[2019.05.12-19.23.47:938][421]LogModuleManager: Shutting down and abandoning module MovieScene (426)
[2019.05.12-19.23.47:938][421]LogModuleManager: Shutting down and abandoning module StreamingPauseRendering (424)
[2019.05.12-19.23.47:938][421]LogModuleManager: Shutting down and abandoning module LauncherPlatform (422)
[2019.05.12-19.23.47:938][421]LogModuleManager: Shutting down and abandoning module AnalyticsET (420)
[2019.05.12-19.23.47:938][421]LogModuleManager: Shutting down and abandoning module PortalServices (418)
[2019.05.12-19.23.47:938][421]LogModuleManager: Shutting down and abandoning module PortalRpc (416)
[2019.05.12-19.23.47:938][421]LogModuleManager: Shutting down and abandoning module MessagingRpc (414)
[2019.05.12-19.23.47:938][421]LogModuleManager: Shutting down and abandoning module AIModule (412)
[2019.05.12-19.23.47:938][421]LogModuleManager: Shutting down and abandoning module GameplayDebugger (411)
[2019.05.12-19.23.47:938][421]LogModuleManager: Shutting down and abandoning module AITestSuite (409)
[2019.05.12-19.23.47:938][421]LogModuleManager: Shutting down and abandoning module NavigationSystem (407)
[2019.05.12-19.23.47:938][421]LogModuleManager: Shutting down and abandoning module ImageWriteQueue (404)
[2019.05.12-19.23.47:943][421]LogModuleManager: Shutting down and abandoning module ProfilerService (402)
[2019.05.12-19.23.47:976][421]LogModuleManager: Shutting down and abandoning module TaskGraph (400)
[2019.05.12-19.23.47:976][421]LogModuleManager: Shutting down and abandoning module SteamVRController (398)
[2019.05.12-19.23.47:976][421]LogModuleManager: Shutting down and abandoning module ProceduralMeshComponentEditor (396)
[2019.05.12-19.23.47:976][421]LogModuleManager: Shutting down and abandoning module ProceduralMeshComponent (394)
[2019.05.12-19.23.47:976][421]LogModuleManager: Shutting down and abandoning module OculusInput (392)
[2019.05.12-19.23.47:976][421]LogModuleManager: Shutting down and abandoning module MobilePatchingUtils (390)
[2019.05.12-19.23.47:976][421]LogModuleManager: Shutting down and abandoning module EditableMesh (388)
[2019.05.12-19.23.47:976][421]LogModuleManager: Shutting down and abandoning module CustomMeshComponent (386)
[2019.05.12-19.23.47:976][421]LogModuleManager: Shutting down and abandoning module CableComponent (384)
[2019.05.12-19.23.47:976][421]LogModuleManager: Shutting down and abandoning module AudioCapture (382)
[2019.05.12-19.23.47:977][421]LogModuleManager: Shutting down and abandoning module ArchVisCharacter (380)
[2019.05.12-19.23.47:977][421]LogModuleManager: Shutting down and abandoning module AndroidPermission (378)
[2019.05.12-19.23.47:977][421]LogModuleManager: Shutting down and abandoning module NUTUnrealEngine4 (376)
[2019.05.12-19.23.47:977][421]LogModuleManager: Shutting down and abandoning module NetcodeUnitTest (374)
[2019.05.12-19.23.47:977][421]LogModuleManager: Shutting down and abandoning module MediaCompositing (372)
[2019.05.12-19.23.47:977][421]LogModuleManager: Shutting down and abandoning module LinearTimecode (370)
[2019.05.12-19.23.47:977][421]LogModuleManager: Shutting down and abandoning module ImgMedia (368)
[2019.05.12-19.23.47:981][421]LogModuleManager: Shutting down and abandoning module HTML5Networking (366)
[2019.05.12-19.23.47:981][421]LogModuleManager: Shutting down and abandoning module GeometryCacheTracks (364)
[2019.05.12-19.23.47:981][421]LogModuleManager: Shutting down and abandoning module GeometryCacheSequencer (362)
[2019.05.12-19.23.47:981][421]LogModuleManager: Shutting down and abandoning module BackChannel (360)
[2019.05.12-19.23.47:981][421]LogModuleManager: Shutting down and abandoning module AppleVision (358)
[2019.05.12-19.23.47:981][421]LogModuleManager: Shutting down and abandoning module AppleImageUtilsBlueprintSupport (356)
[2019.05.12-19.23.47:981][421]LogModuleManager: Shutting down and abandoning module AppleImageUtils (354)
[2019.05.12-19.23.47:981][421]LogModuleManager: Shutting down and abandoning module AlembicImporter (352)
[2019.05.12-19.23.47:981][421]LogModuleManager: Shutting down and abandoning module AlembicLibrary (351)
[2019.05.12-19.23.47:981][421]LogModuleManager: Shutting down and abandoning module GeometryCache (350)
[2019.05.12-19.23.47:981][421]LogModuleManager: Shutting down and abandoning module GeometryCacheEd (349)
[2019.05.12-19.23.47:981][421]LogModuleManager: Shutting down and abandoning module VariantManagerContent (344)
[2019.05.12-19.23.47:982][421]LogModuleManager: Shutting down and abandoning module DatasmithContentEditor (342)
[2019.05.12-19.23.47:982][421]LogModuleManager: Shutting down and abandoning module SpeedTreeImporter (340)
[2019.05.12-19.23.47:982][421]LogModuleManager: Shutting down and abandoning module PluginBrowser (338)
[2019.05.12-19.23.47:982][421]LogModuleManager: Shutting down and abandoning module MobileLauncherProfileWizard (336)
[2019.05.12-19.23.47:982][421]LogModuleManager: Shutting down and abandoning module PolygonModeling (334)
[2019.05.12-19.23.47:982][421]LogModuleManager: Shutting down and abandoning module MeshEditor (332)
[2019.05.12-19.23.47:982][421]LogModuleManager: Shutting down and abandoning module CryptoKeysOpenSSL (330)
[2019.05.12-19.23.47:982][421]LogModuleManager: Shutting down and abandoning module CryptoKeys (328)
[2019.05.12-19.23.47:982][421]LogModuleManager: Shutting down and abandoning module VisualStudioSourceCodeAccess (326)
[2019.05.12-19.23.47:982][421]LogModuleManager: Shutting down and abandoning module VisualStudioCodeSourceCodeAccess (324)
[2019.05.12-19.23.47:982][421]LogModuleManager: Shutting down and abandoning module UObjectPlugin (322)
[2019.05.12-19.23.47:982][421]LogModuleManager: Shutting down and abandoning module SubversionSourceControl (320)
[2019.05.12-19.23.47:982][421]LogModuleManager: Shutting down and abandoning module PerforceSourceControl (318)
[2019.05.12-19.23.47:982][421]LogModuleManager: Shutting down and abandoning module GitSourceControl (316)
[2019.05.12-19.23.47:982][421]LogModuleManager: Shutting down and abandoning module SourceControl (315)
[2019.05.12-19.23.47:982][421]LogModuleManager: Shutting down and abandoning module CLionSourceCodeAccess (312)
[2019.05.12-19.23.47:982][421]LogModuleManager: Shutting down and abandoning module ActorLayerUtilitiesEditor (310)
[2019.05.12-19.23.47:982][421]LogModuleManager: Shutting down and abandoning module ActorLayerUtilities (308)
[2019.05.12-19.23.47:982][421]LogModuleManager: Shutting down and abandoning module LightPropagationVolumeEditor (306)
[2019.05.12-19.23.47:982][421]LogModuleManager: Shutting down and abandoning module PaperTiledImporter (304)
[2019.05.12-19.23.47:982][421]LogModuleManager: Shutting down and abandoning module PaperSpriteSheetImporter (302)
[2019.05.12-19.23.47:982][421]LogModuleManager: Shutting down and abandoning module Paper2DEditor (300)
[2019.05.12-19.23.47:982][421]LogModuleManager: Shutting down and abandoning module MeshPaint (299)
[2019.05.12-19.23.47:983][421]LogModuleManager: Shutting down and abandoning module Prototype_Combat (296)
[2019.05.12-19.23.47:983][421]LogModuleManager: Shutting down and abandoning module RuntimePhysXCooking (294)
[2019.05.12-19.23.47:983][421]LogModuleManager: Shutting down and abandoning module PhysXVehiclesEditor (292)
[2019.05.12-19.23.47:983][421]LogModuleManager: Shutting down and abandoning module PhysXVehicles (290)
[2019.05.12-19.23.47:983][421]LogModuleManager: Shutting down and abandoning module OculusEditor (288)
[2019.05.12-19.23.47:983][421]LogModuleManager: Shutting down and abandoning module LocationServicesBPLibrary (286)
[2019.05.12-19.23.47:983][421]LogModuleManager: Shutting down and abandoning module ActorSequence (284)
[2019.05.12-19.23.47:983][421]LogModuleManager: Shutting down and abandoning module UdpMessaging (282)
[2019.05.12-19.23.48:084][421]LogModuleManager: Shutting down and abandoning module TcpMessaging (280)
[2019.05.12-19.23.48:185][421]LogModuleManager: Shutting down and abandoning module MagicLeapAudio (278)
[2019.05.12-19.23.48:185][421]LogModuleManager: Shutting down and abandoning module GameplayTagsEditor (276)
[2019.05.12-19.23.48:185][421]LogModuleManager: Shutting down and abandoning module FacialAnimationEditor (274)
[2019.05.12-19.23.48:185][421]LogModuleManager: Shutting down and abandoning module FacialAnimation (272)
[2019.05.12-19.23.48:185][421]LogModuleManager: Shutting down and abandoning module DataValidation (270)
[2019.05.12-19.23.48:185][421]LogModuleManager: Shutting down and abandoning module AssetManagerEditor (268)
[2019.05.12-19.23.48:185][421]LogModuleManager: Shutting down and abandoning module LevelEditor (267)
[2019.05.12-19.23.48:186][421]LogModuleManager: Shutting down and abandoning module PixelInspectorModule (266)
[2019.05.12-19.23.48:186][421]LogModuleManager: Shutting down and abandoning module CommonMenuExtensions (264)
[2019.05.12-19.23.48:186][421]LogModuleManager: Shutting down and abandoning module MainFrame (262)
[2019.05.12-19.23.48:186][421]LogModuleManager: Shutting down and abandoning module HotReload (261)
[2019.05.12-19.23.48:188][421]LogModuleManager: Shutting down and abandoning module ContentBrowser (257)
[2019.05.12-19.23.48:189][421]LogModuleManager: Shutting down and abandoning module TreeMap (255)
[2019.05.12-19.23.48:189][421]LogModuleManager: Shutting down and abandoning module LightPropagationVolumeRuntime (252)
[2019.05.12-19.23.48:189][421]LogModuleManager: Shutting down and abandoning module AISupportModule (250)
[2019.05.12-19.23.48:189][421]LogModuleManager: Shutting down and abandoning module Paper2D (248)
[2019.05.12-19.23.48:189][421]LogModuleManager: Shutting down and abandoning module WindowsMoviePlayer (246)
[2019.05.12-19.23.48:189][421]LogModuleManager: Shutting down and abandoning module WebMMoviePlayer (244)
[2019.05.12-19.23.48:189][421]LogModuleManager: Shutting down and abandoning module WmfMedia (242)
[2019.05.12-19.23.48:191][421]LogModuleManager: Shutting down and abandoning module Media (241)
[2019.05.12-19.23.48:198][421]LogModuleManager: Shutting down and abandoning module PacketHandler (238)
[2019.05.12-19.23.48:198][421]LogModuleManager: Shutting down and abandoning module ClothingSystemEditor (236)
[2019.05.12-19.23.48:198][421]LogModuleManager: Shutting down and abandoning module ClothingSystemRuntime (234)
[2019.05.12-19.23.48:198][421]LogModuleManager: Shutting down and abandoning module MediaAssets (232)
[2019.05.12-19.23.48:198][421]LogModuleManager: Shutting down and abandoning module Overlay (230)
[2019.05.12-19.23.48:198][421]LogModuleManager: Shutting down and abandoning module OverlayEditor (229)
[2019.05.12-19.23.48:198][421]LogModuleManager: Shutting down and abandoning module VREditor (226)
[2019.05.12-19.23.48:198][421]LogModuleManager: Shutting down and abandoning module StringTableEditor (224)
[2019.05.12-19.23.48:199][421]LogModuleManager: Shutting down and abandoning module GameplayTasksEditor (222)
[2019.05.12-19.23.48:199][421]LogModuleManager: Shutting down and abandoning module BehaviorTreeEditor (220)
[2019.05.12-19.23.48:199][421]LogModuleManager: Shutting down and abandoning module FunctionalTesting (218)
[2019.05.12-19.23.48:199][421]LogModuleManager: Shutting down and abandoning module CollisionAnalyzer (216)
[2019.05.12-19.23.48:199][421]LogModuleManager: Shutting down and abandoning module WorkspaceMenuStructure (215)
[2019.05.12-19.23.48:199][421]LogModuleManager: Shutting down and abandoning module UMG (212)
[2019.05.12-19.23.48:199][421]LogModuleManager: Shutting down and abandoning module UMGEditor (211)
[2019.05.12-19.23.48:199][421]LogModuleManager: Shutting down and abandoning module Sequencer (210)
[2019.05.12-19.23.48:199][421]LogModuleManager: Shutting down and abandoning module MessageLog (207)
[2019.05.12-19.23.48:199][421]LogModuleManager: Shutting down and abandoning module SlateReflector (202)
[2019.05.12-19.23.48:199][421]LogModuleManager: Shutting down and abandoning module Slate (200)
[2019.05.12-19.23.48:199][421]LogModuleManager: Shutting down and abandoning module EditorStyle (198)
[2019.05.12-19.23.48:201][421]LogModuleManager: Shutting down and abandoning module MRMesh (196)
[2019.05.12-19.23.48:201][421]LogModuleManager: Shutting down and abandoning module SourceCodeAccess (194)
[2019.05.12-19.23.48:201][421]LogModuleManager: Shutting down and abandoning module HeadMountedDisplay (192)
[2019.05.12-19.23.48:201][421]LogModuleManager: Shutting down and abandoning module XAudio2 (190)
[2019.05.12-19.23.48:201][421]LogModuleManager: Shutting down and abandoning module Networking (188)
[2019.05.12-19.23.48:201][421]LogModuleManager: Shutting down and abandoning module Core (186)
[2019.05.12-19.23.48:201][421]LogModuleManager: Shutting down and abandoning module LevelSequence (184)
[2019.05.12-19.23.48:201][421]LogModuleManager: Shutting down and abandoning module KismetCompiler (182)
[2019.05.12-19.23.48:201][421]LogModuleManager: Shutting down and abandoning module MeshUtilities (180)
[2019.05.12-19.23.48:201][421]LogModuleManager: Shutting down and abandoning module MeshMergeUtilities (179)
[2019.05.12-19.23.48:201][421]LogModuleManager: Shutting down and abandoning module MeshReductionInterface (178)
[2019.05.12-19.23.48:201][421]LogModuleManager: Shutting down and abandoning module SimplygonSwarm (177)
[2019.05.12-19.23.48:201][421]LogModuleManager: Shutting down and abandoning module ProxyLODMeshReduction (175)
[2019.05.12-19.23.48:201][421]LogModuleManager: Shutting down and abandoning module SimplygonMeshReduction (173)
[2019.05.12-19.23.48:201][421]LogModuleManager: Shutting down and abandoning module QuadricMeshReduction (171)
[2019.05.12-19.23.48:201][421]LogModuleManager: Shutting down and abandoning module MaterialBaking (167)
[2019.05.12-19.23.48:202][421]LogModuleManager: Shutting down and abandoning module DirectoryWatcher (163)
[2019.05.12-19.23.48:202][421]LogModuleManager: Shutting down and abandoning module DerivedDataCache (160)
[2019.05.12-19.23.48:209][421]LogDerivedDataCache: Shutdown
[2019.05.12-19.23.48:209][421]LogModuleManager: Shutting down and abandoning module XGEController (158)
[2019.05.12-19.23.48:209][421]LogXGEController: Cleaning working directory: C:/Users/ssanic20/AppData/Local/Temp/UnrealXGEWorkingDir/
[2019.05.12-19.23.48:210][421]LogModuleManager: Shutting down and abandoning module TargetPlatform (156)
[2019.05.12-19.23.48:210][421]LogModuleManager: Shutting down and abandoning module VulkanShaderFormat (155)
[2019.05.12-19.23.48:210][421]LogModuleManager: Shutting down and abandoning module ShaderFormatVectorVM (153)
[2019.05.12-19.23.48:210][421]LogModuleManager: Shutting down and abandoning module ShaderFormatOpenGL (151)
[2019.05.12-19.23.48:210][421]LogModuleManager: Shutting down and abandoning module ShaderFormatD3D (149)
[2019.05.12-19.23.48:210][421]LogModuleManager: Shutting down and abandoning module MetalShaderFormat (147)
[2019.05.12-19.23.48:210][421]LogModuleManager: Shutting down and abandoning module TextureFormatUncompressed (145)
[2019.05.12-19.23.48:210][421]LogModuleManager: Shutting down and abandoning module TextureFormatPVR (143)
[2019.05.12-19.23.48:210][421]LogModuleManager: Shutting down and abandoning module TextureFormatDXT (141)
[2019.05.12-19.23.48:210][421]LogModuleManager: Shutting down and abandoning module TextureFormatIntelISPCTexComp (139)
[2019.05.12-19.23.48:210][421]LogModuleManager: Shutting down and abandoning module TextureFormatASTC (137)
[2019.05.12-19.23.48:210][421]LogModuleManager: Shutting down and abandoning module ImageWrapper (136)
[2019.05.12-19.23.48:210][421]LogModuleManager: Shutting down and abandoning module TextureFormatAndroid (133)
[2019.05.12-19.23.48:210][421]LogModuleManager: Shutting down and abandoning module AudioFormatOpus (131)
[2019.05.12-19.23.48:210][421]LogModuleManager: Shutting down and abandoning module AudioFormatOgg (129)
[2019.05.12-19.23.48:210][421]LogModuleManager: Shutting down and abandoning module AudioFormatADPCM (127)
[2019.05.12-19.23.48:210][421]LogModuleManager: Shutting down and abandoning module LuminTargetPlatform (125)
[2019.05.12-19.23.48:211][421]LogModuleManager: Shutting down and abandoning module LinuxTargetPlatform (123)
[2019.05.12-19.23.48:211][421]LogModuleManager: Shutting down and abandoning module LinuxServerTargetPlatform (121)
[2019.05.12-19.23.48:211][421]LogModuleManager: Shutting down and abandoning module LinuxNoEditorTargetPlatform (119)
[2019.05.12-19.23.48:211][421]LogModuleManager: Shutting down and abandoning module LinuxClientTargetPlatform (117)
[2019.05.12-19.23.48:211][421]LogModuleManager: Shutting down and abandoning module TVOSTargetPlatform (115)
[2019.05.12-19.23.48:213][421]LogModuleManager: Shutting down and abandoning module Messaging (113)
[2019.05.12-19.23.48:213][421]LogModuleManager: Shutting down and abandoning module IOSTargetPlatform (111)
[2019.05.12-19.23.48:214][421]LogModuleManager: Shutting down and abandoning module HTML5TargetPlatform (109)
[2019.05.12-19.23.48:214][421]LogModuleManager: Shutting down and abandoning module AndroidTargetPlatform (107)
[2019.05.12-19.23.48:228][421]LogModuleManager: Shutting down and abandoning module WindowsTargetPlatform (105)
[2019.05.12-19.23.48:228][421]LogModuleManager: Shutting down and abandoning module WindowsServerTargetPlatform (103)
[2019.05.12-19.23.48:228][421]LogModuleManager: Shutting down and abandoning module WindowsNoEditorTargetPlatform (101)
[2019.05.12-19.23.48:228][421]LogModuleManager: Shutting down and abandoning module WindowsClientTargetPlatform (99)
[2019.05.12-19.23.48:228][421]LogModuleManager: Shutting down and abandoning module MacTargetPlatform (97)
[2019.05.12-19.23.48:228][421]LogModuleManager: Shutting down and abandoning module MacServerTargetPlatform (95)
[2019.05.12-19.23.48:228][421]LogModuleManager: Shutting down and abandoning module MacNoEditorTargetPlatform (93)
[2019.05.12-19.23.48:228][421]LogModuleManager: Shutting down and abandoning module MacClientTargetPlatform (91)
[2019.05.12-19.23.48:228][421]LogModuleManager: Shutting down and abandoning module AllDesktopTargetPlatform (89)
[2019.05.12-19.23.48:228][421]LogModuleManager: Shutting down and abandoning module InputCore (86)
[2019.05.12-19.23.48:228][421]LogModuleManager: Shutting down and abandoning module Settings (84)
[2019.05.12-19.23.48:228][421]LogModuleManager: Shutting down and abandoning module PhysXCooking (82)
[2019.05.12-19.23.48:228][421]LogModuleManager: Shutting down and abandoning module SteamVR (80)
[2019.05.12-19.23.48:228][421]LogHMD: Freeing OpenVRDLLHandle.
[2019.05.12-19.23.48:228][421]LogModuleManager: Shutting down and abandoning module OculusHMD (78)
[2019.05.12-19.23.48:228][421]LogModuleManager: Shutting down and abandoning module ExampleDeviceProfileSelector (76)
[2019.05.12-19.23.48:228][421]LogModuleManager: Shutting down and abandoning module LauncherChunkInstaller (74)
[2019.05.12-19.23.48:228][421]LogModuleManager: Shutting down and abandoning module OnlineBlueprintSupport (72)
[2019.05.12-19.23.48:228][421]LogModuleManager: Shutting down and abandoning module OnlineSubsystem (68)
[2019.05.12-19.23.48:229][421]LogModuleManager: Shutting down and abandoning module XMPP (63)
[2019.05.12-19.23.48:229][421]LogModuleManager: Shutting down and abandoning module WebSockets (62)
[2019.05.12-19.23.48:255][421]LogModuleManager: Shutting down and abandoning module HTTP (59)
[2019.05.12-19.23.48:255][421]LogHttp: Display: Http module shutting down, but needs to wait on 1 outstanding Http requests:
[2019.05.12-19.23.48:255][421]LogHttp: Display: 	verb=[POST] url=[https://datarouter.ol.epicgames.com/datarouter/api/v1/public/data?SessionID=%7B8FD4A5A8-42F1-D1AB-594B-DDA4EEF6F619%7D&AppID=UEEditor.Rocket.Release&AppVersion=4.21.2-4753647%2B%2B%2BUE4%2BRelease-4.21&UserID=3f02d3884579b823393bc7a907a183a1%7C0ffe611c19f94894a84a9fb22575ba4e%7Cc0fb7c60-f4a3-4a89-9d34-77d97f1c47cb&AppEnvironment=datacollector-binary&UploadType=eteventstream] status=Processing
[2019.05.12-19.23.48:269][421]LogModuleManager: Shutting down and abandoning module SSL (58)
[2019.05.12-19.23.48:270][421]LogModuleManager: Shutting down and abandoning module MagicLeapIdentity (54)
[2019.05.12-19.23.48:270][421]LogModuleManager: Shutting down and abandoning module MagicLeapHelperVulkan (52)
[2019.05.12-19.23.48:270][421]LogModuleManager: Shutting down and abandoning module MagicLeapHelperOpenGL (50)
[2019.05.12-19.23.48:270][421]LogModuleManager: Shutting down and abandoning module MagicLeapSecureStorage (48)
[2019.05.12-19.23.48:270][421]LogModuleManager: Shutting down and abandoning module MagicLeapHandTracking (46)
[2019.05.12-19.23.48:270][421]LogModuleManager: Shutting down and abandoning module MagicLeapEyeTracker (44)
[2019.05.12-19.23.48:270][421]LogModuleManager: Shutting down and abandoning module MagicLeapController (42)
[2019.05.12-19.23.48:271][421]LogSlate: Slate User Destroyed.  User Index 0, Is Virtual User: 0
[2019.05.12-19.23.48:271][421]LogModuleManager: Shutting down and abandoning module MagicLeap (40)
[2019.05.12-19.23.48:271][421]LogModuleManager: Shutting down and abandoning module DatasmithContent (38)
[2019.05.12-19.23.48:277][421]LogModuleManager: Shutting down and abandoning module AnimationModifiers (36)
[2019.05.12-19.23.48:277][421]LogModuleManager: Shutting down and abandoning module PropertyEditor (35)
[2019.05.12-19.23.48:277][421]LogModuleManager: Shutting down and abandoning module AudioEditor (32)
[2019.05.12-19.23.48:277][421]LogModuleManager: Shutting down and abandoning module TextureCompressor (30)
[2019.05.12-19.23.48:278][421]LogModuleManager: Shutting down and abandoning module ShaderCore (28)
[2019.05.12-19.23.48:278][421]LogModuleManager: Shutting down and abandoning module Landscape (26)
[2019.05.12-19.23.48:278][421]LogModuleManager: Shutting down and abandoning module SlateRHIRenderer (24)
[2019.05.12-19.23.48:278][421]LogModuleManager: Shutting down and abandoning module OpenGLDrv (22)
[2019.05.12-19.23.48:278][421]LogModuleManager: Shutting down and abandoning module D3D11RHI (20)
[2019.05.12-19.23.48:278][421]LogModuleManager: Shutting down and abandoning module AnimGraphRuntime (18)
[2019.05.12-19.23.48:278][421]LogModuleManager: Shutting down and abandoning module Renderer (16)
[2019.05.12-19.23.48:278][421]LogModuleManager: Shutting down and abandoning module Engine (14)
[2019.05.12-19.23.48:278][421]LogModuleManager: Shutting down and abandoning module CoreUObject (12)
[2019.05.12-19.23.48:278][421]LogModuleManager: Shutting down and abandoning module NetworkFile (10)
[2019.05.12-19.23.48:278][421]LogModuleManager: Shutting down and abandoning module CookedIterativeFile (8)
[2019.05.12-19.23.48:278][421]LogModuleManager: Shutting down and abandoning module StreamingFile (6)
[2019.05.12-19.23.48:278][421]LogModuleManager: Shutting down and abandoning module SandboxFile (4)
[2019.05.12-19.23.48:278][421]LogModuleManager: Shutting down and abandoning module PakFile (2)
[2019.05.12-19.23.48:314][421]LogExit: Exiting.
[2019.05.12-19.23.48:346][421]Log file closed, 05/12/19 15:23:48
