Log file open, 04/16/19 12:28:58
LogWindows: Failed to load 'aqProf.dll' (GetLastError=126)
LogWindows: File 'aqProf.dll' does not exist
LogWindows: Failed to load 'VtuneApi.dll' (GetLastError=126)
LogWindows: File 'VtuneApi.dll' does not exist
LogWindows: Failed to load 'VtuneApi32e.dll' (GetLastError=126)
LogWindows: File 'VtuneApi32e.dll' does not exist
LogConsoleResponse: Display: Failed to find resolution value strings in scalability ini. Falling back to default.
LogInit: Display: Running engine for game: Prototype_Combat
LogPakFile: Registered encryption key '00000000000000000000000000000000': 0 pak files mounted, 0 remain pending
LogPlatformFile: Not using cached read wrapper
LogTaskGraph: Started task graph with 5 named threads and 23 total threads with 3 sets of task threads.
LogStats: Stats thread started at 1.177994
LogD3D11RHI: Loaded GFSDK_Aftermath_Lib.x64.dll
LogICUInternationalization: ICU TimeZone Detection - Raw Offset: -5:00, Platform Override: ''
LogPluginManager: Mounting plugin Paper2D
LogPluginManager: Mounting plugin AISupport
LogPluginManager: Mounting plugin LightPropagationVolume
LogPluginManager: Mounting plugin ActorLayerUtilities
LogPluginManager: Mounting plugin CLionSourceCodeAccess
LogPluginManager: Mounting plugin CodeLiteSourceCodeAccess
LogPluginManager: Mounting plugin GitSourceControl
LogPluginManager: Mounting plugin KDevelopSourceCodeAccess
LogPluginManager: Mounting plugin NullSourceCodeAccess
LogPluginManager: Mounting plugin PerforceSourceControl
LogPluginManager: Mounting plugin SubversionSourceControl
LogPluginManager: Mounting plugin UObjectPlugin
LogPluginManager: Mounting plugin VisualStudioCodeSourceCodeAccess
LogPluginManager: Mounting plugin VisualStudioSourceCodeAccess
LogPluginManager: Mounting plugin XCodeSourceCodeAccess
LogPluginManager: Mounting plugin AssetManagerEditor
LogPluginManager: Mounting plugin CryptoKeys
LogPluginManager: Mounting plugin DataValidation
LogPluginManager: Mounting plugin FacialAnimation
LogPluginManager: Mounting plugin GameplayTagsEditor
LogPluginManager: Mounting plugin MacGraphicsSwitching
LogPluginManager: Mounting plugin MeshEditor
LogPluginManager: Mounting plugin MobileLauncherProfileWizard
LogPluginManager: Mounting plugin PluginBrowser
LogPluginManager: Mounting plugin SpeedTreeImporter
LogPluginManager: Mounting plugin DatasmithContent
LogPluginManager: Mounting plugin VariantManagerContent
LogPluginManager: Mounting plugin AlembicImporter
LogPluginManager: Mounting plugin AppleImageUtils
LogPluginManager: Mounting plugin AppleVision
LogPluginManager: Mounting plugin BackChannel
LogPluginManager: Mounting plugin CharacterAI
LogPluginManager: Mounting plugin GeometryCache
LogPluginManager: Mounting plugin HTML5Networking
LogPluginManager: Mounting plugin ProxyLODPlugin
LogPluginManager: Mounting plugin MagicLeap
LogPluginManager: Mounting plugin MagicLeapMedia
LogPluginManager: Mounting plugin AndroidMedia
LogPluginManager: Mounting plugin AvfMedia
LogPluginManager: Mounting plugin ImgMedia
LogPluginManager: Mounting plugin LinearTimecode
LogPluginManager: Mounting plugin MediaCompositing
LogPluginManager: Mounting plugin MediaPlayerEditor
LogPluginManager: Mounting plugin WebMMedia
LogPluginManager: Mounting plugin WmfMedia
LogPluginManager: Mounting plugin TcpMessaging
LogPluginManager: Mounting plugin UdpMessaging
LogPluginManager: Mounting plugin ActorSequence
LogPluginManager: Mounting plugin LevelSequenceEditor
LogPluginManager: Mounting plugin MatineeToLevelSequence
LogPluginManager: Mounting plugin NetcodeUnitTest
LogPluginManager: Mounting plugin NUTUnrealEngine4
LogPluginManager: Mounting plugin OnlineSubsystemGooglePlay
LogPluginManager: Mounting plugin OnlineSubsystemIOS
LogPluginManager: Mounting plugin OnlineSubsystem
LogPluginManager: Mounting plugin OnlineSubsystemNull
LogPluginManager: Mounting plugin OnlineSubsystemUtils
LogPluginManager: Mounting plugin LauncherChunkInstaller
LogPluginManager: Mounting plugin AndroidDeviceProfileSelector
LogPluginManager: Mounting plugin AndroidMoviePlayer
LogPluginManager: Mounting plugin AndroidPermission
LogPluginManager: Mounting plugin AppleMoviePlayer
LogPluginManager: Mounting plugin ArchVisCharacter
LogPluginManager: Mounting plugin AudioCapture
LogPluginManager: Mounting plugin CableComponent
LogPluginManager: Mounting plugin CustomMeshComponent
LogPluginManager: Mounting plugin EditableMesh
LogPluginManager: Mounting plugin ExampleDeviceProfileSelector
LogPluginManager: Mounting plugin Firebase
LogPluginManager: Mounting plugin GoogleCloudMessaging
LogPluginManager: Mounting plugin IOSDeviceProfileSelector
LogPluginManager: Mounting plugin LinuxDeviceProfileSelector
LogPluginManager: Mounting plugin LocationServicesBPLibrary
LogPluginManager: Mounting plugin MobilePatchingUtils
LogPluginManager: Mounting plugin OculusVR
LogPluginManager: Mounting plugin PhysXVehicles
LogPluginManager: Mounting plugin ProceduralMeshComponent
LogPluginManager: Mounting plugin RuntimePhysXCooking
LogPluginManager: Mounting plugin SteamVR
LogPluginManager: Mounting plugin WebMMoviePlayer
LogPluginManager: Mounting plugin WindowsMoviePlayer
LogStreaming: Display: Took  0.234s to configure plugins.
LogInit: Using libcurl 7.55.1-DEV
LogInit:  - built for x86_64-pc-win32
LogInit:  - supports SSL with OpenSSL/1.0.2h
LogInit:  - supports HTTP deflate (compression) using libz 1.2.8
LogInit:  - other features:
LogInit:      CURL_VERSION_SSL
LogInit:      CURL_VERSION_LIBZ
LogInit:      CURL_VERSION_IPV6
LogInit:      CURL_VERSION_ASYNCHDNS
LogInit:      CURL_VERSION_LARGEFILE
LogInit:      CURL_VERSION_IDN
LogInit:  CurlRequestOptions (configurable via config and command line):
LogInit:  - bVerifyPeer = true  - Libcurl will verify peer certificate
LogInit:  - bUseHttpProxy = false  - Libcurl will NOT use HTTP proxy
LogInit:  - bDontReuseConnections = false  - Libcurl will reuse connections
LogInit:  - MaxHostConnections = 16  - Libcurl will limit the number of connections to a host
LogInit:  - LocalHostAddr = Default
LogInit:  - BufferSize = 65536
LogInit: WinSock: version 1.1 (2.2), MaxSocks=32767, MaxUdp=65467
LogInit: Build: ++UE4+Release-4.21-CL-4753647
LogInit: Engine Version: 4.21.2-4753647+++UE4+Release-4.21
LogInit: Compatible Engine Version: 4.21.0-4541578+++UE4+Release-4.21
LogInit: Net CL: 4541578
LogInit: OS: Windows 10 (), CPU: Intel(R) Core(TM) i7-8565U CPU @ 1.80GHz, GPU: Intel(R) UHD Graphics 620
LogInit: Compiled (64-bit): Jan 19 2019 02:07:31
LogInit: Compiled with Visual C++: 19.13.26129.00
LogInit: Build Configuration: Development
LogInit: Branch Name: ++UE4+Release-4.21
LogInit: Command Line: 
LogInit: Base Directory: C:/Program Files/Epic Games/UE_4.21/Engine/Binaries/Win64/
LogInit: Installed Engine Build: 1
LogDevObjectVersion: Number of dev versions registered: 22
LogDevObjectVersion:   Dev-Blueprints (B0D832E4-1F89-4F0D-ACCF-7EB736FD4AA2): 10
LogDevObjectVersion:   Dev-Build (E1C64328-A22C-4D53-A36C-8E866417BD8C): 0
LogDevObjectVersion:   Dev-Core (375EC13C-06E4-48FB-B500-84F0262A717E): 2
LogDevObjectVersion:   Dev-Editor (E4B068ED-F494-42E9-A231-DA0B2E46BB41): 26
LogDevObjectVersion:   Dev-Framework (CFFC743F-43B0-4480-9391-14DF171D2073): 34
LogDevObjectVersion:   Dev-Mobile (B02B49B5-BB20-44E9-A304-32B752E40360): 2
LogDevObjectVersion:   Dev-Networking (A4E4105C-59A1-49B5-A7C5-40C4547EDFEE): 0
LogDevObjectVersion:   Dev-Online (39C831C9-5AE6-47DC-9A44-9C173E1C8E7C): 0
LogDevObjectVersion:   Dev-Physics (78F01B33-EBEA-4F98-B9B4-84EACCB95AA2): 0
LogDevObjectVersion:   Dev-Platform (6631380F-2D4D-43E0-8009-CF276956A95A): 0
LogDevObjectVersion:   Dev-Rendering (12F88B9F-8875-4AFC-A67C-D90C383ABD29): 27
LogDevObjectVersion:   Dev-Sequencer (7B5AE74C-D270-4C10-A958-57980B212A5A): 9
LogDevObjectVersion:   Dev-VR (D7296918-1DD6-4BDD-9DE2-64A83CC13884): 2
LogDevObjectVersion:   Dev-LoadTimes (C2A15278-BFE7-4AFE-6C17-90FF531DF755): 1
LogDevObjectVersion:   Private-Geometry (6EACA3D4-40EC-4CC1-B786-8BED09428FC5): 3
LogDevObjectVersion:   Dev-AnimPhys (29E575DD-E0A3-4627-9D10-D276232CDCEA): 17
LogDevObjectVersion:   Dev-Anim (AF43A65D-7FD3-4947-9873-3E8ED9C1BB05): 2
LogDevObjectVersion:   Dev-ReflectionCapture (6B266CEC-1EC7-4B8F-A30B-E4D90942FC07): 1
LogDevObjectVersion:   Dev-Automation (0DF73D61-A23F-47EA-B727-89E90C41499A): 1
LogDevObjectVersion:   FortniteMain (601D1886-AC64-4F84-AA16-D3DE0DEAC7D6): 17
LogDevObjectVersion:   Dev-Enterprise (9DFFBCD6-494F-0158-E221-12823C92A888): 4
LogDevObjectVersion:   Dev-Niagara (F2AED0AC-9AFE-416F-8664-AA7FFA26D6FC): 1
LogStreaming: Display: Took  0.012s to delete old logs.
LogInit: Presizing for max 8388607 objects, including 0 objects not considered by GC, pre-allocating 0 bytes for permanent pool.
LogInit: Object subsystem initialized
LogConfig: Setting CVar [[con.DebugEarlyDefault:1]]
LogConfig: Setting CVar [[r.setres:1280x720]]
[2019.04.16-16.28.59:641][  0]LogConfig: Setting CVar [[r.VSync:0]]
[2019.04.16-16.28.59:641][  0]LogConfig: Setting CVar [[r.RHICmdBypass:0]]
[2019.04.16-16.28.59:641][  0]LogConfig: Applying CVar settings from Section [/Script/Engine.RendererSettings] File [C:/Users/Snowm/Documents/CombatC-/Prototype_Combat/Saved/Config/Windows/Engine.ini]
[2019.04.16-16.28.59:642][  0]LogConfig: Setting CVar [[r.GPUCrashDebugging:0]]
[2019.04.16-16.28.59:642][  0]LogConfig: Applying CVar settings from Section [/Script/Engine.RendererOverrideSettings] File [C:/Users/Snowm/Documents/CombatC-/Prototype_Combat/Saved/Config/Windows/Engine.ini]
[2019.04.16-16.28.59:642][  0]LogConfig: Applying CVar settings from Section [/Script/Engine.StreamingSettings] File [C:/Users/Snowm/Documents/CombatC-/Prototype_Combat/Saved/Config/Windows/Engine.ini]
[2019.04.16-16.28.59:642][  0]LogConfig: Setting CVar [[s.MinBulkDataSizeForAsyncLoading:131072]]
[2019.04.16-16.28.59:642][  0]LogConfig: Setting CVar [[s.AsyncLoadingThreadEnabled:0]]
[2019.04.16-16.28.59:642][  0]LogConfig: Setting CVar [[s.EventDrivenLoaderEnabled:1]]
[2019.04.16-16.28.59:642][  0]LogConfig: Setting CVar [[s.WarnIfTimeLimitExceeded:0]]
[2019.04.16-16.28.59:642][  0]LogConfig: Setting CVar [[s.TimeLimitExceededMultiplier:1.5]]
[2019.04.16-16.28.59:642][  0]LogConfig: Setting CVar [[s.TimeLimitExceededMinTime:0.005]]
[2019.04.16-16.28.59:642][  0]LogConfig: Setting CVar [[s.UseBackgroundLevelStreaming:1]]
[2019.04.16-16.28.59:642][  0]LogConfig: Setting CVar [[s.PriorityAsyncLoadingExtraTime:15.0]]
[2019.04.16-16.28.59:642][  0]LogConfig: Setting CVar [[s.LevelStreamingActorsUpdateTimeLimit:5.0]]
[2019.04.16-16.28.59:642][  0]LogConfig: Setting CVar [[s.PriorityLevelStreamingActorsUpdateExtraTime:5.0]]
[2019.04.16-16.28.59:642][  0]LogConfig: Setting CVar [[s.LevelStreamingComponentsRegistrationGranularity:10]]
[2019.04.16-16.28.59:642][  0]LogConfig: Setting CVar [[s.UnregisterComponentsTimeLimit:1.0]]
[2019.04.16-16.28.59:642][  0]LogConfig: Setting CVar [[s.LevelStreamingComponentsUnregistrationGranularity:5]]
[2019.04.16-16.28.59:642][  0]LogConfig: Applying CVar settings from Section [/Script/Engine.GarbageCollectionSettings] File [C:/Users/Snowm/Documents/CombatC-/Prototype_Combat/Saved/Config/Windows/Engine.ini]
[2019.04.16-16.28.59:642][  0]LogConfig: Setting CVar [[gc.MaxObjectsNotConsideredByGC:1]]
[2019.04.16-16.28.59:642][  0]LogConfig: Setting CVar [[gc.SizeOfPermanentObjectPool:0]]
[2019.04.16-16.28.59:642][  0]LogConfig: Setting CVar [[gc.FlushStreamingOnGC:0]]
[2019.04.16-16.28.59:642][  0]LogConfig: Setting CVar [[gc.NumRetriesBeforeForcingGC:10]]
[2019.04.16-16.28.59:642][  0]LogConfig: Setting CVar [[gc.AllowParallelGC:1]]
[2019.04.16-16.28.59:642][  0]LogConfig: Setting CVar [[gc.TimeBetweenPurgingPendingKillObjects:61.1]]
[2019.04.16-16.28.59:643][  0]LogConfig: Setting CVar [[gc.MaxObjectsInEditor:8388607]]
[2019.04.16-16.28.59:643][  0]LogConfig: Setting CVar [[gc.IncrementalBeginDestroyEnabled:1]]
[2019.04.16-16.28.59:643][  0]LogConfig: Setting CVar [[gc.CreateGCClusters:1]]
[2019.04.16-16.28.59:643][  0]LogConfig: Setting CVar [[gc.MergeGCClusters:0]]
[2019.04.16-16.28.59:643][  0]LogConfig: Setting CVar [[gc.MinGCClusterSize:5]]
[2019.04.16-16.28.59:643][  0]LogConfig: Setting CVar [[gc.ActorClusteringEnabled:0]]
[2019.04.16-16.28.59:643][  0]LogConfig: Setting CVar [[gc.BlueprintClusteringEnabled:0]]
[2019.04.16-16.28.59:643][  0]LogConfig: Setting CVar [[gc.UseDisregardForGCOnDedicatedServers:0]]
[2019.04.16-16.28.59:643][  0]LogConfig: Applying CVar settings from Section [/Script/Engine.NetworkSettings] File [C:/Users/Snowm/Documents/CombatC-/Prototype_Combat/Saved/Config/Windows/Engine.ini]
[2019.04.16-16.28.59:643][  0]LogConfig: Applying CVar settings from Section [/Script/UnrealEd.CookerSettings] File [C:/Users/Snowm/Documents/CombatC-/Prototype_Combat/Saved/Config/Windows/Engine.ini]
[2019.04.16-16.28.59:651][  0]LogConfig: Applying CVar settings from Section [ViewDistanceQuality@3] File [C:/Users/Snowm/Documents/CombatC-/Prototype_Combat/Saved/Config/Windows/Scalability.ini]
[2019.04.16-16.28.59:651][  0]LogConfig: Setting CVar [[r.SkeletalMeshLODBias:0]]
[2019.04.16-16.28.59:651][  0]LogConfig: Setting CVar [[r.ViewDistanceScale:1.0]]
[2019.04.16-16.28.59:651][  0]LogConfig: Applying CVar settings from Section [AntiAliasingQuality@3] File [C:/Users/Snowm/Documents/CombatC-/Prototype_Combat/Saved/Config/Windows/Scalability.ini]
[2019.04.16-16.28.59:651][  0]LogConfig: Setting CVar [[r.PostProcessAAQuality:4]]
[2019.04.16-16.28.59:651][  0]LogConfig: Applying CVar settings from Section [ShadowQuality@3] File [C:/Users/Snowm/Documents/CombatC-/Prototype_Combat/Saved/Config/Windows/Scalability.ini]
[2019.04.16-16.28.59:651][  0]LogConfig: Setting CVar [[r.LightFunctionQuality:1]]
[2019.04.16-16.28.59:651][  0]LogConfig: Setting CVar [[r.ShadowQuality:5]]
[2019.04.16-16.28.59:651][  0]LogConfig: Setting CVar [[r.Shadow.CSM.MaxCascades:10]]
[2019.04.16-16.28.59:651][  0]LogConfig: Setting CVar [[r.Shadow.MaxResolution:2048]]
[2019.04.16-16.28.59:652][  0]LogConfig: Setting CVar [[r.Shadow.MaxCSMResolution:2048]]
[2019.04.16-16.28.59:652][  0]LogConfig: Setting CVar [[r.Shadow.RadiusThreshold:0.01]]
[2019.04.16-16.28.59:652][  0]LogConfig: Setting CVar [[r.Shadow.DistanceScale:1.0]]
[2019.04.16-16.28.59:652][  0]LogConfig: Setting CVar [[r.Shadow.CSM.TransitionScale:1.0]]
[2019.04.16-16.28.59:652][  0]LogConfig: Setting CVar [[r.Shadow.PreShadowResolutionFactor:1.0]]
[2019.04.16-16.28.59:652][  0]LogConfig: Setting CVar [[r.DistanceFieldShadowing:1]]
[2019.04.16-16.28.59:652][  0]LogConfig: Setting CVar [[r.DistanceFieldAO:1]]
[2019.04.16-16.28.59:652][  0]LogConfig: Setting CVar [[r.AOQuality:2]]
[2019.04.16-16.28.59:652][  0]LogConfig: Setting CVar [[r.VolumetricFog:1]]
[2019.04.16-16.28.59:652][  0]LogConfig: Setting CVar [[r.VolumetricFog.GridPixelSize:8]]
[2019.04.16-16.28.59:652][  0]LogConfig: Setting CVar [[r.VolumetricFog.GridSizeZ:128]]
[2019.04.16-16.28.59:652][  0]LogConfig: Setting CVar [[r.VolumetricFog.HistoryMissSupersampleCount:4]]
[2019.04.16-16.28.59:652][  0]LogConfig: Setting CVar [[r.LightMaxDrawDistanceScale:1]]
[2019.04.16-16.28.59:652][  0]LogConfig: Setting CVar [[r.CapsuleShadows:1]]
[2019.04.16-16.28.59:652][  0]LogConfig: Applying CVar settings from Section [PostProcessQuality@3] File [C:/Users/Snowm/Documents/CombatC-/Prototype_Combat/Saved/Config/Windows/Scalability.ini]
[2019.04.16-16.28.59:652][  0]LogConfig: Setting CVar [[r.MotionBlurQuality:4]]
[2019.04.16-16.28.59:652][  0]LogConfig: Setting CVar [[r.AmbientOcclusionMipLevelFactor:0.4]]
[2019.04.16-16.28.59:652][  0]LogConfig: Setting CVar [[r.AmbientOcclusionMaxQuality:100]]
[2019.04.16-16.28.59:652][  0]LogConfig: Setting CVar [[r.AmbientOcclusionLevels:-1]]
[2019.04.16-16.28.59:652][  0]LogConfig: Setting CVar [[r.AmbientOcclusionRadiusScale:1.0]]
[2019.04.16-16.28.59:652][  0]LogConfig: Setting CVar [[r.DepthOfFieldQuality:2]]
[2019.04.16-16.28.59:652][  0]LogConfig: Setting CVar [[r.RenderTargetPoolMin:400]]
[2019.04.16-16.28.59:652][  0]LogConfig: Setting CVar [[r.LensFlareQuality:2]]
[2019.04.16-16.28.59:652][  0]LogConfig: Setting CVar [[r.SceneColorFringeQuality:1]]
[2019.04.16-16.28.59:653][  0]LogConfig: Setting CVar [[r.EyeAdaptationQuality:2]]
[2019.04.16-16.28.59:653][  0]LogConfig: Setting CVar [[r.BloomQuality:5]]
[2019.04.16-16.28.59:653][  0]LogConfig: Setting CVar [[r.FastBlurThreshold:100]]
[2019.04.16-16.28.59:653][  0]LogConfig: Setting CVar [[r.Upscale.Quality:3]]
[2019.04.16-16.28.59:653][  0]LogConfig: Setting CVar [[r.Tonemapper.GrainQuantization:1]]
[2019.04.16-16.28.59:653][  0]LogConfig: Setting CVar [[r.LightShaftQuality:1]]
[2019.04.16-16.28.59:653][  0]LogConfig: Setting CVar [[r.Filter.SizeScale:1]]
[2019.04.16-16.28.59:653][  0]LogConfig: Setting CVar [[r.Tonemapper.Quality:5]]
[2019.04.16-16.28.59:653][  0]LogConfig: Setting CVar [[r.DOF.Gather.AccumulatorQuality:1        ; higher gathering accumulator quality]]
[2019.04.16-16.28.59:653][  0]LogConfig: Setting CVar [[r.DOF.Gather.PostfilterMethod:1          ; Median3x3 postfilering method]]
[2019.04.16-16.28.59:653][  0]LogConfig: Setting CVar [[r.DOF.Gather.EnableBokehSettings:0       ; no bokeh simulation when gathering]]
[2019.04.16-16.28.59:653][  0]LogConfig: Setting CVar [[r.DOF.Gather.RingCount:4                 ; medium number of samples when gathering]]
[2019.04.16-16.28.59:653][  0]LogConfig: Setting CVar [[r.DOF.Scatter.ForegroundCompositing:1    ; additive foreground scattering]]
[2019.04.16-16.28.59:653][  0]LogConfig: Setting CVar [[r.DOF.Scatter.BackgroundCompositing:2    ; additive background scattering]]
[2019.04.16-16.28.59:653][  0]LogConfig: Setting CVar [[r.DOF.Scatter.EnableBokehSettings:1      ; bokeh simulation when scattering]]
[2019.04.16-16.28.59:653][  0]LogConfig: Setting CVar [[r.DOF.Scatter.MaxSpriteRatio:0.1         ; only a maximum of 10% of scattered bokeh]]
[2019.04.16-16.28.59:654][  0]LogConfig: Setting CVar [[r.DOF.Recombine.Quality:1                ; cheap slight out of focus]]
[2019.04.16-16.28.59:654][  0]LogConfig: Setting CVar [[r.DOF.Recombine.EnableBokehSettings:0    ; no bokeh simulation on slight out of focus]]
[2019.04.16-16.28.59:654][  0]LogConfig: Setting CVar [[r.DOF.TemporalAAQuality:1                ; more stable temporal accumulation]]
[2019.04.16-16.28.59:654][  0]LogConfig: Setting CVar [[r.DOF.Kernel.MaxForegroundRadius:0.025]]
[2019.04.16-16.28.59:654][  0]LogConfig: Setting CVar [[r.DOF.Kernel.MaxBackgroundRadius:0.025]]
[2019.04.16-16.28.59:654][  0]LogConfig: Applying CVar settings from Section [TextureQuality@3] File [C:/Users/Snowm/Documents/CombatC-/Prototype_Combat/Saved/Config/Windows/Scalability.ini]
[2019.04.16-16.28.59:654][  0]LogConfig: Setting CVar [[r.Streaming.MipBias:0]]
[2019.04.16-16.28.59:654][  0]LogConfig: Setting CVar [[r.Streaming.AmortizeCPUToGPUCopy:0]]
[2019.04.16-16.28.59:654][  0]LogConfig: Setting CVar [[r.Streaming.MaxNumTexturesToStreamPerFrame:0]]
[2019.04.16-16.28.59:654][  0]LogConfig: Setting CVar [[r.Streaming.Boost:1]]
[2019.04.16-16.28.59:654][  0]LogConfig: Setting CVar [[r.MaxAnisotropy:8]]
[2019.04.16-16.28.59:654][  0]LogConfig: Setting CVar [[r.Streaming.LimitPoolSizeToVRAM:0]]
[2019.04.16-16.28.59:654][  0]LogConfig: Setting CVar [[r.Streaming.PoolSize:1000]]
[2019.04.16-16.28.59:654][  0]LogConfig: Setting CVar [[r.Streaming.MaxEffectiveScreenSize:0]]
[2019.04.16-16.28.59:654][  0]LogConfig: Applying CVar settings from Section [EffectsQuality@3] File [C:/Users/Snowm/Documents/CombatC-/Prototype_Combat/Saved/Config/Windows/Scalability.ini]
[2019.04.16-16.28.59:655][  0]LogConfig: Setting CVar [[r.TranslucencyLightingVolumeDim:64]]
[2019.04.16-16.28.59:655][  0]LogConfig: Setting CVar [[r.RefractionQuality:2]]
[2019.04.16-16.28.59:655][  0]LogConfig: Setting CVar [[r.SSR.Quality:3]]
[2019.04.16-16.28.59:655][  0]LogConfig: Setting CVar [[r.SceneColorFormat:4]]
[2019.04.16-16.28.59:655][  0]LogConfig: Setting CVar [[r.DetailMode:2]]
[2019.04.16-16.28.59:655][  0]LogConfig: Setting CVar [[r.TranslucencyVolumeBlur:1]]
[2019.04.16-16.28.59:655][  0]LogConfig: Setting CVar [[r.MaterialQualityLevel:1 ; High quality]]
[2019.04.16-16.28.59:655][  0]LogConfig: Setting CVar [[r.SSS.Scale:1]]
[2019.04.16-16.28.59:655][  0]LogConfig: Setting CVar [[r.SSS.SampleSet:2]]
[2019.04.16-16.28.59:655][  0]LogConfig: Setting CVar [[r.SSS.Quality:1]]
[2019.04.16-16.28.59:655][  0]LogConfig: Setting CVar [[r.SSS.HalfRes:1]]
[2019.04.16-16.28.59:655][  0]LogConfig: Setting CVar [[r.EmitterSpawnRateScale:1.0]]
[2019.04.16-16.28.59:655][  0]LogConfig: Setting CVar [[r.ParticleLightQuality:2]]
[2019.04.16-16.28.59:655][  0]LogConfig: Applying CVar settings from Section [FoliageQuality@3] File [C:/Users/Snowm/Documents/CombatC-/Prototype_Combat/Saved/Config/Windows/Scalability.ini]
[2019.04.16-16.28.59:655][  0]LogConfig: Setting CVar [[foliage.DensityScale:1.0]]
[2019.04.16-16.28.59:656][  0]LogConfig: Setting CVar [[grass.DensityScale:1.0]]
[2019.04.16-16.28.59:657][  0]LogInit: Selected Device Profile: [Windows]
[2019.04.16-16.28.59:657][  0]LogInit: Applying CVar settings loaded from the selected device profile: [Windows]
[2019.04.16-16.28.59:684][  0]LogHAL: Display: Platform has ~ 16 GB [16949690368 / 17179869184 / 16], which maps to Larger [LargestMinGB=32, LargerMinGB=12, DefaultMinGB=8, SmallerMinGB=6, SmallestMinGB=0)
[2019.04.16-16.28.59:684][  0]LogConfig: Setting CVar [[r.Vulkan.UseRealUBs:1]]
[2019.04.16-16.28.59:684][  0]LogInit: Going up to parent DeviceProfile []
[2019.04.16-16.28.59:684][  0]LogConfig: Applying CVar settings from Section [ViewDistanceQuality@0] File [C:/Users/Snowm/Documents/CombatC-/Prototype_Combat/Saved/Config/Windows/Scalability.ini]
[2019.04.16-16.28.59:684][  0]LogConfig: Setting CVar [[r.SkeletalMeshLODBias:2]]
[2019.04.16-16.28.59:684][  0]LogConfig: Setting CVar [[r.ViewDistanceScale:0.4]]
[2019.04.16-16.28.59:685][  0]LogConfig: Applying CVar settings from Section [AntiAliasingQuality@0] File [C:/Users/Snowm/Documents/CombatC-/Prototype_Combat/Saved/Config/Windows/Scalability.ini]
[2019.04.16-16.28.59:685][  0]LogConfig: Setting CVar [[r.PostProcessAAQuality:0]]
[2019.04.16-16.28.59:685][  0]LogConfig: Applying CVar settings from Section [ShadowQuality@0] File [C:/Users/Snowm/Documents/CombatC-/Prototype_Combat/Saved/Config/Windows/Scalability.ini]
[2019.04.16-16.28.59:685][  0]LogConfig: Setting CVar [[r.LightFunctionQuality:0]]
[2019.04.16-16.28.59:685][  0]LogConfig: Setting CVar [[r.ShadowQuality:0]]
[2019.04.16-16.28.59:685][  0]LogConfig: Setting CVar [[r.Shadow.CSM.MaxCascades:1]]
[2019.04.16-16.28.59:685][  0]LogConfig: Setting CVar [[r.Shadow.MaxResolution:512]]
[2019.04.16-16.28.59:685][  0]LogConfig: Setting CVar [[r.Shadow.MaxCSMResolution:512]]
[2019.04.16-16.28.59:685][  0]LogConfig: Setting CVar [[r.Shadow.RadiusThreshold:0.06]]
[2019.04.16-16.28.59:685][  0]LogConfig: Setting CVar [[r.Shadow.DistanceScale:0.6]]
[2019.04.16-16.28.59:685][  0]LogConfig: Setting CVar [[r.Shadow.CSM.TransitionScale:0]]
[2019.04.16-16.28.59:685][  0]LogConfig: Setting CVar [[r.Shadow.PreShadowResolutionFactor:0.5]]
[2019.04.16-16.28.59:685][  0]LogConfig: Setting CVar [[r.DistanceFieldShadowing:0]]
[2019.04.16-16.28.59:685][  0]LogConfig: Setting CVar [[r.DistanceFieldAO:0]]
[2019.04.16-16.28.59:685][  0]LogConfig: Setting CVar [[r.VolumetricFog:0]]
[2019.04.16-16.28.59:685][  0]LogConfig: Setting CVar [[r.LightMaxDrawDistanceScale:0]]
[2019.04.16-16.28.59:685][  0]LogConfig: Setting CVar [[r.CapsuleShadows:0]]
[2019.04.16-16.28.59:685][  0]LogConfig: Applying CVar settings from Section [PostProcessQuality@0] File [C:/Users/Snowm/Documents/CombatC-/Prototype_Combat/Saved/Config/Windows/Scalability.ini]
[2019.04.16-16.28.59:685][  0]LogConfig: Setting CVar [[r.MotionBlurQuality:0]]
[2019.04.16-16.28.59:685][  0]LogConfig: Setting CVar [[r.AmbientOcclusionMipLevelFactor:1.0]]
[2019.04.16-16.28.59:685][  0]LogConfig: Setting CVar [[r.AmbientOcclusionMaxQuality:0]]
[2019.04.16-16.28.59:685][  0]LogConfig: Setting CVar [[r.AmbientOcclusionLevels:0]]
[2019.04.16-16.28.59:685][  0]LogConfig: Setting CVar [[r.AmbientOcclusionRadiusScale:1.2]]
[2019.04.16-16.28.59:685][  0]LogConfig: Setting CVar [[r.DepthOfFieldQuality:0]]
[2019.04.16-16.28.59:685][  0]LogConfig: Setting CVar [[r.RenderTargetPoolMin:300]]
[2019.04.16-16.28.59:685][  0]LogConfig: Setting CVar [[r.LensFlareQuality:0]]
[2019.04.16-16.28.59:686][  0]LogConfig: Setting CVar [[r.SceneColorFringeQuality:0]]
[2019.04.16-16.28.59:686][  0]LogConfig: Setting CVar [[r.EyeAdaptationQuality:0]]
[2019.04.16-16.28.59:686][  0]LogConfig: Setting CVar [[r.BloomQuality:4]]
[2019.04.16-16.28.59:686][  0]LogConfig: Setting CVar [[r.FastBlurThreshold:0]]
[2019.04.16-16.28.59:686][  0]LogConfig: Setting CVar [[r.Upscale.Quality:1]]
[2019.04.16-16.28.59:686][  0]LogConfig: Setting CVar [[r.Tonemapper.GrainQuantization:0]]
[2019.04.16-16.28.59:686][  0]LogConfig: Setting CVar [[r.LightShaftQuality:0]]
[2019.04.16-16.28.59:686][  0]LogConfig: Setting CVar [[r.Filter.SizeScale:0.6]]
[2019.04.16-16.28.59:686][  0]LogConfig: Setting CVar [[r.Tonemapper.Quality:0]]
[2019.04.16-16.28.59:686][  0]LogConfig: Applying CVar settings from Section [TextureQuality@0] File [C:/Users/Snowm/Documents/CombatC-/Prototype_Combat/Saved/Config/Windows/Scalability.ini]
[2019.04.16-16.28.59:686][  0]LogConfig: Setting CVar [[r.Streaming.MipBias:16]]
[2019.04.16-16.28.59:686][  0]LogConfig: Setting CVar [[r.Streaming.AmortizeCPUToGPUCopy:1]]
[2019.04.16-16.28.59:686][  0]LogConfig: Setting CVar [[r.Streaming.MaxNumTexturesToStreamPerFrame:1]]
[2019.04.16-16.28.59:686][  0]LogConfig: Setting CVar [[r.Streaming.Boost:0.3]]
[2019.04.16-16.28.59:686][  0]LogConfig: Setting CVar [[r.MaxAnisotropy:0]]
[2019.04.16-16.28.59:686][  0]LogConfig: Setting CVar [[r.Streaming.LimitPoolSizeToVRAM:1]]
[2019.04.16-16.28.59:686][  0]LogConfig: Setting CVar [[r.Streaming.PoolSize:400]]
[2019.04.16-16.28.59:686][  0]LogConfig: Setting CVar [[r.Streaming.MaxEffectiveScreenSize:0]]
[2019.04.16-16.28.59:686][  0]LogConfig: Applying CVar settings from Section [EffectsQuality@0] File [C:/Users/Snowm/Documents/CombatC-/Prototype_Combat/Saved/Config/Windows/Scalability.ini]
[2019.04.16-16.28.59:686][  0]LogConfig: Setting CVar [[r.TranslucencyLightingVolumeDim:24]]
[2019.04.16-16.28.59:686][  0]LogConfig: Setting CVar [[r.RefractionQuality:0]]
[2019.04.16-16.28.59:686][  0]LogConfig: Setting CVar [[r.SSR.Quality:0]]
[2019.04.16-16.28.59:686][  0]LogConfig: Setting CVar [[r.SceneColorFormat:3]]
[2019.04.16-16.28.59:686][  0]LogConfig: Setting CVar [[r.DetailMode:0]]
[2019.04.16-16.28.59:686][  0]LogConfig: Setting CVar [[r.TranslucencyVolumeBlur:0]]
[2019.04.16-16.28.59:686][  0]LogConfig: Setting CVar [[r.MaterialQualityLevel:0 ; Low quality]]
[2019.04.16-16.28.59:686][  0]LogConfig: Setting CVar [[r.SSS.Scale:0]]
[2019.04.16-16.28.59:686][  0]LogConfig: Setting CVar [[r.SSS.SampleSet:0]]
[2019.04.16-16.28.59:686][  0]LogConfig: Setting CVar [[r.SSS.Quality:0]]
[2019.04.16-16.28.59:686][  0]LogConfig: Setting CVar [[r.SSS.HalfRes:1]]
[2019.04.16-16.28.59:686][  0]LogConfig: Setting CVar [[r.EmitterSpawnRateScale:0.125]]
[2019.04.16-16.28.59:686][  0]LogConfig: Setting CVar [[r.ParticleLightQuality:0]]
[2019.04.16-16.28.59:686][  0]LogConfig: Applying CVar settings from Section [FoliageQuality@0] File [C:/Users/Snowm/Documents/CombatC-/Prototype_Combat/Saved/Config/Windows/Scalability.ini]
[2019.04.16-16.28.59:686][  0]LogConfig: Setting CVar [[foliage.DensityScale:0]]
[2019.04.16-16.28.59:686][  0]LogConfig: Setting CVar [[grass.DensityScale:0]]
[2019.04.16-16.28.59:686][  0]LogConfig: Applying CVar settings from Section [Startup] File [../../../Engine/Config/ConsoleVariables.ini]
[2019.04.16-16.28.59:687][  0]LogConfig: Setting CVar [[net.UseAdaptiveNetUpdateFrequency:0]]
[2019.04.16-16.28.59:687][  0]LogConfig: Applying CVar settings from Section [ConsoleVariables] File [C:/Users/Snowm/Documents/CombatC-/Prototype_Combat/Saved/Config/Windows/Engine.ini]
[2019.04.16-16.28.59:689][  0]LogInit: Computer: DESKTOP-3QPJQ6S
[2019.04.16-16.28.59:689][  0]LogInit: User: Snowm
[2019.04.16-16.28.59:689][  0]LogInit: CPU Page size=4096, Cores=4
[2019.04.16-16.28.59:689][  0]LogInit: High frequency timer resolution =1.945314 MHz
[2019.04.16-16.28.59:689][  0]LogMemory: Memory total: Physical=15.8GB (16GB approx)
[2019.04.16-16.28.59:689][  0]LogMemory: Platform Memory Stats for Windows
[2019.04.16-16.28.59:689][  0]LogMemory: Process Physical Memory: 102.44 MB used, 102.44 MB peak
[2019.04.16-16.28.59:689][  0]LogMemory: Process Virtual Memory: 91.23 MB used, 91.23 MB peak
[2019.04.16-16.28.59:689][  0]LogMemory: Physical Memory: 11183.30 MB used,  4981.19 MB free, 16164.48 MB total
[2019.04.16-16.28.59:689][  0]LogMemory: Virtual Memory: 4653.13 MB used,  134213072.00 MB free, 134217728.00 MB total
[2019.04.16-16.28.59:892][  0]LogInit: Using OS detected language (en-US).
[2019.04.16-16.28.59:892][  0]LogInit: Using OS detected locale (en-US).
[2019.04.16-16.28.59:895][  0]LogTextLocalizationManager: No specific localization for 'en-US' exists, so the 'en' localization will be used.
[2019.04.16-16.29.00:563][  0]LogStreaming: Display: Took  0.671s to InitEngineTextLocalization.
[2019.04.16-16.29.00:564][  0]LogInit: Setting process to per monitor DPI aware
[2019.04.16-16.29.00:651][  0]LogSlate: New Slate User Created.  User Index 0, Is Virtual User: 0
[2019.04.16-16.29.00:651][  0]LogSlate: Slate User Registered.  User Index 0, Is Virtual User: 0
[2019.04.16-16.29.01:347][  0]LogHMD: Failed to initialize OpenVR with code 110
[2019.04.16-16.29.01:347][  0]LogD3D11RHI: D3D11 adapters:
[2019.04.16-16.29.01:487][  0]LogD3D11RHI:    0. 'NVIDIA GeForce MX150' (Feature Level 11_0)
[2019.04.16-16.29.01:487][  0]LogD3D11RHI:       1983/0/8082 MB DedicatedVideo/DedicatedSystem/SharedSystem, Outputs:1, VendorId:0x10de
[2019.04.16-16.29.01:507][  0]LogD3D11RHI:    1. 'Intel(R) UHD Graphics 620' (Feature Level 11_0)
[2019.04.16-16.29.01:507][  0]LogD3D11RHI:       128/0/8082 MB DedicatedVideo/DedicatedSystem/SharedSystem, Outputs:0, VendorId:0x8086
[2019.04.16-16.29.01:510][  0]LogD3D11RHI:    2. 'Microsoft Basic Render Driver' (Feature Level 11_0)
[2019.04.16-16.29.01:510][  0]LogD3D11RHI:       0/0/8082 MB DedicatedVideo/DedicatedSystem/SharedSystem, Outputs:0, VendorId:0x1414
[2019.04.16-16.29.01:510][  0]LogD3D11RHI: Chosen D3D11 Adapter: 0
[2019.04.16-16.29.01:565][  0]LogD3D11RHI: Creating new Direct3DDevice
[2019.04.16-16.29.01:565][  0]LogD3D11RHI:     GPU DeviceId: 0x1d10 (for the marketing name, search the web for "GPU Device Id")
[2019.04.16-16.29.01:565][  0]LogWindows: EnumDisplayDevices:
[2019.04.16-16.29.01:566][  0]LogWindows:    0. 'Intel(R) UHD Graphics 620' (P:1 D:1)
[2019.04.16-16.29.01:566][  0]LogWindows:    1. 'Intel(R) UHD Graphics 620' (P:0 D:0)
[2019.04.16-16.29.01:566][  0]LogWindows:    2. 'Intel(R) UHD Graphics 620' (P:0 D:0)
[2019.04.16-16.29.01:567][  0]LogWindows: DebugString: PrimaryIsNotTheChoosenAdapter PrimaryIsNotTheChoosenAdapter PrimaryIsNotTheChoosenAdapter FoundDriverCount:0 
[2019.04.16-16.29.01:567][  0]LogD3D11RHI:     Adapter Name: NVIDIA GeForce MX150
[2019.04.16-16.29.01:567][  0]LogD3D11RHI:   Driver Version: Unknown (internal:Unknown, unified:Unknown)
[2019.04.16-16.29.01:567][  0]LogD3D11RHI:      Driver Date: Unknown
[2019.04.16-16.29.01:567][  0]LogRHI: Texture pool is 1388 MB (70% of 1983 MB)
[2019.04.16-16.29.01:655][  0]LogD3D11RHI: Async texture creation enabled
[2019.04.16-16.29.01:692][  0]LogD3D11RHI: GPU Timing Frequency: 1000.000000 (Debug: 2 2)
[2019.04.16-16.29.02:336][  0]LogTemp: Display: Loaded TP AllDesktopTargetPlatform
[2019.04.16-16.29.02:371][  0]LogTemp: Display: Loaded TP MacClientTargetPlatform
[2019.04.16-16.29.02:399][  0]LogTemp: Display: Loaded TP MacNoEditorTargetPlatform
[2019.04.16-16.29.02:428][  0]LogTemp: Display: Loaded TP MacServerTargetPlatform
[2019.04.16-16.29.02:469][  0]LogTemp: Display: Loaded TP MacTargetPlatform
[2019.04.16-16.29.02:507][  0]LogTemp: Display: Loaded TP WindowsClientTargetPlatform
[2019.04.16-16.29.02:543][  0]LogTemp: Display: Loaded TP WindowsNoEditorTargetPlatform
[2019.04.16-16.29.02:587][  0]LogTemp: Display: Loaded TP WindowsServerTargetPlatform
[2019.04.16-16.29.02:613][  0]LogTemp: Display: Loaded TP WindowsTargetPlatform
[2019.04.16-16.29.02:809][  0]LogTemp: Display: Loaded TP AndroidTargetPlatform
[2019.04.16-16.29.02:809][  0]LogTemp: Display: Loaded TP AndroidTargetPlatform
[2019.04.16-16.29.02:809][  0]LogTemp: Display: Loaded TP AndroidTargetPlatform
[2019.04.16-16.29.02:810][  0]LogTemp: Display: Loaded TP AndroidTargetPlatform
[2019.04.16-16.29.02:810][  0]LogTemp: Display: Loaded TP AndroidTargetPlatform
[2019.04.16-16.29.02:810][  0]LogTemp: Display: Loaded TP AndroidTargetPlatform
[2019.04.16-16.29.02:810][  0]LogTemp: Display: Loaded TP AndroidTargetPlatform
[2019.04.16-16.29.02:810][  0]LogTemp: Display: Loaded TP AndroidTargetPlatform
[2019.04.16-16.29.02:810][  0]LogTemp: Display: Loaded TP AndroidTargetPlatform
[2019.04.16-16.29.02:810][  0]LogTemp: Display: Loaded TP AndroidTargetPlatform
[2019.04.16-16.29.02:810][  0]LogTemp: Display: Loaded TP AndroidTargetPlatform
[2019.04.16-16.29.02:810][  0]LogTemp: Display: Loaded TP AndroidTargetPlatform
[2019.04.16-16.29.02:810][  0]LogTemp: Display: Loaded TP AndroidTargetPlatform
[2019.04.16-16.29.02:810][  0]LogTemp: Display: Loaded TP AndroidTargetPlatform
[2019.04.16-16.29.02:810][  0]LogTemp: Display: Loaded TP AndroidTargetPlatform
[2019.04.16-16.29.02:810][  0]LogTemp: Display: Loaded TP AndroidTargetPlatform
[2019.04.16-16.29.02:810][  0]LogTemp: Display: Loaded TP AndroidTargetPlatform
[2019.04.16-16.29.02:810][  0]LogTemp: Display: Loaded TP AndroidTargetPlatform
[2019.04.16-16.29.02:824][  0]LogTemp: Display: Loaded TP HTML5TargetPlatform
[2019.04.16-16.29.02:957][  0]LogTemp: Display: Loaded TP IOSTargetPlatform
[2019.04.16-16.29.02:957][  0]LogTemp: Display: Loaded TP IOSTargetPlatform
[2019.04.16-16.29.03:021][  0]LogTemp: Display: Loaded TP TVOSTargetPlatform
[2019.04.16-16.29.03:021][  0]LogTemp: Display: Loaded TP TVOSTargetPlatform
[2019.04.16-16.29.03:061][  0]LogTemp: Display: Loaded TP LinuxClientTargetPlatform
[2019.04.16-16.29.03:096][  0]LogTemp: Display: Loaded TP LinuxNoEditorTargetPlatform
[2019.04.16-16.29.03:134][  0]LogTemp: Display: Loaded TP LinuxServerTargetPlatform
[2019.04.16-16.29.03:178][  0]LogTemp: Display: Loaded TP LinuxTargetPlatform
[2019.04.16-16.29.03:274][  0]LogTemp: Display: Loaded TP LuminTargetPlatform
[2019.04.16-16.29.03:274][  0]LogTemp: Display: Loaded TP LuminTargetPlatform
[2019.04.16-16.29.03:274][  0]LogTargetPlatformManager: Display: Building Assets For Windows
[2019.04.16-16.29.03:611][  0]LogShaderCompilers: Guid format shader working directory is -20 characters bigger than the processId version (../../../../../../Users/Snowm/Documents/CombatC-/Prototype_Combat/Intermediate/Shaders/WorkingDirectory/15448/).
[2019.04.16-16.29.03:611][  0]LogShaderCompilers: Cleaned the shader compiler working directory 'C:/Users/Snowm/AppData/Local/Temp/UnrealShaderWorkingDir/C167F85D47AFDFCA3404FCBDBBCC941C/'.
[2019.04.16-16.29.03:614][  0]LogXGEController: Cannot use XGE Controller as Incredibuild is not installed on this machine.
[2019.04.16-16.29.03:615][  0]LogShaderCompilers: Cannot use XGE Shader Compiler as Incredibuild is not installed on this machine.
[2019.04.16-16.29.03:615][  0]LogShaderCompilers: Display: Using Local Shader Compiler.
[2019.04.16-16.29.04:662][  0]LogDerivedDataCache: Display: Max Cache Size: 512 MB
[2019.04.16-16.29.04:809][  0]LogDerivedDataCache: Loaded boot cache 0.15s 72MB C:/Users/Snowm/AppData/Local/UnrealEngine/4.21/DerivedDataCache/Boot.ddc.
[2019.04.16-16.29.04:809][  0]LogDerivedDataCache: Display: Loaded Boot cache: C:/Users/Snowm/AppData/Local/UnrealEngine/4.21/DerivedDataCache/Boot.ddc
[2019.04.16-16.29.04:809][  0]LogDerivedDataCache: FDerivedDataBackendGraph:  Pak pak cache file ../../../../../../Users/Snowm/Documents/CombatC-/Prototype_Combat/DerivedDataCache/DDC.ddp not found, will not use a pak cache.
[2019.04.16-16.29.04:809][  0]LogDerivedDataCache: Unable to find inner node Pak for hierarchical cache Hierarchy.
[2019.04.16-16.29.04:809][  0]LogDerivedDataCache: FDerivedDataBackendGraph:  CompressedPak pak cache file ../../../../../../Users/Snowm/Documents/CombatC-/Prototype_Combat/DerivedDataCache/Compressed.ddp not found, will not use a pak cache.
[2019.04.16-16.29.04:809][  0]LogDerivedDataCache: Unable to find inner node CompressedPak for hierarchical cache Hierarchy.
[2019.04.16-16.29.04:833][  0]LogDerivedDataCache: Display: Pak cache opened for reading ../../../Engine/DerivedDataCache/Compressed.ddp.
[2019.04.16-16.29.04:833][  0]LogDerivedDataCache: FDerivedDataBackendGraph:  EnterprisePak pak cache file ../../../Enterprise/DerivedDataCache/Compressed.ddp not found, will not use a pak cache.
[2019.04.16-16.29.04:833][  0]LogDerivedDataCache: Unable to find inner node EnterprisePak for hierarchical cache Hierarchy.
[2019.04.16-16.29.04:846][  0]LogDerivedDataCache: Using Local data cache path C:/Users/Snowm/AppData/Local/UnrealEngine/Common/DerivedDataCache: Writable
[2019.04.16-16.29.04:846][  0]LogDerivedDataCache: Shared data cache path not found in *engine.ini, will not use an Shared cache.
[2019.04.16-16.29.04:846][  0]LogDerivedDataCache: Unable to find inner node Shared for hierarchical cache Hierarchy.
[2019.04.16-16.29.04:890][  0]LogMaterial: Verifying Global Shaders for PCD3D_SM5
[2019.04.16-16.29.04:899][  0]LogSlate: Using FreeType 2.6.0
[2019.04.16-16.29.04:904][  0]LogSlate: SlateFontServices - WITH_FREETYPE: 1, WITH_HARFBUZZ: 1
[2019.04.16-16.29.05:133][  0]LogAssetRegistry: FAssetRegistry took 0.0445 seconds to start up
[2019.04.16-16.29.05:962][  0]LogInit: Selected Device Profile: [Windows]
[2019.04.16-16.29.06:452][  0]LogSimplygon: Simplygon DLL not present - disabling.
[2019.04.16-16.29.06:489][  0]LogMeshReduction: Using SimplygonSwarm for distributed automatic mesh merging
[2019.04.16-16.29.06:489][  0]LogMeshReduction: Using ProxyLODMeshReduction for automatic mesh merging
[2019.04.16-16.29.06:489][  0]LogMeshReduction: Using QuadricMeshReduction for automatic static mesh reduction
[2019.04.16-16.29.06:489][  0]LogMeshReduction: No automatic skeletal mesh reduction module available
[2019.04.16-16.29.06:570][  0]LogNetVersion: Prototype_Combat 1.0.0, NetCL: 4541578, EngineNetVer: 5, GameNetVer: 0 (Checksum: 3546136163)
[2019.04.16-16.29.07:846][  0]LogPackageLocalizationCache: Processed 11 localized package path(s) for 2 prioritized culture(s) in 0.233028 seconds
[2019.04.16-16.29.07:863][  0]LogUObjectArray: 39775 objects as part of root set at end of initial load.
[2019.04.16-16.29.07:863][  0]LogUObjectAllocator: 6914664 out of 0 bytes used by permanent object pool.
[2019.04.16-16.29.07:864][  0]LogUObjectArray: CloseDisregardForGC: 0/0 objects in disregard for GC pool
[2019.04.16-16.29.10:711][  0]LogTcpMessaging: Initializing TcpMessaging bridge
[2019.04.16-16.29.10:742][  0]LogUdpMessaging: Initializing bridge on interface 0.0.0.0:0 to multicast group 230.0.0.1:6666.
[2019.04.16-16.29.12:610][  0]SourceControl: Source control is disabled
[2019.04.16-16.29.12:610][  0]SourceControl: Source control is disabled
[2019.04.16-16.29.12:629][  0]SourceControl: Source control is disabled
[2019.04.16-16.29.12:640][  0]SourceControl: Source control is disabled
[2019.04.16-16.29.13:266][  0]LogAndroidPermission: UAndroidPermissionCallbackProxy::GetInstance
[2019.04.16-16.29.13:441][  0]LogOcInput: OculusInput pre-init called
[2019.04.16-16.29.13:773][  0]LogEngine: Initializing Engine...
[2019.04.16-16.29.13:777][  0]LogHMD: Failed to initialize OpenVR with code 110
[2019.04.16-16.29.13:780][  0]LogStats: UGameplayTagsManager::ConstructGameplayTagTree: ImportINI prefixes -  0.000 s
[2019.04.16-16.29.13:780][  0]LogStats: UGameplayTagsManager::ConstructGameplayTagTree: Construct from data asset -  0.000 s
[2019.04.16-16.29.13:780][  0]LogStats: UGameplayTagsManager::ConstructGameplayTagTree: ImportINI -  0.000 s
[2019.04.16-16.29.13:780][  0]LogStats: UGameplayTagsManager::ConstructGameplayTagTree: GameplayTagTreeChangedEvent.Broadcast -  0.000 s
[2019.04.16-16.29.14:312][  0]LogInit: Initializing FReadOnlyCVARCache
[2019.04.16-16.29.14:396][  0]LogAIModule: Creating AISystem for world Untitled
[2019.04.16-16.29.14:430][  0]LogInit: XAudio2 using 'Speakers/Headphones (Realtek(R) Audio)' : 2 channels at 48 kHz using 32 bits per sample (channel mask 0x3)
[2019.04.16-16.29.14:529][  0]LogInit: FAudioDevice initialized.
[2019.04.16-16.29.14:530][  0]LogNetVersion: Set ProjectVersion to 1.0.0.0. Version Checksum will be recalculated on next use.
[2019.04.16-16.29.14:638][  0]LogDerivedDataCache: Saved boot cache 0.11s 72MB C:/Users/Snowm/AppData/Local/UnrealEngine/4.21/DerivedDataCache/Boot.ddc.
[2019.04.16-16.29.14:647][  0]LogInit: Texture streaming: Enabled
[2019.04.16-16.29.14:706][  0]LogEngineSessionManager: EngineSessionManager initialized
[2019.04.16-16.29.14:748][  0]LogInit: Transaction tracking system initialized
[2019.04.16-16.29.14:850][  0]BlueprintLog: New page: Editor Load
[2019.04.16-16.29.15:311][  0]LocalizationService: Localization service is disabled
[2019.04.16-16.29.17:064][  0]LogFileCache: Scanning file cache for directory 'C:/Users/Snowm/Documents/CombatC-/Prototype_Combat/Content/' took 0.02s
[2019.04.16-16.29.17:064][  0]LogCook: Display: Max memory allowance for cook 16384mb min free memory 0mb
[2019.04.16-16.29.17:064][  0]LogCook: Display: Mobile HDR setting 1
[2019.04.16-16.29.17:066][  0]LogGameplayTags: Display: UGameplayTagsManager::DoneAddingNativeTags. DelegateIsBound: 0
[2019.04.16-16.29.17:066][  0]LogStats: UGameplayTagsManager::ConstructGameplayTagTree: ImportINI prefixes -  0.000 s
[2019.04.16-16.29.17:066][  0]LogStats: UGameplayTagsManager::ConstructGameplayTagTree: Construct from data asset -  0.000 s
[2019.04.16-16.29.17:066][  0]LogStats: UGameplayTagsManager::ConstructGameplayTagTree: ImportINI -  0.000 s
[2019.04.16-16.29.17:066][  0]LogStats: UGameplayTagsManager::ConstructGameplayTagTree: GameplayTagTreeChangedEvent.Broadcast -  0.000 s
[2019.04.16-16.29.17:728][  0]SourceControl: Source control is disabled
[2019.04.16-16.29.17:730][  0]Cmd: MAP LOAD FILE="../../../../../../Users/Snowm/Documents/CombatC-/Prototype_Combat/Content/FirstPersonCPP/Maps/FirstPersonExampleMap.umap" TEMPLATE=0 SHOWPROGRESS=1 FEATURELEVEL=3
[2019.04.16-16.29.17:732][  0]LightingResults: New page: Lighting Build
[2019.04.16-16.29.17:752][  0]MapCheck: New page: Map Check
[2019.04.16-16.29.17:752][  0]LightingResults: New page: Lighting Build
[2019.04.16-16.29.18:209][  0]LogAIModule: Creating AISystem for world FirstPersonExampleMap
[2019.04.16-16.29.18:320][  0]LogEditorServer: Finished looking for orphan Actors (0.000 secs)
[2019.04.16-16.29.18:366][  0]Cmd: MAP CHECKDEP NOCLEARLOG
[2019.04.16-16.29.18:367][  0]MapCheck: Map check complete: 0 Error(s), 0 Warning(s), took 0.376ms to complete.
[2019.04.16-16.29.18:367][  0]LogFileHelpers: Loading map 'FirstPersonExampleMap' took 0.639
[2019.04.16-16.29.18:590][  0]LogSlate: Updating window title bar state: overlay mode, drag disabled, window buttons hidden, title bar hidden
[2019.04.16-16.29.18:605][  0]LogSlate: Updating window title bar state: overlay mode, drag disabled, window buttons hidden, title bar hidden
[2019.04.16-16.29.18:618][  0]LogSlate: Updating window title bar state: overlay mode, drag disabled, window buttons hidden, title bar hidden
[2019.04.16-16.29.18:631][  0]LogSlate: Updating window title bar state: overlay mode, drag disabled, window buttons hidden, title bar hidden
[2019.04.16-16.29.18:663][  0]LogCollectionManager: Loaded 0 collections in 0.002819 seconds
[2019.04.16-16.29.18:724][  0]LogFileCache: Scanning file cache for directory 'C:/Users/Snowm/Documents/CombatC-/Prototype_Combat/Saved/Collections/' took 0.01s
[2019.04.16-16.29.18:724][  0]LogFileCache: Scanning file cache for directory 'C:/Users/Snowm/Documents/CombatC-/Prototype_Combat/Content/Developers/Snowm/Collections/' took 0.01s
[2019.04.16-16.29.18:725][  0]LogFileCache: Scanning file cache for directory 'C:/Users/Snowm/Documents/CombatC-/Prototype_Combat/Content/Collections/' took 0.00s
[2019.04.16-16.29.18:725][  0]LogCollectionManager: Rebuilt the GUID cache for 0 collections in 0.000003 seconds
[2019.04.16-16.29.18:750][  0]LogContentBrowser: Native class hierarchy populated in 0.0224 seconds. Added 2659 classes and 623 folders.
[2019.04.16-16.29.18:771][  0]LogContentBrowser: Native class hierarchy updated for 'WidgetCarousel' in 0.0008 seconds. Added 0 classes and 0 folders.
[2019.04.16-16.29.18:794][  0]LogPakFile: Registered encryption key '00000000000000000000000000000000': 0 pak files mounted, 0 remain pending
[2019.04.16-16.29.18:798][  0]LogPakFile: Registered encryption key '00000000000000000000000000000000': 0 pak files mounted, 0 remain pending
[2019.04.16-16.29.18:800][  0]LogPakFile: Registered encryption key '00000000000000000000000000000000': 0 pak files mounted, 0 remain pending
[2019.04.16-16.29.18:802][  0]LogPakFile: Registered encryption key '00000000000000000000000000000000': 0 pak files mounted, 0 remain pending
[2019.04.16-16.29.18:804][  0]LogPakFile: Registered encryption key '00000000000000000000000000000000': 0 pak files mounted, 0 remain pending
[2019.04.16-16.29.18:806][  0]LogPakFile: Registered encryption key '00000000000000000000000000000000': 0 pak files mounted, 0 remain pending
[2019.04.16-16.29.18:808][  0]LogPakFile: Registered encryption key '00000000000000000000000000000000': 0 pak files mounted, 0 remain pending
[2019.04.16-16.29.18:810][  0]LogPakFile: Registered encryption key '00000000000000000000000000000000': 0 pak files mounted, 0 remain pending
[2019.04.16-16.29.18:811][  0]LogPakFile: Registered encryption key '00000000000000000000000000000000': 0 pak files mounted, 0 remain pending
[2019.04.16-16.29.18:813][  0]LogPakFile: Registered encryption key '00000000000000000000000000000000': 0 pak files mounted, 0 remain pending
[2019.04.16-16.29.18:815][  0]LogPakFile: Registered encryption key '00000000000000000000000000000000': 0 pak files mounted, 0 remain pending
[2019.04.16-16.29.18:817][  0]LogPakFile: Registered encryption key '00000000000000000000000000000000': 0 pak files mounted, 0 remain pending
[2019.04.16-16.29.18:818][  0]LogPakFile: Registered encryption key '00000000000000000000000000000000': 0 pak files mounted, 0 remain pending
[2019.04.16-16.29.18:820][  0]LogPakFile: Registered encryption key '00000000000000000000000000000000': 0 pak files mounted, 0 remain pending
[2019.04.16-16.29.18:821][  0]LogPakFile: Registered encryption key '00000000000000000000000000000000': 0 pak files mounted, 0 remain pending
[2019.04.16-16.29.18:823][  0]LogPakFile: Registered encryption key '00000000000000000000000000000000': 0 pak files mounted, 0 remain pending
[2019.04.16-16.29.18:826][  0]LogPakFile: Registered encryption key '00000000000000000000000000000000': 0 pak files mounted, 0 remain pending
[2019.04.16-16.29.18:827][  0]LogPakFile: Registered encryption key '00000000000000000000000000000000': 0 pak files mounted, 0 remain pending
[2019.04.16-16.29.18:829][  0]LogPakFile: Registered encryption key '00000000000000000000000000000000': 0 pak files mounted, 0 remain pending
[2019.04.16-16.29.18:831][  0]LogPakFile: Registered encryption key '00000000000000000000000000000000': 0 pak files mounted, 0 remain pending
[2019.04.16-16.29.18:834][  0]LogPakFile: Registered encryption key '00000000000000000000000000000000': 0 pak files mounted, 0 remain pending
[2019.04.16-16.29.18:835][  0]LogPakFile: Registered encryption key '00000000000000000000000000000000': 0 pak files mounted, 0 remain pending
[2019.04.16-16.29.18:837][  0]LogPakFile: Registered encryption key '00000000000000000000000000000000': 0 pak files mounted, 0 remain pending
[2019.04.16-16.29.18:839][  0]LogPakFile: Registered encryption key '00000000000000000000000000000000': 0 pak files mounted, 0 remain pending
[2019.04.16-16.29.18:842][  0]LogPakFile: Registered encryption key '00000000000000000000000000000000': 0 pak files mounted, 0 remain pending
[2019.04.16-16.29.18:844][  0]LogPakFile: Registered encryption key '00000000000000000000000000000000': 0 pak files mounted, 0 remain pending
[2019.04.16-16.29.18:990][  0]LogContentBrowser: Native class hierarchy updated for 'AddContentDialog' in 0.0006 seconds. Added 0 classes and 0 folders.
[2019.04.16-16.29.19:016][  0]LogContentBrowser: Native class hierarchy updated for 'SceneOutliner' in 0.0007 seconds. Added 1 classes and 2 folders.
[2019.04.16-16.29.19:300][  0]LogSlate: Took 0.007691 seconds to synchronously load lazily loaded font '../../../Engine/Content/Slate/Fonts/Roboto-Regular.ttf' (155K)
[2019.04.16-16.29.19:312][  0]LogSlate: Took 0.008146 seconds to synchronously load lazily loaded font '../../../Engine/Content/Slate/Fonts/Roboto-Bold.ttf' (160K)
[2019.04.16-16.29.19:335][  0]LogSlate: Took 0.008943 seconds to synchronously load lazily loaded font '../../../Engine/Content/Editor/Slate/Fonts/FontAwesome.ttf' (139K)
[2019.04.16-16.29.19:337][  0]LogSlate: Took 0.001106 seconds to synchronously load lazily loaded font '../../../Engine/Content/Slate/Fonts/DroidSansMono.ttf' (77K)
[2019.04.16-16.29.19:640][  0]LogRenderer: Reallocating scene render targets to support 936x448 Format 9 NumSamples 1 (Frame:1).
[2019.04.16-16.29.20:104][  0]LogContentBrowser: Native class hierarchy updated for 'HierarchicalLODOutliner' in 0.0007 seconds. Added 0 classes and 0 folders.
[2019.04.16-16.29.20:105][  0]LogLoad: (Engine Initialization) Total time: 27.11 seconds
[2019.04.16-16.29.20:105][  0]LogLoad: (Engine Initialization) Total Blueprint compile time: 0.00 seconds
[2019.04.16-16.29.20:223][  0]LogContentStreaming: Texture pool size now 400 MB
[2019.04.16-16.29.20:376][  2]LogAssetRegistry: Asset discovery search completed in 15.2692 seconds
[2019.04.16-16.29.20:380][  2]LogCollectionManager: Rebuilt the object cache for 0 collections in 0.000001 seconds (found 0 objects)
[2019.04.16-16.29.20:381][  2]LogCollectionManager: Fixed up redirectors for 0 collections in 0.000505 seconds (updated 0 objects)
[2019.04.16-16.31.21:000][449]LogSlate: FSceneViewport::OnFocusLost() reason 0
[2019.04.16-16.31.21:087][449]LogSlate: Took 0.006509 seconds to synchronously load lazily loaded font '../../../Engine/Content/Slate/Fonts/Roboto-Light.ttf' (167K)
[2019.04.16-16.31.22:592][509]LogSlate: Took 0.000324 seconds to synchronously load lazily loaded font '../../../Engine/Content/Slate/Fonts/Roboto-Light.ttf' (167K)
[2019.04.16-16.31.22:619][509]LogAssetEditorManager: Opening Asset editor for Class /Script/Prototype_Combat.StatGeneration
[2019.04.16-16.31.41:926][760]LogVSAccessor: Warning: Visual Studio is open but could not be queried - it may be blocked by a modal operation
[2019.04.16-16.31.42:542][761]LogVSAccessor: Warning: Couldn't goto line number '1' in 'C:/Users/Snowm/Documents/CombatC-/Prototype_Combat/Source/Prototype_Combat/StatGeneration.h'
[2019.04.16-16.31.42:546][761]LogVSAccessor: Warning: Couldn't open file 'C:/Users/Snowm/Documents/CombatC-/Prototype_Combat/Source/Prototype_Combat/StatGeneration.cpp'.
[2019.04.16-16.35.26:871][474]Candidate modules for hot reload:
[2019.04.16-16.35.26:871][474]  Prototype_Combat
[2019.04.16-16.35.26:872][474]Launching UnrealBuildTool... [C:/Program Files/Epic Games/UE_4.21/Engine/Binaries/DotNET/UnrealBuildTool.exe  -ModuleWithSuffix=Prototype_Combat,2728 Win64 Development -TargetType=Editor -Project="../../../../../../Users/Snowm/Documents/CombatC-/Prototype_Combat/Prototype_Combat.uproject" -canskiplink "C:/Users/Snowm/Documents/CombatC-/Prototype_Combat/Prototype_Combat.uproject" ]
[2019.04.16-16.35.26:877][474]Warning: Starting HotReload took  0.1s.
[2019.04.16-16.36.54:349][798]CompilerResultsLog: New page: Compilation - Apr 16, 2019, 8:36:54 AM
[2019.04.16-16.36.54:350][798]CompilerResultsLog: Using 'git status' to determine working set for adaptive non-unity build (C:\Users\Snowm\Documents\CombatC-).
[2019.04.16-16.36.54:351][798]CompilerResultsLog: Creating makefile for hot reloading Prototype_CombatEditor (ini files are newer than UBTMakefile)
[2019.04.16-16.36.54:352][798]CompilerResultsLog: Compiling game modules for hot reload
[2019.04.16-16.36.54:352][798]CompilerResultsLog: Using Visual Studio 2017 14.20.27508 toolchain (C:\Program Files (x86)\Microsoft Visual Studio\2019\Community\VC\Tools\MSVC\14.20.27508) and Windows 10.0.17763.0 SDK (C:\Program Files (x86)\Windows Kits\10).
[2019.04.16-16.36.54:354][798]CompilerResultsLog: Building 3 actions with 8 processes...
[2019.04.16-16.36.54:356][798]CompilerResultsLog:   [1/3] JSONReaderComponenent.cpp
[2019.04.16-16.36.54:356][798]CompilerResultsLog:   C:\Program Files\Epic Games\UE_4.21\Engine\Source\Runtime\JsonUtilities\Public\JsonObjectWrapper.h(10): fatal error C1083: Cannot open include file: 'JsonObjectWrapper.generated.h': No such file or directory
[2019.04.16-16.36.54:358][798]CompilerResultsLog: ERROR: UBT ERROR: Failed to produce item: C:\Users\Snowm\Documents\CombatC-\Prototype_Combat\Binaries\Win64\UE4Editor-Prototype_Combat-2728.dll
[2019.04.16-16.36.54:360][798]CompilerResultsLog:        (see ../Programs/UnrealBuildTool/Log.txt for full exception trace)
[2019.04.16-16.36.54:361][798]CompilerResultsLog: Total build time: 86.57 seconds (Parallel executor: 0.00 seconds)
[2019.04.16-16.36.54:361][798]LogMainFrame: MainFrame: Module compiling took 87.498 seconds
[2019.04.16-16.36.54:363][798]Warning: HotReload failed, recompile failed
[2019.04.16-17.02.15:688][834]Candidate modules for hot reload:
[2019.04.16-17.02.15:689][834]  Prototype_Combat
[2019.04.16-17.02.15:689][834]Launching UnrealBuildTool... [C:/Program Files/Epic Games/UE_4.21/Engine/Binaries/DotNET/UnrealBuildTool.exe  -ModuleWithSuffix=Prototype_Combat,9306 Win64 Development -TargetType=Editor -Project="../../../../../../Users/Snowm/Documents/CombatC-/Prototype_Combat/Prototype_Combat.uproject" -canskiplink "C:/Users/Snowm/Documents/CombatC-/Prototype_Combat/Prototype_Combat.uproject" ]
[2019.04.16-17.02.15:694][834]Warning: Starting HotReload took  0.1s.
[2019.04.16-17.02.57:711][541]CompilerResultsLog: New page: Compilation - Apr 16, 2019, 9:02:57 AM
[2019.04.16-17.02.57:712][541]CompilerResultsLog: Using 'git status' to determine working set for adaptive non-unity build (C:\Users\Snowm\Documents\CombatC-).
[2019.04.16-17.02.57:713][541]CompilerResultsLog: Creating makefile for hot reloading Prototype_CombatEditor (source directory changed)
[2019.04.16-17.02.57:713][541]CompilerResultsLog: Compiling game modules for hot reload
[2019.04.16-17.02.57:714][541]CompilerResultsLog: Using Visual Studio 2017 14.20.27508 toolchain (C:\Program Files (x86)\Microsoft Visual Studio\2019\Community\VC\Tools\MSVC\14.20.27508) and Windows 10.0.17763.0 SDK (C:\Program Files (x86)\Windows Kits\10).
[2019.04.16-17.02.57:715][541]CompilerResultsLog: Building 3 actions with 8 processes...
[2019.04.16-17.02.57:715][541]CompilerResultsLog:   [1/3] JSONReaderComponenent.cpp
[2019.04.16-17.02.57:715][541]CompilerResultsLog:   C:\Program Files\Epic Games\UE_4.21\Engine\Source\Runtime\JsonUtilities\Public\JsonObjectWrapper.h(10): fatal error C1083: Cannot open include file: 'JsonObjectWrapper.generated.h': No such file or directory
[2019.04.16-17.02.57:716][541]CompilerResultsLog: ERROR: UBT ERROR: Failed to produce item: C:\Users\Snowm\Documents\CombatC-\Prototype_Combat\Binaries\Win64\UE4Editor-Prototype_Combat-9306.dll
[2019.04.16-17.02.57:718][541]CompilerResultsLog:        (see ../Programs/UnrealBuildTool/Log.txt for full exception trace)
[2019.04.16-17.02.57:718][541]CompilerResultsLog: Total build time: 41.55 seconds (Parallel executor: 0.00 seconds)
[2019.04.16-17.02.57:719][541]LogMainFrame: MainFrame: Module compiling took 42.032 seconds
[2019.04.16-17.02.57:719][541]Warning: HotReload failed, recompile failed
[2019.04.16-17.03.52:801][785]Candidate modules for hot reload:
[2019.04.16-17.03.52:801][785]  Prototype_Combat
[2019.04.16-17.03.52:802][785]Launching UnrealBuildTool... [C:/Program Files/Epic Games/UE_4.21/Engine/Binaries/DotNET/UnrealBuildTool.exe  -ModuleWithSuffix=Prototype_Combat,98 Win64 Development -TargetType=Editor -Project="../../../../../../Users/Snowm/Documents/CombatC-/Prototype_Combat/Prototype_Combat.uproject" -canskiplink "C:/Users/Snowm/Documents/CombatC-/Prototype_Combat/Prototype_Combat.uproject" ]
[2019.04.16-17.03.52:812][785]Warning: Starting HotReload took  0.1s.
[2019.04.16-17.05.03:855][558]CompilerResultsLog: New page: Compilation - Apr 16, 2019, 9:05:03 AM
[2019.04.16-17.05.03:855][558]CompilerResultsLog: Using 'git status' to determine working set for adaptive non-unity build (C:\Users\Snowm\Documents\CombatC-).
[2019.04.16-17.05.03:856][558]CompilerResultsLog: Creating makefile for hot reloading Prototype_CombatEditor (source directory changed)
[2019.04.16-17.05.03:856][558]CompilerResultsLog: Compiling game modules for hot reload
[2019.04.16-17.05.03:857][558]CompilerResultsLog: Using Visual Studio 2017 14.20.27508 toolchain (C:\Program Files (x86)\Microsoft Visual Studio\2019\Community\VC\Tools\MSVC\14.20.27508) and Windows 10.0.17763.0 SDK (C:\Program Files (x86)\Windows Kits\10).
[2019.04.16-17.05.03:857][558]CompilerResultsLog: Building 3 actions with 8 processes...
[2019.04.16-17.05.03:858][558]CompilerResultsLog:   [1/3] JSONReaderComponenent.cpp
[2019.04.16-17.05.03:858][558]CompilerResultsLog:   [2/3] UE4Editor-Prototype_Combat-98.lib
[2019.04.16-17.05.03:858][558]CompilerResultsLog:      Creating library C:\Users\Snowm\Documents\CombatC-\Prototype_Combat\Intermediate\Build\Win64\UE4Editor\Development\Prototype_Combat\UE4Editor-Prototype_Combat-98.lib and object C:\Users\Snowm\Documents\CombatC-\Prototype_Combat\Intermediate\Build\Win64\UE4Editor\Development\Prototype_Combat\UE4Editor-Prototype_Combat-98.exp
[2019.04.16-17.05.03:859][558]CompilerResultsLog:   [3/3] UE4Editor-Prototype_Combat-98.dll
[2019.04.16-17.05.03:860][558]CompilerResultsLog:      Creating library C:\Users\Snowm\Documents\CombatC-\Prototype_Combat\Intermediate\Build\Win64\UE4Editor\Development\Prototype_Combat\UE4Editor-Prototype_Combat-98.suppressed.lib and object C:\Users\Snowm\Documents\CombatC-\Prototype_Combat\Intermediate\Build\Win64\UE4Editor\Development\Prototype_Combat\UE4Editor-Prototype_Combat-98.suppressed.exp
[2019.04.16-17.05.03:861][558]CompilerResultsLog: Total build time: 70.07 seconds (Parallel executor: 35.92 seconds)
[2019.04.16-17.05.03:861][558]LogMainFrame: MainFrame: Module compiling took 71.063 seconds
[2019.04.16-17.05.03:960][558]LogClass: Sword HotReload.
[2019.04.16-17.05.03:981][558]LogContentBrowser: Native class hierarchy updated for 'Prototype_Combat' in 0.0009 seconds. Added 8 classes and 3 folders.
[2019.04.16-17.05.03:988][558]Display: HotReload successful (0 functions remapped  1 scriptstructs remapped)
[2019.04.16-17.05.04:191][558]LogContentBrowser: Native class hierarchy populated in 0.0164 seconds. Added 2660 classes and 625 folders.
[2019.04.16-17.05.04:199][558]Display: HotReload took 71.4s.
[2019.04.16-17.11.58:590][891]LogSlate: Window 'Prototype_Combat - Unreal Editor' being destroyed
[2019.04.16-17.11.59:089][892]Cmd: QUIT_EDITOR
[2019.04.16-17.11.59:149][892]LogWindowsTextInputMethodSystem: Display: IME system now deactivated.
[2019.04.16-17.11.59:165][892]LogExit: Preparing to exit.
[2019.04.16-17.12.00:304][892]LogExit: Editor shut down
[2019.04.16-17.12.00:307][892]LogExit: Transaction tracking system shut down
[2019.04.16-17.12.00:799][892]LogExit: Object subsystem successfully closed.
[2019.04.16-17.12.00:848][892]LogShaderCompilers: Display: Shaders left to compile 0
[2019.04.16-17.12.00:864][892]LogD3D11RHI: Shutdown
[2019.04.16-17.12.00:864][892]LogD3D11RHI: CleanupD3DDevice
[2019.04.16-17.12.00:877][892]LogD3D11RHI: ~FD3D11DynamicRHI
[2019.04.16-17.12.00:990][892]LogModuleManager: Shutting down and abandoning module Prototype_Combat (625)
[2019.04.16-17.12.00:990][892]LogModuleManager: Shutting down and abandoning module HierarchicalLODOutliner (624)
[2019.04.16-17.12.00:990][892]LogModuleManager: Shutting down and abandoning module SceneOutliner (622)
[2019.04.16-17.12.00:991][892]LogModuleManager: Shutting down and abandoning module AddContentDialog (620)
[2019.04.16-17.12.00:998][892]LogModuleManager: Shutting down and abandoning module WidgetCarousel (619)
[2019.04.16-17.12.00:998][892]LogModuleManager: Shutting down and abandoning module EditorWidgets (616)
[2019.04.16-17.12.00:998][892]LogModuleManager: Shutting down and abandoning module CollectionManager (614)
[2019.04.16-17.12.00:999][892]LogModuleManager: Shutting down and abandoning module StatsViewer (612)
[2019.04.16-17.12.00:999][892]LogModuleManager: Shutting down and abandoning module FoliageEdit (610)
[2019.04.16-17.12.01:000][892]LogModuleManager: Shutting down and abandoning module LandscapeEditor (608)
[2019.04.16-17.12.01:006][892]LogModuleManager: Shutting down and abandoning module MeshPaintMode (606)
[2019.04.16-17.12.01:008][892]LogModuleManager: Shutting down and abandoning module SceneDepthPickerMode (604)
[2019.04.16-17.12.01:008][892]LogModuleManager: Shutting down and abandoning module ActorPickerMode (602)
[2019.04.16-17.12.01:008][892]LogModuleManager: Shutting down and abandoning module GeometryMode (600)
[2019.04.16-17.12.01:008][892]LogModuleManager: Shutting down and abandoning module TextureAlignMode (598)
[2019.04.16-17.12.01:008][892]LogModuleManager: Shutting down and abandoning module BspMode (596)
[2019.04.16-17.12.01:008][892]LogModuleManager: Shutting down and abandoning module PIEPreviewDeviceProfileSelector (594)
[2019.04.16-17.12.01:011][892]LogModuleManager: Shutting down and abandoning module SequenceRecorderSections (592)
[2019.04.16-17.12.01:011][892]LogModuleManager: Shutting down and abandoning module AutomationWorker (590)
[2019.04.16-17.12.01:011][892]LogModuleManager: Shutting down and abandoning module AudioCaptureEditor (588)
[2019.04.16-17.12.01:011][892]LogModuleManager: Shutting down and abandoning module MatineeToLevelSequence (586)
[2019.04.16-17.12.01:011][892]LogModuleManager: Shutting down and abandoning module LevelSequenceEditor (584)
[2019.04.16-17.12.01:015][892]LogModuleManager: Shutting down and abandoning module PlacementMode (583)
[2019.04.16-17.12.01:015][892]LogModuleManager: Shutting down and abandoning module MaterialEditor (582)
[2019.04.16-17.12.01:019][892]LogModuleManager: Shutting down and abandoning module WmfMediaFactory (578)
[2019.04.16-17.12.01:019][892]LogModuleManager: Shutting down and abandoning module WmfMediaEditor (576)
[2019.04.16-17.12.01:019][892]LogModuleManager: Shutting down and abandoning module WebMMediaFactory (574)
[2019.04.16-17.12.01:019][892]LogModuleManager: Shutting down and abandoning module WebMMediaEditor (572)
[2019.04.16-17.12.01:019][892]LogModuleManager: Shutting down and abandoning module WebMMedia (570)
[2019.04.16-17.12.01:019][892]LogModuleManager: Shutting down and abandoning module MediaPlayerEditor (568)
[2019.04.16-17.12.01:020][892]LogModuleManager: Shutting down and abandoning module MediaCompositingEditor (566)
[2019.04.16-17.12.01:024][892]LogModuleManager: Shutting down and abandoning module SequenceRecorder (565)
[2019.04.16-17.12.01:025][892]LogModuleManager: Shutting down and abandoning module OpenExrWrapper (562)
[2019.04.16-17.12.01:025][892]LogModuleManager: Shutting down and abandoning module ImgMediaFactory (560)
[2019.04.16-17.12.01:026][892]LogModuleManager: Shutting down and abandoning module ImgMediaEditor (558)
[2019.04.16-17.12.01:026][892]LogModuleManager: Shutting down and abandoning module AvfMediaFactory (556)
[2019.04.16-17.12.01:026][892]LogModuleManager: Shutting down and abandoning module AvfMediaEditor (554)
[2019.04.16-17.12.01:026][892]LogModuleManager: Shutting down and abandoning module AndroidMediaFactory (552)
[2019.04.16-17.12.01:026][892]LogModuleManager: Shutting down and abandoning module AndroidMediaEditor (550)
[2019.04.16-17.12.01:026][892]LogModuleManager: Shutting down and abandoning module MagicLeapCameraPreviewFactory (548)
[2019.04.16-17.12.01:026][892]LogModuleManager: Shutting down and abandoning module MagicLeapMediaFactory (546)
[2019.04.16-17.12.01:026][892]LogModuleManager: Shutting down and abandoning module MagicLeapMediaEditor (544)
[2019.04.16-17.12.01:026][892]LogModuleManager: Shutting down and abandoning module CharacterAI (542)
[2019.04.16-17.12.01:026][892]LogModuleManager: Shutting down and abandoning module SmartSnapping (540)
[2019.04.16-17.12.01:026][892]LogModuleManager: Shutting down and abandoning module SessionServices (538)
[2019.04.16-17.12.01:027][892]LogModuleManager: Shutting down and abandoning module ViewportSnapping (536)
[2019.04.16-17.12.01:027][892]LogModuleManager: Shutting down and abandoning module ViewportInteraction (534)
[2019.04.16-17.12.01:027][892]LogModuleManager: Shutting down and abandoning module ClothPainter (532)
[2019.04.16-17.12.01:029][892]LogModuleManager: Shutting down and abandoning module SkeletalMeshEditor (531)
[2019.04.16-17.12.01:031][892]LogModuleManager: Shutting down and abandoning module LogVisualizer (528)
[2019.04.16-17.12.01:033][892]LogModuleManager: Shutting down and abandoning module IntroTutorials (526)
[2019.04.16-17.12.01:035][892]LogModuleManager: Shutting down and abandoning module GameProjectGeneration (525)
[2019.04.16-17.12.01:036][892]LogModuleManager: Shutting down and abandoning module LuminPlatformEditor (522)
[2019.04.16-17.12.01:037][892]LogModuleManager: Shutting down and abandoning module IOSPlatformEditor (520)
[2019.04.16-17.12.01:037][892]LogModuleManager: Shutting down and abandoning module HTML5PlatformEditor (518)
[2019.04.16-17.12.01:037][892]LogModuleManager: Shutting down and abandoning module AndroidPlatformEditor (516)
[2019.04.16-17.12.01:037][892]LogModuleManager: Shutting down and abandoning module AndroidDeviceDetection (515)
[2019.04.16-17.12.01:296][892]LogModuleManager: Shutting down and abandoning module WindowsPlatformEditor (512)
[2019.04.16-17.12.01:298][892]LogModuleManager: Shutting down and abandoning module LuminRuntimeSettings (510)
[2019.04.16-17.12.01:298][892]LogModuleManager: Shutting down and abandoning module IOSRuntimeSettings (508)
[2019.04.16-17.12.01:298][892]LogModuleManager: Shutting down and abandoning module AndroidRuntimeSettings (506)
[2019.04.16-17.12.01:298][892]LogModuleManager: Shutting down and abandoning module TimeManagementEditor (504)
[2019.04.16-17.12.01:298][892]LogModuleManager: Shutting down and abandoning module InputBindingEditor (502)
[2019.04.16-17.12.01:310][892]LogModuleManager: Shutting down and abandoning module MergeActors (500)
[2019.04.16-17.12.01:315][892]LogModuleManager: Shutting down and abandoning module LocalizationDashboard (498)
[2019.04.16-17.12.01:343][892]LogModuleManager: Shutting down and abandoning module LocalizationService (497)
[2019.04.16-17.12.01:344][892]LogModuleManager: Shutting down and abandoning module HardwareTargeting (494)
[2019.04.16-17.12.01:345][892]LogModuleManager: Shutting down and abandoning module DeviceProfileEditor (492)
[2019.04.16-17.12.01:352][892]LogModuleManager: Shutting down and abandoning module UndoHistory (490)
[2019.04.16-17.12.01:356][892]LogModuleManager: Shutting down and abandoning module XmlParser (488)
[2019.04.16-17.12.01:356][892]LogModuleManager: Shutting down and abandoning module Blutility (486)
[2019.04.16-17.12.01:357][892]LogModuleManager: Shutting down and abandoning module ProjectSettingsViewer (484)
[2019.04.16-17.12.01:358][892]LogModuleManager: Shutting down and abandoning module ProjectTargetPlatformEditor (483)
[2019.04.16-17.12.01:361][892]LogModuleManager: Shutting down and abandoning module EditorSettingsViewer (480)
[2019.04.16-17.12.01:362][892]LogModuleManager: Shutting down and abandoning module SettingsEditor (478)
[2019.04.16-17.12.01:364][892]LogModuleManager: Shutting down and abandoning module ProjectLauncher (476)
[2019.04.16-17.12.01:370][892]LogModuleManager: Shutting down and abandoning module SessionFrontend (474)
[2019.04.16-17.12.01:376][892]LogModuleManager: Shutting down and abandoning module ProfilerClient (472)
[2019.04.16-17.12.01:377][892]LogModuleManager: Shutting down and abandoning module DeviceManager (470)
[2019.04.16-17.12.01:379][892]LogModuleManager: Shutting down and abandoning module TargetDeviceServices (469)
[2019.04.16-17.12.01:437][892]LogModuleManager: Shutting down and abandoning module AutomationController (466)
[2019.04.16-17.12.01:442][892]LogModuleManager: Shutting down and abandoning module AutomationWindow (464)
[2019.04.16-17.12.01:446][892]LogModuleManager: Shutting down and abandoning module Layers (462)
[2019.04.16-17.12.01:453][892]LogModuleManager: Shutting down and abandoning module ComponentVisualizers (460)
[2019.04.16-17.12.01:453][892]LogModuleManager: Shutting down and abandoning module DetailCustomizations (458)
[2019.04.16-17.12.01:465][892]LogModuleManager: Shutting down and abandoning module PackagesDialog (456)
[2019.04.16-17.12.01:469][892]LogModuleManager: Shutting down and abandoning module Persona (454)
[2019.04.16-17.12.01:482][892]LogModuleManager: Shutting down and abandoning module AdvancedPreviewScene (453)
[2019.04.16-17.12.01:482][892]LogModuleManager: Shutting down and abandoning module AnimGraph (451)
[2019.04.16-17.12.01:482][892]LogModuleManager: Shutting down and abandoning module Kismet (448)
[2019.04.16-17.12.01:512][892]LogModuleManager: Shutting down and abandoning module GraphEditor (446)
[2019.04.16-17.12.01:517][892]LogModuleManager: Shutting down and abandoning module ClassViewer (444)
[2019.04.16-17.12.01:517][892]LogModuleManager: Shutting down and abandoning module Toolbox (442)
[2019.04.16-17.12.01:517][892]LogModuleManager: Shutting down and abandoning module DesktopPlatform (441)
[2019.04.16-17.12.01:518][892]LogModuleManager: Shutting down and abandoning module ModuleUI (438)
[2019.04.16-17.12.01:519][892]LogModuleManager: Shutting down and abandoning module MovieSceneTools (436)
[2019.04.16-17.12.01:519][892]LogModuleManager: Shutting down and abandoning module OutputLog (434)
[2019.04.16-17.12.01:519][892]LogModuleManager: Shutting down and abandoning module GammaUI (432)
[2019.04.16-17.12.01:519][892]LogModuleManager: Shutting down and abandoning module Documentation (430)
[2019.04.16-17.12.01:519][892]LogModuleManager: Shutting down and abandoning module MovieSceneTracks (428)
[2019.04.16-17.12.01:519][892]LogModuleManager: Shutting down and abandoning module MovieScene (426)
[2019.04.16-17.12.01:521][892]LogModuleManager: Shutting down and abandoning module StreamingPauseRendering (424)
[2019.04.16-17.12.01:521][892]LogModuleManager: Shutting down and abandoning module LauncherPlatform (422)
[2019.04.16-17.12.01:521][892]LogModuleManager: Shutting down and abandoning module AnalyticsET (420)
[2019.04.16-17.12.01:521][892]LogModuleManager: Shutting down and abandoning module PortalServices (418)
[2019.04.16-17.12.01:521][892]LogModuleManager: Shutting down and abandoning module PortalRpc (416)
[2019.04.16-17.12.01:522][892]LogModuleManager: Shutting down and abandoning module MessagingRpc (414)
[2019.04.16-17.12.01:522][892]LogModuleManager: Shutting down and abandoning module AIModule (412)
[2019.04.16-17.12.01:523][892]LogModuleManager: Shutting down and abandoning module GameplayDebugger (411)
[2019.04.16-17.12.01:526][892]LogModuleManager: Shutting down and abandoning module AITestSuite (409)
[2019.04.16-17.12.01:526][892]LogModuleManager: Shutting down and abandoning module NavigationSystem (407)
[2019.04.16-17.12.01:526][892]LogModuleManager: Shutting down and abandoning module ImageWriteQueue (404)
[2019.04.16-17.12.01:533][892]LogModuleManager: Shutting down and abandoning module ProfilerService (402)
[2019.04.16-17.12.01:776][892]LogModuleManager: Shutting down and abandoning module TaskGraph (400)
[2019.04.16-17.12.01:778][892]LogModuleManager: Shutting down and abandoning module SteamVRController (398)
[2019.04.16-17.12.01:778][892]LogModuleManager: Shutting down and abandoning module ProceduralMeshComponentEditor (396)
[2019.04.16-17.12.01:778][892]LogModuleManager: Shutting down and abandoning module ProceduralMeshComponent (394)
[2019.04.16-17.12.01:779][892]LogModuleManager: Shutting down and abandoning module OculusInput (392)
[2019.04.16-17.12.01:779][892]LogModuleManager: Shutting down and abandoning module MobilePatchingUtils (390)
[2019.04.16-17.12.01:779][892]LogModuleManager: Shutting down and abandoning module EditableMesh (388)
[2019.04.16-17.12.01:779][892]LogModuleManager: Shutting down and abandoning module CustomMeshComponent (386)
[2019.04.16-17.12.01:779][892]LogModuleManager: Shutting down and abandoning module CableComponent (384)
[2019.04.16-17.12.01:779][892]LogModuleManager: Shutting down and abandoning module AudioCapture (382)
[2019.04.16-17.12.01:779][892]LogModuleManager: Shutting down and abandoning module ArchVisCharacter (380)
[2019.04.16-17.12.01:779][892]LogModuleManager: Shutting down and abandoning module AndroidPermission (378)
[2019.04.16-17.12.01:779][892]LogModuleManager: Shutting down and abandoning module NUTUnrealEngine4 (376)
[2019.04.16-17.12.01:779][892]LogModuleManager: Shutting down and abandoning module NetcodeUnitTest (374)
[2019.04.16-17.12.01:781][892]LogModuleManager: Shutting down and abandoning module MediaCompositing (372)
[2019.04.16-17.12.01:781][892]LogModuleManager: Shutting down and abandoning module LinearTimecode (370)
[2019.04.16-17.12.01:781][892]LogModuleManager: Shutting down and abandoning module ImgMedia (368)
[2019.04.16-17.12.01:792][892]LogModuleManager: Shutting down and abandoning module HTML5Networking (366)
[2019.04.16-17.12.01:792][892]LogModuleManager: Shutting down and abandoning module GeometryCacheTracks (364)
[2019.04.16-17.12.01:792][892]LogModuleManager: Shutting down and abandoning module GeometryCacheSequencer (362)
[2019.04.16-17.12.01:793][892]LogModuleManager: Shutting down and abandoning module BackChannel (360)
[2019.04.16-17.12.01:793][892]LogModuleManager: Shutting down and abandoning module AppleVision (358)
[2019.04.16-17.12.01:793][892]LogModuleManager: Shutting down and abandoning module AppleImageUtilsBlueprintSupport (356)
[2019.04.16-17.12.01:793][892]LogModuleManager: Shutting down and abandoning module AppleImageUtils (354)
[2019.04.16-17.12.01:793][892]LogModuleManager: Shutting down and abandoning module AlembicImporter (352)
[2019.04.16-17.12.01:793][892]LogModuleManager: Shutting down and abandoning module AlembicLibrary (351)
[2019.04.16-17.12.01:793][892]LogModuleManager: Shutting down and abandoning module GeometryCache (350)
[2019.04.16-17.12.01:793][892]LogModuleManager: Shutting down and abandoning module GeometryCacheEd (349)
[2019.04.16-17.12.01:793][892]LogModuleManager: Shutting down and abandoning module VariantManagerContent (344)
[2019.04.16-17.12.01:793][892]LogModuleManager: Shutting down and abandoning module DatasmithContentEditor (342)
[2019.04.16-17.12.01:793][892]LogModuleManager: Shutting down and abandoning module SpeedTreeImporter (340)
[2019.04.16-17.12.01:793][892]LogModuleManager: Shutting down and abandoning module PluginBrowser (338)
[2019.04.16-17.12.01:796][892]LogModuleManager: Shutting down and abandoning module MobileLauncherProfileWizard (336)
[2019.04.16-17.12.01:798][892]LogModuleManager: Shutting down and abandoning module PolygonModeling (334)
[2019.04.16-17.12.01:798][892]LogModuleManager: Shutting down and abandoning module MeshEditor (332)
[2019.04.16-17.12.01:798][892]LogModuleManager: Shutting down and abandoning module CryptoKeysOpenSSL (330)
[2019.04.16-17.12.01:798][892]LogModuleManager: Shutting down and abandoning module CryptoKeys (328)
[2019.04.16-17.12.01:799][892]LogModuleManager: Shutting down and abandoning module VisualStudioSourceCodeAccess (326)
[2019.04.16-17.12.01:799][892]LogModuleManager: Shutting down and abandoning module VisualStudioCodeSourceCodeAccess (324)
[2019.04.16-17.12.01:799][892]LogModuleManager: Shutting down and abandoning module UObjectPlugin (322)
[2019.04.16-17.12.01:799][892]LogModuleManager: Shutting down and abandoning module SubversionSourceControl (320)
[2019.04.16-17.12.01:799][892]LogModuleManager: Shutting down and abandoning module PerforceSourceControl (318)
[2019.04.16-17.12.01:800][892]LogModuleManager: Shutting down and abandoning module GitSourceControl (316)
[2019.04.16-17.12.01:803][892]LogModuleManager: Shutting down and abandoning module SourceControl (315)
[2019.04.16-17.12.01:804][892]LogModuleManager: Shutting down and abandoning module CLionSourceCodeAccess (312)
[2019.04.16-17.12.01:804][892]LogModuleManager: Shutting down and abandoning module ActorLayerUtilitiesEditor (310)
[2019.04.16-17.12.01:804][892]LogModuleManager: Shutting down and abandoning module ActorLayerUtilities (308)
[2019.04.16-17.12.01:804][892]LogModuleManager: Shutting down and abandoning module LightPropagationVolumeEditor (306)
[2019.04.16-17.12.01:804][892]LogModuleManager: Shutting down and abandoning module PaperTiledImporter (304)
[2019.04.16-17.12.01:804][892]LogModuleManager: Shutting down and abandoning module PaperSpriteSheetImporter (302)
[2019.04.16-17.12.01:804][892]LogModuleManager: Shutting down and abandoning module Paper2DEditor (300)
[2019.04.16-17.12.01:806][892]LogModuleManager: Shutting down and abandoning module MeshPaint (299)
[2019.04.16-17.12.01:807][892]LogModuleManager: Shutting down and abandoning module RuntimePhysXCooking (294)
[2019.04.16-17.12.01:807][892]LogModuleManager: Shutting down and abandoning module PhysXVehiclesEditor (292)
[2019.04.16-17.12.01:807][892]LogModuleManager: Shutting down and abandoning module PhysXVehicles (290)
[2019.04.16-17.12.01:807][892]LogModuleManager: Shutting down and abandoning module OculusEditor (288)
[2019.04.16-17.12.01:808][892]LogModuleManager: Shutting down and abandoning module LocationServicesBPLibrary (286)
[2019.04.16-17.12.01:808][892]LogModuleManager: Shutting down and abandoning module ActorSequence (284)
[2019.04.16-17.12.01:808][892]LogModuleManager: Shutting down and abandoning module UdpMessaging (282)
[2019.04.16-17.12.01:909][892]LogModuleManager: Shutting down and abandoning module TcpMessaging (280)
[2019.04.16-17.12.02:009][892]LogModuleManager: Shutting down and abandoning module MagicLeapAudio (278)
[2019.04.16-17.12.02:009][892]LogModuleManager: Shutting down and abandoning module GameplayTagsEditor (276)
[2019.04.16-17.12.02:010][892]LogModuleManager: Shutting down and abandoning module FacialAnimationEditor (274)
[2019.04.16-17.12.02:010][892]LogModuleManager: Shutting down and abandoning module FacialAnimation (272)
[2019.04.16-17.12.02:010][892]LogModuleManager: Shutting down and abandoning module DataValidation (270)
[2019.04.16-17.12.02:010][892]LogModuleManager: Shutting down and abandoning module AssetManagerEditor (268)
[2019.04.16-17.12.02:011][892]LogModuleManager: Shutting down and abandoning module LevelEditor (267)
[2019.04.16-17.12.02:017][892]LogModuleManager: Shutting down and abandoning module PixelInspectorModule (266)
[2019.04.16-17.12.02:018][892]LogModuleManager: Shutting down and abandoning module CommonMenuExtensions (264)
[2019.04.16-17.12.02:018][892]LogModuleManager: Shutting down and abandoning module MainFrame (262)
[2019.04.16-17.12.02:018][892]LogModuleManager: Shutting down and abandoning module HotReload (261)
[2019.04.16-17.12.02:021][892]LogModuleManager: Shutting down and abandoning module ContentBrowser (257)
[2019.04.16-17.12.02:023][892]LogModuleManager: Shutting down and abandoning module TreeMap (255)
[2019.04.16-17.12.02:023][892]LogModuleManager: Shutting down and abandoning module LightPropagationVolumeRuntime (252)
[2019.04.16-17.12.02:023][892]LogModuleManager: Shutting down and abandoning module AISupportModule (250)
[2019.04.16-17.12.02:023][892]LogModuleManager: Shutting down and abandoning module Paper2D (248)
[2019.04.16-17.12.02:023][892]LogModuleManager: Shutting down and abandoning module WindowsMoviePlayer (246)
[2019.04.16-17.12.02:024][892]LogModuleManager: Shutting down and abandoning module WebMMoviePlayer (244)
[2019.04.16-17.12.02:024][892]LogModuleManager: Shutting down and abandoning module WmfMedia (242)
[2019.04.16-17.12.02:025][892]LogModuleManager: Shutting down and abandoning module Media (241)
[2019.04.16-17.12.02:032][892]LogModuleManager: Shutting down and abandoning module PacketHandler (238)
[2019.04.16-17.12.02:032][892]LogModuleManager: Shutting down and abandoning module ClothingSystemEditor (236)
[2019.04.16-17.12.02:032][892]LogModuleManager: Shutting down and abandoning module ClothingSystemRuntime (234)
[2019.04.16-17.12.02:033][892]LogModuleManager: Shutting down and abandoning module MediaAssets (232)
[2019.04.16-17.12.02:033][892]LogModuleManager: Shutting down and abandoning module Overlay (230)
[2019.04.16-17.12.02:033][892]LogModuleManager: Shutting down and abandoning module OverlayEditor (229)
[2019.04.16-17.12.02:033][892]LogModuleManager: Shutting down and abandoning module VREditor (226)
[2019.04.16-17.12.02:035][892]LogModuleManager: Shutting down and abandoning module StringTableEditor (224)
[2019.04.16-17.12.02:036][892]LogModuleManager: Shutting down and abandoning module GameplayTasksEditor (222)
[2019.04.16-17.12.02:036][892]LogModuleManager: Shutting down and abandoning module BehaviorTreeEditor (220)
[2019.04.16-17.12.02:039][892]LogModuleManager: Shutting down and abandoning module FunctionalTesting (218)
[2019.04.16-17.12.02:040][892]LogModuleManager: Shutting down and abandoning module CollisionAnalyzer (216)
[2019.04.16-17.12.02:041][892]LogModuleManager: Shutting down and abandoning module WorkspaceMenuStructure (215)
[2019.04.16-17.12.02:041][892]LogModuleManager: Shutting down and abandoning module UMG (212)
[2019.04.16-17.12.02:042][892]LogModuleManager: Shutting down and abandoning module UMGEditor (211)
[2019.04.16-17.12.02:044][892]LogModuleManager: Shutting down and abandoning module Sequencer (210)
[2019.04.16-17.12.02:049][892]LogModuleManager: Shutting down and abandoning module MessageLog (207)
[2019.04.16-17.12.02:050][892]LogModuleManager: Shutting down and abandoning module SlateReflector (202)
[2019.04.16-17.12.02:054][892]LogModuleManager: Shutting down and abandoning module Slate (200)
[2019.04.16-17.12.02:054][892]LogModuleManager: Shutting down and abandoning module EditorStyle (198)
[2019.04.16-17.12.02:058][892]LogModuleManager: Shutting down and abandoning module MRMesh (196)
[2019.04.16-17.12.02:058][892]LogModuleManager: Shutting down and abandoning module SourceCodeAccess (194)
[2019.04.16-17.12.02:058][892]LogModuleManager: Shutting down and abandoning module HeadMountedDisplay (192)
[2019.04.16-17.12.02:058][892]LogModuleManager: Shutting down and abandoning module XAudio2 (190)
[2019.04.16-17.12.02:058][892]LogModuleManager: Shutting down and abandoning module Networking (188)
[2019.04.16-17.12.02:058][892]LogModuleManager: Shutting down and abandoning module Core (186)
[2019.04.16-17.12.02:058][892]LogModuleManager: Shutting down and abandoning module LevelSequence (184)
[2019.04.16-17.12.02:059][892]LogModuleManager: Shutting down and abandoning module KismetCompiler (182)
[2019.04.16-17.12.02:059][892]LogModuleManager: Shutting down and abandoning module MeshUtilities (180)
[2019.04.16-17.12.02:059][892]LogModuleManager: Shutting down and abandoning module MeshMergeUtilities (179)
[2019.04.16-17.12.02:060][892]LogModuleManager: Shutting down and abandoning module MeshReductionInterface (178)
[2019.04.16-17.12.02:060][892]LogModuleManager: Shutting down and abandoning module SimplygonSwarm (177)
[2019.04.16-17.12.02:060][892]LogModuleManager: Shutting down and abandoning module ProxyLODMeshReduction (175)
[2019.04.16-17.12.02:061][892]LogModuleManager: Shutting down and abandoning module SimplygonMeshReduction (173)
[2019.04.16-17.12.02:062][892]LogModuleManager: Shutting down and abandoning module QuadricMeshReduction (171)
[2019.04.16-17.12.02:062][892]LogModuleManager: Shutting down and abandoning module MaterialBaking (167)
[2019.04.16-17.12.02:062][892]LogModuleManager: Shutting down and abandoning module DirectoryWatcher (163)
[2019.04.16-17.12.02:062][892]LogModuleManager: Shutting down and abandoning module DerivedDataCache (160)
[2019.04.16-17.12.02:158][892]LogDerivedDataCache: Shutdown
[2019.04.16-17.12.02:158][892]LogModuleManager: Shutting down and abandoning module XGEController (158)
[2019.04.16-17.12.02:159][892]LogModuleManager: Shutting down and abandoning module TargetPlatform (156)
[2019.04.16-17.12.02:159][892]LogModuleManager: Shutting down and abandoning module VulkanShaderFormat (155)
[2019.04.16-17.12.02:160][892]LogModuleManager: Shutting down and abandoning module ShaderFormatVectorVM (153)
[2019.04.16-17.12.02:160][892]LogModuleManager: Shutting down and abandoning module ShaderFormatOpenGL (151)
[2019.04.16-17.12.02:161][892]LogModuleManager: Shutting down and abandoning module ShaderFormatD3D (149)
[2019.04.16-17.12.02:161][892]LogModuleManager: Shutting down and abandoning module MetalShaderFormat (147)
[2019.04.16-17.12.02:163][892]LogModuleManager: Shutting down and abandoning module TextureFormatUncompressed (145)
[2019.04.16-17.12.02:163][892]LogModuleManager: Shutting down and abandoning module TextureFormatPVR (143)
[2019.04.16-17.12.02:163][892]LogModuleManager: Shutting down and abandoning module TextureFormatDXT (141)
[2019.04.16-17.12.02:163][892]LogModuleManager: Shutting down and abandoning module TextureFormatIntelISPCTexComp (139)
[2019.04.16-17.12.02:164][892]LogModuleManager: Shutting down and abandoning module TextureFormatASTC (137)
[2019.04.16-17.12.02:164][892]LogModuleManager: Shutting down and abandoning module ImageWrapper (136)
[2019.04.16-17.12.02:164][892]LogModuleManager: Shutting down and abandoning module TextureFormatAndroid (133)
[2019.04.16-17.12.02:164][892]LogModuleManager: Shutting down and abandoning module AudioFormatOpus (131)
[2019.04.16-17.12.02:164][892]LogModuleManager: Shutting down and abandoning module AudioFormatOgg (129)
[2019.04.16-17.12.02:164][892]LogModuleManager: Shutting down and abandoning module AudioFormatADPCM (127)
[2019.04.16-17.12.02:164][892]LogModuleManager: Shutting down and abandoning module LuminTargetPlatform (125)
[2019.04.16-17.12.02:180][892]LogModuleManager: Shutting down and abandoning module LinuxTargetPlatform (123)
[2019.04.16-17.12.02:180][892]LogModuleManager: Shutting down and abandoning module LinuxServerTargetPlatform (121)
[2019.04.16-17.12.02:180][892]LogModuleManager: Shutting down and abandoning module LinuxNoEditorTargetPlatform (119)
[2019.04.16-17.12.02:180][892]LogModuleManager: Shutting down and abandoning module LinuxClientTargetPlatform (117)
[2019.04.16-17.12.02:180][892]LogModuleManager: Shutting down and abandoning module TVOSTargetPlatform (115)
[2019.04.16-17.12.02:183][892]LogModuleManager: Shutting down and abandoning module Messaging (113)
[2019.04.16-17.12.02:184][892]LogModuleManager: Shutting down and abandoning module IOSTargetPlatform (111)
[2019.04.16-17.12.02:188][892]LogModuleManager: Shutting down and abandoning module HTML5TargetPlatform (109)
[2019.04.16-17.12.02:188][892]LogModuleManager: Shutting down and abandoning module AndroidTargetPlatform (107)
[2019.04.16-17.12.02:225][892]LogModuleManager: Shutting down and abandoning module WindowsTargetPlatform (105)
[2019.04.16-17.12.02:225][892]LogModuleManager: Shutting down and abandoning module WindowsServerTargetPlatform (103)
[2019.04.16-17.12.02:225][892]LogModuleManager: Shutting down and abandoning module WindowsNoEditorTargetPlatform (101)
[2019.04.16-17.12.02:225][892]LogModuleManager: Shutting down and abandoning module WindowsClientTargetPlatform (99)
[2019.04.16-17.12.02:225][892]LogModuleManager: Shutting down and abandoning module MacTargetPlatform (97)
[2019.04.16-17.12.02:225][892]LogModuleManager: Shutting down and abandoning module MacServerTargetPlatform (95)
[2019.04.16-17.12.02:225][892]LogModuleManager: Shutting down and abandoning module MacNoEditorTargetPlatform (93)
[2019.04.16-17.12.02:225][892]LogModuleManager: Shutting down and abandoning module MacClientTargetPlatform (91)
[2019.04.16-17.12.02:225][892]LogModuleManager: Shutting down and abandoning module AllDesktopTargetPlatform (89)
[2019.04.16-17.12.02:225][892]LogModuleManager: Shutting down and abandoning module InputCore (86)
[2019.04.16-17.12.02:225][892]LogModuleManager: Shutting down and abandoning module Settings (84)
[2019.04.16-17.12.02:225][892]LogModuleManager: Shutting down and abandoning module PhysXCooking (82)
[2019.04.16-17.12.02:225][892]LogModuleManager: Shutting down and abandoning module SteamVR (80)
[2019.04.16-17.12.02:226][892]LogHMD: Freeing OpenVRDLLHandle.
[2019.04.16-17.12.02:226][892]LogModuleManager: Shutting down and abandoning module OculusHMD (78)
[2019.04.16-17.12.02:227][892]LogModuleManager: Shutting down and abandoning module ExampleDeviceProfileSelector (76)
[2019.04.16-17.12.02:227][892]LogModuleManager: Shutting down and abandoning module LauncherChunkInstaller (74)
[2019.04.16-17.12.02:227][892]LogModuleManager: Shutting down and abandoning module OnlineBlueprintSupport (72)
[2019.04.16-17.12.02:227][892]LogModuleManager: Shutting down and abandoning module OnlineSubsystem (68)
[2019.04.16-17.12.02:230][892]LogModuleManager: Shutting down and abandoning module XMPP (63)
[2019.04.16-17.12.02:232][892]LogModuleManager: Shutting down and abandoning module WebSockets (62)
[2019.04.16-17.12.02:246][892]LogModuleManager: Shutting down and abandoning module HTTP (59)
[2019.04.16-17.12.02:246][892]LogHttp: Display: Http module shutting down, but needs to wait on 1 outstanding Http requests:
[2019.04.16-17.12.02:246][892]LogHttp: Display: 	verb=[POST] url=[https://datarouter.ol.epicgames.com/datarouter/api/v1/public/data?SessionID=%7B3F4F6474-4052-B0A1-DA3B-90ABAA622BE2%7D&AppID=UEEditor.Rocket.Release&AppVersion=4.21.2-4753647%2B%2B%2BUE4%2BRelease-4.21&UserID=2938f7d44d2e832cd679209e78c86766%7C2dcb689e85944acf89f68d859ee4373d%7Ccf057740-bf80-432a-9158-48f3fbb6a4cc&AppEnvironment=datacollector-binary&UploadType=eteventstream] status=Processing
[2019.04.16-17.12.02:281][892]LogModuleManager: Shutting down and abandoning module SSL (58)
[2019.04.16-17.12.02:283][892]LogModuleManager: Shutting down and abandoning module MagicLeapIdentity (54)
[2019.04.16-17.12.02:283][892]LogModuleManager: Shutting down and abandoning module MagicLeapHelperVulkan (52)
[2019.04.16-17.12.02:283][892]LogModuleManager: Shutting down and abandoning module MagicLeapHelperOpenGL (50)
[2019.04.16-17.12.02:283][892]LogModuleManager: Shutting down and abandoning module MagicLeapSecureStorage (48)
[2019.04.16-17.12.02:283][892]LogModuleManager: Shutting down and abandoning module MagicLeapHandTracking (46)
[2019.04.16-17.12.02:283][892]LogModuleManager: Shutting down and abandoning module MagicLeapEyeTracker (44)
[2019.04.16-17.12.02:283][892]LogModuleManager: Shutting down and abandoning module MagicLeapController (42)
[2019.04.16-17.12.02:283][892]LogSlate: Slate User Destroyed.  User Index 0, Is Virtual User: 0
[2019.04.16-17.12.02:283][892]LogModuleManager: Shutting down and abandoning module MagicLeap (40)
[2019.04.16-17.12.02:284][892]LogModuleManager: Shutting down and abandoning module DatasmithContent (38)
[2019.04.16-17.12.02:285][892]LogModuleManager: Shutting down and abandoning module AnimationModifiers (36)
[2019.04.16-17.12.02:286][892]LogModuleManager: Shutting down and abandoning module PropertyEditor (35)
[2019.04.16-17.12.02:287][892]LogModuleManager: Shutting down and abandoning module AudioEditor (32)
[2019.04.16-17.12.02:290][892]LogModuleManager: Shutting down and abandoning module TextureCompressor (30)
[2019.04.16-17.12.02:290][892]LogModuleManager: Shutting down and abandoning module ShaderCore (28)
[2019.04.16-17.12.02:290][892]LogModuleManager: Shutting down and abandoning module Landscape (26)
[2019.04.16-17.12.02:290][892]LogModuleManager: Shutting down and abandoning module SlateRHIRenderer (24)
[2019.04.16-17.12.02:294][892]LogModuleManager: Shutting down and abandoning module OpenGLDrv (22)
[2019.04.16-17.12.02:295][892]LogModuleManager: Shutting down and abandoning module D3D11RHI (20)
[2019.04.16-17.12.02:295][892]LogModuleManager: Shutting down and abandoning module AnimGraphRuntime (18)
[2019.04.16-17.12.02:296][892]LogModuleManager: Shutting down and abandoning module Renderer (16)
[2019.04.16-17.12.02:296][892]LogModuleManager: Shutting down and abandoning module Engine (14)
[2019.04.16-17.12.02:296][892]LogModuleManager: Shutting down and abandoning module CoreUObject (12)
[2019.04.16-17.12.02:296][892]LogModuleManager: Shutting down and abandoning module NetworkFile (10)
[2019.04.16-17.12.02:296][892]LogModuleManager: Shutting down and abandoning module CookedIterativeFile (8)
[2019.04.16-17.12.02:296][892]LogModuleManager: Shutting down and abandoning module StreamingFile (6)
[2019.04.16-17.12.02:296][892]LogModuleManager: Shutting down and abandoning module SandboxFile (4)
[2019.04.16-17.12.02:296][892]LogModuleManager: Shutting down and abandoning module PakFile (2)
[2019.04.16-17.12.02:308][892]LogExit: Exiting.
[2019.04.16-17.12.02:324][892]Log file closed, 04/16/19 13:12:02
