Log file open, 04/30/19 12:57:44
LogWindows: Failed to load 'aqProf.dll' (GetLastError=126)
LogWindows: File 'aqProf.dll' does not exist
LogWindows: Failed to load 'VtuneApi.dll' (GetLastError=126)
LogWindows: File 'VtuneApi.dll' does not exist
LogWindows: Failed to load 'VtuneApi32e.dll' (GetLastError=126)
LogWindows: File 'VtuneApi32e.dll' does not exist
LogConsoleResponse: Display: Failed to find resolution value strings in scalability ini. Falling back to default.
LogInit: Display: Running engine for game: Prototype_Combat
LogPakFile: Registered encryption key '00000000000000000000000000000000': 0 pak files mounted, 0 remain pending
LogPlatformFile: Not using cached read wrapper
LogTaskGraph: Started task graph with 5 named threads and 23 total threads with 3 sets of task threads.
LogStats: Stats thread started at 0.267676
LogD3D11RHI: Loaded GFSDK_Aftermath_Lib.x64.dll
LogICUInternationalization: ICU TimeZone Detection - Raw Offset: -5:00, Platform Override: ''
LogPluginManager: Mounting plugin Paper2D
LogPluginManager: Mounting plugin AISupport
LogPluginManager: Mounting plugin LightPropagationVolume
LogPluginManager: Mounting plugin ActorLayerUtilities
LogPluginManager: Mounting plugin CLionSourceCodeAccess
LogPluginManager: Mounting plugin CodeLiteSourceCodeAccess
LogPluginManager: Mounting plugin GitSourceControl
LogPluginManager: Mounting plugin KDevelopSourceCodeAccess
LogPluginManager: Mounting plugin NullSourceCodeAccess
LogPluginManager: Mounting plugin PerforceSourceControl
LogPluginManager: Mounting plugin SubversionSourceControl
LogPluginManager: Mounting plugin UObjectPlugin
LogPluginManager: Mounting plugin VisualStudioCodeSourceCodeAccess
LogPluginManager: Mounting plugin VisualStudioSourceCodeAccess
LogPluginManager: Mounting plugin XCodeSourceCodeAccess
LogPluginManager: Mounting plugin AssetManagerEditor
LogPluginManager: Mounting plugin CryptoKeys
LogPluginManager: Mounting plugin DataValidation
LogPluginManager: Mounting plugin FacialAnimation
LogPluginManager: Mounting plugin GameplayTagsEditor
LogPluginManager: Mounting plugin MacGraphicsSwitching
LogPluginManager: Mounting plugin MeshEditor
LogPluginManager: Mounting plugin MobileLauncherProfileWizard
LogPluginManager: Mounting plugin PluginBrowser
LogPluginManager: Mounting plugin SpeedTreeImporter
LogPluginManager: Mounting plugin DatasmithContent
LogPluginManager: Mounting plugin VariantManagerContent
LogPluginManager: Mounting plugin AlembicImporter
LogPluginManager: Mounting plugin AppleImageUtils
LogPluginManager: Mounting plugin AppleVision
LogPluginManager: Mounting plugin BackChannel
LogPluginManager: Mounting plugin CharacterAI
LogPluginManager: Mounting plugin GeometryCache
LogPluginManager: Mounting plugin HTML5Networking
LogPluginManager: Mounting plugin ProxyLODPlugin
LogPluginManager: Mounting plugin MagicLeap
LogPluginManager: Mounting plugin MagicLeapMedia
LogPluginManager: Mounting plugin AndroidMedia
LogPluginManager: Mounting plugin AvfMedia
LogPluginManager: Mounting plugin ImgMedia
LogPluginManager: Mounting plugin LinearTimecode
LogPluginManager: Mounting plugin MediaCompositing
LogPluginManager: Mounting plugin MediaPlayerEditor
LogPluginManager: Mounting plugin WebMMedia
LogPluginManager: Mounting plugin WmfMedia
LogPluginManager: Mounting plugin TcpMessaging
LogPluginManager: Mounting plugin UdpMessaging
LogPluginManager: Mounting plugin ActorSequence
LogPluginManager: Mounting plugin LevelSequenceEditor
LogPluginManager: Mounting plugin MatineeToLevelSequence
LogPluginManager: Mounting plugin NetcodeUnitTest
LogPluginManager: Mounting plugin NUTUnrealEngine4
LogPluginManager: Mounting plugin OnlineSubsystemGooglePlay
LogPluginManager: Mounting plugin OnlineSubsystemIOS
LogPluginManager: Mounting plugin OnlineSubsystem
LogPluginManager: Mounting plugin OnlineSubsystemNull
LogPluginManager: Mounting plugin OnlineSubsystemUtils
LogPluginManager: Mounting plugin LauncherChunkInstaller
LogPluginManager: Mounting plugin AndroidDeviceProfileSelector
LogPluginManager: Mounting plugin AndroidMoviePlayer
LogPluginManager: Mounting plugin AndroidPermission
LogPluginManager: Mounting plugin AppleMoviePlayer
LogPluginManager: Mounting plugin ArchVisCharacter
LogPluginManager: Mounting plugin AudioCapture
LogPluginManager: Mounting plugin CableComponent
LogPluginManager: Mounting plugin CustomMeshComponent
LogPluginManager: Mounting plugin EditableMesh
LogPluginManager: Mounting plugin ExampleDeviceProfileSelector
LogPluginManager: Mounting plugin Firebase
LogPluginManager: Mounting plugin GoogleCloudMessaging
LogPluginManager: Mounting plugin IOSDeviceProfileSelector
LogPluginManager: Mounting plugin LinuxDeviceProfileSelector
LogPluginManager: Mounting plugin LocationServicesBPLibrary
LogPluginManager: Mounting plugin MobilePatchingUtils
LogPluginManager: Mounting plugin OculusVR
LogPluginManager: Mounting plugin PhysXVehicles
LogPluginManager: Mounting plugin ProceduralMeshComponent
LogPluginManager: Mounting plugin RuntimePhysXCooking
LogPluginManager: Mounting plugin SteamVR
LogPluginManager: Mounting plugin WebMMoviePlayer
LogPluginManager: Mounting plugin WindowsMoviePlayer
LogStreaming: Display: Took  0.087s to configure plugins.
LogInit: Using libcurl 7.55.1-DEV
LogInit:  - built for x86_64-pc-win32
LogInit:  - supports SSL with OpenSSL/1.0.2h
LogInit:  - supports HTTP deflate (compression) using libz 1.2.8
LogInit:  - other features:
LogInit:      CURL_VERSION_SSL
LogInit:      CURL_VERSION_LIBZ
LogInit:      CURL_VERSION_IPV6
LogInit:      CURL_VERSION_ASYNCHDNS
LogInit:      CURL_VERSION_LARGEFILE
LogInit:      CURL_VERSION_IDN
LogInit:  CurlRequestOptions (configurable via config and command line):
LogInit:  - bVerifyPeer = true  - Libcurl will verify peer certificate
LogInit:  - bUseHttpProxy = false  - Libcurl will NOT use HTTP proxy
LogInit:  - bDontReuseConnections = false  - Libcurl will reuse connections
LogInit:  - MaxHostConnections = 16  - Libcurl will limit the number of connections to a host
LogInit:  - LocalHostAddr = Default
LogInit:  - BufferSize = 65536
LogInit: WinSock: version 1.1 (2.2), MaxSocks=32767, MaxUdp=65467
LogInit: Build: ++UE4+Release-4.21-CL-4753647
LogInit: Engine Version: 4.21.2-4753647+++UE4+Release-4.21
LogInit: Compatible Engine Version: 4.21.0-4541578+++UE4+Release-4.21
LogInit: Net CL: 4541578
LogInit: OS: Windows 10 (), CPU: Intel(R) Core(TM) i7-8565U CPU @ 1.80GHz, GPU: Intel(R) UHD Graphics 620
LogInit: Compiled (64-bit): Jan 19 2019 02:07:31
LogInit: Compiled with Visual C++: 19.13.26129.00
LogInit: Build Configuration: Development
LogInit: Branch Name: ++UE4+Release-4.21
LogInit: Command Line: 
LogInit: Base Directory: C:/Program Files/Epic Games/UE_4.21/Engine/Binaries/Win64/
LogInit: Installed Engine Build: 1
LogDevObjectVersion: Number of dev versions registered: 22
LogDevObjectVersion:   Dev-Blueprints (B0D832E4-1F89-4F0D-ACCF-7EB736FD4AA2): 10
LogDevObjectVersion:   Dev-Build (E1C64328-A22C-4D53-A36C-8E866417BD8C): 0
LogDevObjectVersion:   Dev-Core (375EC13C-06E4-48FB-B500-84F0262A717E): 2
LogDevObjectVersion:   Dev-Editor (E4B068ED-F494-42E9-A231-DA0B2E46BB41): 26
LogDevObjectVersion:   Dev-Framework (CFFC743F-43B0-4480-9391-14DF171D2073): 34
LogDevObjectVersion:   Dev-Mobile (B02B49B5-BB20-44E9-A304-32B752E40360): 2
LogDevObjectVersion:   Dev-Networking (A4E4105C-59A1-49B5-A7C5-40C4547EDFEE): 0
LogDevObjectVersion:   Dev-Online (39C831C9-5AE6-47DC-9A44-9C173E1C8E7C): 0
LogDevObjectVersion:   Dev-Physics (78F01B33-EBEA-4F98-B9B4-84EACCB95AA2): 0
LogDevObjectVersion:   Dev-Platform (6631380F-2D4D-43E0-8009-CF276956A95A): 0
LogDevObjectVersion:   Dev-Rendering (12F88B9F-8875-4AFC-A67C-D90C383ABD29): 27
LogDevObjectVersion:   Dev-Sequencer (7B5AE74C-D270-4C10-A958-57980B212A5A): 9
LogDevObjectVersion:   Dev-VR (D7296918-1DD6-4BDD-9DE2-64A83CC13884): 2
LogDevObjectVersion:   Dev-LoadTimes (C2A15278-BFE7-4AFE-6C17-90FF531DF755): 1
LogDevObjectVersion:   Private-Geometry (6EACA3D4-40EC-4CC1-B786-8BED09428FC5): 3
LogDevObjectVersion:   Dev-AnimPhys (29E575DD-E0A3-4627-9D10-D276232CDCEA): 17
LogDevObjectVersion:   Dev-Anim (AF43A65D-7FD3-4947-9873-3E8ED9C1BB05): 2
LogDevObjectVersion:   Dev-ReflectionCapture (6B266CEC-1EC7-4B8F-A30B-E4D90942FC07): 1
LogDevObjectVersion:   Dev-Automation (0DF73D61-A23F-47EA-B727-89E90C41499A): 1
LogDevObjectVersion:   FortniteMain (601D1886-AC64-4F84-AA16-D3DE0DEAC7D6): 17
LogDevObjectVersion:   Dev-Enterprise (9DFFBCD6-494F-0158-E221-12823C92A888): 4
LogDevObjectVersion:   Dev-Niagara (F2AED0AC-9AFE-416F-8664-AA7FFA26D6FC): 1
LogStreaming: Display: Took  0.004s to delete old logs.
LogInit: Presizing for max 8388607 objects, including 0 objects not considered by GC, pre-allocating 0 bytes for permanent pool.
LogInit: Object subsystem initialized
LogConfig: Setting CVar [[con.DebugEarlyDefault:1]]
LogConfig: Setting CVar [[r.setres:1280x720]]
[2019.04.30-16.57.44:672][  0]LogConfig: Setting CVar [[r.VSync:0]]
[2019.04.30-16.57.44:672][  0]LogConfig: Setting CVar [[r.RHICmdBypass:0]]
[2019.04.30-16.57.44:672][  0]LogConfig: Applying CVar settings from Section [/Script/Engine.RendererSettings] File [C:/Users/Snowm/Documents/CombatC-/Prototype_Combat/Saved/Config/Windows/Engine.ini]
[2019.04.30-16.57.44:672][  0]LogConfig: Setting CVar [[r.GPUCrashDebugging:0]]
[2019.04.30-16.57.44:672][  0]LogConfig: Applying CVar settings from Section [/Script/Engine.RendererOverrideSettings] File [C:/Users/Snowm/Documents/CombatC-/Prototype_Combat/Saved/Config/Windows/Engine.ini]
[2019.04.30-16.57.44:672][  0]LogConfig: Applying CVar settings from Section [/Script/Engine.StreamingSettings] File [C:/Users/Snowm/Documents/CombatC-/Prototype_Combat/Saved/Config/Windows/Engine.ini]
[2019.04.30-16.57.44:672][  0]LogConfig: Setting CVar [[s.MinBulkDataSizeForAsyncLoading:131072]]
[2019.04.30-16.57.44:672][  0]LogConfig: Setting CVar [[s.AsyncLoadingThreadEnabled:0]]
[2019.04.30-16.57.44:672][  0]LogConfig: Setting CVar [[s.EventDrivenLoaderEnabled:1]]
[2019.04.30-16.57.44:672][  0]LogConfig: Setting CVar [[s.WarnIfTimeLimitExceeded:0]]
[2019.04.30-16.57.44:672][  0]LogConfig: Setting CVar [[s.TimeLimitExceededMultiplier:1.5]]
[2019.04.30-16.57.44:672][  0]LogConfig: Setting CVar [[s.TimeLimitExceededMinTime:0.005]]
[2019.04.30-16.57.44:672][  0]LogConfig: Setting CVar [[s.UseBackgroundLevelStreaming:1]]
[2019.04.30-16.57.44:672][  0]LogConfig: Setting CVar [[s.PriorityAsyncLoadingExtraTime:15.0]]
[2019.04.30-16.57.44:672][  0]LogConfig: Setting CVar [[s.LevelStreamingActorsUpdateTimeLimit:5.0]]
[2019.04.30-16.57.44:672][  0]LogConfig: Setting CVar [[s.PriorityLevelStreamingActorsUpdateExtraTime:5.0]]
[2019.04.30-16.57.44:672][  0]LogConfig: Setting CVar [[s.LevelStreamingComponentsRegistrationGranularity:10]]
[2019.04.30-16.57.44:672][  0]LogConfig: Setting CVar [[s.UnregisterComponentsTimeLimit:1.0]]
[2019.04.30-16.57.44:672][  0]LogConfig: Setting CVar [[s.LevelStreamingComponentsUnregistrationGranularity:5]]
[2019.04.30-16.57.44:672][  0]LogConfig: Applying CVar settings from Section [/Script/Engine.GarbageCollectionSettings] File [C:/Users/Snowm/Documents/CombatC-/Prototype_Combat/Saved/Config/Windows/Engine.ini]
[2019.04.30-16.57.44:672][  0]LogConfig: Setting CVar [[gc.MaxObjectsNotConsideredByGC:1]]
[2019.04.30-16.57.44:672][  0]LogConfig: Setting CVar [[gc.SizeOfPermanentObjectPool:0]]
[2019.04.30-16.57.44:672][  0]LogConfig: Setting CVar [[gc.FlushStreamingOnGC:0]]
[2019.04.30-16.57.44:672][  0]LogConfig: Setting CVar [[gc.NumRetriesBeforeForcingGC:10]]
[2019.04.30-16.57.44:672][  0]LogConfig: Setting CVar [[gc.AllowParallelGC:1]]
[2019.04.30-16.57.44:672][  0]LogConfig: Setting CVar [[gc.TimeBetweenPurgingPendingKillObjects:61.1]]
[2019.04.30-16.57.44:672][  0]LogConfig: Setting CVar [[gc.MaxObjectsInEditor:8388607]]
[2019.04.30-16.57.44:672][  0]LogConfig: Setting CVar [[gc.IncrementalBeginDestroyEnabled:1]]
[2019.04.30-16.57.44:672][  0]LogConfig: Setting CVar [[gc.CreateGCClusters:1]]
[2019.04.30-16.57.44:672][  0]LogConfig: Setting CVar [[gc.MergeGCClusters:0]]
[2019.04.30-16.57.44:672][  0]LogConfig: Setting CVar [[gc.MinGCClusterSize:5]]
[2019.04.30-16.57.44:672][  0]LogConfig: Setting CVar [[gc.ActorClusteringEnabled:0]]
[2019.04.30-16.57.44:672][  0]LogConfig: Setting CVar [[gc.BlueprintClusteringEnabled:0]]
[2019.04.30-16.57.44:672][  0]LogConfig: Setting CVar [[gc.UseDisregardForGCOnDedicatedServers:0]]
[2019.04.30-16.57.44:672][  0]LogConfig: Applying CVar settings from Section [/Script/Engine.NetworkSettings] File [C:/Users/Snowm/Documents/CombatC-/Prototype_Combat/Saved/Config/Windows/Engine.ini]
[2019.04.30-16.57.44:672][  0]LogConfig: Applying CVar settings from Section [/Script/UnrealEd.CookerSettings] File [C:/Users/Snowm/Documents/CombatC-/Prototype_Combat/Saved/Config/Windows/Engine.ini]
[2019.04.30-16.57.44:675][  0]LogConfig: Applying CVar settings from Section [ViewDistanceQuality@3] File [C:/Users/Snowm/Documents/CombatC-/Prototype_Combat/Saved/Config/Windows/Scalability.ini]
[2019.04.30-16.57.44:675][  0]LogConfig: Setting CVar [[r.SkeletalMeshLODBias:0]]
[2019.04.30-16.57.44:675][  0]LogConfig: Setting CVar [[r.ViewDistanceScale:1.0]]
[2019.04.30-16.57.44:675][  0]LogConfig: Applying CVar settings from Section [AntiAliasingQuality@3] File [C:/Users/Snowm/Documents/CombatC-/Prototype_Combat/Saved/Config/Windows/Scalability.ini]
[2019.04.30-16.57.44:675][  0]LogConfig: Setting CVar [[r.PostProcessAAQuality:4]]
[2019.04.30-16.57.44:675][  0]LogConfig: Applying CVar settings from Section [ShadowQuality@3] File [C:/Users/Snowm/Documents/CombatC-/Prototype_Combat/Saved/Config/Windows/Scalability.ini]
[2019.04.30-16.57.44:675][  0]LogConfig: Setting CVar [[r.LightFunctionQuality:1]]
[2019.04.30-16.57.44:675][  0]LogConfig: Setting CVar [[r.ShadowQuality:5]]
[2019.04.30-16.57.44:675][  0]LogConfig: Setting CVar [[r.Shadow.CSM.MaxCascades:10]]
[2019.04.30-16.57.44:675][  0]LogConfig: Setting CVar [[r.Shadow.MaxResolution:2048]]
[2019.04.30-16.57.44:675][  0]LogConfig: Setting CVar [[r.Shadow.MaxCSMResolution:2048]]
[2019.04.30-16.57.44:675][  0]LogConfig: Setting CVar [[r.Shadow.RadiusThreshold:0.01]]
[2019.04.30-16.57.44:675][  0]LogConfig: Setting CVar [[r.Shadow.DistanceScale:1.0]]
[2019.04.30-16.57.44:675][  0]LogConfig: Setting CVar [[r.Shadow.CSM.TransitionScale:1.0]]
[2019.04.30-16.57.44:675][  0]LogConfig: Setting CVar [[r.Shadow.PreShadowResolutionFactor:1.0]]
[2019.04.30-16.57.44:675][  0]LogConfig: Setting CVar [[r.DistanceFieldShadowing:1]]
[2019.04.30-16.57.44:675][  0]LogConfig: Setting CVar [[r.DistanceFieldAO:1]]
[2019.04.30-16.57.44:675][  0]LogConfig: Setting CVar [[r.AOQuality:2]]
[2019.04.30-16.57.44:675][  0]LogConfig: Setting CVar [[r.VolumetricFog:1]]
[2019.04.30-16.57.44:675][  0]LogConfig: Setting CVar [[r.VolumetricFog.GridPixelSize:8]]
[2019.04.30-16.57.44:675][  0]LogConfig: Setting CVar [[r.VolumetricFog.GridSizeZ:128]]
[2019.04.30-16.57.44:675][  0]LogConfig: Setting CVar [[r.VolumetricFog.HistoryMissSupersampleCount:4]]
[2019.04.30-16.57.44:675][  0]LogConfig: Setting CVar [[r.LightMaxDrawDistanceScale:1]]
[2019.04.30-16.57.44:675][  0]LogConfig: Setting CVar [[r.CapsuleShadows:1]]
[2019.04.30-16.57.44:675][  0]LogConfig: Applying CVar settings from Section [PostProcessQuality@3] File [C:/Users/Snowm/Documents/CombatC-/Prototype_Combat/Saved/Config/Windows/Scalability.ini]
[2019.04.30-16.57.44:675][  0]LogConfig: Setting CVar [[r.MotionBlurQuality:4]]
[2019.04.30-16.57.44:675][  0]LogConfig: Setting CVar [[r.AmbientOcclusionMipLevelFactor:0.4]]
[2019.04.30-16.57.44:675][  0]LogConfig: Setting CVar [[r.AmbientOcclusionMaxQuality:100]]
[2019.04.30-16.57.44:675][  0]LogConfig: Setting CVar [[r.AmbientOcclusionLevels:-1]]
[2019.04.30-16.57.44:675][  0]LogConfig: Setting CVar [[r.AmbientOcclusionRadiusScale:1.0]]
[2019.04.30-16.57.44:675][  0]LogConfig: Setting CVar [[r.DepthOfFieldQuality:2]]
[2019.04.30-16.57.44:675][  0]LogConfig: Setting CVar [[r.RenderTargetPoolMin:400]]
[2019.04.30-16.57.44:675][  0]LogConfig: Setting CVar [[r.LensFlareQuality:2]]
[2019.04.30-16.57.44:675][  0]LogConfig: Setting CVar [[r.SceneColorFringeQuality:1]]
[2019.04.30-16.57.44:675][  0]LogConfig: Setting CVar [[r.EyeAdaptationQuality:2]]
[2019.04.30-16.57.44:676][  0]LogConfig: Setting CVar [[r.BloomQuality:5]]
[2019.04.30-16.57.44:676][  0]LogConfig: Setting CVar [[r.FastBlurThreshold:100]]
[2019.04.30-16.57.44:676][  0]LogConfig: Setting CVar [[r.Upscale.Quality:3]]
[2019.04.30-16.57.44:676][  0]LogConfig: Setting CVar [[r.Tonemapper.GrainQuantization:1]]
[2019.04.30-16.57.44:676][  0]LogConfig: Setting CVar [[r.LightShaftQuality:1]]
[2019.04.30-16.57.44:676][  0]LogConfig: Setting CVar [[r.Filter.SizeScale:1]]
[2019.04.30-16.57.44:676][  0]LogConfig: Setting CVar [[r.Tonemapper.Quality:5]]
[2019.04.30-16.57.44:676][  0]LogConfig: Setting CVar [[r.DOF.Gather.AccumulatorQuality:1        ; higher gathering accumulator quality]]
[2019.04.30-16.57.44:676][  0]LogConfig: Setting CVar [[r.DOF.Gather.PostfilterMethod:1          ; Median3x3 postfilering method]]
[2019.04.30-16.57.44:676][  0]LogConfig: Setting CVar [[r.DOF.Gather.EnableBokehSettings:0       ; no bokeh simulation when gathering]]
[2019.04.30-16.57.44:676][  0]LogConfig: Setting CVar [[r.DOF.Gather.RingCount:4                 ; medium number of samples when gathering]]
[2019.04.30-16.57.44:676][  0]LogConfig: Setting CVar [[r.DOF.Scatter.ForegroundCompositing:1    ; additive foreground scattering]]
[2019.04.30-16.57.44:676][  0]LogConfig: Setting CVar [[r.DOF.Scatter.BackgroundCompositing:2    ; additive background scattering]]
[2019.04.30-16.57.44:676][  0]LogConfig: Setting CVar [[r.DOF.Scatter.EnableBokehSettings:1      ; bokeh simulation when scattering]]
[2019.04.30-16.57.44:676][  0]LogConfig: Setting CVar [[r.DOF.Scatter.MaxSpriteRatio:0.1         ; only a maximum of 10% of scattered bokeh]]
[2019.04.30-16.57.44:676][  0]LogConfig: Setting CVar [[r.DOF.Recombine.Quality:1                ; cheap slight out of focus]]
[2019.04.30-16.57.44:676][  0]LogConfig: Setting CVar [[r.DOF.Recombine.EnableBokehSettings:0    ; no bokeh simulation on slight out of focus]]
[2019.04.30-16.57.44:676][  0]LogConfig: Setting CVar [[r.DOF.TemporalAAQuality:1                ; more stable temporal accumulation]]
[2019.04.30-16.57.44:676][  0]LogConfig: Setting CVar [[r.DOF.Kernel.MaxForegroundRadius:0.025]]
[2019.04.30-16.57.44:676][  0]LogConfig: Setting CVar [[r.DOF.Kernel.MaxBackgroundRadius:0.025]]
[2019.04.30-16.57.44:676][  0]LogConfig: Applying CVar settings from Section [TextureQuality@3] File [C:/Users/Snowm/Documents/CombatC-/Prototype_Combat/Saved/Config/Windows/Scalability.ini]
[2019.04.30-16.57.44:676][  0]LogConfig: Setting CVar [[r.Streaming.MipBias:0]]
[2019.04.30-16.57.44:676][  0]LogConfig: Setting CVar [[r.Streaming.AmortizeCPUToGPUCopy:0]]
[2019.04.30-16.57.44:676][  0]LogConfig: Setting CVar [[r.Streaming.MaxNumTexturesToStreamPerFrame:0]]
[2019.04.30-16.57.44:676][  0]LogConfig: Setting CVar [[r.Streaming.Boost:1]]
[2019.04.30-16.57.44:676][  0]LogConfig: Setting CVar [[r.MaxAnisotropy:8]]
[2019.04.30-16.57.44:676][  0]LogConfig: Setting CVar [[r.Streaming.LimitPoolSizeToVRAM:0]]
[2019.04.30-16.57.44:676][  0]LogConfig: Setting CVar [[r.Streaming.PoolSize:1000]]
[2019.04.30-16.57.44:676][  0]LogConfig: Setting CVar [[r.Streaming.MaxEffectiveScreenSize:0]]
[2019.04.30-16.57.44:676][  0]LogConfig: Applying CVar settings from Section [EffectsQuality@3] File [C:/Users/Snowm/Documents/CombatC-/Prototype_Combat/Saved/Config/Windows/Scalability.ini]
[2019.04.30-16.57.44:676][  0]LogConfig: Setting CVar [[r.TranslucencyLightingVolumeDim:64]]
[2019.04.30-16.57.44:676][  0]LogConfig: Setting CVar [[r.RefractionQuality:2]]
[2019.04.30-16.57.44:676][  0]LogConfig: Setting CVar [[r.SSR.Quality:3]]
[2019.04.30-16.57.44:676][  0]LogConfig: Setting CVar [[r.SceneColorFormat:4]]
[2019.04.30-16.57.44:676][  0]LogConfig: Setting CVar [[r.DetailMode:2]]
[2019.04.30-16.57.44:676][  0]LogConfig: Setting CVar [[r.TranslucencyVolumeBlur:1]]
[2019.04.30-16.57.44:676][  0]LogConfig: Setting CVar [[r.MaterialQualityLevel:1 ; High quality]]
[2019.04.30-16.57.44:676][  0]LogConfig: Setting CVar [[r.SSS.Scale:1]]
[2019.04.30-16.57.44:676][  0]LogConfig: Setting CVar [[r.SSS.SampleSet:2]]
[2019.04.30-16.57.44:676][  0]LogConfig: Setting CVar [[r.SSS.Quality:1]]
[2019.04.30-16.57.44:676][  0]LogConfig: Setting CVar [[r.SSS.HalfRes:1]]
[2019.04.30-16.57.44:676][  0]LogConfig: Setting CVar [[r.EmitterSpawnRateScale:1.0]]
[2019.04.30-16.57.44:676][  0]LogConfig: Setting CVar [[r.ParticleLightQuality:2]]
[2019.04.30-16.57.44:676][  0]LogConfig: Applying CVar settings from Section [FoliageQuality@3] File [C:/Users/Snowm/Documents/CombatC-/Prototype_Combat/Saved/Config/Windows/Scalability.ini]
[2019.04.30-16.57.44:676][  0]LogConfig: Setting CVar [[foliage.DensityScale:1.0]]
[2019.04.30-16.57.44:676][  0]LogConfig: Setting CVar [[grass.DensityScale:1.0]]
[2019.04.30-16.57.44:676][  0]LogInit: Selected Device Profile: [Windows]
[2019.04.30-16.57.44:676][  0]LogInit: Applying CVar settings loaded from the selected device profile: [Windows]
[2019.04.30-16.57.44:683][  0]LogHAL: Display: Platform has ~ 16 GB [16949690368 / 17179869184 / 16], which maps to Larger [LargestMinGB=32, LargerMinGB=12, DefaultMinGB=8, SmallerMinGB=6, SmallestMinGB=0)
[2019.04.30-16.57.44:683][  0]LogConfig: Setting CVar [[r.Vulkan.UseRealUBs:1]]
[2019.04.30-16.57.44:683][  0]LogInit: Going up to parent DeviceProfile []
[2019.04.30-16.57.44:683][  0]LogConfig: Applying CVar settings from Section [ViewDistanceQuality@0] File [C:/Users/Snowm/Documents/CombatC-/Prototype_Combat/Saved/Config/Windows/Scalability.ini]
[2019.04.30-16.57.44:683][  0]LogConfig: Setting CVar [[r.SkeletalMeshLODBias:2]]
[2019.04.30-16.57.44:683][  0]LogConfig: Setting CVar [[r.ViewDistanceScale:0.4]]
[2019.04.30-16.57.44:683][  0]LogConfig: Applying CVar settings from Section [AntiAliasingQuality@0] File [C:/Users/Snowm/Documents/CombatC-/Prototype_Combat/Saved/Config/Windows/Scalability.ini]
[2019.04.30-16.57.44:683][  0]LogConfig: Setting CVar [[r.PostProcessAAQuality:0]]
[2019.04.30-16.57.44:683][  0]LogConfig: Applying CVar settings from Section [ShadowQuality@0] File [C:/Users/Snowm/Documents/CombatC-/Prototype_Combat/Saved/Config/Windows/Scalability.ini]
[2019.04.30-16.57.44:683][  0]LogConfig: Setting CVar [[r.LightFunctionQuality:0]]
[2019.04.30-16.57.44:683][  0]LogConfig: Setting CVar [[r.ShadowQuality:0]]
[2019.04.30-16.57.44:683][  0]LogConfig: Setting CVar [[r.Shadow.CSM.MaxCascades:1]]
[2019.04.30-16.57.44:683][  0]LogConfig: Setting CVar [[r.Shadow.MaxResolution:512]]
[2019.04.30-16.57.44:683][  0]LogConfig: Setting CVar [[r.Shadow.MaxCSMResolution:512]]
[2019.04.30-16.57.44:683][  0]LogConfig: Setting CVar [[r.Shadow.RadiusThreshold:0.06]]
[2019.04.30-16.57.44:683][  0]LogConfig: Setting CVar [[r.Shadow.DistanceScale:0.6]]
[2019.04.30-16.57.44:683][  0]LogConfig: Setting CVar [[r.Shadow.CSM.TransitionScale:0]]
[2019.04.30-16.57.44:683][  0]LogConfig: Setting CVar [[r.Shadow.PreShadowResolutionFactor:0.5]]
[2019.04.30-16.57.44:683][  0]LogConfig: Setting CVar [[r.DistanceFieldShadowing:0]]
[2019.04.30-16.57.44:683][  0]LogConfig: Setting CVar [[r.DistanceFieldAO:0]]
[2019.04.30-16.57.44:683][  0]LogConfig: Setting CVar [[r.VolumetricFog:0]]
[2019.04.30-16.57.44:683][  0]LogConfig: Setting CVar [[r.LightMaxDrawDistanceScale:0]]
[2019.04.30-16.57.44:683][  0]LogConfig: Setting CVar [[r.CapsuleShadows:0]]
[2019.04.30-16.57.44:683][  0]LogConfig: Applying CVar settings from Section [PostProcessQuality@0] File [C:/Users/Snowm/Documents/CombatC-/Prototype_Combat/Saved/Config/Windows/Scalability.ini]
[2019.04.30-16.57.44:683][  0]LogConfig: Setting CVar [[r.MotionBlurQuality:0]]
[2019.04.30-16.57.44:683][  0]LogConfig: Setting CVar [[r.AmbientOcclusionMipLevelFactor:1.0]]
[2019.04.30-16.57.44:683][  0]LogConfig: Setting CVar [[r.AmbientOcclusionMaxQuality:0]]
[2019.04.30-16.57.44:683][  0]LogConfig: Setting CVar [[r.AmbientOcclusionLevels:0]]
[2019.04.30-16.57.44:683][  0]LogConfig: Setting CVar [[r.AmbientOcclusionRadiusScale:1.2]]
[2019.04.30-16.57.44:683][  0]LogConfig: Setting CVar [[r.DepthOfFieldQuality:0]]
[2019.04.30-16.57.44:683][  0]LogConfig: Setting CVar [[r.RenderTargetPoolMin:300]]
[2019.04.30-16.57.44:683][  0]LogConfig: Setting CVar [[r.LensFlareQuality:0]]
[2019.04.30-16.57.44:683][  0]LogConfig: Setting CVar [[r.SceneColorFringeQuality:0]]
[2019.04.30-16.57.44:683][  0]LogConfig: Setting CVar [[r.EyeAdaptationQuality:0]]
[2019.04.30-16.57.44:683][  0]LogConfig: Setting CVar [[r.BloomQuality:4]]
[2019.04.30-16.57.44:683][  0]LogConfig: Setting CVar [[r.FastBlurThreshold:0]]
[2019.04.30-16.57.44:683][  0]LogConfig: Setting CVar [[r.Upscale.Quality:1]]
[2019.04.30-16.57.44:683][  0]LogConfig: Setting CVar [[r.Tonemapper.GrainQuantization:0]]
[2019.04.30-16.57.44:683][  0]LogConfig: Setting CVar [[r.LightShaftQuality:0]]
[2019.04.30-16.57.44:683][  0]LogConfig: Setting CVar [[r.Filter.SizeScale:0.6]]
[2019.04.30-16.57.44:683][  0]LogConfig: Setting CVar [[r.Tonemapper.Quality:0]]
[2019.04.30-16.57.44:683][  0]LogConfig: Applying CVar settings from Section [TextureQuality@0] File [C:/Users/Snowm/Documents/CombatC-/Prototype_Combat/Saved/Config/Windows/Scalability.ini]
[2019.04.30-16.57.44:683][  0]LogConfig: Setting CVar [[r.Streaming.MipBias:16]]
[2019.04.30-16.57.44:683][  0]LogConfig: Setting CVar [[r.Streaming.AmortizeCPUToGPUCopy:1]]
[2019.04.30-16.57.44:683][  0]LogConfig: Setting CVar [[r.Streaming.MaxNumTexturesToStreamPerFrame:1]]
[2019.04.30-16.57.44:683][  0]LogConfig: Setting CVar [[r.Streaming.Boost:0.3]]
[2019.04.30-16.57.44:683][  0]LogConfig: Setting CVar [[r.MaxAnisotropy:0]]
[2019.04.30-16.57.44:683][  0]LogConfig: Setting CVar [[r.Streaming.LimitPoolSizeToVRAM:1]]
[2019.04.30-16.57.44:683][  0]LogConfig: Setting CVar [[r.Streaming.PoolSize:400]]
[2019.04.30-16.57.44:683][  0]LogConfig: Setting CVar [[r.Streaming.MaxEffectiveScreenSize:0]]
[2019.04.30-16.57.44:683][  0]LogConfig: Applying CVar settings from Section [EffectsQuality@0] File [C:/Users/Snowm/Documents/CombatC-/Prototype_Combat/Saved/Config/Windows/Scalability.ini]
[2019.04.30-16.57.44:683][  0]LogConfig: Setting CVar [[r.TranslucencyLightingVolumeDim:24]]
[2019.04.30-16.57.44:683][  0]LogConfig: Setting CVar [[r.RefractionQuality:0]]
[2019.04.30-16.57.44:683][  0]LogConfig: Setting CVar [[r.SSR.Quality:0]]
[2019.04.30-16.57.44:683][  0]LogConfig: Setting CVar [[r.SceneColorFormat:3]]
[2019.04.30-16.57.44:684][  0]LogConfig: Setting CVar [[r.DetailMode:0]]
[2019.04.30-16.57.44:684][  0]LogConfig: Setting CVar [[r.TranslucencyVolumeBlur:0]]
[2019.04.30-16.57.44:684][  0]LogConfig: Setting CVar [[r.MaterialQualityLevel:0 ; Low quality]]
[2019.04.30-16.57.44:684][  0]LogConfig: Setting CVar [[r.SSS.Scale:0]]
[2019.04.30-16.57.44:684][  0]LogConfig: Setting CVar [[r.SSS.SampleSet:0]]
[2019.04.30-16.57.44:684][  0]LogConfig: Setting CVar [[r.SSS.Quality:0]]
[2019.04.30-16.57.44:684][  0]LogConfig: Setting CVar [[r.SSS.HalfRes:1]]
[2019.04.30-16.57.44:684][  0]LogConfig: Setting CVar [[r.EmitterSpawnRateScale:0.125]]
[2019.04.30-16.57.44:684][  0]LogConfig: Setting CVar [[r.ParticleLightQuality:0]]
[2019.04.30-16.57.44:684][  0]LogConfig: Applying CVar settings from Section [FoliageQuality@0] File [C:/Users/Snowm/Documents/CombatC-/Prototype_Combat/Saved/Config/Windows/Scalability.ini]
[2019.04.30-16.57.44:684][  0]LogConfig: Setting CVar [[foliage.DensityScale:0]]
[2019.04.30-16.57.44:684][  0]LogConfig: Setting CVar [[grass.DensityScale:0]]
[2019.04.30-16.57.44:684][  0]LogConfig: Applying CVar settings from Section [Startup] File [../../../Engine/Config/ConsoleVariables.ini]
[2019.04.30-16.57.44:684][  0]LogConfig: Setting CVar [[net.UseAdaptiveNetUpdateFrequency:0]]
[2019.04.30-16.57.44:684][  0]LogConfig: Applying CVar settings from Section [ConsoleVariables] File [C:/Users/Snowm/Documents/CombatC-/Prototype_Combat/Saved/Config/Windows/Engine.ini]
[2019.04.30-16.57.44:684][  0]LogInit: Computer: DESKTOP-3QPJQ6S
[2019.04.30-16.57.44:684][  0]LogInit: User: Snowm
[2019.04.30-16.57.44:684][  0]LogInit: CPU Page size=4096, Cores=4
[2019.04.30-16.57.44:684][  0]LogInit: High frequency timer resolution =1.945311 MHz
[2019.04.30-16.57.44:684][  0]LogMemory: Memory total: Physical=15.8GB (16GB approx)
[2019.04.30-16.57.44:684][  0]LogMemory: Platform Memory Stats for Windows
[2019.04.30-16.57.44:684][  0]LogMemory: Process Physical Memory: 102.18 MB used, 102.18 MB peak
[2019.04.30-16.57.44:684][  0]LogMemory: Process Virtual Memory: 91.48 MB used, 91.48 MB peak
[2019.04.30-16.57.44:684][  0]LogMemory: Physical Memory: 9635.47 MB used,  6529.02 MB free, 16164.48 MB total
[2019.04.30-16.57.44:684][  0]LogMemory: Virtual Memory: 4653.13 MB used,  134213072.00 MB free, 134217728.00 MB total
[2019.04.30-16.57.44:703][  0]LogInit: Using OS detected language (en-US).
[2019.04.30-16.57.44:703][  0]LogInit: Using OS detected locale (en-US).
[2019.04.30-16.57.44:704][  0]LogTextLocalizationManager: No specific localization for 'en-US' exists, so the 'en' localization will be used.
[2019.04.30-16.57.45:006][  0]LogStreaming: Display: Took  0.302s to InitEngineTextLocalization.
[2019.04.30-16.57.45:006][  0]LogInit: Setting process to per monitor DPI aware
[2019.04.30-16.57.45:038][  0]LogSlate: New Slate User Created.  User Index 0, Is Virtual User: 0
[2019.04.30-16.57.45:038][  0]LogSlate: Slate User Registered.  User Index 0, Is Virtual User: 0
[2019.04.30-16.57.45:239][  0]LogHMD: Failed to initialize OpenVR with code 110
[2019.04.30-16.57.45:239][  0]LogD3D11RHI: D3D11 adapters:
[2019.04.30-16.57.45:303][  0]LogD3D11RHI:    0. 'NVIDIA GeForce MX150' (Feature Level 11_0)
[2019.04.30-16.57.45:303][  0]LogD3D11RHI:       1983/0/8082 MB DedicatedVideo/DedicatedSystem/SharedSystem, Outputs:1, VendorId:0x10de
[2019.04.30-16.57.45:316][  0]LogD3D11RHI:    1. 'Intel(R) UHD Graphics 620' (Feature Level 11_0)
[2019.04.30-16.57.45:316][  0]LogD3D11RHI:       128/0/8082 MB DedicatedVideo/DedicatedSystem/SharedSystem, Outputs:0, VendorId:0x8086
[2019.04.30-16.57.45:318][  0]LogD3D11RHI:    2. 'Microsoft Basic Render Driver' (Feature Level 11_0)
[2019.04.30-16.57.45:318][  0]LogD3D11RHI:       0/0/8082 MB DedicatedVideo/DedicatedSystem/SharedSystem, Outputs:0, VendorId:0x1414
[2019.04.30-16.57.45:318][  0]LogD3D11RHI: Chosen D3D11 Adapter: 0
[2019.04.30-16.57.45:338][  0]LogD3D11RHI: Creating new Direct3DDevice
[2019.04.30-16.57.45:338][  0]LogD3D11RHI:     GPU DeviceId: 0x1d10 (for the marketing name, search the web for "GPU Device Id")
[2019.04.30-16.57.45:338][  0]LogWindows: EnumDisplayDevices:
[2019.04.30-16.57.45:339][  0]LogWindows:    0. 'Intel(R) UHD Graphics 620' (P:1 D:1)
[2019.04.30-16.57.45:339][  0]LogWindows:    1. 'Intel(R) UHD Graphics 620' (P:0 D:0)
[2019.04.30-16.57.45:339][  0]LogWindows:    2. 'Intel(R) UHD Graphics 620' (P:0 D:0)
[2019.04.30-16.57.45:339][  0]LogWindows: DebugString: PrimaryIsNotTheChoosenAdapter PrimaryIsNotTheChoosenAdapter PrimaryIsNotTheChoosenAdapter FoundDriverCount:0 
[2019.04.30-16.57.45:339][  0]LogD3D11RHI:     Adapter Name: NVIDIA GeForce MX150
[2019.04.30-16.57.45:339][  0]LogD3D11RHI:   Driver Version: Unknown (internal:Unknown, unified:Unknown)
[2019.04.30-16.57.45:339][  0]LogD3D11RHI:      Driver Date: Unknown
[2019.04.30-16.57.45:339][  0]LogRHI: Texture pool is 1388 MB (70% of 1983 MB)
[2019.04.30-16.57.45:379][  0]LogD3D11RHI: Async texture creation enabled
[2019.04.30-16.57.45:395][  0]LogD3D11RHI: GPU Timing Frequency: 1000.000000 (Debug: 2 2)
[2019.04.30-16.57.45:641][  0]LogTemp: Display: Loaded TP AllDesktopTargetPlatform
[2019.04.30-16.57.45:651][  0]LogTemp: Display: Loaded TP MacClientTargetPlatform
[2019.04.30-16.57.45:662][  0]LogTemp: Display: Loaded TP MacNoEditorTargetPlatform
[2019.04.30-16.57.45:673][  0]LogTemp: Display: Loaded TP MacServerTargetPlatform
[2019.04.30-16.57.45:683][  0]LogTemp: Display: Loaded TP MacTargetPlatform
[2019.04.30-16.57.45:694][  0]LogTemp: Display: Loaded TP WindowsClientTargetPlatform
[2019.04.30-16.57.45:704][  0]LogTemp: Display: Loaded TP WindowsNoEditorTargetPlatform
[2019.04.30-16.57.45:715][  0]LogTemp: Display: Loaded TP WindowsServerTargetPlatform
[2019.04.30-16.57.45:720][  0]LogTemp: Display: Loaded TP WindowsTargetPlatform
[2019.04.30-16.57.45:780][  0]LogTemp: Display: Loaded TP AndroidTargetPlatform
[2019.04.30-16.57.45:780][  0]LogTemp: Display: Loaded TP AndroidTargetPlatform
[2019.04.30-16.57.45:780][  0]LogTemp: Display: Loaded TP AndroidTargetPlatform
[2019.04.30-16.57.45:780][  0]LogTemp: Display: Loaded TP AndroidTargetPlatform
[2019.04.30-16.57.45:780][  0]LogTemp: Display: Loaded TP AndroidTargetPlatform
[2019.04.30-16.57.45:780][  0]LogTemp: Display: Loaded TP AndroidTargetPlatform
[2019.04.30-16.57.45:780][  0]LogTemp: Display: Loaded TP AndroidTargetPlatform
[2019.04.30-16.57.45:780][  0]LogTemp: Display: Loaded TP AndroidTargetPlatform
[2019.04.30-16.57.45:780][  0]LogTemp: Display: Loaded TP AndroidTargetPlatform
[2019.04.30-16.57.45:780][  0]LogTemp: Display: Loaded TP AndroidTargetPlatform
[2019.04.30-16.57.45:780][  0]LogTemp: Display: Loaded TP AndroidTargetPlatform
[2019.04.30-16.57.45:780][  0]LogTemp: Display: Loaded TP AndroidTargetPlatform
[2019.04.30-16.57.45:780][  0]LogTemp: Display: Loaded TP AndroidTargetPlatform
[2019.04.30-16.57.45:780][  0]LogTemp: Display: Loaded TP AndroidTargetPlatform
[2019.04.30-16.57.45:780][  0]LogTemp: Display: Loaded TP AndroidTargetPlatform
[2019.04.30-16.57.45:780][  0]LogTemp: Display: Loaded TP AndroidTargetPlatform
[2019.04.30-16.57.45:780][  0]LogTemp: Display: Loaded TP AndroidTargetPlatform
[2019.04.30-16.57.45:780][  0]LogTemp: Display: Loaded TP AndroidTargetPlatform
[2019.04.30-16.57.45:781][  0]LogTemp: Display: Loaded TP HTML5TargetPlatform
[2019.04.30-16.57.45:840][  0]LogTemp: Display: Loaded TP IOSTargetPlatform
[2019.04.30-16.57.45:840][  0]LogTemp: Display: Loaded TP IOSTargetPlatform
[2019.04.30-16.57.45:862][  0]LogTemp: Display: Loaded TP TVOSTargetPlatform
[2019.04.30-16.57.45:862][  0]LogTemp: Display: Loaded TP TVOSTargetPlatform
[2019.04.30-16.57.45:872][  0]LogTemp: Display: Loaded TP LinuxClientTargetPlatform
[2019.04.30-16.57.45:882][  0]LogTemp: Display: Loaded TP LinuxNoEditorTargetPlatform
[2019.04.30-16.57.45:893][  0]LogTemp: Display: Loaded TP LinuxServerTargetPlatform
[2019.04.30-16.57.45:904][  0]LogTemp: Display: Loaded TP LinuxTargetPlatform
[2019.04.30-16.57.45:940][  0]LogTemp: Display: Loaded TP LuminTargetPlatform
[2019.04.30-16.57.45:940][  0]LogTemp: Display: Loaded TP LuminTargetPlatform
[2019.04.30-16.57.45:940][  0]LogTargetPlatformManager: Display: Building Assets For Windows
[2019.04.30-16.57.45:985][  0]LogShaderCompilers: Guid format shader working directory is -19 characters bigger than the processId version (../../../../../../Users/Snowm/Documents/CombatC-/Prototype_Combat/Intermediate/Shaders/WorkingDirectory/2632/).
[2019.04.30-16.57.45:985][  0]LogShaderCompilers: Cleaned the shader compiler working directory 'C:/Users/Snowm/AppData/Local/Temp/UnrealShaderWorkingDir/7F5751FD452362F15E61B8BE3252D36B/'.
[2019.04.30-16.57.45:987][  0]LogXGEController: Cleaning working directory: C:/Users/Snowm/AppData/Local/Temp/UnrealXGEWorkingDir/
[2019.04.30-16.57.45:987][  0]LogXGEController: Cannot use XGE Controller as Incredibuild is not installed on this machine.
[2019.04.30-16.57.45:987][  0]LogShaderCompilers: Cannot use XGE Shader Compiler as Incredibuild is not installed on this machine.
[2019.04.30-16.57.45:987][  0]LogShaderCompilers: Display: Using Local Shader Compiler.
[2019.04.30-16.57.46:437][  0]LogDerivedDataCache: Display: Max Cache Size: 512 MB
[2019.04.30-16.57.46:487][  0]LogDerivedDataCache: Loaded boot cache 0.05s 73MB C:/Users/Snowm/AppData/Local/UnrealEngine/4.21/DerivedDataCache/Boot.ddc.
[2019.04.30-16.57.46:488][  0]LogDerivedDataCache: Display: Loaded Boot cache: C:/Users/Snowm/AppData/Local/UnrealEngine/4.21/DerivedDataCache/Boot.ddc
[2019.04.30-16.57.46:488][  0]LogDerivedDataCache: FDerivedDataBackendGraph:  Pak pak cache file ../../../../../../Users/Snowm/Documents/CombatC-/Prototype_Combat/DerivedDataCache/DDC.ddp not found, will not use a pak cache.
[2019.04.30-16.57.46:488][  0]LogDerivedDataCache: Unable to find inner node Pak for hierarchical cache Hierarchy.
[2019.04.30-16.57.46:488][  0]LogDerivedDataCache: FDerivedDataBackendGraph:  CompressedPak pak cache file ../../../../../../Users/Snowm/Documents/CombatC-/Prototype_Combat/DerivedDataCache/Compressed.ddp not found, will not use a pak cache.
[2019.04.30-16.57.46:488][  0]LogDerivedDataCache: Unable to find inner node CompressedPak for hierarchical cache Hierarchy.
[2019.04.30-16.57.46:501][  0]LogDerivedDataCache: Display: Pak cache opened for reading ../../../Engine/DerivedDataCache/Compressed.ddp.
[2019.04.30-16.57.46:501][  0]LogDerivedDataCache: FDerivedDataBackendGraph:  EnterprisePak pak cache file ../../../Enterprise/DerivedDataCache/Compressed.ddp not found, will not use a pak cache.
[2019.04.30-16.57.46:501][  0]LogDerivedDataCache: Unable to find inner node EnterprisePak for hierarchical cache Hierarchy.
[2019.04.30-16.57.46:513][  0]LogDerivedDataCache: Using Local data cache path C:/Users/Snowm/AppData/Local/UnrealEngine/Common/DerivedDataCache: Writable
[2019.04.30-16.57.46:513][  0]LogDerivedDataCache: Shared data cache path not found in *engine.ini, will not use an Shared cache.
[2019.04.30-16.57.46:513][  0]LogDerivedDataCache: Unable to find inner node Shared for hierarchical cache Hierarchy.
[2019.04.30-16.57.46:535][  0]LogMaterial: Verifying Global Shaders for PCD3D_SM5
[2019.04.30-16.57.46:536][  0]LogSlate: Using FreeType 2.6.0
[2019.04.30-16.57.46:537][  0]LogSlate: SlateFontServices - WITH_FREETYPE: 1, WITH_HARFBUZZ: 1
[2019.04.30-16.57.46:619][  0]LogAssetRegistry: FAssetRegistry took 0.0325 seconds to start up
[2019.04.30-16.57.46:966][  0]LogInit: Selected Device Profile: [Windows]
[2019.04.30-16.57.47:129][  0]LogSimplygon: Simplygon DLL not present - disabling.
[2019.04.30-16.57.47:133][  0]LogMeshReduction: Using SimplygonSwarm for distributed automatic mesh merging
[2019.04.30-16.57.47:133][  0]LogMeshReduction: Using ProxyLODMeshReduction for automatic mesh merging
[2019.04.30-16.57.47:133][  0]LogMeshReduction: Using QuadricMeshReduction for automatic static mesh reduction
[2019.04.30-16.57.47:133][  0]LogMeshReduction: No automatic skeletal mesh reduction module available
[2019.04.30-16.57.47:146][  0]LogNetVersion: Prototype_Combat 1.0.0, NetCL: 4541578, EngineNetVer: 5, GameNetVer: 0 (Checksum: 3546136163)
[2019.04.30-16.57.47:683][  0]LogPackageLocalizationCache: Processed 11 localized package path(s) for 2 prioritized culture(s) in 0.102402 seconds
[2019.04.30-16.57.47:691][  0]LogUObjectArray: 39775 objects as part of root set at end of initial load.
[2019.04.30-16.57.47:691][  0]LogUObjectAllocator: 6914656 out of 0 bytes used by permanent object pool.
[2019.04.30-16.57.47:691][  0]LogUObjectArray: CloseDisregardForGC: 0/0 objects in disregard for GC pool
[2019.04.30-16.57.48:644][  0]LogTcpMessaging: Initializing TcpMessaging bridge
[2019.04.30-16.57.48:659][  0]LogUdpMessaging: Initializing bridge on interface 0.0.0.0:0 to multicast group 230.0.0.1:6666.
[2019.04.30-16.57.49:546][  0]SourceControl: Source control is disabled
[2019.04.30-16.57.49:546][  0]SourceControl: Source control is disabled
[2019.04.30-16.57.49:548][  0]SourceControl: Source control is disabled
[2019.04.30-16.57.49:549][  0]SourceControl: Source control is disabled
[2019.04.30-16.57.49:872][  0]LogAndroidPermission: UAndroidPermissionCallbackProxy::GetInstance
[2019.04.30-16.57.50:244][  0]LogOcInput: OculusInput pre-init called
[2019.04.30-16.57.50:459][  0]LogEngine: Initializing Engine...
[2019.04.30-16.57.50:460][  0]LogHMD: Failed to initialize OpenVR with code 110
[2019.04.30-16.57.50:463][  0]LogStats: UGameplayTagsManager::ConstructGameplayTagTree: ImportINI prefixes -  0.000 s
[2019.04.30-16.57.50:463][  0]LogStats: UGameplayTagsManager::ConstructGameplayTagTree: Construct from data asset -  0.000 s
[2019.04.30-16.57.50:463][  0]LogStats: UGameplayTagsManager::ConstructGameplayTagTree: ImportINI -  0.000 s
[2019.04.30-16.57.50:463][  0]LogStats: UGameplayTagsManager::ConstructGameplayTagTree: GameplayTagTreeChangedEvent.Broadcast -  0.000 s
[2019.04.30-16.57.50:946][  0]LogInit: Initializing FReadOnlyCVARCache
[2019.04.30-16.57.50:968][  0]LogAIModule: Creating AISystem for world Untitled
[2019.04.30-16.57.51:066][  0]LogInit: XAudio2 using 'Speakers/Headphones (Realtek(R) Audio)' : 2 channels at 48 kHz using 32 bits per sample (channel mask 0x3)
[2019.04.30-16.57.51:317][  0]LogInit: FAudioDevice initialized.
[2019.04.30-16.57.51:318][  0]LogNetVersion: Set ProjectVersion to 1.0.0.0. Version Checksum will be recalculated on next use.
[2019.04.30-16.57.51:442][  0]LogDerivedDataCache: Saved boot cache 0.12s 73MB C:/Users/Snowm/AppData/Local/UnrealEngine/4.21/DerivedDataCache/Boot.ddc.
[2019.04.30-16.57.51:450][  0]LogInit: Texture streaming: Enabled
[2019.04.30-16.57.51:473][  0]LogEngineSessionManager: EngineSessionManager initialized
[2019.04.30-16.57.51:490][  0]LogInit: Transaction tracking system initialized
[2019.04.30-16.57.51:519][  0]BlueprintLog: New page: Editor Load
[2019.04.30-16.57.51:641][  0]LocalizationService: Localization service is disabled
[2019.04.30-16.57.52:761][  0]LogFileCache: Scanning file cache for directory 'C:/Users/Snowm/Documents/CombatC-/Prototype_Combat/Content/' took 0.02s
[2019.04.30-16.57.52:761][  0]LogCook: Display: Max memory allowance for cook 16384mb min free memory 0mb
[2019.04.30-16.57.52:761][  0]LogCook: Display: Mobile HDR setting 1
[2019.04.30-16.57.52:762][  0]LogGameplayTags: Display: UGameplayTagsManager::DoneAddingNativeTags. DelegateIsBound: 0
[2019.04.30-16.57.52:762][  0]LogStats: UGameplayTagsManager::ConstructGameplayTagTree: ImportINI prefixes -  0.000 s
[2019.04.30-16.57.52:762][  0]LogStats: UGameplayTagsManager::ConstructGameplayTagTree: Construct from data asset -  0.000 s
[2019.04.30-16.57.52:762][  0]LogStats: UGameplayTagsManager::ConstructGameplayTagTree: ImportINI -  0.000 s
[2019.04.30-16.57.52:762][  0]LogStats: UGameplayTagsManager::ConstructGameplayTagTree: GameplayTagTreeChangedEvent.Broadcast -  0.000 s
[2019.04.30-16.57.52:957][  0]SourceControl: Source control is disabled
[2019.04.30-16.57.52:958][  0]Cmd: MAP LOAD FILE="../../../../../../Users/Snowm/Documents/CombatC-/Prototype_Combat/Content/FirstPersonCPP/Maps/FirstPersonExampleMap.umap" TEMPLATE=0 SHOWPROGRESS=1 FEATURELEVEL=3
[2019.04.30-16.57.52:958][  0]LightingResults: New page: Lighting Build
[2019.04.30-16.57.52:963][  0]MapCheck: New page: Map Check
[2019.04.30-16.57.52:963][  0]LightingResults: New page: Lighting Build
[2019.04.30-16.57.53:237][  0]LogAIModule: Creating AISystem for world FirstPersonExampleMap
[2019.04.30-16.57.53:259][  0]LogEditorServer: Finished looking for orphan Actors (0.000 secs)
[2019.04.30-16.57.53:287][  0]Cmd: MAP CHECKDEP NOCLEARLOG
[2019.04.30-16.57.53:287][  0]MapCheck: Map check complete: 0 Error(s), 0 Warning(s), took 0.233ms to complete.
[2019.04.30-16.57.53:288][  0]LogFileHelpers: Loading map 'FirstPersonExampleMap' took 0.330
[2019.04.30-16.57.53:411][  0]LogSlate: Updating window title bar state: overlay mode, drag disabled, window buttons hidden, title bar hidden
[2019.04.30-16.57.53:421][  0]LogSlate: Updating window title bar state: overlay mode, drag disabled, window buttons hidden, title bar hidden
[2019.04.30-16.57.53:429][  0]LogSlate: Updating window title bar state: overlay mode, drag disabled, window buttons hidden, title bar hidden
[2019.04.30-16.57.53:440][  0]LogSlate: Updating window title bar state: overlay mode, drag disabled, window buttons hidden, title bar hidden
[2019.04.30-16.57.53:448][  0]LogCollectionManager: Loaded 0 collections in 0.001637 seconds
[2019.04.30-16.57.53:464][  0]LogFileCache: Scanning file cache for directory 'C:/Users/Snowm/Documents/CombatC-/Prototype_Combat/Saved/Collections/' took 0.01s
[2019.04.30-16.57.53:464][  0]LogFileCache: Scanning file cache for directory 'C:/Users/Snowm/Documents/CombatC-/Prototype_Combat/Content/Developers/Snowm/Collections/' took 0.00s
[2019.04.30-16.57.53:464][  0]LogFileCache: Scanning file cache for directory 'C:/Users/Snowm/Documents/CombatC-/Prototype_Combat/Content/Collections/' took 0.00s
[2019.04.30-16.57.53:464][  0]LogCollectionManager: Rebuilt the GUID cache for 0 collections in 0.000001 seconds
[2019.04.30-16.57.53:476][  0]LogContentBrowser: Native class hierarchy populated in 0.0114 seconds. Added 2660 classes and 623 folders.
[2019.04.30-16.57.53:483][  0]LogContentBrowser: Native class hierarchy updated for 'WidgetCarousel' in 0.0005 seconds. Added 0 classes and 0 folders.
[2019.04.30-16.57.53:485][  0]LogPakFile: Registered encryption key '00000000000000000000000000000000': 0 pak files mounted, 0 remain pending
[2019.04.30-16.57.53:486][  0]LogPakFile: Registered encryption key '00000000000000000000000000000000': 0 pak files mounted, 0 remain pending
[2019.04.30-16.57.53:486][  0]LogPakFile: Registered encryption key '00000000000000000000000000000000': 0 pak files mounted, 0 remain pending
[2019.04.30-16.57.53:487][  0]LogPakFile: Registered encryption key '00000000000000000000000000000000': 0 pak files mounted, 0 remain pending
[2019.04.30-16.57.53:488][  0]LogPakFile: Registered encryption key '00000000000000000000000000000000': 0 pak files mounted, 0 remain pending
[2019.04.30-16.57.53:488][  0]LogPakFile: Registered encryption key '00000000000000000000000000000000': 0 pak files mounted, 0 remain pending
[2019.04.30-16.57.53:489][  0]LogPakFile: Registered encryption key '00000000000000000000000000000000': 0 pak files mounted, 0 remain pending
[2019.04.30-16.57.53:489][  0]LogPakFile: Registered encryption key '00000000000000000000000000000000': 0 pak files mounted, 0 remain pending
[2019.04.30-16.57.53:490][  0]LogPakFile: Registered encryption key '00000000000000000000000000000000': 0 pak files mounted, 0 remain pending
[2019.04.30-16.57.53:490][  0]LogPakFile: Registered encryption key '00000000000000000000000000000000': 0 pak files mounted, 0 remain pending
[2019.04.30-16.57.53:491][  0]LogPakFile: Registered encryption key '00000000000000000000000000000000': 0 pak files mounted, 0 remain pending
[2019.04.30-16.57.53:491][  0]LogPakFile: Registered encryption key '00000000000000000000000000000000': 0 pak files mounted, 0 remain pending
[2019.04.30-16.57.53:492][  0]LogPakFile: Registered encryption key '00000000000000000000000000000000': 0 pak files mounted, 0 remain pending
[2019.04.30-16.57.53:492][  0]LogPakFile: Registered encryption key '00000000000000000000000000000000': 0 pak files mounted, 0 remain pending
[2019.04.30-16.57.53:493][  0]LogPakFile: Registered encryption key '00000000000000000000000000000000': 0 pak files mounted, 0 remain pending
[2019.04.30-16.57.53:493][  0]LogPakFile: Registered encryption key '00000000000000000000000000000000': 0 pak files mounted, 0 remain pending
[2019.04.30-16.57.53:494][  0]LogPakFile: Registered encryption key '00000000000000000000000000000000': 0 pak files mounted, 0 remain pending
[2019.04.30-16.57.53:495][  0]LogPakFile: Registered encryption key '00000000000000000000000000000000': 0 pak files mounted, 0 remain pending
[2019.04.30-16.57.53:495][  0]LogPakFile: Registered encryption key '00000000000000000000000000000000': 0 pak files mounted, 0 remain pending
[2019.04.30-16.57.53:496][  0]LogPakFile: Registered encryption key '00000000000000000000000000000000': 0 pak files mounted, 0 remain pending
[2019.04.30-16.57.53:496][  0]LogPakFile: Registered encryption key '00000000000000000000000000000000': 0 pak files mounted, 0 remain pending
[2019.04.30-16.57.53:497][  0]LogPakFile: Registered encryption key '00000000000000000000000000000000': 0 pak files mounted, 0 remain pending
[2019.04.30-16.57.53:497][  0]LogPakFile: Registered encryption key '00000000000000000000000000000000': 0 pak files mounted, 0 remain pending
[2019.04.30-16.57.53:498][  0]LogPakFile: Registered encryption key '00000000000000000000000000000000': 0 pak files mounted, 0 remain pending
[2019.04.30-16.57.53:498][  0]LogPakFile: Registered encryption key '00000000000000000000000000000000': 0 pak files mounted, 0 remain pending
[2019.04.30-16.57.53:499][  0]LogPakFile: Registered encryption key '00000000000000000000000000000000': 0 pak files mounted, 0 remain pending
[2019.04.30-16.57.53:556][  0]LogContentBrowser: Native class hierarchy updated for 'AddContentDialog' in 0.0005 seconds. Added 0 classes and 0 folders.
[2019.04.30-16.57.53:563][  0]LogContentBrowser: Native class hierarchy updated for 'SceneOutliner' in 0.0005 seconds. Added 1 classes and 2 folders.
[2019.04.30-16.57.53:668][  0]LogSlate: Took 0.000307 seconds to synchronously load lazily loaded font '../../../Engine/Content/Slate/Fonts/Roboto-Regular.ttf' (155K)
[2019.04.30-16.57.53:675][  0]LogSlate: Took 0.000923 seconds to synchronously load lazily loaded font '../../../Engine/Content/Slate/Fonts/Roboto-Bold.ttf' (160K)
[2019.04.30-16.57.53:689][  0]LogSlate: Took 0.000244 seconds to synchronously load lazily loaded font '../../../Engine/Content/Editor/Slate/Fonts/FontAwesome.ttf' (139K)
[2019.04.30-16.57.53:690][  0]LogSlate: Took 0.000191 seconds to synchronously load lazily loaded font '../../../Engine/Content/Slate/Fonts/DroidSansMono.ttf' (77K)
[2019.04.30-16.57.53:994][  0]LogRenderer: Reallocating scene render targets to support 936x404 Format 9 NumSamples 1 (Frame:1).
[2019.04.30-16.57.54:285][  0]LogContentBrowser: Native class hierarchy updated for 'HierarchicalLODOutliner' in 0.0005 seconds. Added 0 classes and 0 folders.
[2019.04.30-16.57.54:285][  0]LogLoad: (Engine Initialization) Total time: 11.20 seconds
[2019.04.30-16.57.54:286][  0]LogLoad: (Engine Initialization) Total Blueprint compile time: 0.00 seconds
[2019.04.30-16.57.54:298][  0]LogWindowsTextInputMethodSystem: Display: IME system now deactivated.
[2019.04.30-16.57.54:380][  0]LogContentStreaming: Texture pool size now 400 MB
[2019.04.30-16.57.54:637][  2]LogAssetRegistry: Asset discovery search completed in 8.0408 seconds
[2019.04.30-16.57.54:643][  2]LogCollectionManager: Rebuilt the object cache for 0 collections in 0.000000 seconds (found 0 objects)
[2019.04.30-16.57.54:643][  2]LogCollectionManager: Fixed up redirectors for 0 collections in 0.000310 seconds (updated 0 objects)
[2019.04.30-16.58.35:453][286]LogSlate: FSceneViewport::OnFocusLost() reason 0
[2019.04.30-16.58.35:597][289]Candidate modules for hot reload:
[2019.04.30-16.58.35:597][289]  Prototype_Combat
[2019.04.30-16.58.35:597][289]Launching UnrealBuildTool... [C:/Program Files/Epic Games/UE_4.21/Engine/Binaries/DotNET/UnrealBuildTool.exe  -ModuleWithSuffix=Prototype_Combat,482 Win64 Development -TargetType=Editor -Project="../../../../../../Users/Snowm/Documents/CombatC-/Prototype_Combat/Prototype_Combat.uproject" -canskiplink "C:/Users/Snowm/Documents/CombatC-/Prototype_Combat/Prototype_Combat.uproject" ]
[2019.04.30-16.58.35:609][289]Warning: Starting HotReload took  0.0s.
[2019.04.30-16.58.43:595][430]CompilerResultsLog: New page: Compilation - Apr 30, 2019, 8:58:43 AM
[2019.04.30-16.58.43:596][430]CompilerResultsLog: Using 'git status' to determine working set for adaptive non-unity build (C:\Users\Snowm\Documents\CombatC-).
[2019.04.30-16.58.43:597][430]CompilerResultsLog: Creating makefile for hot reloading Prototype_CombatEditor (ini files are newer than UBTMakefile)
[2019.04.30-16.58.43:597][430]CompilerResultsLog: Compiling game modules for hot reload
[2019.04.30-16.58.43:597][430]CompilerResultsLog: Using Visual Studio 2017 14.20.27508 toolchain (C:\Program Files (x86)\Microsoft Visual Studio\2019\Community\VC\Tools\MSVC\14.20.27508) and Windows 10.0.17763.0 SDK (C:\Program Files (x86)\Windows Kits\10).
[2019.04.30-16.58.43:598][430]LogMainFrame: MainFrame: Module compiling took 8.018 seconds
[2019.04.30-16.58.43:598][430]Warning: HotReload failed, recompile failed
[2019.04.30-16.58.46:900][529]LogSlate: Took 0.000319 seconds to synchronously load lazily loaded font '../../../Engine/Content/Slate/Fonts/Roboto-Light.ttf' (167K)
[2019.04.30-16.58.48:662][583]LogSlate: Took 0.000260 seconds to synchronously load lazily loaded font '../../../Engine/Content/Slate/Fonts/Roboto-Light.ttf' (167K)
[2019.04.30-16.58.48:691][583]LogAssetEditorManager: Opening Asset editor for Class /Script/Prototype_Combat.BasicEnemy
[2019.04.30-16.59.00:772][744]LogVSAccessor: Warning: Visual Studio is open but could not be queried - it may be blocked by a modal operation
[2019.04.30-16.59.03:618][791]Candidate modules for hot reload:
[2019.04.30-16.59.03:618][791]  Prototype_Combat
[2019.04.30-16.59.03:618][791]Launching UnrealBuildTool... [C:/Program Files/Epic Games/UE_4.21/Engine/Binaries/DotNET/UnrealBuildTool.exe  -ModuleWithSuffix=Prototype_Combat,979 Win64 Development -TargetType=Editor -Project="../../../../../../Users/Snowm/Documents/CombatC-/Prototype_Combat/Prototype_Combat.uproject" -canskiplink "C:/Users/Snowm/Documents/CombatC-/Prototype_Combat/Prototype_Combat.uproject" ]
[2019.04.30-16.59.03:626][791]Warning: Starting HotReload took  0.2s.
[2019.04.30-16.59.24:565][904]CompilerResultsLog: New page: Compilation - Apr 30, 2019, 8:59:24 AM
[2019.04.30-16.59.24:566][904]CompilerResultsLog: Using 'git status' to determine working set for adaptive non-unity build (C:\Users\Snowm\Documents\CombatC-).
[2019.04.30-16.59.24:566][904]CompilerResultsLog: Creating makefile for hot reloading Prototype_CombatEditor (ini files are newer than UBTMakefile)
[2019.04.30-16.59.24:566][904]CompilerResultsLog: Compiling game modules for hot reload
[2019.04.30-16.59.24:566][904]CompilerResultsLog: Performing full C++ include scan (no include cache file)
[2019.04.30-16.59.24:567][904]CompilerResultsLog: Using Visual Studio 2017 14.20.27508 toolchain (C:\Program Files (x86)\Microsoft Visual Studio\2019\Community\VC\Tools\MSVC\14.20.27508) and Windows 10.0.17763.0 SDK (C:\Program Files (x86)\Windows Kits\10).
[2019.04.30-16.59.24:567][904]CompilerResultsLog: Building 23 actions with 8 processes...
[2019.04.30-16.59.24:567][904]CompilerResultsLog:   [1/23] FP_FirstPersonGameMode.gen.cpp
[2019.04.30-16.59.24:567][904]CompilerResultsLog:   C:\Users\Snowm\Documents\CombatC-\Prototype_Combat\Intermediate\Build\Win64\UE4Editor\Inc\Prototype_Combat\FP_FirstPersonGameMode.gen.cpp: fatal error C1852: 'C:\Users\Snowm\Documents\CombatC-\Prototype_Combat\Intermediate\Build\Win64\Prototype_CombatEditor\Development\Engine\SharedPCH.Engine.h.pch' is not a valid precompiled header file
[2019.04.30-16.59.24:568][904]CompilerResultsLog:   [2/23] Prototype_CombatGameModeBase.gen.cpp
[2019.04.30-16.59.24:568][904]CompilerResultsLog:   C:\Users\Snowm\Documents\CombatC-\Prototype_Combat\Intermediate\Build\Win64\UE4Editor\Inc\Prototype_Combat\Prototype_CombatGameModeBase.gen.cpp: fatal error C1852: 'C:\Users\Snowm\Documents\CombatC-\Prototype_Combat\Intermediate\Build\Win64\Prototype_CombatEditor\Development\Engine\SharedPCH.Engine.h.pch' is not a valid precompiled header file
[2019.04.30-16.59.24:569][904]CompilerResultsLog:   [3/23] Prototype_Combat.init.gen.cpp
[2019.04.30-16.59.24:569][904]CompilerResultsLog:   C:\Users\Snowm\Documents\CombatC-\Prototype_Combat\Intermediate\Build\Win64\UE4Editor\Inc\Prototype_Combat\Prototype_Combat.init.gen.cpp: fatal error C1852: 'C:\Users\Snowm\Documents\CombatC-\Prototype_Combat\Intermediate\Build\Win64\Prototype_CombatEditor\Development\Engine\SharedPCH.Engine.h.pch' is not a valid precompiled header file
[2019.04.30-16.59.24:570][904]CompilerResultsLog:   [4/23] FP_FirstPersonCharacter.gen.cpp
[2019.04.30-16.59.24:570][904]CompilerResultsLog:   C:\Users\Snowm\Documents\CombatC-\Prototype_Combat\Intermediate\Build\Win64\UE4Editor\Inc\Prototype_Combat\FP_FirstPersonCharacter.gen.cpp: fatal error C1852: 'C:\Users\Snowm\Documents\CombatC-\Prototype_Combat\Intermediate\Build\Win64\Prototype_CombatEditor\Development\Engine\SharedPCH.Engine.h.pch' is not a valid precompiled header file
[2019.04.30-16.59.24:571][904]CompilerResultsLog:   [5/23] ReadJSON.gen.cpp
[2019.04.30-16.59.24:571][904]CompilerResultsLog:   C:\Users\Snowm\Documents\CombatC-\Prototype_Combat\Intermediate\Build\Win64\UE4Editor\Inc\Prototype_Combat\ReadJSON.gen.cpp: fatal error C1852: 'C:\Users\Snowm\Documents\CombatC-\Prototype_Combat\Intermediate\Build\Win64\Prototype_CombatEditor\Development\Engine\SharedPCH.Engine.h.pch' is not a valid precompiled header file
[2019.04.30-16.59.24:572][904]CompilerResultsLog:   [6/23] StatGeneration.gen.cpp
[2019.04.30-16.59.24:573][904]CompilerResultsLog:   C:\Users\Snowm\Documents\CombatC-\Prototype_Combat\Intermediate\Build\Win64\UE4Editor\Inc\Prototype_Combat\StatGeneration.gen.cpp: fatal error C1852: 'C:\Users\Snowm\Documents\CombatC-\Prototype_Combat\Intermediate\Build\Win64\Prototype_CombatEditor\Development\Engine\SharedPCH.Engine.h.pch' is not a valid precompiled header file
[2019.04.30-16.59.24:574][904]CompilerResultsLog:   [7/23] FP_FirstPersonHUD.gen.cpp
[2019.04.30-16.59.24:574][904]CompilerResultsLog:   C:\Users\Snowm\Documents\CombatC-\Prototype_Combat\Intermediate\Build\Win64\UE4Editor\Inc\Prototype_Combat\FP_FirstPersonHUD.gen.cpp: fatal error C1852: 'C:\Users\Snowm\Documents\CombatC-\Prototype_Combat\Intermediate\Build\Win64\Prototype_CombatEditor\Development\Engine\SharedPCH.Engine.h.pch' is not a valid precompiled header file
[2019.04.30-16.59.24:575][904]CompilerResultsLog:   [8/23] JSONReaderComponenent.gen.cpp
[2019.04.30-16.59.24:575][904]CompilerResultsLog:   C:\Users\Snowm\Documents\CombatC-\Prototype_Combat\Intermediate\Build\Win64\UE4Editor\Inc\Prototype_Combat\JSONReaderComponenent.gen.cpp: fatal error C1852: 'C:\Users\Snowm\Documents\CombatC-\Prototype_Combat\Intermediate\Build\Win64\Prototype_CombatEditor\Development\Engine\SharedPCH.Engine.h.pch' is not a valid precompiled header file
[2019.04.30-16.59.24:576][904]CompilerResultsLog:   [9/23] FP_FirstPersonCharacter.cpp
[2019.04.30-16.59.24:576][904]CompilerResultsLog:   C:\Users\Snowm\Documents\CombatC-\Prototype_Combat\Source\Prototype_Combat\FP_FirstPerson\FP_FirstPersonCharacter.cpp: fatal error C1852: 'C:\Users\Snowm\Documents\CombatC-\Prototype_Combat\Intermediate\Build\Win64\Prototype_CombatEditor\Development\Engine\SharedPCH.Engine.h.pch' is not a valid precompiled header file
[2019.04.30-16.59.24:577][904]CompilerResultsLog:   [10/23] ReadJSON.cpp
[2019.04.30-16.59.24:577][904]CompilerResultsLog:   C:\Users\Snowm\Documents\CombatC-\Prototype_Combat\Source\Prototype_Combat\ReadJSON.cpp: fatal error C1852: 'C:\Users\Snowm\Documents\CombatC-\Prototype_Combat\Intermediate\Build\Win64\Prototype_CombatEditor\Development\Engine\SharedPCH.Engine.h.pch' is not a valid precompiled header file
[2019.04.30-16.59.24:577][904]CompilerResultsLog:   [11/23] ColliderActor.gen.cpp
[2019.04.30-16.59.24:577][904]CompilerResultsLog:   C:\Users\Snowm\Documents\CombatC-\Prototype_Combat\Intermediate\Build\Win64\UE4Editor\Inc\Prototype_Combat\ColliderActor.gen.cpp: fatal error C1852: 'C:\Users\Snowm\Documents\CombatC-\Prototype_Combat\Intermediate\Build\Win64\Prototype_CombatEditor\Development\Engine\SharedPCH.Engine.h.pch' is not a valid precompiled header file
[2019.04.30-16.59.24:578][904]CompilerResultsLog:   [12/23] FP_FirstPersonHUD.cpp
[2019.04.30-16.59.24:578][904]CompilerResultsLog:   C:\Users\Snowm\Documents\CombatC-\Prototype_Combat\Source\Prototype_Combat\FP_FirstPerson\FP_FirstPersonHUD.cpp: fatal error C1852: 'C:\Users\Snowm\Documents\CombatC-\Prototype_Combat\Intermediate\Build\Win64\Prototype_CombatEditor\Development\Engine\SharedPCH.Engine.h.pch' is not a valid precompiled header file
[2019.04.30-16.59.24:579][904]CompilerResultsLog:   [13/23] BasicEnemy.gen.cpp
[2019.04.30-16.59.24:579][904]CompilerResultsLog:   C:\Users\Snowm\Documents\CombatC-\Prototype_Combat\Intermediate\Build\Win64\UE4Editor\Inc\Prototype_Combat\BasicEnemy.gen.cpp: fatal error C1852: 'C:\Users\Snowm\Documents\CombatC-\Prototype_Combat\Intermediate\Build\Win64\Prototype_CombatEditor\Development\Engine\SharedPCH.Engine.h.pch' is not a valid precompiled header file
[2019.04.30-16.59.24:580][904]CompilerResultsLog:   [14/23] StatGeneration.cpp
[2019.04.30-16.59.24:580][904]CompilerResultsLog:   C:\Users\Snowm\Documents\CombatC-\Prototype_Combat\Source\Prototype_Combat\StatGeneration.cpp: fatal error C1852: 'C:\Users\Snowm\Documents\CombatC-\Prototype_Combat\Intermediate\Build\Win64\Prototype_CombatEditor\Development\Engine\SharedPCH.Engine.h.pch' is not a valid precompiled header file
[2019.04.30-16.59.24:580][904]CompilerResultsLog:   [15/23] Prototype_CombatGameModeBase.cpp
[2019.04.30-16.59.24:581][904]CompilerResultsLog:   C:\Users\Snowm\Documents\CombatC-\Prototype_Combat\Source\Prototype_Combat\Prototype_CombatGameModeBase.cpp: fatal error C1852: 'C:\Users\Snowm\Documents\CombatC-\Prototype_Combat\Intermediate\Build\Win64\Prototype_CombatEditor\Development\Engine\SharedPCH.Engine.h.pch' is not a valid precompiled header file
[2019.04.30-16.59.24:581][904]CompilerResultsLog:   [16/23] ReadingJSONs.cpp
[2019.04.30-16.59.24:581][904]CompilerResultsLog:   C:\Users\Snowm\Documents\CombatC-\Prototype_Combat\Source\Prototype_Combat\ReadingJSONs.cpp: fatal error C1852: 'C:\Users\Snowm\Documents\CombatC-\Prototype_Combat\Intermediate\Build\Win64\Prototype_CombatEditor\Development\Engine\SharedPCH.Engine.h.pch' is not a valid precompiled header file
[2019.04.30-16.59.24:582][904]CompilerResultsLog:   [17/23] Prototype_Combat.cpp
[2019.04.30-16.59.24:582][904]CompilerResultsLog:   C:\Users\Snowm\Documents\CombatC-\Prototype_Combat\Source\Prototype_Combat\Prototype_Combat.cpp: fatal error C1852: 'C:\Users\Snowm\Documents\CombatC-\Prototype_Combat\Intermediate\Build\Win64\Prototype_CombatEditor\Development\Engine\SharedPCH.Engine.h.pch' is not a valid precompiled header file
[2019.04.30-16.59.24:583][904]CompilerResultsLog:   [18/23] ColliderActor.cpp
[2019.04.30-16.59.24:583][904]CompilerResultsLog:   C:\Users\Snowm\Documents\CombatC-\Prototype_Combat\Source\Prototype_Combat\ColliderActor.cpp: fatal error C1852: 'C:\Users\Snowm\Documents\CombatC-\Prototype_Combat\Intermediate\Build\Win64\Prototype_CombatEditor\Development\Engine\SharedPCH.Engine.h.pch' is not a valid precompiled header file
[2019.04.30-16.59.24:584][904]CompilerResultsLog:   [19/23] BasicEnemy.cpp
[2019.04.30-16.59.24:584][904]CompilerResultsLog:   C:\Users\Snowm\Documents\CombatC-\Prototype_Combat\Source\Prototype_Combat\BasicEnemy.cpp: fatal error C1852: 'C:\Users\Snowm\Documents\CombatC-\Prototype_Combat\Intermediate\Build\Win64\Prototype_CombatEditor\Development\Engine\SharedPCH.Engine.h.pch' is not a valid precompiled header file
[2019.04.30-16.59.24:584][904]CompilerResultsLog:   [20/23] FP_FirstPersonGameMode.cpp
[2019.04.30-16.59.24:584][904]CompilerResultsLog:   C:\Users\Snowm\Documents\CombatC-\Prototype_Combat\Source\Prototype_Combat\FP_FirstPerson\FP_FirstPersonGameMode.cpp: fatal error C1852: 'C:\Users\Snowm\Documents\CombatC-\Prototype_Combat\Intermediate\Build\Win64\Prototype_CombatEditor\Development\Engine\SharedPCH.Engine.h.pch' is not a valid precompiled header file
[2019.04.30-16.59.24:585][904]CompilerResultsLog:   [21/23] JSONReaderComponenent.cpp
[2019.04.30-16.59.24:585][904]CompilerResultsLog:   C:\Users\Snowm\Documents\CombatC-\Prototype_Combat\Source\Prototype_Combat\JSONReaderComponenent.cpp: fatal error C1852: 'C:\Users\Snowm\Documents\CombatC-\Prototype_Combat\Intermediate\Build\Win64\Prototype_CombatEditor\Development\Engine\SharedPCH.Engine.h.pch' is not a valid precompiled header file
[2019.04.30-16.59.24:586][904]CompilerResultsLog: ERROR: UBT ERROR: Failed to produce item: C:\Users\Snowm\Documents\CombatC-\Prototype_Combat\Binaries\Win64\UE4Editor-Prototype_Combat-979.dll
[2019.04.30-16.59.24:586][904]CompilerResultsLog:        (see ../Programs/UnrealBuildTool/Log.txt for full exception trace)
[2019.04.30-16.59.24:587][904]CompilerResultsLog: Total build time: 19.23 seconds (Parallel executor: 0.00 seconds)
[2019.04.30-16.59.24:587][904]LogMainFrame: MainFrame: Module compiling took 20.974 seconds
[2019.04.30-16.59.24:587][904]Warning: HotReload failed, recompile failed
[2019.04.30-16.59.54:559][253]LogUnrealEdMisc: Warning: Heartbeat event firing too frequently (53.765 sec). This should never happen. Something is wrong with the timer delegate!
[2019.04.30-16.59.57:201][294]LogSlate: Window 'Prototype_Combat - Unreal Editor' being destroyed
[2019.04.30-16.59.57:202][294]LogWindowsTextInputMethodSystem: Display: IME system now deactivated.
[2019.04.30-16.59.57:717][295]Cmd: QUIT_EDITOR
[2019.04.30-16.59.57:798][295]LogExit: Preparing to exit.
[2019.04.30-16.59.58:811][295]LogExit: Editor shut down
[2019.04.30-16.59.58:811][295]LogExit: Transaction tracking system shut down
[2019.04.30-16.59.59:070][295]LogExit: Object subsystem successfully closed.
[2019.04.30-16.59.59:101][295]LogShaderCompilers: Display: Shaders left to compile 0
[2019.04.30-16.59.59:109][295]LogD3D11RHI: Shutdown
[2019.04.30-16.59.59:109][295]LogD3D11RHI: CleanupD3DDevice
[2019.04.30-16.59.59:112][295]LogD3D11RHI: ~FD3D11DynamicRHI
[2019.04.30-16.59.59:153][295]LogModuleManager: Shutting down and abandoning module HierarchicalLODOutliner (624)
[2019.04.30-16.59.59:153][295]LogModuleManager: Shutting down and abandoning module SceneOutliner (622)
[2019.04.30-16.59.59:153][295]LogModuleManager: Shutting down and abandoning module AddContentDialog (620)
[2019.04.30-16.59.59:154][295]LogModuleManager: Shutting down and abandoning module WidgetCarousel (619)
[2019.04.30-16.59.59:154][295]LogModuleManager: Shutting down and abandoning module EditorWidgets (616)
[2019.04.30-16.59.59:154][295]LogModuleManager: Shutting down and abandoning module CollectionManager (614)
[2019.04.30-16.59.59:154][295]LogModuleManager: Shutting down and abandoning module StatsViewer (612)
[2019.04.30-16.59.59:154][295]LogModuleManager: Shutting down and abandoning module FoliageEdit (610)
[2019.04.30-16.59.59:154][295]LogModuleManager: Shutting down and abandoning module LandscapeEditor (608)
[2019.04.30-16.59.59:154][295]LogModuleManager: Shutting down and abandoning module MeshPaintMode (606)
[2019.04.30-16.59.59:154][295]LogModuleManager: Shutting down and abandoning module SceneDepthPickerMode (604)
[2019.04.30-16.59.59:154][295]LogModuleManager: Shutting down and abandoning module ActorPickerMode (602)
[2019.04.30-16.59.59:154][295]LogModuleManager: Shutting down and abandoning module GeometryMode (600)
[2019.04.30-16.59.59:154][295]LogModuleManager: Shutting down and abandoning module TextureAlignMode (598)
[2019.04.30-16.59.59:154][295]LogModuleManager: Shutting down and abandoning module BspMode (596)
[2019.04.30-16.59.59:154][295]LogModuleManager: Shutting down and abandoning module PIEPreviewDeviceProfileSelector (594)
[2019.04.30-16.59.59:154][295]LogModuleManager: Shutting down and abandoning module SequenceRecorderSections (592)
[2019.04.30-16.59.59:154][295]LogModuleManager: Shutting down and abandoning module AutomationWorker (590)
[2019.04.30-16.59.59:154][295]LogModuleManager: Shutting down and abandoning module AudioCaptureEditor (588)
[2019.04.30-16.59.59:154][295]LogModuleManager: Shutting down and abandoning module MatineeToLevelSequence (586)
[2019.04.30-16.59.59:154][295]LogModuleManager: Shutting down and abandoning module LevelSequenceEditor (584)
[2019.04.30-16.59.59:155][295]LogModuleManager: Shutting down and abandoning module PlacementMode (583)
[2019.04.30-16.59.59:155][295]LogModuleManager: Shutting down and abandoning module MaterialEditor (582)
[2019.04.30-16.59.59:155][295]LogModuleManager: Shutting down and abandoning module WmfMediaFactory (578)
[2019.04.30-16.59.59:155][295]LogModuleManager: Shutting down and abandoning module WmfMediaEditor (576)
[2019.04.30-16.59.59:155][295]LogModuleManager: Shutting down and abandoning module WebMMediaFactory (574)
[2019.04.30-16.59.59:155][295]LogModuleManager: Shutting down and abandoning module WebMMediaEditor (572)
[2019.04.30-16.59.59:155][295]LogModuleManager: Shutting down and abandoning module WebMMedia (570)
[2019.04.30-16.59.59:155][295]LogModuleManager: Shutting down and abandoning module MediaPlayerEditor (568)
[2019.04.30-16.59.59:155][295]LogModuleManager: Shutting down and abandoning module MediaCompositingEditor (566)
[2019.04.30-16.59.59:155][295]LogModuleManager: Shutting down and abandoning module SequenceRecorder (565)
[2019.04.30-16.59.59:155][295]LogModuleManager: Shutting down and abandoning module OpenExrWrapper (562)
[2019.04.30-16.59.59:155][295]LogModuleManager: Shutting down and abandoning module ImgMediaFactory (560)
[2019.04.30-16.59.59:155][295]LogModuleManager: Shutting down and abandoning module ImgMediaEditor (558)
[2019.04.30-16.59.59:155][295]LogModuleManager: Shutting down and abandoning module AvfMediaFactory (556)
[2019.04.30-16.59.59:155][295]LogModuleManager: Shutting down and abandoning module AvfMediaEditor (554)
[2019.04.30-16.59.59:155][295]LogModuleManager: Shutting down and abandoning module AndroidMediaFactory (552)
[2019.04.30-16.59.59:155][295]LogModuleManager: Shutting down and abandoning module AndroidMediaEditor (550)
[2019.04.30-16.59.59:155][295]LogModuleManager: Shutting down and abandoning module MagicLeapCameraPreviewFactory (548)
[2019.04.30-16.59.59:155][295]LogModuleManager: Shutting down and abandoning module MagicLeapMediaFactory (546)
[2019.04.30-16.59.59:155][295]LogModuleManager: Shutting down and abandoning module MagicLeapMediaEditor (544)
[2019.04.30-16.59.59:155][295]LogModuleManager: Shutting down and abandoning module CharacterAI (542)
[2019.04.30-16.59.59:155][295]LogModuleManager: Shutting down and abandoning module SmartSnapping (540)
[2019.04.30-16.59.59:155][295]LogModuleManager: Shutting down and abandoning module SessionServices (538)
[2019.04.30-16.59.59:155][295]LogModuleManager: Shutting down and abandoning module ViewportSnapping (536)
[2019.04.30-16.59.59:155][295]LogModuleManager: Shutting down and abandoning module ViewportInteraction (534)
[2019.04.30-16.59.59:155][295]LogModuleManager: Shutting down and abandoning module ClothPainter (532)
[2019.04.30-16.59.59:155][295]LogModuleManager: Shutting down and abandoning module SkeletalMeshEditor (531)
[2019.04.30-16.59.59:155][295]LogModuleManager: Shutting down and abandoning module LogVisualizer (528)
[2019.04.30-16.59.59:155][295]LogModuleManager: Shutting down and abandoning module IntroTutorials (526)
[2019.04.30-16.59.59:155][295]LogModuleManager: Shutting down and abandoning module GameProjectGeneration (525)
[2019.04.30-16.59.59:155][295]LogModuleManager: Shutting down and abandoning module LuminPlatformEditor (522)
[2019.04.30-16.59.59:155][295]LogModuleManager: Shutting down and abandoning module IOSPlatformEditor (520)
[2019.04.30-16.59.59:156][295]LogModuleManager: Shutting down and abandoning module HTML5PlatformEditor (518)
[2019.04.30-16.59.59:156][295]LogModuleManager: Shutting down and abandoning module AndroidPlatformEditor (516)
[2019.04.30-16.59.59:156][295]LogModuleManager: Shutting down and abandoning module AndroidDeviceDetection (515)
[2019.04.30-17.00.00:011][295]LogModuleManager: Shutting down and abandoning module WindowsPlatformEditor (512)
[2019.04.30-17.00.00:011][295]LogModuleManager: Shutting down and abandoning module LuminRuntimeSettings (510)
[2019.04.30-17.00.00:011][295]LogModuleManager: Shutting down and abandoning module IOSRuntimeSettings (508)
[2019.04.30-17.00.00:017][295]LogModuleManager: Shutting down and abandoning module AndroidRuntimeSettings (506)
[2019.04.30-17.00.00:018][295]LogModuleManager: Shutting down and abandoning module TimeManagementEditor (504)
[2019.04.30-17.00.00:018][295]LogModuleManager: Shutting down and abandoning module InputBindingEditor (502)
[2019.04.30-17.00.00:018][295]LogModuleManager: Shutting down and abandoning module MergeActors (500)
[2019.04.30-17.00.00:018][295]LogModuleManager: Shutting down and abandoning module LocalizationDashboard (498)
[2019.04.30-17.00.00:019][295]LogModuleManager: Shutting down and abandoning module LocalizationService (497)
[2019.04.30-17.00.00:019][295]LogModuleManager: Shutting down and abandoning module HardwareTargeting (494)
[2019.04.30-17.00.00:019][295]LogModuleManager: Shutting down and abandoning module DeviceProfileEditor (492)
[2019.04.30-17.00.00:019][295]LogModuleManager: Shutting down and abandoning module UndoHistory (490)
[2019.04.30-17.00.00:019][295]LogModuleManager: Shutting down and abandoning module XmlParser (488)
[2019.04.30-17.00.00:019][295]LogModuleManager: Shutting down and abandoning module Blutility (486)
[2019.04.30-17.00.00:019][295]LogModuleManager: Shutting down and abandoning module ProjectSettingsViewer (484)
[2019.04.30-17.00.00:020][295]LogModuleManager: Shutting down and abandoning module ProjectTargetPlatformEditor (483)
[2019.04.30-17.00.00:022][295]LogModuleManager: Shutting down and abandoning module EditorSettingsViewer (480)
[2019.04.30-17.00.00:022][295]LogModuleManager: Shutting down and abandoning module SettingsEditor (478)
[2019.04.30-17.00.00:026][295]LogModuleManager: Shutting down and abandoning module ProjectLauncher (476)
[2019.04.30-17.00.00:027][295]LogModuleManager: Shutting down and abandoning module SessionFrontend (474)
[2019.04.30-17.00.00:027][295]LogModuleManager: Shutting down and abandoning module ProfilerClient (472)
[2019.04.30-17.00.00:027][295]LogModuleManager: Shutting down and abandoning module DeviceManager (470)
[2019.04.30-17.00.00:027][295]LogModuleManager: Shutting down and abandoning module TargetDeviceServices (469)
[2019.04.30-17.00.00:082][295]LogModuleManager: Shutting down and abandoning module AutomationController (466)
[2019.04.30-17.00.00:084][295]LogModuleManager: Shutting down and abandoning module AutomationWindow (464)
[2019.04.30-17.00.00:084][295]LogModuleManager: Shutting down and abandoning module Layers (462)
[2019.04.30-17.00.00:084][295]LogModuleManager: Shutting down and abandoning module ComponentVisualizers (460)
[2019.04.30-17.00.00:085][295]LogModuleManager: Shutting down and abandoning module DetailCustomizations (458)
[2019.04.30-17.00.00:085][295]LogModuleManager: Shutting down and abandoning module PackagesDialog (456)
[2019.04.30-17.00.00:086][295]LogModuleManager: Shutting down and abandoning module Persona (454)
[2019.04.30-17.00.00:087][295]LogModuleManager: Shutting down and abandoning module AdvancedPreviewScene (453)
[2019.04.30-17.00.00:087][295]LogModuleManager: Shutting down and abandoning module AnimGraph (451)
[2019.04.30-17.00.00:087][295]LogModuleManager: Shutting down and abandoning module Kismet (448)
[2019.04.30-17.00.00:090][295]LogModuleManager: Shutting down and abandoning module GraphEditor (446)
[2019.04.30-17.00.00:091][295]LogModuleManager: Shutting down and abandoning module ClassViewer (444)
[2019.04.30-17.00.00:091][295]LogModuleManager: Shutting down and abandoning module Toolbox (442)
[2019.04.30-17.00.00:091][295]LogModuleManager: Shutting down and abandoning module DesktopPlatform (441)
[2019.04.30-17.00.00:091][295]LogModuleManager: Shutting down and abandoning module ModuleUI (438)
[2019.04.30-17.00.00:091][295]LogModuleManager: Shutting down and abandoning module MovieSceneTools (436)
[2019.04.30-17.00.00:091][295]LogModuleManager: Shutting down and abandoning module OutputLog (434)
[2019.04.30-17.00.00:092][295]LogModuleManager: Shutting down and abandoning module GammaUI (432)
[2019.04.30-17.00.00:092][295]LogModuleManager: Shutting down and abandoning module Documentation (430)
[2019.04.30-17.00.00:092][295]LogModuleManager: Shutting down and abandoning module MovieSceneTracks (428)
[2019.04.30-17.00.00:092][295]LogModuleManager: Shutting down and abandoning module MovieScene (426)
[2019.04.30-17.00.00:092][295]LogModuleManager: Shutting down and abandoning module StreamingPauseRendering (424)
[2019.04.30-17.00.00:092][295]LogModuleManager: Shutting down and abandoning module LauncherPlatform (422)
[2019.04.30-17.00.00:092][295]LogModuleManager: Shutting down and abandoning module AnalyticsET (420)
[2019.04.30-17.00.00:092][295]LogModuleManager: Shutting down and abandoning module PortalServices (418)
[2019.04.30-17.00.00:092][295]LogModuleManager: Shutting down and abandoning module PortalRpc (416)
[2019.04.30-17.00.00:092][295]LogModuleManager: Shutting down and abandoning module MessagingRpc (414)
[2019.04.30-17.00.00:093][295]LogModuleManager: Shutting down and abandoning module AIModule (412)
[2019.04.30-17.00.00:093][295]LogModuleManager: Shutting down and abandoning module GameplayDebugger (411)
[2019.04.30-17.00.00:094][295]LogModuleManager: Shutting down and abandoning module AITestSuite (409)
[2019.04.30-17.00.00:094][295]LogModuleManager: Shutting down and abandoning module NavigationSystem (407)
[2019.04.30-17.00.00:094][295]LogModuleManager: Shutting down and abandoning module ImageWriteQueue (404)
[2019.04.30-17.00.00:121][295]LogModuleManager: Shutting down and abandoning module ProfilerService (402)
[2019.04.30-17.00.00:289][295]LogModuleManager: Shutting down and abandoning module TaskGraph (400)
[2019.04.30-17.00.00:290][295]LogModuleManager: Shutting down and abandoning module SteamVRController (398)
[2019.04.30-17.00.00:290][295]LogModuleManager: Shutting down and abandoning module ProceduralMeshComponentEditor (396)
[2019.04.30-17.00.00:290][295]LogModuleManager: Shutting down and abandoning module ProceduralMeshComponent (394)
[2019.04.30-17.00.00:290][295]LogModuleManager: Shutting down and abandoning module OculusInput (392)
[2019.04.30-17.00.00:290][295]LogModuleManager: Shutting down and abandoning module MobilePatchingUtils (390)
[2019.04.30-17.00.00:290][295]LogModuleManager: Shutting down and abandoning module EditableMesh (388)
[2019.04.30-17.00.00:290][295]LogModuleManager: Shutting down and abandoning module CustomMeshComponent (386)
[2019.04.30-17.00.00:290][295]LogModuleManager: Shutting down and abandoning module CableComponent (384)
[2019.04.30-17.00.00:290][295]LogModuleManager: Shutting down and abandoning module AudioCapture (382)
[2019.04.30-17.00.00:290][295]LogModuleManager: Shutting down and abandoning module ArchVisCharacter (380)
[2019.04.30-17.00.00:290][295]LogModuleManager: Shutting down and abandoning module AndroidPermission (378)
[2019.04.30-17.00.00:290][295]LogModuleManager: Shutting down and abandoning module NUTUnrealEngine4 (376)
[2019.04.30-17.00.00:290][295]LogModuleManager: Shutting down and abandoning module NetcodeUnitTest (374)
[2019.04.30-17.00.00:290][295]LogModuleManager: Shutting down and abandoning module MediaCompositing (372)
[2019.04.30-17.00.00:290][295]LogModuleManager: Shutting down and abandoning module LinearTimecode (370)
[2019.04.30-17.00.00:290][295]LogModuleManager: Shutting down and abandoning module ImgMedia (368)
[2019.04.30-17.00.00:293][295]LogModuleManager: Shutting down and abandoning module HTML5Networking (366)
[2019.04.30-17.00.00:293][295]LogModuleManager: Shutting down and abandoning module GeometryCacheTracks (364)
[2019.04.30-17.00.00:293][295]LogModuleManager: Shutting down and abandoning module GeometryCacheSequencer (362)
[2019.04.30-17.00.00:293][295]LogModuleManager: Shutting down and abandoning module BackChannel (360)
[2019.04.30-17.00.00:293][295]LogModuleManager: Shutting down and abandoning module AppleVision (358)
[2019.04.30-17.00.00:293][295]LogModuleManager: Shutting down and abandoning module AppleImageUtilsBlueprintSupport (356)
[2019.04.30-17.00.00:293][295]LogModuleManager: Shutting down and abandoning module AppleImageUtils (354)
[2019.04.30-17.00.00:293][295]LogModuleManager: Shutting down and abandoning module AlembicImporter (352)
[2019.04.30-17.00.00:293][295]LogModuleManager: Shutting down and abandoning module AlembicLibrary (351)
[2019.04.30-17.00.00:293][295]LogModuleManager: Shutting down and abandoning module GeometryCache (350)
[2019.04.30-17.00.00:293][295]LogModuleManager: Shutting down and abandoning module GeometryCacheEd (349)
[2019.04.30-17.00.00:293][295]LogModuleManager: Shutting down and abandoning module VariantManagerContent (344)
[2019.04.30-17.00.00:293][295]LogModuleManager: Shutting down and abandoning module DatasmithContentEditor (342)
[2019.04.30-17.00.00:293][295]LogModuleManager: Shutting down and abandoning module SpeedTreeImporter (340)
[2019.04.30-17.00.00:293][295]LogModuleManager: Shutting down and abandoning module PluginBrowser (338)
[2019.04.30-17.00.00:293][295]LogModuleManager: Shutting down and abandoning module MobileLauncherProfileWizard (336)
[2019.04.30-17.00.00:293][295]LogModuleManager: Shutting down and abandoning module PolygonModeling (334)
[2019.04.30-17.00.00:293][295]LogModuleManager: Shutting down and abandoning module MeshEditor (332)
[2019.04.30-17.00.00:293][295]LogModuleManager: Shutting down and abandoning module CryptoKeysOpenSSL (330)
[2019.04.30-17.00.00:293][295]LogModuleManager: Shutting down and abandoning module CryptoKeys (328)
[2019.04.30-17.00.00:294][295]LogModuleManager: Shutting down and abandoning module VisualStudioSourceCodeAccess (326)
[2019.04.30-17.00.00:294][295]LogModuleManager: Shutting down and abandoning module VisualStudioCodeSourceCodeAccess (324)
[2019.04.30-17.00.00:294][295]LogModuleManager: Shutting down and abandoning module UObjectPlugin (322)
[2019.04.30-17.00.00:294][295]LogModuleManager: Shutting down and abandoning module SubversionSourceControl (320)
[2019.04.30-17.00.00:294][295]LogModuleManager: Shutting down and abandoning module PerforceSourceControl (318)
[2019.04.30-17.00.00:294][295]LogModuleManager: Shutting down and abandoning module GitSourceControl (316)
[2019.04.30-17.00.00:294][295]LogModuleManager: Shutting down and abandoning module SourceControl (315)
[2019.04.30-17.00.00:294][295]LogModuleManager: Shutting down and abandoning module CLionSourceCodeAccess (312)
[2019.04.30-17.00.00:294][295]LogModuleManager: Shutting down and abandoning module ActorLayerUtilitiesEditor (310)
[2019.04.30-17.00.00:294][295]LogModuleManager: Shutting down and abandoning module ActorLayerUtilities (308)
[2019.04.30-17.00.00:294][295]LogModuleManager: Shutting down and abandoning module LightPropagationVolumeEditor (306)
[2019.04.30-17.00.00:294][295]LogModuleManager: Shutting down and abandoning module PaperTiledImporter (304)
[2019.04.30-17.00.00:294][295]LogModuleManager: Shutting down and abandoning module PaperSpriteSheetImporter (302)
[2019.04.30-17.00.00:294][295]LogModuleManager: Shutting down and abandoning module Paper2DEditor (300)
[2019.04.30-17.00.00:294][295]LogModuleManager: Shutting down and abandoning module MeshPaint (299)
[2019.04.30-17.00.00:294][295]LogModuleManager: Shutting down and abandoning module Prototype_Combat (296)
[2019.04.30-17.00.00:294][295]LogModuleManager: Shutting down and abandoning module RuntimePhysXCooking (294)
[2019.04.30-17.00.00:294][295]LogModuleManager: Shutting down and abandoning module PhysXVehiclesEditor (292)
[2019.04.30-17.00.00:294][295]LogModuleManager: Shutting down and abandoning module PhysXVehicles (290)
[2019.04.30-17.00.00:294][295]LogModuleManager: Shutting down and abandoning module OculusEditor (288)
[2019.04.30-17.00.00:294][295]LogModuleManager: Shutting down and abandoning module LocationServicesBPLibrary (286)
[2019.04.30-17.00.00:294][295]LogModuleManager: Shutting down and abandoning module ActorSequence (284)
[2019.04.30-17.00.00:294][295]LogModuleManager: Shutting down and abandoning module UdpMessaging (282)
[2019.04.30-17.00.00:395][295]LogModuleManager: Shutting down and abandoning module TcpMessaging (280)
[2019.04.30-17.00.00:496][295]LogModuleManager: Shutting down and abandoning module MagicLeapAudio (278)
[2019.04.30-17.00.00:496][295]LogModuleManager: Shutting down and abandoning module GameplayTagsEditor (276)
[2019.04.30-17.00.00:496][295]LogModuleManager: Shutting down and abandoning module FacialAnimationEditor (274)
[2019.04.30-17.00.00:496][295]LogModuleManager: Shutting down and abandoning module FacialAnimation (272)
[2019.04.30-17.00.00:496][295]LogModuleManager: Shutting down and abandoning module DataValidation (270)
[2019.04.30-17.00.00:496][295]LogModuleManager: Shutting down and abandoning module AssetManagerEditor (268)
[2019.04.30-17.00.00:496][295]LogModuleManager: Shutting down and abandoning module LevelEditor (267)
[2019.04.30-17.00.00:497][295]LogModuleManager: Shutting down and abandoning module PixelInspectorModule (266)
[2019.04.30-17.00.00:497][295]LogModuleManager: Shutting down and abandoning module CommonMenuExtensions (264)
[2019.04.30-17.00.00:497][295]LogModuleManager: Shutting down and abandoning module MainFrame (262)
[2019.04.30-17.00.00:497][295]LogModuleManager: Shutting down and abandoning module HotReload (261)
[2019.04.30-17.00.00:498][295]LogModuleManager: Shutting down and abandoning module ContentBrowser (257)
[2019.04.30-17.00.00:499][295]LogModuleManager: Shutting down and abandoning module TreeMap (255)
[2019.04.30-17.00.00:499][295]LogModuleManager: Shutting down and abandoning module LightPropagationVolumeRuntime (252)
[2019.04.30-17.00.00:499][295]LogModuleManager: Shutting down and abandoning module AISupportModule (250)
[2019.04.30-17.00.00:499][295]LogModuleManager: Shutting down and abandoning module Paper2D (248)
[2019.04.30-17.00.00:499][295]LogModuleManager: Shutting down and abandoning module WindowsMoviePlayer (246)
[2019.04.30-17.00.00:499][295]LogModuleManager: Shutting down and abandoning module WebMMoviePlayer (244)
[2019.04.30-17.00.00:500][295]LogModuleManager: Shutting down and abandoning module WmfMedia (242)
[2019.04.30-17.00.00:501][295]LogModuleManager: Shutting down and abandoning module Media (241)
[2019.04.30-17.00.00:508][295]LogModuleManager: Shutting down and abandoning module PacketHandler (238)
[2019.04.30-17.00.00:508][295]LogModuleManager: Shutting down and abandoning module ClothingSystemEditor (236)
[2019.04.30-17.00.00:508][295]LogModuleManager: Shutting down and abandoning module ClothingSystemRuntime (234)
[2019.04.30-17.00.00:508][295]LogModuleManager: Shutting down and abandoning module MediaAssets (232)
[2019.04.30-17.00.00:508][295]LogModuleManager: Shutting down and abandoning module Overlay (230)
[2019.04.30-17.00.00:508][295]LogModuleManager: Shutting down and abandoning module OverlayEditor (229)
[2019.04.30-17.00.00:508][295]LogModuleManager: Shutting down and abandoning module VREditor (226)
[2019.04.30-17.00.00:508][295]LogModuleManager: Shutting down and abandoning module StringTableEditor (224)
[2019.04.30-17.00.00:508][295]LogModuleManager: Shutting down and abandoning module GameplayTasksEditor (222)
[2019.04.30-17.00.00:508][295]LogModuleManager: Shutting down and abandoning module BehaviorTreeEditor (220)
[2019.04.30-17.00.00:508][295]LogModuleManager: Shutting down and abandoning module FunctionalTesting (218)
[2019.04.30-17.00.00:508][295]LogModuleManager: Shutting down and abandoning module CollisionAnalyzer (216)
[2019.04.30-17.00.00:508][295]LogModuleManager: Shutting down and abandoning module WorkspaceMenuStructure (215)
[2019.04.30-17.00.00:508][295]LogModuleManager: Shutting down and abandoning module UMG (212)
[2019.04.30-17.00.00:508][295]LogModuleManager: Shutting down and abandoning module UMGEditor (211)
[2019.04.30-17.00.00:508][295]LogModuleManager: Shutting down and abandoning module Sequencer (210)
[2019.04.30-17.00.00:508][295]LogModuleManager: Shutting down and abandoning module MessageLog (207)
[2019.04.30-17.00.00:508][295]LogModuleManager: Shutting down and abandoning module SlateReflector (202)
[2019.04.30-17.00.00:508][295]LogModuleManager: Shutting down and abandoning module Slate (200)
[2019.04.30-17.00.00:508][295]LogModuleManager: Shutting down and abandoning module EditorStyle (198)
[2019.04.30-17.00.00:511][295]LogModuleManager: Shutting down and abandoning module MRMesh (196)
[2019.04.30-17.00.00:511][295]LogModuleManager: Shutting down and abandoning module SourceCodeAccess (194)
[2019.04.30-17.00.00:511][295]LogModuleManager: Shutting down and abandoning module HeadMountedDisplay (192)
[2019.04.30-17.00.00:511][295]LogModuleManager: Shutting down and abandoning module XAudio2 (190)
[2019.04.30-17.00.00:511][295]LogModuleManager: Shutting down and abandoning module Networking (188)
[2019.04.30-17.00.00:511][295]LogModuleManager: Shutting down and abandoning module Core (186)
[2019.04.30-17.00.00:511][295]LogModuleManager: Shutting down and abandoning module LevelSequence (184)
[2019.04.30-17.00.00:511][295]LogModuleManager: Shutting down and abandoning module KismetCompiler (182)
[2019.04.30-17.00.00:511][295]LogModuleManager: Shutting down and abandoning module MeshUtilities (180)
[2019.04.30-17.00.00:511][295]LogModuleManager: Shutting down and abandoning module MeshMergeUtilities (179)
[2019.04.30-17.00.00:511][295]LogModuleManager: Shutting down and abandoning module MeshReductionInterface (178)
[2019.04.30-17.00.00:511][295]LogModuleManager: Shutting down and abandoning module SimplygonSwarm (177)
[2019.04.30-17.00.00:511][295]LogModuleManager: Shutting down and abandoning module ProxyLODMeshReduction (175)
[2019.04.30-17.00.00:511][295]LogModuleManager: Shutting down and abandoning module SimplygonMeshReduction (173)
[2019.04.30-17.00.00:511][295]LogModuleManager: Shutting down and abandoning module QuadricMeshReduction (171)
[2019.04.30-17.00.00:511][295]LogModuleManager: Shutting down and abandoning module MaterialBaking (167)
[2019.04.30-17.00.00:511][295]LogModuleManager: Shutting down and abandoning module DirectoryWatcher (163)
[2019.04.30-17.00.00:511][295]LogModuleManager: Shutting down and abandoning module DerivedDataCache (160)
[2019.04.30-17.00.00:576][295]LogDerivedDataCache: Shutdown
[2019.04.30-17.00.00:576][295]LogModuleManager: Shutting down and abandoning module XGEController (158)
[2019.04.30-17.00.00:576][295]LogXGEController: Cleaning working directory: C:/Users/Snowm/AppData/Local/Temp/UnrealXGEWorkingDir/
[2019.04.30-17.00.00:577][295]LogModuleManager: Shutting down and abandoning module TargetPlatform (156)
[2019.04.30-17.00.00:577][295]LogModuleManager: Shutting down and abandoning module VulkanShaderFormat (155)
[2019.04.30-17.00.00:577][295]LogModuleManager: Shutting down and abandoning module ShaderFormatVectorVM (153)
[2019.04.30-17.00.00:577][295]LogModuleManager: Shutting down and abandoning module ShaderFormatOpenGL (151)
[2019.04.30-17.00.00:577][295]LogModuleManager: Shutting down and abandoning module ShaderFormatD3D (149)
[2019.04.30-17.00.00:577][295]LogModuleManager: Shutting down and abandoning module MetalShaderFormat (147)
[2019.04.30-17.00.00:577][295]LogModuleManager: Shutting down and abandoning module TextureFormatUncompressed (145)
[2019.04.30-17.00.00:577][295]LogModuleManager: Shutting down and abandoning module TextureFormatPVR (143)
[2019.04.30-17.00.00:577][295]LogModuleManager: Shutting down and abandoning module TextureFormatDXT (141)
[2019.04.30-17.00.00:577][295]LogModuleManager: Shutting down and abandoning module TextureFormatIntelISPCTexComp (139)
[2019.04.30-17.00.00:577][295]LogModuleManager: Shutting down and abandoning module TextureFormatASTC (137)
[2019.04.30-17.00.00:577][295]LogModuleManager: Shutting down and abandoning module ImageWrapper (136)
[2019.04.30-17.00.00:577][295]LogModuleManager: Shutting down and abandoning module TextureFormatAndroid (133)
[2019.04.30-17.00.00:577][295]LogModuleManager: Shutting down and abandoning module AudioFormatOpus (131)
[2019.04.30-17.00.00:577][295]LogModuleManager: Shutting down and abandoning module AudioFormatOgg (129)
[2019.04.30-17.00.00:577][295]LogModuleManager: Shutting down and abandoning module AudioFormatADPCM (127)
[2019.04.30-17.00.00:577][295]LogModuleManager: Shutting down and abandoning module LuminTargetPlatform (125)
[2019.04.30-17.00.00:577][295]LogModuleManager: Shutting down and abandoning module LinuxTargetPlatform (123)
[2019.04.30-17.00.00:578][295]LogModuleManager: Shutting down and abandoning module LinuxServerTargetPlatform (121)
[2019.04.30-17.00.00:578][295]LogModuleManager: Shutting down and abandoning module LinuxNoEditorTargetPlatform (119)
[2019.04.30-17.00.00:578][295]LogModuleManager: Shutting down and abandoning module LinuxClientTargetPlatform (117)
[2019.04.30-17.00.00:578][295]LogModuleManager: Shutting down and abandoning module TVOSTargetPlatform (115)
[2019.04.30-17.00.00:578][295]LogModuleManager: Shutting down and abandoning module Messaging (113)
[2019.04.30-17.00.00:578][295]LogModuleManager: Shutting down and abandoning module IOSTargetPlatform (111)
[2019.04.30-17.00.00:579][295]LogModuleManager: Shutting down and abandoning module HTML5TargetPlatform (109)
[2019.04.30-17.00.00:579][295]LogModuleManager: Shutting down and abandoning module AndroidTargetPlatform (107)
[2019.04.30-17.00.00:584][295]LogModuleManager: Shutting down and abandoning module WindowsTargetPlatform (105)
[2019.04.30-17.00.00:584][295]LogModuleManager: Shutting down and abandoning module WindowsServerTargetPlatform (103)
[2019.04.30-17.00.00:584][295]LogModuleManager: Shutting down and abandoning module WindowsNoEditorTargetPlatform (101)
[2019.04.30-17.00.00:584][295]LogModuleManager: Shutting down and abandoning module WindowsClientTargetPlatform (99)
[2019.04.30-17.00.00:584][295]LogModuleManager: Shutting down and abandoning module MacTargetPlatform (97)
[2019.04.30-17.00.00:584][295]LogModuleManager: Shutting down and abandoning module MacServerTargetPlatform (95)
[2019.04.30-17.00.00:584][295]LogModuleManager: Shutting down and abandoning module MacNoEditorTargetPlatform (93)
[2019.04.30-17.00.00:584][295]LogModuleManager: Shutting down and abandoning module MacClientTargetPlatform (91)
[2019.04.30-17.00.00:584][295]LogModuleManager: Shutting down and abandoning module AllDesktopTargetPlatform (89)
[2019.04.30-17.00.00:584][295]LogModuleManager: Shutting down and abandoning module InputCore (86)
[2019.04.30-17.00.00:584][295]LogModuleManager: Shutting down and abandoning module Settings (84)
[2019.04.30-17.00.00:584][295]LogModuleManager: Shutting down and abandoning module PhysXCooking (82)
[2019.04.30-17.00.00:584][295]LogModuleManager: Shutting down and abandoning module SteamVR (80)
[2019.04.30-17.00.00:584][295]LogHMD: Freeing OpenVRDLLHandle.
[2019.04.30-17.00.00:584][295]LogModuleManager: Shutting down and abandoning module OculusHMD (78)
[2019.04.30-17.00.00:584][295]LogModuleManager: Shutting down and abandoning module ExampleDeviceProfileSelector (76)
[2019.04.30-17.00.00:584][295]LogModuleManager: Shutting down and abandoning module LauncherChunkInstaller (74)
[2019.04.30-17.00.00:584][295]LogModuleManager: Shutting down and abandoning module OnlineBlueprintSupport (72)
[2019.04.30-17.00.00:584][295]LogModuleManager: Shutting down and abandoning module OnlineSubsystem (68)
[2019.04.30-17.00.00:585][295]LogModuleManager: Shutting down and abandoning module XMPP (63)
[2019.04.30-17.00.00:585][295]LogModuleManager: Shutting down and abandoning module WebSockets (62)
[2019.04.30-17.00.00:617][295]LogModuleManager: Shutting down and abandoning module HTTP (59)
[2019.04.30-17.00.00:617][295]LogHttp: Display: Http module shutting down, but needs to wait on 1 outstanding Http requests:
[2019.04.30-17.00.00:617][295]LogHttp: Display: 	verb=[POST] url=[https://datarouter.ol.epicgames.com/datarouter/api/v1/public/data?SessionID=%7BC51F115F-4BE1-43FE-A0DF-2A8FBB0DC3C8%7D&AppID=UEEditor.Rocket.Release&AppVersion=4.21.2-4753647%2B%2B%2BUE4%2BRelease-4.21&UserID=2938f7d44d2e832cd679209e78c86766%7C2dcb689e85944acf89f68d859ee4373d%7Ccf057740-bf80-432a-9158-48f3fbb6a4cc&AppEnvironment=datacollector-binary&UploadType=eteventstream] status=Processing
[2019.04.30-17.00.00:624][295]LogModuleManager: Shutting down and abandoning module SSL (58)
[2019.04.30-17.00.00:625][295]LogModuleManager: Shutting down and abandoning module MagicLeapIdentity (54)
[2019.04.30-17.00.00:625][295]LogModuleManager: Shutting down and abandoning module MagicLeapHelperVulkan (52)
[2019.04.30-17.00.00:625][295]LogModuleManager: Shutting down and abandoning module MagicLeapHelperOpenGL (50)
[2019.04.30-17.00.00:625][295]LogModuleManager: Shutting down and abandoning module MagicLeapSecureStorage (48)
[2019.04.30-17.00.00:625][295]LogModuleManager: Shutting down and abandoning module MagicLeapHandTracking (46)
[2019.04.30-17.00.00:625][295]LogModuleManager: Shutting down and abandoning module MagicLeapEyeTracker (44)
[2019.04.30-17.00.00:625][295]LogModuleManager: Shutting down and abandoning module MagicLeapController (42)
[2019.04.30-17.00.00:625][295]LogSlate: Slate User Destroyed.  User Index 0, Is Virtual User: 0
[2019.04.30-17.00.00:625][295]LogModuleManager: Shutting down and abandoning module MagicLeap (40)
[2019.04.30-17.00.00:625][295]LogModuleManager: Shutting down and abandoning module DatasmithContent (38)
[2019.04.30-17.00.00:626][295]LogModuleManager: Shutting down and abandoning module AnimationModifiers (36)
[2019.04.30-17.00.00:626][295]LogModuleManager: Shutting down and abandoning module PropertyEditor (35)
[2019.04.30-17.00.00:626][295]LogModuleManager: Shutting down and abandoning module AudioEditor (32)
[2019.04.30-17.00.00:626][295]LogModuleManager: Shutting down and abandoning module TextureCompressor (30)
[2019.04.30-17.00.00:626][295]LogModuleManager: Shutting down and abandoning module ShaderCore (28)
[2019.04.30-17.00.00:626][295]LogModuleManager: Shutting down and abandoning module Landscape (26)
[2019.04.30-17.00.00:626][295]LogModuleManager: Shutting down and abandoning module SlateRHIRenderer (24)
[2019.04.30-17.00.00:626][295]LogModuleManager: Shutting down and abandoning module OpenGLDrv (22)
[2019.04.30-17.00.00:626][295]LogModuleManager: Shutting down and abandoning module D3D11RHI (20)
[2019.04.30-17.00.00:626][295]LogModuleManager: Shutting down and abandoning module AnimGraphRuntime (18)
[2019.04.30-17.00.00:626][295]LogModuleManager: Shutting down and abandoning module Renderer (16)
[2019.04.30-17.00.00:626][295]LogModuleManager: Shutting down and abandoning module Engine (14)
[2019.04.30-17.00.00:626][295]LogModuleManager: Shutting down and abandoning module CoreUObject (12)
[2019.04.30-17.00.00:626][295]LogModuleManager: Shutting down and abandoning module NetworkFile (10)
[2019.04.30-17.00.00:626][295]LogModuleManager: Shutting down and abandoning module CookedIterativeFile (8)
[2019.04.30-17.00.00:626][295]LogModuleManager: Shutting down and abandoning module StreamingFile (6)
[2019.04.30-17.00.00:626][295]LogModuleManager: Shutting down and abandoning module SandboxFile (4)
[2019.04.30-17.00.00:627][295]LogModuleManager: Shutting down and abandoning module PakFile (2)
[2019.04.30-17.00.00:632][295]LogExit: Exiting.
[2019.04.30-17.00.00:636][295]Log file closed, 04/30/19 13:00:00
