Log file open, 04/12/19 12:06:20
LogWindows: Failed to load 'aqProf.dll' (GetLastError=126)
LogWindows: File 'aqProf.dll' does not exist
LogWindows: Failed to load 'VtuneApi.dll' (GetLastError=126)
LogWindows: File 'VtuneApi.dll' does not exist
LogWindows: Failed to load 'VtuneApi32e.dll' (GetLastError=126)
LogWindows: File 'VtuneApi32e.dll' does not exist
LogConsoleResponse: Display: Failed to find resolution value strings in scalability ini. Falling back to default.
LogInit: Display: Running engine for game: Prototype_Combat
LogPakFile: Registered encryption key '00000000000000000000000000000000': 0 pak files mounted, 0 remain pending
LogPlatformFile: Not using cached read wrapper
LogTaskGraph: Started task graph with 5 named threads and 23 total threads with 3 sets of task threads.
LogStats: Stats thread started at 0.853039
LogD3D11RHI: Loaded GFSDK_Aftermath_Lib.x64.dll
LogICUInternationalization: ICU TimeZone Detection - Raw Offset: -5:00, Platform Override: ''
LogPluginManager: Mounting plugin Paper2D
LogPluginManager: Mounting plugin AISupport
LogPluginManager: Mounting plugin LightPropagationVolume
LogPluginManager: Mounting plugin ActorLayerUtilities
LogPluginManager: Mounting plugin CLionSourceCodeAccess
LogPluginManager: Mounting plugin CodeLiteSourceCodeAccess
LogPluginManager: Mounting plugin GitSourceControl
LogPluginManager: Mounting plugin KDevelopSourceCodeAccess
LogPluginManager: Mounting plugin NullSourceCodeAccess
LogPluginManager: Mounting plugin PerforceSourceControl
LogPluginManager: Mounting plugin SubversionSourceControl
LogPluginManager: Mounting plugin UObjectPlugin
LogPluginManager: Mounting plugin VisualStudioCodeSourceCodeAccess
LogPluginManager: Mounting plugin VisualStudioSourceCodeAccess
LogPluginManager: Mounting plugin XCodeSourceCodeAccess
LogPluginManager: Mounting plugin AssetManagerEditor
LogPluginManager: Mounting plugin CryptoKeys
LogPluginManager: Mounting plugin DataValidation
LogPluginManager: Mounting plugin FacialAnimation
LogPluginManager: Mounting plugin GameplayTagsEditor
LogPluginManager: Mounting plugin MacGraphicsSwitching
LogPluginManager: Mounting plugin MeshEditor
LogPluginManager: Mounting plugin MobileLauncherProfileWizard
LogPluginManager: Mounting plugin PluginBrowser
LogPluginManager: Mounting plugin SpeedTreeImporter
LogPluginManager: Mounting plugin DatasmithContent
LogPluginManager: Mounting plugin VariantManagerContent
LogPluginManager: Mounting plugin AlembicImporter
LogPluginManager: Mounting plugin AppleImageUtils
LogPluginManager: Mounting plugin AppleVision
LogPluginManager: Mounting plugin BackChannel
LogPluginManager: Mounting plugin CharacterAI
LogPluginManager: Mounting plugin GeometryCache
LogPluginManager: Mounting plugin HTML5Networking
LogPluginManager: Mounting plugin ProxyLODPlugin
LogPluginManager: Mounting plugin MagicLeap
LogPluginManager: Mounting plugin MagicLeapMedia
LogPluginManager: Mounting plugin AndroidMedia
LogPluginManager: Mounting plugin AvfMedia
LogPluginManager: Mounting plugin ImgMedia
LogPluginManager: Mounting plugin LinearTimecode
LogPluginManager: Mounting plugin MediaCompositing
LogPluginManager: Mounting plugin MediaPlayerEditor
LogPluginManager: Mounting plugin WebMMedia
LogPluginManager: Mounting plugin WmfMedia
LogPluginManager: Mounting plugin TcpMessaging
LogPluginManager: Mounting plugin UdpMessaging
LogPluginManager: Mounting plugin ActorSequence
LogPluginManager: Mounting plugin LevelSequenceEditor
LogPluginManager: Mounting plugin MatineeToLevelSequence
LogPluginManager: Mounting plugin NetcodeUnitTest
LogPluginManager: Mounting plugin NUTUnrealEngine4
LogPluginManager: Mounting plugin OnlineSubsystemGooglePlay
LogPluginManager: Mounting plugin OnlineSubsystemIOS
LogPluginManager: Mounting plugin OnlineSubsystem
LogPluginManager: Mounting plugin OnlineSubsystemNull
LogPluginManager: Mounting plugin OnlineSubsystemUtils
LogPluginManager: Mounting plugin LauncherChunkInstaller
LogPluginManager: Mounting plugin AndroidDeviceProfileSelector
LogPluginManager: Mounting plugin AndroidMoviePlayer
LogPluginManager: Mounting plugin AndroidPermission
LogPluginManager: Mounting plugin AppleMoviePlayer
LogPluginManager: Mounting plugin ArchVisCharacter
LogPluginManager: Mounting plugin AudioCapture
LogPluginManager: Mounting plugin CableComponent
LogPluginManager: Mounting plugin CustomMeshComponent
LogPluginManager: Mounting plugin EditableMesh
LogPluginManager: Mounting plugin ExampleDeviceProfileSelector
LogPluginManager: Mounting plugin Firebase
LogPluginManager: Mounting plugin GoogleCloudMessaging
LogPluginManager: Mounting plugin IOSDeviceProfileSelector
LogPluginManager: Mounting plugin LinuxDeviceProfileSelector
LogPluginManager: Mounting plugin LocationServicesBPLibrary
LogPluginManager: Mounting plugin MobilePatchingUtils
LogPluginManager: Mounting plugin OculusVR
LogPluginManager: Mounting plugin PhysXVehicles
LogPluginManager: Mounting plugin ProceduralMeshComponent
LogPluginManager: Mounting plugin RuntimePhysXCooking
LogPluginManager: Mounting plugin SteamVR
LogPluginManager: Mounting plugin WebMMoviePlayer
LogPluginManager: Mounting plugin WindowsMoviePlayer
LogStreaming: Display: Took  0.187s to configure plugins.
LogInit: Using libcurl 7.55.1-DEV
LogInit:  - built for x86_64-pc-win32
LogInit:  - supports SSL with OpenSSL/1.0.2h
LogInit:  - supports HTTP deflate (compression) using libz 1.2.8
LogInit:  - other features:
LogInit:      CURL_VERSION_SSL
LogInit:      CURL_VERSION_LIBZ
LogInit:      CURL_VERSION_IPV6
LogInit:      CURL_VERSION_ASYNCHDNS
LogInit:      CURL_VERSION_LARGEFILE
LogInit:      CURL_VERSION_IDN
LogInit:  CurlRequestOptions (configurable via config and command line):
LogInit:  - bVerifyPeer = true  - Libcurl will verify peer certificate
LogInit:  - bUseHttpProxy = false  - Libcurl will NOT use HTTP proxy
LogInit:  - bDontReuseConnections = false  - Libcurl will reuse connections
LogInit:  - MaxHostConnections = 16  - Libcurl will limit the number of connections to a host
LogInit:  - LocalHostAddr = Default
LogInit:  - BufferSize = 65536
LogInit: WinSock: version 1.1 (2.2), MaxSocks=32767, MaxUdp=65467
LogInit: Build: ++UE4+Release-4.21-CL-4753647
LogInit: Engine Version: 4.21.2-4753647+++UE4+Release-4.21
LogInit: Compatible Engine Version: 4.21.0-4541578+++UE4+Release-4.21
LogInit: Net CL: 4541578
LogInit: OS: Windows 10 (), CPU: Intel(R) Core(TM) i7-8565U CPU @ 1.80GHz, GPU: Intel(R) UHD Graphics 620
LogInit: Compiled (64-bit): Jan 19 2019 02:07:31
LogInit: Compiled with Visual C++: 19.13.26129.00
LogInit: Build Configuration: Development
LogInit: Branch Name: ++UE4+Release-4.21
LogInit: Command Line: 
LogInit: Base Directory: C:/Program Files/Epic Games/UE_4.21/Engine/Binaries/Win64/
LogInit: Installed Engine Build: 1
LogDevObjectVersion: Number of dev versions registered: 22
LogDevObjectVersion:   Dev-Blueprints (B0D832E4-1F89-4F0D-ACCF-7EB736FD4AA2): 10
LogDevObjectVersion:   Dev-Build (E1C64328-A22C-4D53-A36C-8E866417BD8C): 0
LogDevObjectVersion:   Dev-Core (375EC13C-06E4-48FB-B500-84F0262A717E): 2
LogDevObjectVersion:   Dev-Editor (E4B068ED-F494-42E9-A231-DA0B2E46BB41): 26
LogDevObjectVersion:   Dev-Framework (CFFC743F-43B0-4480-9391-14DF171D2073): 34
LogDevObjectVersion:   Dev-Mobile (B02B49B5-BB20-44E9-A304-32B752E40360): 2
LogDevObjectVersion:   Dev-Networking (A4E4105C-59A1-49B5-A7C5-40C4547EDFEE): 0
LogDevObjectVersion:   Dev-Online (39C831C9-5AE6-47DC-9A44-9C173E1C8E7C): 0
LogDevObjectVersion:   Dev-Physics (78F01B33-EBEA-4F98-B9B4-84EACCB95AA2): 0
LogDevObjectVersion:   Dev-Platform (6631380F-2D4D-43E0-8009-CF276956A95A): 0
LogDevObjectVersion:   Dev-Rendering (12F88B9F-8875-4AFC-A67C-D90C383ABD29): 27
LogDevObjectVersion:   Dev-Sequencer (7B5AE74C-D270-4C10-A958-57980B212A5A): 9
LogDevObjectVersion:   Dev-VR (D7296918-1DD6-4BDD-9DE2-64A83CC13884): 2
LogDevObjectVersion:   Dev-LoadTimes (C2A15278-BFE7-4AFE-6C17-90FF531DF755): 1
LogDevObjectVersion:   Private-Geometry (6EACA3D4-40EC-4CC1-B786-8BED09428FC5): 3
LogDevObjectVersion:   Dev-AnimPhys (29E575DD-E0A3-4627-9D10-D276232CDCEA): 17
LogDevObjectVersion:   Dev-Anim (AF43A65D-7FD3-4947-9873-3E8ED9C1BB05): 2
LogDevObjectVersion:   Dev-ReflectionCapture (6B266CEC-1EC7-4B8F-A30B-E4D90942FC07): 1
LogDevObjectVersion:   Dev-Automation (0DF73D61-A23F-47EA-B727-89E90C41499A): 1
LogDevObjectVersion:   FortniteMain (601D1886-AC64-4F84-AA16-D3DE0DEAC7D6): 17
LogDevObjectVersion:   Dev-Enterprise (9DFFBCD6-494F-0158-E221-12823C92A888): 4
LogDevObjectVersion:   Dev-Niagara (F2AED0AC-9AFE-416F-8664-AA7FFA26D6FC): 1
LogStreaming: Display: Took  0.007s to delete old logs.
LogInit: Presizing for max 8388607 objects, including 0 objects not considered by GC, pre-allocating 0 bytes for permanent pool.
LogInit: Object subsystem initialized
LogConfig: Setting CVar [[con.DebugEarlyDefault:1]]
LogConfig: Setting CVar [[r.setres:1280x720]]
[2019.04.12-16.06.21:419][  0]LogConfig: Setting CVar [[r.VSync:0]]
[2019.04.12-16.06.21:419][  0]LogConfig: Setting CVar [[r.RHICmdBypass:0]]
[2019.04.12-16.06.21:419][  0]LogConfig: Applying CVar settings from Section [/Script/Engine.RendererSettings] File [C:/Users/Snowm/Documents/CombatC-/Prototype_Combat/Saved/Config/Windows/Engine.ini]
[2019.04.12-16.06.21:419][  0]LogConfig: Setting CVar [[r.GPUCrashDebugging:0]]
[2019.04.12-16.06.21:419][  0]LogConfig: Applying CVar settings from Section [/Script/Engine.RendererOverrideSettings] File [C:/Users/Snowm/Documents/CombatC-/Prototype_Combat/Saved/Config/Windows/Engine.ini]
[2019.04.12-16.06.21:419][  0]LogConfig: Applying CVar settings from Section [/Script/Engine.StreamingSettings] File [C:/Users/Snowm/Documents/CombatC-/Prototype_Combat/Saved/Config/Windows/Engine.ini]
[2019.04.12-16.06.21:419][  0]LogConfig: Setting CVar [[s.MinBulkDataSizeForAsyncLoading:131072]]
[2019.04.12-16.06.21:419][  0]LogConfig: Setting CVar [[s.AsyncLoadingThreadEnabled:0]]
[2019.04.12-16.06.21:419][  0]LogConfig: Setting CVar [[s.EventDrivenLoaderEnabled:1]]
[2019.04.12-16.06.21:419][  0]LogConfig: Setting CVar [[s.WarnIfTimeLimitExceeded:0]]
[2019.04.12-16.06.21:419][  0]LogConfig: Setting CVar [[s.TimeLimitExceededMultiplier:1.5]]
[2019.04.12-16.06.21:419][  0]LogConfig: Setting CVar [[s.TimeLimitExceededMinTime:0.005]]
[2019.04.12-16.06.21:419][  0]LogConfig: Setting CVar [[s.UseBackgroundLevelStreaming:1]]
[2019.04.12-16.06.21:419][  0]LogConfig: Setting CVar [[s.PriorityAsyncLoadingExtraTime:15.0]]
[2019.04.12-16.06.21:419][  0]LogConfig: Setting CVar [[s.LevelStreamingActorsUpdateTimeLimit:5.0]]
[2019.04.12-16.06.21:419][  0]LogConfig: Setting CVar [[s.PriorityLevelStreamingActorsUpdateExtraTime:5.0]]
[2019.04.12-16.06.21:419][  0]LogConfig: Setting CVar [[s.LevelStreamingComponentsRegistrationGranularity:10]]
[2019.04.12-16.06.21:419][  0]LogConfig: Setting CVar [[s.UnregisterComponentsTimeLimit:1.0]]
[2019.04.12-16.06.21:419][  0]LogConfig: Setting CVar [[s.LevelStreamingComponentsUnregistrationGranularity:5]]
[2019.04.12-16.06.21:419][  0]LogConfig: Applying CVar settings from Section [/Script/Engine.GarbageCollectionSettings] File [C:/Users/Snowm/Documents/CombatC-/Prototype_Combat/Saved/Config/Windows/Engine.ini]
[2019.04.12-16.06.21:419][  0]LogConfig: Setting CVar [[gc.MaxObjectsNotConsideredByGC:1]]
[2019.04.12-16.06.21:419][  0]LogConfig: Setting CVar [[gc.SizeOfPermanentObjectPool:0]]
[2019.04.12-16.06.21:419][  0]LogConfig: Setting CVar [[gc.FlushStreamingOnGC:0]]
[2019.04.12-16.06.21:420][  0]LogConfig: Setting CVar [[gc.NumRetriesBeforeForcingGC:10]]
[2019.04.12-16.06.21:420][  0]LogConfig: Setting CVar [[gc.AllowParallelGC:1]]
[2019.04.12-16.06.21:420][  0]LogConfig: Setting CVar [[gc.TimeBetweenPurgingPendingKillObjects:61.1]]
[2019.04.12-16.06.21:420][  0]LogConfig: Setting CVar [[gc.MaxObjectsInEditor:8388607]]
[2019.04.12-16.06.21:420][  0]LogConfig: Setting CVar [[gc.IncrementalBeginDestroyEnabled:1]]
[2019.04.12-16.06.21:420][  0]LogConfig: Setting CVar [[gc.CreateGCClusters:1]]
[2019.04.12-16.06.21:420][  0]LogConfig: Setting CVar [[gc.MergeGCClusters:0]]
[2019.04.12-16.06.21:420][  0]LogConfig: Setting CVar [[gc.MinGCClusterSize:5]]
[2019.04.12-16.06.21:420][  0]LogConfig: Setting CVar [[gc.ActorClusteringEnabled:0]]
[2019.04.12-16.06.21:420][  0]LogConfig: Setting CVar [[gc.BlueprintClusteringEnabled:0]]
[2019.04.12-16.06.21:420][  0]LogConfig: Setting CVar [[gc.UseDisregardForGCOnDedicatedServers:0]]
[2019.04.12-16.06.21:420][  0]LogConfig: Applying CVar settings from Section [/Script/Engine.NetworkSettings] File [C:/Users/Snowm/Documents/CombatC-/Prototype_Combat/Saved/Config/Windows/Engine.ini]
[2019.04.12-16.06.21:420][  0]LogConfig: Applying CVar settings from Section [/Script/UnrealEd.CookerSettings] File [C:/Users/Snowm/Documents/CombatC-/Prototype_Combat/Saved/Config/Windows/Engine.ini]
[2019.04.12-16.06.21:423][  0]LogConfig: Applying CVar settings from Section [ViewDistanceQuality@3] File [C:/Users/Snowm/Documents/CombatC-/Prototype_Combat/Saved/Config/Windows/Scalability.ini]
[2019.04.12-16.06.21:424][  0]LogConfig: Setting CVar [[r.SkeletalMeshLODBias:0]]
[2019.04.12-16.06.21:424][  0]LogConfig: Setting CVar [[r.ViewDistanceScale:1.0]]
[2019.04.12-16.06.21:424][  0]LogConfig: Applying CVar settings from Section [AntiAliasingQuality@3] File [C:/Users/Snowm/Documents/CombatC-/Prototype_Combat/Saved/Config/Windows/Scalability.ini]
[2019.04.12-16.06.21:424][  0]LogConfig: Setting CVar [[r.PostProcessAAQuality:4]]
[2019.04.12-16.06.21:424][  0]LogConfig: Applying CVar settings from Section [ShadowQuality@3] File [C:/Users/Snowm/Documents/CombatC-/Prototype_Combat/Saved/Config/Windows/Scalability.ini]
[2019.04.12-16.06.21:424][  0]LogConfig: Setting CVar [[r.LightFunctionQuality:1]]
[2019.04.12-16.06.21:424][  0]LogConfig: Setting CVar [[r.ShadowQuality:5]]
[2019.04.12-16.06.21:424][  0]LogConfig: Setting CVar [[r.Shadow.CSM.MaxCascades:10]]
[2019.04.12-16.06.21:424][  0]LogConfig: Setting CVar [[r.Shadow.MaxResolution:2048]]
[2019.04.12-16.06.21:424][  0]LogConfig: Setting CVar [[r.Shadow.MaxCSMResolution:2048]]
[2019.04.12-16.06.21:424][  0]LogConfig: Setting CVar [[r.Shadow.RadiusThreshold:0.01]]
[2019.04.12-16.06.21:424][  0]LogConfig: Setting CVar [[r.Shadow.DistanceScale:1.0]]
[2019.04.12-16.06.21:424][  0]LogConfig: Setting CVar [[r.Shadow.CSM.TransitionScale:1.0]]
[2019.04.12-16.06.21:424][  0]LogConfig: Setting CVar [[r.Shadow.PreShadowResolutionFactor:1.0]]
[2019.04.12-16.06.21:424][  0]LogConfig: Setting CVar [[r.DistanceFieldShadowing:1]]
[2019.04.12-16.06.21:424][  0]LogConfig: Setting CVar [[r.DistanceFieldAO:1]]
[2019.04.12-16.06.21:424][  0]LogConfig: Setting CVar [[r.AOQuality:2]]
[2019.04.12-16.06.21:424][  0]LogConfig: Setting CVar [[r.VolumetricFog:1]]
[2019.04.12-16.06.21:424][  0]LogConfig: Setting CVar [[r.VolumetricFog.GridPixelSize:8]]
[2019.04.12-16.06.21:424][  0]LogConfig: Setting CVar [[r.VolumetricFog.GridSizeZ:128]]
[2019.04.12-16.06.21:424][  0]LogConfig: Setting CVar [[r.VolumetricFog.HistoryMissSupersampleCount:4]]
[2019.04.12-16.06.21:424][  0]LogConfig: Setting CVar [[r.LightMaxDrawDistanceScale:1]]
[2019.04.12-16.06.21:424][  0]LogConfig: Setting CVar [[r.CapsuleShadows:1]]
[2019.04.12-16.06.21:424][  0]LogConfig: Applying CVar settings from Section [PostProcessQuality@3] File [C:/Users/Snowm/Documents/CombatC-/Prototype_Combat/Saved/Config/Windows/Scalability.ini]
[2019.04.12-16.06.21:424][  0]LogConfig: Setting CVar [[r.MotionBlurQuality:4]]
[2019.04.12-16.06.21:424][  0]LogConfig: Setting CVar [[r.AmbientOcclusionMipLevelFactor:0.4]]
[2019.04.12-16.06.21:424][  0]LogConfig: Setting CVar [[r.AmbientOcclusionMaxQuality:100]]
[2019.04.12-16.06.21:424][  0]LogConfig: Setting CVar [[r.AmbientOcclusionLevels:-1]]
[2019.04.12-16.06.21:424][  0]LogConfig: Setting CVar [[r.AmbientOcclusionRadiusScale:1.0]]
[2019.04.12-16.06.21:424][  0]LogConfig: Setting CVar [[r.DepthOfFieldQuality:2]]
[2019.04.12-16.06.21:424][  0]LogConfig: Setting CVar [[r.RenderTargetPoolMin:400]]
[2019.04.12-16.06.21:424][  0]LogConfig: Setting CVar [[r.LensFlareQuality:2]]
[2019.04.12-16.06.21:424][  0]LogConfig: Setting CVar [[r.SceneColorFringeQuality:1]]
[2019.04.12-16.06.21:424][  0]LogConfig: Setting CVar [[r.EyeAdaptationQuality:2]]
[2019.04.12-16.06.21:424][  0]LogConfig: Setting CVar [[r.BloomQuality:5]]
[2019.04.12-16.06.21:424][  0]LogConfig: Setting CVar [[r.FastBlurThreshold:100]]
[2019.04.12-16.06.21:424][  0]LogConfig: Setting CVar [[r.Upscale.Quality:3]]
[2019.04.12-16.06.21:424][  0]LogConfig: Setting CVar [[r.Tonemapper.GrainQuantization:1]]
[2019.04.12-16.06.21:424][  0]LogConfig: Setting CVar [[r.LightShaftQuality:1]]
[2019.04.12-16.06.21:424][  0]LogConfig: Setting CVar [[r.Filter.SizeScale:1]]
[2019.04.12-16.06.21:424][  0]LogConfig: Setting CVar [[r.Tonemapper.Quality:5]]
[2019.04.12-16.06.21:424][  0]LogConfig: Setting CVar [[r.DOF.Gather.AccumulatorQuality:1        ; higher gathering accumulator quality]]
[2019.04.12-16.06.21:424][  0]LogConfig: Setting CVar [[r.DOF.Gather.PostfilterMethod:1          ; Median3x3 postfilering method]]
[2019.04.12-16.06.21:424][  0]LogConfig: Setting CVar [[r.DOF.Gather.EnableBokehSettings:0       ; no bokeh simulation when gathering]]
[2019.04.12-16.06.21:424][  0]LogConfig: Setting CVar [[r.DOF.Gather.RingCount:4                 ; medium number of samples when gathering]]
[2019.04.12-16.06.21:424][  0]LogConfig: Setting CVar [[r.DOF.Scatter.ForegroundCompositing:1    ; additive foreground scattering]]
[2019.04.12-16.06.21:424][  0]LogConfig: Setting CVar [[r.DOF.Scatter.BackgroundCompositing:2    ; additive background scattering]]
[2019.04.12-16.06.21:424][  0]LogConfig: Setting CVar [[r.DOF.Scatter.EnableBokehSettings:1      ; bokeh simulation when scattering]]
[2019.04.12-16.06.21:424][  0]LogConfig: Setting CVar [[r.DOF.Scatter.MaxSpriteRatio:0.1         ; only a maximum of 10% of scattered bokeh]]
[2019.04.12-16.06.21:424][  0]LogConfig: Setting CVar [[r.DOF.Recombine.Quality:1                ; cheap slight out of focus]]
[2019.04.12-16.06.21:424][  0]LogConfig: Setting CVar [[r.DOF.Recombine.EnableBokehSettings:0    ; no bokeh simulation on slight out of focus]]
[2019.04.12-16.06.21:424][  0]LogConfig: Setting CVar [[r.DOF.TemporalAAQuality:1                ; more stable temporal accumulation]]
[2019.04.12-16.06.21:424][  0]LogConfig: Setting CVar [[r.DOF.Kernel.MaxForegroundRadius:0.025]]
[2019.04.12-16.06.21:424][  0]LogConfig: Setting CVar [[r.DOF.Kernel.MaxBackgroundRadius:0.025]]
[2019.04.12-16.06.21:424][  0]LogConfig: Applying CVar settings from Section [TextureQuality@3] File [C:/Users/Snowm/Documents/CombatC-/Prototype_Combat/Saved/Config/Windows/Scalability.ini]
[2019.04.12-16.06.21:424][  0]LogConfig: Setting CVar [[r.Streaming.MipBias:0]]
[2019.04.12-16.06.21:424][  0]LogConfig: Setting CVar [[r.Streaming.AmortizeCPUToGPUCopy:0]]
[2019.04.12-16.06.21:424][  0]LogConfig: Setting CVar [[r.Streaming.MaxNumTexturesToStreamPerFrame:0]]
[2019.04.12-16.06.21:424][  0]LogConfig: Setting CVar [[r.Streaming.Boost:1]]
[2019.04.12-16.06.21:424][  0]LogConfig: Setting CVar [[r.MaxAnisotropy:8]]
[2019.04.12-16.06.21:424][  0]LogConfig: Setting CVar [[r.Streaming.LimitPoolSizeToVRAM:0]]
[2019.04.12-16.06.21:424][  0]LogConfig: Setting CVar [[r.Streaming.PoolSize:1000]]
[2019.04.12-16.06.21:424][  0]LogConfig: Setting CVar [[r.Streaming.MaxEffectiveScreenSize:0]]
[2019.04.12-16.06.21:424][  0]LogConfig: Applying CVar settings from Section [EffectsQuality@3] File [C:/Users/Snowm/Documents/CombatC-/Prototype_Combat/Saved/Config/Windows/Scalability.ini]
[2019.04.12-16.06.21:424][  0]LogConfig: Setting CVar [[r.TranslucencyLightingVolumeDim:64]]
[2019.04.12-16.06.21:424][  0]LogConfig: Setting CVar [[r.RefractionQuality:2]]
[2019.04.12-16.06.21:424][  0]LogConfig: Setting CVar [[r.SSR.Quality:3]]
[2019.04.12-16.06.21:424][  0]LogConfig: Setting CVar [[r.SceneColorFormat:4]]
[2019.04.12-16.06.21:424][  0]LogConfig: Setting CVar [[r.DetailMode:2]]
[2019.04.12-16.06.21:424][  0]LogConfig: Setting CVar [[r.TranslucencyVolumeBlur:1]]
[2019.04.12-16.06.21:424][  0]LogConfig: Setting CVar [[r.MaterialQualityLevel:1 ; High quality]]
[2019.04.12-16.06.21:424][  0]LogConfig: Setting CVar [[r.SSS.Scale:1]]
[2019.04.12-16.06.21:424][  0]LogConfig: Setting CVar [[r.SSS.SampleSet:2]]
[2019.04.12-16.06.21:424][  0]LogConfig: Setting CVar [[r.SSS.Quality:1]]
[2019.04.12-16.06.21:424][  0]LogConfig: Setting CVar [[r.SSS.HalfRes:1]]
[2019.04.12-16.06.21:424][  0]LogConfig: Setting CVar [[r.EmitterSpawnRateScale:1.0]]
[2019.04.12-16.06.21:424][  0]LogConfig: Setting CVar [[r.ParticleLightQuality:2]]
[2019.04.12-16.06.21:424][  0]LogConfig: Applying CVar settings from Section [FoliageQuality@3] File [C:/Users/Snowm/Documents/CombatC-/Prototype_Combat/Saved/Config/Windows/Scalability.ini]
[2019.04.12-16.06.21:424][  0]LogConfig: Setting CVar [[foliage.DensityScale:1.0]]
[2019.04.12-16.06.21:425][  0]LogConfig: Setting CVar [[grass.DensityScale:1.0]]
[2019.04.12-16.06.21:425][  0]LogInit: Selected Device Profile: [Windows]
[2019.04.12-16.06.21:425][  0]LogInit: Applying CVar settings loaded from the selected device profile: [Windows]
[2019.04.12-16.06.21:439][  0]LogHAL: Display: Platform has ~ 16 GB [16949690368 / 17179869184 / 16], which maps to Larger [LargestMinGB=32, LargerMinGB=12, DefaultMinGB=8, SmallerMinGB=6, SmallestMinGB=0)
[2019.04.12-16.06.21:439][  0]LogConfig: Setting CVar [[r.Vulkan.UseRealUBs:1]]
[2019.04.12-16.06.21:439][  0]LogInit: Going up to parent DeviceProfile []
[2019.04.12-16.06.21:439][  0]LogConfig: Applying CVar settings from Section [ViewDistanceQuality@0] File [C:/Users/Snowm/Documents/CombatC-/Prototype_Combat/Saved/Config/Windows/Scalability.ini]
[2019.04.12-16.06.21:439][  0]LogConfig: Setting CVar [[r.SkeletalMeshLODBias:2]]
[2019.04.12-16.06.21:439][  0]LogConfig: Setting CVar [[r.ViewDistanceScale:0.4]]
[2019.04.12-16.06.21:439][  0]LogConfig: Applying CVar settings from Section [AntiAliasingQuality@0] File [C:/Users/Snowm/Documents/CombatC-/Prototype_Combat/Saved/Config/Windows/Scalability.ini]
[2019.04.12-16.06.21:439][  0]LogConfig: Setting CVar [[r.PostProcessAAQuality:0]]
[2019.04.12-16.06.21:439][  0]LogConfig: Applying CVar settings from Section [ShadowQuality@0] File [C:/Users/Snowm/Documents/CombatC-/Prototype_Combat/Saved/Config/Windows/Scalability.ini]
[2019.04.12-16.06.21:439][  0]LogConfig: Setting CVar [[r.LightFunctionQuality:0]]
[2019.04.12-16.06.21:439][  0]LogConfig: Setting CVar [[r.ShadowQuality:0]]
[2019.04.12-16.06.21:439][  0]LogConfig: Setting CVar [[r.Shadow.CSM.MaxCascades:1]]
[2019.04.12-16.06.21:439][  0]LogConfig: Setting CVar [[r.Shadow.MaxResolution:512]]
[2019.04.12-16.06.21:439][  0]LogConfig: Setting CVar [[r.Shadow.MaxCSMResolution:512]]
[2019.04.12-16.06.21:439][  0]LogConfig: Setting CVar [[r.Shadow.RadiusThreshold:0.06]]
[2019.04.12-16.06.21:439][  0]LogConfig: Setting CVar [[r.Shadow.DistanceScale:0.6]]
[2019.04.12-16.06.21:439][  0]LogConfig: Setting CVar [[r.Shadow.CSM.TransitionScale:0]]
[2019.04.12-16.06.21:439][  0]LogConfig: Setting CVar [[r.Shadow.PreShadowResolutionFactor:0.5]]
[2019.04.12-16.06.21:439][  0]LogConfig: Setting CVar [[r.DistanceFieldShadowing:0]]
[2019.04.12-16.06.21:439][  0]LogConfig: Setting CVar [[r.DistanceFieldAO:0]]
[2019.04.12-16.06.21:439][  0]LogConfig: Setting CVar [[r.VolumetricFog:0]]
[2019.04.12-16.06.21:439][  0]LogConfig: Setting CVar [[r.LightMaxDrawDistanceScale:0]]
[2019.04.12-16.06.21:439][  0]LogConfig: Setting CVar [[r.CapsuleShadows:0]]
[2019.04.12-16.06.21:439][  0]LogConfig: Applying CVar settings from Section [PostProcessQuality@0] File [C:/Users/Snowm/Documents/CombatC-/Prototype_Combat/Saved/Config/Windows/Scalability.ini]
[2019.04.12-16.06.21:439][  0]LogConfig: Setting CVar [[r.MotionBlurQuality:0]]
[2019.04.12-16.06.21:439][  0]LogConfig: Setting CVar [[r.AmbientOcclusionMipLevelFactor:1.0]]
[2019.04.12-16.06.21:439][  0]LogConfig: Setting CVar [[r.AmbientOcclusionMaxQuality:0]]
[2019.04.12-16.06.21:439][  0]LogConfig: Setting CVar [[r.AmbientOcclusionLevels:0]]
[2019.04.12-16.06.21:439][  0]LogConfig: Setting CVar [[r.AmbientOcclusionRadiusScale:1.2]]
[2019.04.12-16.06.21:439][  0]LogConfig: Setting CVar [[r.DepthOfFieldQuality:0]]
[2019.04.12-16.06.21:439][  0]LogConfig: Setting CVar [[r.RenderTargetPoolMin:300]]
[2019.04.12-16.06.21:439][  0]LogConfig: Setting CVar [[r.LensFlareQuality:0]]
[2019.04.12-16.06.21:439][  0]LogConfig: Setting CVar [[r.SceneColorFringeQuality:0]]
[2019.04.12-16.06.21:439][  0]LogConfig: Setting CVar [[r.EyeAdaptationQuality:0]]
[2019.04.12-16.06.21:439][  0]LogConfig: Setting CVar [[r.BloomQuality:4]]
[2019.04.12-16.06.21:439][  0]LogConfig: Setting CVar [[r.FastBlurThreshold:0]]
[2019.04.12-16.06.21:439][  0]LogConfig: Setting CVar [[r.Upscale.Quality:1]]
[2019.04.12-16.06.21:439][  0]LogConfig: Setting CVar [[r.Tonemapper.GrainQuantization:0]]
[2019.04.12-16.06.21:439][  0]LogConfig: Setting CVar [[r.LightShaftQuality:0]]
[2019.04.12-16.06.21:439][  0]LogConfig: Setting CVar [[r.Filter.SizeScale:0.6]]
[2019.04.12-16.06.21:439][  0]LogConfig: Setting CVar [[r.Tonemapper.Quality:0]]
[2019.04.12-16.06.21:439][  0]LogConfig: Applying CVar settings from Section [TextureQuality@0] File [C:/Users/Snowm/Documents/CombatC-/Prototype_Combat/Saved/Config/Windows/Scalability.ini]
[2019.04.12-16.06.21:439][  0]LogConfig: Setting CVar [[r.Streaming.MipBias:16]]
[2019.04.12-16.06.21:439][  0]LogConfig: Setting CVar [[r.Streaming.AmortizeCPUToGPUCopy:1]]
[2019.04.12-16.06.21:439][  0]LogConfig: Setting CVar [[r.Streaming.MaxNumTexturesToStreamPerFrame:1]]
[2019.04.12-16.06.21:439][  0]LogConfig: Setting CVar [[r.Streaming.Boost:0.3]]
[2019.04.12-16.06.21:439][  0]LogConfig: Setting CVar [[r.MaxAnisotropy:0]]
[2019.04.12-16.06.21:439][  0]LogConfig: Setting CVar [[r.Streaming.LimitPoolSizeToVRAM:1]]
[2019.04.12-16.06.21:439][  0]LogConfig: Setting CVar [[r.Streaming.PoolSize:400]]
[2019.04.12-16.06.21:439][  0]LogConfig: Setting CVar [[r.Streaming.MaxEffectiveScreenSize:0]]
[2019.04.12-16.06.21:439][  0]LogConfig: Applying CVar settings from Section [EffectsQuality@0] File [C:/Users/Snowm/Documents/CombatC-/Prototype_Combat/Saved/Config/Windows/Scalability.ini]
[2019.04.12-16.06.21:439][  0]LogConfig: Setting CVar [[r.TranslucencyLightingVolumeDim:24]]
[2019.04.12-16.06.21:439][  0]LogConfig: Setting CVar [[r.RefractionQuality:0]]
[2019.04.12-16.06.21:439][  0]LogConfig: Setting CVar [[r.SSR.Quality:0]]
[2019.04.12-16.06.21:439][  0]LogConfig: Setting CVar [[r.SceneColorFormat:3]]
[2019.04.12-16.06.21:439][  0]LogConfig: Setting CVar [[r.DetailMode:0]]
[2019.04.12-16.06.21:439][  0]LogConfig: Setting CVar [[r.TranslucencyVolumeBlur:0]]
[2019.04.12-16.06.21:439][  0]LogConfig: Setting CVar [[r.MaterialQualityLevel:0 ; Low quality]]
[2019.04.12-16.06.21:439][  0]LogConfig: Setting CVar [[r.SSS.Scale:0]]
[2019.04.12-16.06.21:439][  0]LogConfig: Setting CVar [[r.SSS.SampleSet:0]]
[2019.04.12-16.06.21:439][  0]LogConfig: Setting CVar [[r.SSS.Quality:0]]
[2019.04.12-16.06.21:440][  0]LogConfig: Setting CVar [[r.SSS.HalfRes:1]]
[2019.04.12-16.06.21:440][  0]LogConfig: Setting CVar [[r.EmitterSpawnRateScale:0.125]]
[2019.04.12-16.06.21:440][  0]LogConfig: Setting CVar [[r.ParticleLightQuality:0]]
[2019.04.12-16.06.21:440][  0]LogConfig: Applying CVar settings from Section [FoliageQuality@0] File [C:/Users/Snowm/Documents/CombatC-/Prototype_Combat/Saved/Config/Windows/Scalability.ini]
[2019.04.12-16.06.21:440][  0]LogConfig: Setting CVar [[foliage.DensityScale:0]]
[2019.04.12-16.06.21:440][  0]LogConfig: Setting CVar [[grass.DensityScale:0]]
[2019.04.12-16.06.21:440][  0]LogConfig: Applying CVar settings from Section [Startup] File [../../../Engine/Config/ConsoleVariables.ini]
[2019.04.12-16.06.21:440][  0]LogConfig: Setting CVar [[net.UseAdaptiveNetUpdateFrequency:0]]
[2019.04.12-16.06.21:440][  0]LogConfig: Applying CVar settings from Section [ConsoleVariables] File [C:/Users/Snowm/Documents/CombatC-/Prototype_Combat/Saved/Config/Windows/Engine.ini]
[2019.04.12-16.06.21:441][  0]LogInit: Computer: DESKTOP-3QPJQ6S
[2019.04.12-16.06.21:441][  0]LogInit: User: Snowm
[2019.04.12-16.06.21:441][  0]LogInit: CPU Page size=4096, Cores=4
[2019.04.12-16.06.21:441][  0]LogInit: High frequency timer resolution =1.945315 MHz
[2019.04.12-16.06.21:442][  0]LogMemory: Memory total: Physical=15.8GB (16GB approx)
[2019.04.12-16.06.21:442][  0]LogMemory: Platform Memory Stats for Windows
[2019.04.12-16.06.21:442][  0]LogMemory: Process Physical Memory: 102.16 MB used, 102.16 MB peak
[2019.04.12-16.06.21:442][  0]LogMemory: Process Virtual Memory: 91.58 MB used, 91.58 MB peak
[2019.04.12-16.06.21:442][  0]LogMemory: Physical Memory: 10605.30 MB used,  5559.18 MB free, 16164.48 MB total
[2019.04.12-16.06.21:442][  0]LogMemory: Virtual Memory: 4653.13 MB used,  134213072.00 MB free, 134217728.00 MB total
[2019.04.12-16.06.21:615][  0]LogInit: Using OS detected language (en-US).
[2019.04.12-16.06.21:615][  0]LogInit: Using OS detected locale (en-US).
[2019.04.12-16.06.21:617][  0]LogTextLocalizationManager: No specific localization for 'en-US' exists, so the 'en' localization will be used.
[2019.04.12-16.06.22:094][  0]LogStreaming: Display: Took  0.479s to InitEngineTextLocalization.
[2019.04.12-16.06.22:094][  0]LogInit: Setting process to per monitor DPI aware
[2019.04.12-16.06.22:135][  0]LogSlate: New Slate User Created.  User Index 0, Is Virtual User: 0
[2019.04.12-16.06.22:135][  0]LogSlate: Slate User Registered.  User Index 0, Is Virtual User: 0
[2019.04.12-16.06.22:527][  0]LogHMD: Failed to initialize OpenVR with code 110
[2019.04.12-16.06.22:527][  0]LogD3D11RHI: D3D11 adapters:
[2019.04.12-16.06.22:624][  0]LogD3D11RHI:    0. 'NVIDIA GeForce MX150' (Feature Level 11_0)
[2019.04.12-16.06.22:624][  0]LogD3D11RHI:       1983/0/8082 MB DedicatedVideo/DedicatedSystem/SharedSystem, Outputs:1, VendorId:0x10de
[2019.04.12-16.06.22:641][  0]LogD3D11RHI:    1. 'Intel(R) UHD Graphics 620' (Feature Level 11_0)
[2019.04.12-16.06.22:641][  0]LogD3D11RHI:       128/0/8082 MB DedicatedVideo/DedicatedSystem/SharedSystem, Outputs:0, VendorId:0x8086
[2019.04.12-16.06.22:643][  0]LogD3D11RHI:    2. 'Microsoft Basic Render Driver' (Feature Level 11_0)
[2019.04.12-16.06.22:643][  0]LogD3D11RHI:       0/0/8082 MB DedicatedVideo/DedicatedSystem/SharedSystem, Outputs:0, VendorId:0x1414
[2019.04.12-16.06.22:643][  0]LogD3D11RHI: Chosen D3D11 Adapter: 0
[2019.04.12-16.06.22:668][  0]LogD3D11RHI: Creating new Direct3DDevice
[2019.04.12-16.06.22:669][  0]LogD3D11RHI:     GPU DeviceId: 0x1d10 (for the marketing name, search the web for "GPU Device Id")
[2019.04.12-16.06.22:669][  0]LogWindows: EnumDisplayDevices:
[2019.04.12-16.06.22:669][  0]LogWindows:    0. 'Intel(R) UHD Graphics 620' (P:1 D:1)
[2019.04.12-16.06.22:669][  0]LogWindows:    1. 'Intel(R) UHD Graphics 620' (P:0 D:0)
[2019.04.12-16.06.22:669][  0]LogWindows:    2. 'Intel(R) UHD Graphics 620' (P:0 D:0)
[2019.04.12-16.06.22:669][  0]LogWindows: DebugString: PrimaryIsNotTheChoosenAdapter PrimaryIsNotTheChoosenAdapter PrimaryIsNotTheChoosenAdapter FoundDriverCount:0 
[2019.04.12-16.06.22:669][  0]LogD3D11RHI:     Adapter Name: NVIDIA GeForce MX150
[2019.04.12-16.06.22:669][  0]LogD3D11RHI:   Driver Version: Unknown (internal:Unknown, unified:Unknown)
[2019.04.12-16.06.22:669][  0]LogD3D11RHI:      Driver Date: Unknown
[2019.04.12-16.06.22:669][  0]LogRHI: Texture pool is 1388 MB (70% of 1983 MB)
[2019.04.12-16.06.22:718][  0]LogD3D11RHI: Async texture creation enabled
[2019.04.12-16.06.22:743][  0]LogD3D11RHI: GPU Timing Frequency: 1000.000000 (Debug: 2 2)
[2019.04.12-16.06.23:105][  0]LogTemp: Display: Loaded TP AllDesktopTargetPlatform
[2019.04.12-16.06.23:125][  0]LogTemp: Display: Loaded TP MacClientTargetPlatform
[2019.04.12-16.06.23:146][  0]LogTemp: Display: Loaded TP MacNoEditorTargetPlatform
[2019.04.12-16.06.23:167][  0]LogTemp: Display: Loaded TP MacServerTargetPlatform
[2019.04.12-16.06.23:190][  0]LogTemp: Display: Loaded TP MacTargetPlatform
[2019.04.12-16.06.23:213][  0]LogTemp: Display: Loaded TP WindowsClientTargetPlatform
[2019.04.12-16.06.23:236][  0]LogTemp: Display: Loaded TP WindowsNoEditorTargetPlatform
[2019.04.12-16.06.23:258][  0]LogTemp: Display: Loaded TP WindowsServerTargetPlatform
[2019.04.12-16.06.23:279][  0]LogTemp: Display: Loaded TP WindowsTargetPlatform
[2019.04.12-16.06.23:370][  0]LogTemp: Display: Loaded TP AndroidTargetPlatform
[2019.04.12-16.06.23:370][  0]LogTemp: Display: Loaded TP AndroidTargetPlatform
[2019.04.12-16.06.23:370][  0]LogTemp: Display: Loaded TP AndroidTargetPlatform
[2019.04.12-16.06.23:370][  0]LogTemp: Display: Loaded TP AndroidTargetPlatform
[2019.04.12-16.06.23:370][  0]LogTemp: Display: Loaded TP AndroidTargetPlatform
[2019.04.12-16.06.23:370][  0]LogTemp: Display: Loaded TP AndroidTargetPlatform
[2019.04.12-16.06.23:370][  0]LogTemp: Display: Loaded TP AndroidTargetPlatform
[2019.04.12-16.06.23:370][  0]LogTemp: Display: Loaded TP AndroidTargetPlatform
[2019.04.12-16.06.23:370][  0]LogTemp: Display: Loaded TP AndroidTargetPlatform
[2019.04.12-16.06.23:370][  0]LogTemp: Display: Loaded TP AndroidTargetPlatform
[2019.04.12-16.06.23:370][  0]LogTemp: Display: Loaded TP AndroidTargetPlatform
[2019.04.12-16.06.23:370][  0]LogTemp: Display: Loaded TP AndroidTargetPlatform
[2019.04.12-16.06.23:370][  0]LogTemp: Display: Loaded TP AndroidTargetPlatform
[2019.04.12-16.06.23:370][  0]LogTemp: Display: Loaded TP AndroidTargetPlatform
[2019.04.12-16.06.23:370][  0]LogTemp: Display: Loaded TP AndroidTargetPlatform
[2019.04.12-16.06.23:370][  0]LogTemp: Display: Loaded TP AndroidTargetPlatform
[2019.04.12-16.06.23:370][  0]LogTemp: Display: Loaded TP AndroidTargetPlatform
[2019.04.12-16.06.23:370][  0]LogTemp: Display: Loaded TP AndroidTargetPlatform
[2019.04.12-16.06.23:380][  0]LogTemp: Display: Loaded TP HTML5TargetPlatform
[2019.04.12-16.06.23:478][  0]LogTemp: Display: Loaded TP IOSTargetPlatform
[2019.04.12-16.06.23:478][  0]LogTemp: Display: Loaded TP IOSTargetPlatform
[2019.04.12-16.06.23:505][  0]LogTemp: Display: Loaded TP TVOSTargetPlatform
[2019.04.12-16.06.23:505][  0]LogTemp: Display: Loaded TP TVOSTargetPlatform
[2019.04.12-16.06.23:526][  0]LogTemp: Display: Loaded TP LinuxClientTargetPlatform
[2019.04.12-16.06.23:551][  0]LogTemp: Display: Loaded TP LinuxNoEditorTargetPlatform
[2019.04.12-16.06.23:576][  0]LogTemp: Display: Loaded TP LinuxServerTargetPlatform
[2019.04.12-16.06.23:608][  0]LogTemp: Display: Loaded TP LinuxTargetPlatform
[2019.04.12-16.06.23:672][  0]LogTemp: Display: Loaded TP LuminTargetPlatform
[2019.04.12-16.06.23:672][  0]LogTemp: Display: Loaded TP LuminTargetPlatform
[2019.04.12-16.06.23:673][  0]LogTargetPlatformManager: Display: Building Assets For Windows
[2019.04.12-16.06.24:057][  0]LogShaderCompilers: Guid format shader working directory is -20 characters bigger than the processId version (../../../../../../Users/Snowm/Documents/CombatC-/Prototype_Combat/Intermediate/Shaders/WorkingDirectory/36516/).
[2019.04.12-16.06.24:057][  0]LogShaderCompilers: Cleaned the shader compiler working directory 'C:/Users/Snowm/AppData/Local/Temp/UnrealShaderWorkingDir/B48C4082473EB804B41BCBAA51B9114F/'.
[2019.04.12-16.06.24:060][  0]LogXGEController: Cleaning working directory: C:/Users/Snowm/AppData/Local/Temp/UnrealXGEWorkingDir/
[2019.04.12-16.06.24:060][  0]LogXGEController: Cannot use XGE Controller as Incredibuild is not installed on this machine.
[2019.04.12-16.06.24:060][  0]LogShaderCompilers: Cannot use XGE Shader Compiler as Incredibuild is not installed on this machine.
[2019.04.12-16.06.24:060][  0]LogShaderCompilers: Display: Using Local Shader Compiler.
[2019.04.12-16.06.24:736][  0]LogDerivedDataCache: Display: Max Cache Size: 512 MB
[2019.04.12-16.06.24:879][  0]LogDerivedDataCache: Loaded boot cache 0.14s 72MB C:/Users/Snowm/AppData/Local/UnrealEngine/4.21/DerivedDataCache/Boot.ddc.
[2019.04.12-16.06.24:879][  0]LogDerivedDataCache: Display: Loaded Boot cache: C:/Users/Snowm/AppData/Local/UnrealEngine/4.21/DerivedDataCache/Boot.ddc
[2019.04.12-16.06.24:879][  0]LogDerivedDataCache: FDerivedDataBackendGraph:  Pak pak cache file ../../../../../../Users/Snowm/Documents/CombatC-/Prototype_Combat/DerivedDataCache/DDC.ddp not found, will not use a pak cache.
[2019.04.12-16.06.24:879][  0]LogDerivedDataCache: Unable to find inner node Pak for hierarchical cache Hierarchy.
[2019.04.12-16.06.24:879][  0]LogDerivedDataCache: FDerivedDataBackendGraph:  CompressedPak pak cache file ../../../../../../Users/Snowm/Documents/CombatC-/Prototype_Combat/DerivedDataCache/Compressed.ddp not found, will not use a pak cache.
[2019.04.12-16.06.24:879][  0]LogDerivedDataCache: Unable to find inner node CompressedPak for hierarchical cache Hierarchy.
[2019.04.12-16.06.24:896][  0]LogDerivedDataCache: Display: Pak cache opened for reading ../../../Engine/DerivedDataCache/Compressed.ddp.
[2019.04.12-16.06.24:896][  0]LogDerivedDataCache: FDerivedDataBackendGraph:  EnterprisePak pak cache file ../../../Enterprise/DerivedDataCache/Compressed.ddp not found, will not use a pak cache.
[2019.04.12-16.06.24:896][  0]LogDerivedDataCache: Unable to find inner node EnterprisePak for hierarchical cache Hierarchy.
[2019.04.12-16.06.24:910][  0]LogDerivedDataCache: Using Local data cache path C:/Users/Snowm/AppData/Local/UnrealEngine/Common/DerivedDataCache: Writable
[2019.04.12-16.06.24:910][  0]LogDerivedDataCache: Shared data cache path not found in *engine.ini, will not use an Shared cache.
[2019.04.12-16.06.24:910][  0]LogDerivedDataCache: Unable to find inner node Shared for hierarchical cache Hierarchy.
[2019.04.12-16.06.24:940][  0]LogMaterial: Verifying Global Shaders for PCD3D_SM5
[2019.04.12-16.06.24:943][  0]LogSlate: Using FreeType 2.6.0
[2019.04.12-16.06.24:955][  0]LogSlate: SlateFontServices - WITH_FREETYPE: 1, WITH_HARFBUZZ: 1
[2019.04.12-16.06.25:128][  0]LogAssetRegistry: FAssetRegistry took 0.0333 seconds to start up
[2019.04.12-16.06.25:518][  0]LogInit: Selected Device Profile: [Windows]
[2019.04.12-16.06.25:712][  0]LogSimplygon: Simplygon DLL not present - disabling.
[2019.04.12-16.06.25:745][  0]LogMeshReduction: Using SimplygonSwarm for distributed automatic mesh merging
[2019.04.12-16.06.25:745][  0]LogMeshReduction: Using ProxyLODMeshReduction for automatic mesh merging
[2019.04.12-16.06.25:746][  0]LogMeshReduction: Using QuadricMeshReduction for automatic static mesh reduction
[2019.04.12-16.06.25:746][  0]LogMeshReduction: No automatic skeletal mesh reduction module available
[2019.04.12-16.06.25:895][  0]LogNetVersion: Prototype_Combat 1.0.0, NetCL: 4541578, EngineNetVer: 5, GameNetVer: 0 (Checksum: 3546136163)
[2019.04.12-16.06.26:617][  0]LogPackageLocalizationCache: Processed 11 localized package path(s) for 2 prioritized culture(s) in 0.173380 seconds
[2019.04.12-16.06.26:624][  0]LogUObjectArray: 39775 objects as part of root set at end of initial load.
[2019.04.12-16.06.26:624][  0]LogUObjectAllocator: 6914664 out of 0 bytes used by permanent object pool.
[2019.04.12-16.06.26:624][  0]LogUObjectArray: CloseDisregardForGC: 0/0 objects in disregard for GC pool
[2019.04.12-16.06.28:727][  0]LogTcpMessaging: Initializing TcpMessaging bridge
[2019.04.12-16.06.28:749][  0]LogUdpMessaging: Initializing bridge on interface 0.0.0.0:0 to multicast group 230.0.0.1:6666.
[2019.04.12-16.06.29:867][  0]SourceControl: Source control is disabled
[2019.04.12-16.06.29:868][  0]SourceControl: Source control is disabled
[2019.04.12-16.06.29:892][  0]SourceControl: Source control is disabled
[2019.04.12-16.06.29:906][  0]SourceControl: Source control is disabled
[2019.04.12-16.06.30:486][  0]LogAndroidPermission: UAndroidPermissionCallbackProxy::GetInstance
[2019.04.12-16.06.30:580][  0]LogOcInput: OculusInput pre-init called
[2019.04.12-16.06.30:811][  0]LogEngine: Initializing Engine...
[2019.04.12-16.06.30:814][  0]LogHMD: Failed to initialize OpenVR with code 110
[2019.04.12-16.06.30:817][  0]LogStats: UGameplayTagsManager::ConstructGameplayTagTree: ImportINI prefixes -  0.000 s
[2019.04.12-16.06.30:817][  0]LogStats: UGameplayTagsManager::ConstructGameplayTagTree: Construct from data asset -  0.000 s
[2019.04.12-16.06.30:817][  0]LogStats: UGameplayTagsManager::ConstructGameplayTagTree: ImportINI -  0.000 s
[2019.04.12-16.06.30:817][  0]LogStats: UGameplayTagsManager::ConstructGameplayTagTree: GameplayTagTreeChangedEvent.Broadcast -  0.000 s
[2019.04.12-16.06.31:081][  0]LogInit: Initializing FReadOnlyCVARCache
[2019.04.12-16.06.31:106][  0]LogAIModule: Creating AISystem for world Untitled
[2019.04.12-16.06.31:113][  0]LogInit: XAudio2 using 'Speakers/Headphones (Realtek(R) Audio)' : 2 channels at 48 kHz using 32 bits per sample (channel mask 0x3)
[2019.04.12-16.06.31:724][  0]LogInit: FAudioDevice initialized.
[2019.04.12-16.06.31:725][  0]LogNetVersion: Set ProjectVersion to 1.0.0.0. Version Checksum will be recalculated on next use.
[2019.04.12-16.06.31:837][  0]LogDerivedDataCache: Saved boot cache 0.11s 72MB C:/Users/Snowm/AppData/Local/UnrealEngine/4.21/DerivedDataCache/Boot.ddc.
[2019.04.12-16.06.31:838][  0]LogInit: Texture streaming: Enabled
[2019.04.12-16.06.31:879][  0]LogEngineSessionManager: EngineSessionManager initialized
[2019.04.12-16.06.31:899][  0]LogInit: Transaction tracking system initialized
[2019.04.12-16.06.31:977][  0]BlueprintLog: New page: Editor Load
[2019.04.12-16.06.32:337][  0]LocalizationService: Localization service is disabled
[2019.04.12-16.06.33:467][  0]LogFileCache: Scanning file cache for directory 'C:/Users/Snowm/Documents/CombatC-/Prototype_Combat/Content/' took 0.02s
[2019.04.12-16.06.33:467][  0]LogCook: Display: Max memory allowance for cook 16384mb min free memory 0mb
[2019.04.12-16.06.33:467][  0]LogCook: Display: Mobile HDR setting 1
[2019.04.12-16.06.33:467][  0]LogGameplayTags: Display: UGameplayTagsManager::DoneAddingNativeTags. DelegateIsBound: 0
[2019.04.12-16.06.33:467][  0]LogStats: UGameplayTagsManager::ConstructGameplayTagTree: ImportINI prefixes -  0.000 s
[2019.04.12-16.06.33:467][  0]LogStats: UGameplayTagsManager::ConstructGameplayTagTree: Construct from data asset -  0.000 s
[2019.04.12-16.06.33:467][  0]LogStats: UGameplayTagsManager::ConstructGameplayTagTree: ImportINI -  0.000 s
[2019.04.12-16.06.33:467][  0]LogStats: UGameplayTagsManager::ConstructGameplayTagTree: GameplayTagTreeChangedEvent.Broadcast -  0.000 s
[2019.04.12-16.06.33:993][  0]SourceControl: Source control is disabled
[2019.04.12-16.06.34:121][  0]LogSlate: Took 0.017557 seconds to synchronously load lazily loaded font '../../../Engine/Content/Slate/Fonts/Roboto-Regular.ttf' (155K)
[2019.04.12-16.06.41:507][  0]LogSlate: Window 'Restore Packages' being destroyed
[2019.04.12-16.06.41:508][  0]LogWindowsTextInputMethodSystem: Display: IME system now deactivated.
[2019.04.12-16.06.41:534][  0]LogWindowsTextInputMethodSystem: Display: IME system now deactivated.
[2019.04.12-16.06.45:807][  0]LogSlate: Window 'Unable to Check Out From Source Control!' being destroyed
[2019.04.12-16.06.45:808][  0]LogWindowsTextInputMethodSystem: Display: IME system now deactivated.
[2019.04.12-16.06.45:847][  0]LogWindowsTextInputMethodSystem: Display: IME system now deactivated.
[2019.04.12-16.06.45:849][  0]Cmd: MAP LOAD FILE="../../../../../../Users/Snowm/Documents/CombatC-/Prototype_Combat/Content/FirstPersonCPP/Maps/FirstPersonExampleMap.umap" TEMPLATE=0 SHOWPROGRESS=1 FEATURELEVEL=3
[2019.04.12-16.06.45:849][  0]LightingResults: New page: Lighting Build
[2019.04.12-16.06.45:856][  0]MapCheck: New page: Map Check
[2019.04.12-16.06.45:856][  0]LightingResults: New page: Lighting Build
[2019.04.12-16.06.46:687][  0]LogAIModule: Creating AISystem for world FirstPersonExampleMap
[2019.04.12-16.06.46:744][  0]LogEditorServer: Finished looking for orphan Actors (0.000 secs)
[2019.04.12-16.06.46:796][  0]Cmd: MAP CHECKDEP NOCLEARLOG
[2019.04.12-16.06.46:797][  0]MapCheck: Map check complete: 0 Error(s), 0 Warning(s), took 0.339ms to complete.
[2019.04.12-16.06.46:797][  0]LogFileHelpers: Loading map 'FirstPersonExampleMap' took 0.949
[2019.04.12-16.06.47:045][  0]LogSlate: Updating window title bar state: overlay mode, drag disabled, window buttons hidden, title bar hidden
[2019.04.12-16.06.47:059][  0]LogSlate: Updating window title bar state: overlay mode, drag disabled, window buttons hidden, title bar hidden
[2019.04.12-16.06.47:068][  0]LogSlate: Updating window title bar state: overlay mode, drag disabled, window buttons hidden, title bar hidden
[2019.04.12-16.06.47:080][  0]LogSlate: Updating window title bar state: overlay mode, drag disabled, window buttons hidden, title bar hidden
[2019.04.12-16.06.47:107][  0]LogCollectionManager: Loaded 0 collections in 0.002135 seconds
[2019.04.12-16.06.47:133][  0]LogFileCache: Scanning file cache for directory 'C:/Users/Snowm/Documents/CombatC-/Prototype_Combat/Saved/Collections/' took 0.01s
[2019.04.12-16.06.47:133][  0]LogFileCache: Scanning file cache for directory 'C:/Users/Snowm/Documents/CombatC-/Prototype_Combat/Content/Developers/Snowm/Collections/' took 0.00s
[2019.04.12-16.06.47:133][  0]LogFileCache: Scanning file cache for directory 'C:/Users/Snowm/Documents/CombatC-/Prototype_Combat/Content/Collections/' took 0.00s
[2019.04.12-16.06.47:133][  0]LogCollectionManager: Rebuilt the GUID cache for 0 collections in 0.000000 seconds
[2019.04.12-16.06.47:142][  0]LogContentBrowser: Native class hierarchy populated in 0.0083 seconds. Added 2659 classes and 623 folders.
[2019.04.12-16.06.47:158][  0]LogContentBrowser: Native class hierarchy updated for 'WidgetCarousel' in 0.0004 seconds. Added 0 classes and 0 folders.
[2019.04.12-16.06.47:169][  0]LogPakFile: Registered encryption key '00000000000000000000000000000000': 0 pak files mounted, 0 remain pending
[2019.04.12-16.06.47:173][  0]LogPakFile: Registered encryption key '00000000000000000000000000000000': 0 pak files mounted, 0 remain pending
[2019.04.12-16.06.47:176][  0]LogPakFile: Registered encryption key '00000000000000000000000000000000': 0 pak files mounted, 0 remain pending
[2019.04.12-16.06.47:179][  0]LogPakFile: Registered encryption key '00000000000000000000000000000000': 0 pak files mounted, 0 remain pending
[2019.04.12-16.06.47:181][  0]LogPakFile: Registered encryption key '00000000000000000000000000000000': 0 pak files mounted, 0 remain pending
[2019.04.12-16.06.47:183][  0]LogPakFile: Registered encryption key '00000000000000000000000000000000': 0 pak files mounted, 0 remain pending
[2019.04.12-16.06.47:185][  0]LogPakFile: Registered encryption key '00000000000000000000000000000000': 0 pak files mounted, 0 remain pending
[2019.04.12-16.06.47:187][  0]LogPakFile: Registered encryption key '00000000000000000000000000000000': 0 pak files mounted, 0 remain pending
[2019.04.12-16.06.47:188][  0]LogPakFile: Registered encryption key '00000000000000000000000000000000': 0 pak files mounted, 0 remain pending
[2019.04.12-16.06.47:189][  0]LogPakFile: Registered encryption key '00000000000000000000000000000000': 0 pak files mounted, 0 remain pending
[2019.04.12-16.06.47:191][  0]LogPakFile: Registered encryption key '00000000000000000000000000000000': 0 pak files mounted, 0 remain pending
[2019.04.12-16.06.47:192][  0]LogPakFile: Registered encryption key '00000000000000000000000000000000': 0 pak files mounted, 0 remain pending
[2019.04.12-16.06.47:193][  0]LogPakFile: Registered encryption key '00000000000000000000000000000000': 0 pak files mounted, 0 remain pending
[2019.04.12-16.06.47:194][  0]LogPakFile: Registered encryption key '00000000000000000000000000000000': 0 pak files mounted, 0 remain pending
[2019.04.12-16.06.47:195][  0]LogPakFile: Registered encryption key '00000000000000000000000000000000': 0 pak files mounted, 0 remain pending
[2019.04.12-16.06.47:196][  0]LogPakFile: Registered encryption key '00000000000000000000000000000000': 0 pak files mounted, 0 remain pending
[2019.04.12-16.06.47:198][  0]LogPakFile: Registered encryption key '00000000000000000000000000000000': 0 pak files mounted, 0 remain pending
[2019.04.12-16.06.47:199][  0]LogPakFile: Registered encryption key '00000000000000000000000000000000': 0 pak files mounted, 0 remain pending
[2019.04.12-16.06.47:201][  0]LogPakFile: Registered encryption key '00000000000000000000000000000000': 0 pak files mounted, 0 remain pending
[2019.04.12-16.06.47:202][  0]LogPakFile: Registered encryption key '00000000000000000000000000000000': 0 pak files mounted, 0 remain pending
[2019.04.12-16.06.47:204][  0]LogPakFile: Registered encryption key '00000000000000000000000000000000': 0 pak files mounted, 0 remain pending
[2019.04.12-16.06.47:205][  0]LogPakFile: Registered encryption key '00000000000000000000000000000000': 0 pak files mounted, 0 remain pending
[2019.04.12-16.06.47:206][  0]LogPakFile: Registered encryption key '00000000000000000000000000000000': 0 pak files mounted, 0 remain pending
[2019.04.12-16.06.47:207][  0]LogPakFile: Registered encryption key '00000000000000000000000000000000': 0 pak files mounted, 0 remain pending
[2019.04.12-16.06.47:208][  0]LogPakFile: Registered encryption key '00000000000000000000000000000000': 0 pak files mounted, 0 remain pending
[2019.04.12-16.06.47:210][  0]LogPakFile: Registered encryption key '00000000000000000000000000000000': 0 pak files mounted, 0 remain pending
[2019.04.12-16.06.47:307][  0]LogContentBrowser: Native class hierarchy updated for 'AddContentDialog' in 0.0006 seconds. Added 0 classes and 0 folders.
[2019.04.12-16.06.47:327][  0]LogContentBrowser: Native class hierarchy updated for 'SceneOutliner' in 0.0004 seconds. Added 1 classes and 2 folders.
[2019.04.12-16.06.47:422][  0]LogSlate: Took 0.006870 seconds to synchronously load lazily loaded font '../../../Engine/Content/Slate/Fonts/Roboto-Bold.ttf' (160K)
[2019.04.12-16.06.47:432][  0]LogSlate: Took 0.005107 seconds to synchronously load lazily loaded font '../../../Engine/Content/Editor/Slate/Fonts/FontAwesome.ttf' (139K)
[2019.04.12-16.06.47:438][  0]LogSlate: Took 0.005445 seconds to synchronously load lazily loaded font '../../../Engine/Content/Slate/Fonts/DroidSansMono.ttf' (77K)
[2019.04.12-16.06.47:540][  0]LogRenderer: Reallocating scene render targets to support 936x448 Format 9 NumSamples 1 (Frame:1).
[2019.04.12-16.06.47:913][  0]LogContentBrowser: Native class hierarchy updated for 'HierarchicalLODOutliner' in 0.0004 seconds. Added 0 classes and 0 folders.
[2019.04.12-16.06.47:913][  0]LogLoad: (Engine Initialization) Total time: 30.90 seconds
[2019.04.12-16.06.47:913][  0]LogLoad: (Engine Initialization) Total Blueprint compile time: 0.00 seconds
[2019.04.12-16.06.47:987][  0]LogContentStreaming: Texture pool size now 400 MB
[2019.04.12-16.06.48:019][  1]LogAssetRegistry: Asset discovery search completed in 22.9141 seconds
[2019.04.12-16.06.48:021][  1]LogCollectionManager: Rebuilt the object cache for 0 collections in 0.000001 seconds (found 0 objects)
[2019.04.12-16.06.48:021][  1]LogCollectionManager: Fixed up redirectors for 0 collections in 0.000162 seconds (updated 0 objects)
[2019.04.12-16.07.14:985][218]LogEditorViewport: Clicking on Actor (LMB): StaticMeshActor (BigWall)
[2019.04.12-16.07.48:026][399]LogSlate: FSceneViewport::OnFocusLost() reason 0
[2019.04.12-16.07.48:453][406]Candidate modules for hot reload:
[2019.04.12-16.07.48:453][406]  Prototype_Combat
[2019.04.12-16.07.48:453][406]Launching UnrealBuildTool... [C:/Program Files/Epic Games/UE_4.21/Engine/Binaries/DotNET/UnrealBuildTool.exe  -ModuleWithSuffix=Prototype_Combat,5900 Win64 Development -TargetType=Editor -Project="../../../../../../Users/Snowm/Documents/CombatC-/Prototype_Combat/Prototype_Combat.uproject" -canskiplink "C:/Users/Snowm/Documents/CombatC-/Prototype_Combat/Prototype_Combat.uproject" ]
[2019.04.12-16.07.48:484][406]Warning: Starting HotReload took  0.2s.
[2019.04.12-16.08.30:637][982]CompilerResultsLog: New page: Compilation - Apr 12, 2019, 8:08:30 AM
[2019.04.12-16.08.30:639][982]CompilerResultsLog: Using 'git status' to determine working set for adaptive non-unity build (C:\Users\Snowm\Documents\CombatC-).
[2019.04.12-16.08.30:639][982]CompilerResultsLog: Creating makefile for hot reloading Prototype_CombatEditor (source directory changed)
[2019.04.12-16.08.30:640][982]CompilerResultsLog: Compiling game modules for hot reload
[2019.04.12-16.08.30:640][982]CompilerResultsLog: Using Visual Studio 2017 14.20.27508 toolchain (C:\Program Files (x86)\Microsoft Visual Studio\2019\Community\VC\Tools\MSVC\14.20.27508) and Windows 10.0.17763.0 SDK (C:\Program Files (x86)\Windows Kits\10).
[2019.04.12-16.08.30:641][982]CompilerResultsLog: Building 3 actions with 8 processes...
[2019.04.12-16.08.30:642][982]CompilerResultsLog:   [1/3] StatGeneration.cpp
[2019.04.12-16.08.30:642][982]CompilerResultsLog:   [2/3] UE4Editor-Prototype_Combat-5900.lib
[2019.04.12-16.08.30:643][982]CompilerResultsLog:   StatGeneration.cpp.obj : warning LNK4006: "int i" (?i@@3HA) already defined in ReadJSON.cpp.obj; second definition ignored
[2019.04.12-16.08.30:644][982]CompilerResultsLog:      Creating library C:\Users\Snowm\Documents\CombatC-\Prototype_Combat\Intermediate\Build\Win64\UE4Editor\Development\Prototype_Combat\UE4Editor-Prototype_Combat-5900.lib and object C:\Users\Snowm\Documents\CombatC-\Prototype_Combat\Intermediate\Build\Win64\UE4Editor\Development\Prototype_Combat\UE4Editor-Prototype_Combat-5900.exp
[2019.04.12-16.08.30:645][982]CompilerResultsLog:   [3/3] UE4Editor-Prototype_Combat-5900.dll
[2019.04.12-16.08.30:646][982]CompilerResultsLog: Error:   StatGeneration.cpp.obj : error LNK2005: "int i" (?i@@3HA) already defined in ReadJSON.cpp.obj
[2019.04.12-16.08.30:646][982]CompilerResultsLog:      Creating library C:\Users\Snowm\Documents\CombatC-\Prototype_Combat\Intermediate\Build\Win64\UE4Editor\Development\Prototype_Combat\UE4Editor-Prototype_Combat-5900.suppressed.lib and object C:\Users\Snowm\Documents\CombatC-\Prototype_Combat\Intermediate\Build\Win64\UE4Editor\Development\Prototype_Combat\UE4Editor-Prototype_Combat-5900.suppressed.exp
[2019.04.12-16.08.30:647][982]CompilerResultsLog: Error:   C:\Users\Snowm\Documents\CombatC-\Prototype_Combat\Binaries\Win64\UE4Editor-Prototype_Combat-5900.dll : fatal error LNK1169: one or more multiply defined symbols found
[2019.04.12-16.08.30:647][982]CompilerResultsLog: ERROR: UBT ERROR: Failed to produce item: C:\Users\Snowm\Documents\CombatC-\Prototype_Combat\Binaries\Win64\UE4Editor-Prototype_Combat-5900.dll
[2019.04.12-16.08.30:648][982]CompilerResultsLog:        (see ../Programs/UnrealBuildTool/Log.txt for full exception trace)
[2019.04.12-16.08.30:648][982]CompilerResultsLog: Total build time: 41.71 seconds (Parallel executor: 0.00 seconds)
[2019.04.12-16.08.30:648][982]LogMainFrame: MainFrame: Module compiling took 42.212 seconds
[2019.04.12-16.08.30:649][982]Warning: HotReload failed, recompile failed
[2019.04.12-16.11.10:239][285]Candidate modules for hot reload:
[2019.04.12-16.11.10:239][285]  Prototype_Combat
[2019.04.12-16.11.10:239][285]Launching UnrealBuildTool... [C:/Program Files/Epic Games/UE_4.21/Engine/Binaries/DotNET/UnrealBuildTool.exe  -ModuleWithSuffix=Prototype_Combat,4577 Win64 Development -TargetType=Editor -Project="../../../../../../Users/Snowm/Documents/CombatC-/Prototype_Combat/Prototype_Combat.uproject" -canskiplink "C:/Users/Snowm/Documents/CombatC-/Prototype_Combat/Prototype_Combat.uproject" ]
[2019.04.12-16.11.10:247][285]Warning: Starting HotReload took  0.0s.
[2019.04.12-16.11.51:190][739]CompilerResultsLog: New page: Compilation - Apr 12, 2019, 8:11:51 AM
[2019.04.12-16.11.51:191][739]CompilerResultsLog: Using 'git status' to determine working set for adaptive non-unity build (C:\Users\Snowm\Documents\CombatC-).
[2019.04.12-16.11.51:192][739]CompilerResultsLog: Creating makefile for hot reloading Prototype_CombatEditor (source directory changed)
[2019.04.12-16.11.51:193][739]CompilerResultsLog: Compiling game modules for hot reload
[2019.04.12-16.11.51:194][739]CompilerResultsLog: Using Visual Studio 2017 14.20.27508 toolchain (C:\Program Files (x86)\Microsoft Visual Studio\2019\Community\VC\Tools\MSVC\14.20.27508) and Windows 10.0.17763.0 SDK (C:\Program Files (x86)\Windows Kits\10).
[2019.04.12-16.11.51:194][739]CompilerResultsLog: Building 3 actions with 8 processes...
[2019.04.12-16.11.51:195][739]CompilerResultsLog:   [1/3] StatGeneration.cpp
[2019.04.12-16.11.51:195][739]CompilerResultsLog:   [2/3] UE4Editor-Prototype_Combat-4577.lib
[2019.04.12-16.11.51:196][739]CompilerResultsLog:      Creating library C:\Users\Snowm\Documents\CombatC-\Prototype_Combat\Intermediate\Build\Win64\UE4Editor\Development\Prototype_Combat\UE4Editor-Prototype_Combat-4577.lib and object C:\Users\Snowm\Documents\CombatC-\Prototype_Combat\Intermediate\Build\Win64\UE4Editor\Development\Prototype_Combat\UE4Editor-Prototype_Combat-4577.exp
[2019.04.12-16.11.51:197][739]CompilerResultsLog:   [3/3] UE4Editor-Prototype_Combat-4577.dll
[2019.04.12-16.11.51:197][739]CompilerResultsLog:      Creating library C:\Users\Snowm\Documents\CombatC-\Prototype_Combat\Intermediate\Build\Win64\UE4Editor\Development\Prototype_Combat\UE4Editor-Prototype_Combat-4577.suppressed.lib and object C:\Users\Snowm\Documents\CombatC-\Prototype_Combat\Intermediate\Build\Win64\UE4Editor\Development\Prototype_Combat\UE4Editor-Prototype_Combat-4577.suppressed.exp
[2019.04.12-16.11.51:199][739]CompilerResultsLog: Total build time: 40.44 seconds (Parallel executor: 12.94 seconds)
[2019.04.12-16.11.51:199][739]LogMainFrame: MainFrame: Module compiling took 40.964 seconds
[2019.04.12-16.11.51:291][739]LogContentBrowser: Native class hierarchy updated for 'Prototype_Combat' in 0.0010 seconds. Added 8 classes and 3 folders.
[2019.04.12-16.11.51:294][739]Display: HotReload successful (0 functions remapped  0 scriptstructs remapped)
[2019.04.12-16.11.51:463][739]LogContentBrowser: Native class hierarchy populated in 0.0136 seconds. Added 2660 classes and 625 folders.
[2019.04.12-16.11.51:465][739]Display: HotReload took 41.3s.
[2019.04.12-16.12.40:536][780]LogTemp: Repeating last play command: Selected Viewport
[2019.04.12-16.12.40:573][780]LogBlueprintUserMessages: Early PlayInEditor Detection: Level '/Game/FirstPersonCPP/Maps/FirstPersonExampleMap.FirstPersonExampleMap:PersistentLevel' has LevelScriptBlueprint '/Game/FirstPersonCPP/Maps/FirstPersonExampleMap.FirstPersonExampleMap:PersistentLevel.FirstPersonExampleMap' with GeneratedClass '/Game/FirstPersonCPP/Maps/FirstPersonExampleMap.FirstPersonExampleMap_C' with ClassGeneratedBy '/Game/FirstPersonCPP/Maps/FirstPersonExampleMap.FirstPersonExampleMap:PersistentLevel.FirstPersonExampleMap'
[2019.04.12-16.12.40:576][780]LogPlayLevel: PlayLevel: No blueprints needed recompiling
[2019.04.12-16.12.40:577][780]PIE: New page: PIE session: FirstPersonExampleMap (Apr 12, 2019, 8:12:40 AM)
[2019.04.12-16.12.40:592][780]LogPlayLevel: Creating play world package: /Game/FirstPersonCPP/Maps/UEDPIE_0_FirstPersonExampleMap
[2019.04.12-16.12.40:627][780]LogPlayLevel: PIE: StaticDuplicateObject took: (0.034608s)
[2019.04.12-16.12.40:628][780]LogAIModule: Creating AISystem for world FirstPersonExampleMap
[2019.04.12-16.12.40:629][780]LogPlayLevel: PIE: World Init took: (0.001531s)
[2019.04.12-16.12.40:630][780]LogPlayLevel: PIE: Created PIE world by copying editor world from /Game/FirstPersonCPP/Maps/FirstPersonExampleMap.FirstPersonExampleMap to /Game/FirstPersonCPP/Maps/UEDPIE_0_FirstPersonExampleMap.FirstPersonExampleMap (0.037422s)
[2019.04.12-16.12.40:670][780]LogInit: XAudio2 using 'Speakers/Headphones (Realtek(R) Audio)' : 2 channels at 48 kHz using 32 bits per sample (channel mask 0x3)
[2019.04.12-16.12.40:765][780]LogInit: FAudioDevice initialized.
[2019.04.12-16.12.40:817][780]LogLoad: Game class is 'FP_FirstPersonGameMode'
[2019.04.12-16.12.40:821][780]LogWorld: Bringing World /Game/FirstPersonCPP/Maps/UEDPIE_0_FirstPersonExampleMap.FirstPersonExampleMap up for play (max tick rate 60) at 2019.04.12-12.12.40
[2019.04.12-16.12.40:822][780]LogWorld: Bringing up level for play took: 0.002941
[2019.04.12-16.12.40:875][780]LogContentBrowser: Native class hierarchy updated for 'MovieSceneCapture' in 0.0007 seconds. Added 20 classes and 0 folders.
[2019.04.12-16.12.40:877][780]LogTemp: Time to read a file
[2019.04.12-16.12.40:877][780]LogTemp: Time to read a file
[2019.04.12-16.12.40:877][780]LogTemp: Time to read a file
[2019.04.12-16.12.40:877][780]LogTemp: Time to read a file
[2019.04.12-16.12.40:877][780]LogTemp: Time to read a file
[2019.04.12-16.12.40:877][780]LogTemp: Time to read a file
[2019.04.12-16.12.40:877][780]LogTemp: Time to read a file
[2019.04.12-16.12.40:877][780]LogTemp: Time to read a file
[2019.04.12-16.12.40:877][780]LogTemp: Time to read a file
[2019.04.12-16.12.40:877][780]LogTemp: Time to read a file
[2019.04.12-16.12.40:877][780]LogTemp: Time to read a file
[2019.04.12-16.12.40:877][780]LogTemp: Time to read a file
[2019.04.12-16.12.40:878][780]LogTemp: Time to read a file
[2019.04.12-16.12.40:878][780]LogTemp: Time to read a file
[2019.04.12-16.12.40:878][780]LogTemp: Time to read a file
[2019.04.12-16.12.40:878][780]LogTemp: Time to read a file
[2019.04.12-16.12.40:878][780]LogTemp: Time to read a file
[2019.04.12-16.12.40:878][780]LogTemp: Time to read a file
[2019.04.12-16.12.40:878][780]LogTemp: Time to read a file
[2019.04.12-16.12.40:878][780]LogTemp: Time to read a file
[2019.04.12-16.12.40:878][780]LogTemp: File has been parsed
[2019.04.12-16.12.40:878][780]LogTemp: READING...
[2019.04.12-16.12.40:879][780]LogTemp: READING...
[2019.04.12-16.12.40:879][780]LogTemp: READING...
[2019.04.12-16.12.40:879][780]LogTemp: READING...
[2019.04.12-16.12.40:879][780]LogTemp: READING...
[2019.04.12-16.12.40:879][780]LogTemp: READING...
[2019.04.12-16.12.40:879][780]LogTemp: READING...
[2019.04.12-16.12.40:879][780]LogTemp: READING...
[2019.04.12-16.12.40:879][780]LogTemp: READING...
[2019.04.12-16.12.40:879][780]LogTemp: READING...
[2019.04.12-16.12.40:879][780]LogTemp: READING...
[2019.04.12-16.12.40:879][780]LogTemp: READING...
[2019.04.12-16.12.40:879][780]LogTemp: READING...
[2019.04.12-16.12.40:879][780]LogTemp: READING...
[2019.04.12-16.12.40:879][780]LogTemp: READING...
[2019.04.12-16.12.40:879][780]LogTemp: READING...
[2019.04.12-16.12.40:879][780]LogTemp: READING...
[2019.04.12-16.12.40:880][780]LogTemp: READING...
[2019.04.12-16.12.40:880][780]LogTemp: READING...
[2019.04.12-16.12.40:880][780]LogTemp: READING...
[2019.04.12-16.12.40:880][780]LogTemp: READING...
[2019.04.12-16.12.40:881][780]PIE: Play in editor start time for /Game/FirstPersonCPP/Maps/UEDPIE_0_FirstPersonExampleMap 0.929
[2019.04.12-16.12.40:882][780]LogBlueprintUserMessages: Late PlayInEditor Detection: Level '/Game/FirstPersonCPP/Maps/FirstPersonExampleMap.FirstPersonExampleMap:PersistentLevel' has LevelScriptBlueprint '/Game/FirstPersonCPP/Maps/FirstPersonExampleMap.FirstPersonExampleMap:PersistentLevel.FirstPersonExampleMap' with GeneratedClass '/Game/FirstPersonCPP/Maps/FirstPersonExampleMap.FirstPersonExampleMap_C' with ClassGeneratedBy '/Game/FirstPersonCPP/Maps/FirstPersonExampleMap.FirstPersonExampleMap:PersistentLevel.FirstPersonExampleMap'
[2019.04.12-16.12.44:127][926]LogBlueprintUserMessages: Early EndPlayMap Detection: Level '/Game/FirstPersonCPP/Maps/FirstPersonExampleMap.FirstPersonExampleMap:PersistentLevel' has LevelScriptBlueprint '/Game/FirstPersonCPP/Maps/FirstPersonExampleMap.FirstPersonExampleMap:PersistentLevel.FirstPersonExampleMap' with GeneratedClass '/Game/FirstPersonCPP/Maps/FirstPersonExampleMap.FirstPersonExampleMap_C' with ClassGeneratedBy '/Game/FirstPersonCPP/Maps/FirstPersonExampleMap.FirstPersonExampleMap:PersistentLevel.FirstPersonExampleMap'
[2019.04.12-16.12.44:131][926]LogSlate: Updating window title bar state: overlay mode, drag disabled, window buttons hidden, title bar hidden
[2019.04.12-16.12.44:197][926]LogPlayLevel: Display: Shutting down PIE online subsystems
[2019.04.12-16.12.44:198][926]LogBlueprintUserMessages: Late EndPlayMap Detection: Level '/Game/FirstPersonCPP/Maps/FirstPersonExampleMap.FirstPersonExampleMap:PersistentLevel' has LevelScriptBlueprint '/Game/FirstPersonCPP/Maps/FirstPersonExampleMap.FirstPersonExampleMap:PersistentLevel.FirstPersonExampleMap' with GeneratedClass '/Game/FirstPersonCPP/Maps/FirstPersonExampleMap.FirstPersonExampleMap_C' with ClassGeneratedBy '/Game/FirstPersonCPP/Maps/FirstPersonExampleMap.FirstPersonExampleMap:PersistentLevel.FirstPersonExampleMap'
[2019.04.12-16.12.44:235][926]LogSlate: Updating window title bar state: overlay mode, drag disabled, window buttons hidden, title bar hidden
[2019.04.12-16.12.44:282][927]LogPlayLevel: Display: Destroying online subsystem :Context_3
